<?xml version="1.0" encoding="utf-8"?>
<test-run id="2" testcasecount="60" result="Passed" total="60" passed="60" failed="0" inconclusive="0" skipped="0" asserts="0" engine-version="3.5.0.0" clr-version="4.0.30319.42000" start-time="2026-09-19 13:06:43Z" end-time="2026-09-19 13:10:40Z" duration="236.6513516">
  <test-suite type="TestSuite" id="1079" name="Last Signal" fullname="Last Signal" runstate="Runnable" testcasecount="60" result="Passed" start-time="2026-09-19 13:06:43Z" end-time="2026-09-19 13:10:40Z" duration="236.651352" total="60" passed="60" failed="0" inconclusive="0" skipped="0" asserts="0">
    <properties>
      <property name="platform" value="PlayMode" />
    </properties>
    <test-suite type="Assembly" id="1073" name="LastSignal.PlayModeTests.dll" fullname="/Users/burakcoskun/Last Signal/Library/ScriptAssemblies/LastSignal.PlayModeTests.dll" runstate="Runnable" testcasecount="60" result="Passed" start-time="2026-09-19 13:06:43Z" end-time="2026-09-19 13:10:40Z" duration="236.646595" total="60" passed="60" failed="0" inconclusive="0" skipped="0" asserts="0">
      <properties>
        <property name="_PID" value="20835" />
        <property name="_APPDOMAIN" value="Unity Child Domain" />
        <property name="platform" value="PlayMode" />
        <property name="EditorOnly" value="False" />
      </properties>
      <test-suite type="TestSuite" id="1074" name="LastSignal" fullname="LastSignal" runstate="Runnable" testcasecount="60" result="Passed" start-time="2026-09-19 13:06:43Z" end-time="2026-09-19 13:10:40Z" duration="236.645896" total="60" passed="60" failed="0" inconclusive="0" skipped="0" asserts="0">
        <properties />
        <test-suite type="TestSuite" id="1075" name="Tests" fullname="LastSignal.Tests" runstate="Runnable" testcasecount="60" result="Passed" start-time="2026-09-19 13:06:43Z" end-time="2026-09-19 13:10:40Z" duration="236.645450" total="60" passed="60" failed="0" inconclusive="0" skipped="0" asserts="0">
          <properties />
          <test-suite type="TestFixture" id="1001" name="CombatAcceptanceTests" fullname="LastSignal.Tests.CombatAcceptanceTests" classname="LastSignal.Tests.CombatAcceptanceTests" runstate="Runnable" testcasecount="4" result="Passed" start-time="2026-09-19 13:06:43Z" end-time="2026-09-19 13:06:52Z" duration="8.727470" total="4" passed="4" failed="0" inconclusive="0" skipped="0" asserts="0">
            <properties />
            <test-case id="1005" name="ADS_ReducesFOVAndSensitivity" fullname="LastSignal.Tests.CombatAcceptanceTests.ADS_ReducesFOVAndSensitivity" methodname="ADS_ReducesFOVAndSensitivity" classname="LastSignal.Tests.CombatAcceptanceTests" runstate="Runnable" seed="1621660031" result="Passed" start-time="2026-09-19 13:06:43Z" end-time="2026-09-19 13:06:45Z" duration="2.092336" asserts="0">
              <properties>
                <property name="_JOINTYPE" value="UnityCombinatorial" />
                <property name="retryIteration" value="0" />
                <property name="repeatIteration" value="0" />
              </properties>
              <output><![CDATA[S001 session started: one player, local input.
B0A_ORDER UnitySetUp ready devices=2 active=True mouse=Mouse:/Mouse
B0A_ORDER ADS devices=2 active=True mouse=Mouse:/Mouse
]]></output>
            </test-case>
            <test-case id="1004" name="AutoFire_FiresContinuouslyWhileHeld" fullname="LastSignal.Tests.CombatAcceptanceTests.AutoFire_FiresContinuouslyWhileHeld" methodname="AutoFire_FiresContinuouslyWhileHeld" classname="LastSignal.Tests.CombatAcceptanceTests" runstate="Runnable" seed="91605019" result="Passed" start-time="2026-09-19 13:06:45Z" end-time="2026-09-19 13:06:47Z" duration="1.438342" asserts="0">
              <properties>
                <property name="_JOINTYPE" value="UnityCombinatorial" />
                <property name="retryIteration" value="0" />
                <property name="repeatIteration" value="0" />
              </properties>
              <output><![CDATA[S001 session started: one player, local input.
B0A_ORDER UnitySetUp ready devices=2 active=True mouse=Mouse:/Mouse
]]></output>
            </test-case>
            <test-case id="1002" name="Fire_ConsumesAmmoAndDamagesTarget" fullname="LastSignal.Tests.CombatAcceptanceTests.Fire_ConsumesAmmoAndDamagesTarget" methodname="Fire_ConsumesAmmoAndDamagesTarget" classname="LastSignal.Tests.CombatAcceptanceTests" runstate="Runnable" seed="131001866" result="Passed" start-time="2026-09-19 13:06:47Z" end-time="2026-09-19 13:06:48Z" duration="0.931113" asserts="0">
              <properties>
                <property name="_JOINTYPE" value="UnityCombinatorial" />
                <property name="retryIteration" value="0" />
                <property name="repeatIteration" value="0" />
              </properties>
              <output><![CDATA[S001 session started: one player, local input.
B0A_ORDER UnitySetUp ready devices=2 active=True mouse=Mouse:/Mouse
]]></output>
            </test-case>
            <test-case id="1003" name="Reload_TransfersAmmoAfterDuration" fullname="LastSignal.Tests.CombatAcceptanceTests.Reload_TransfersAmmoAfterDuration" methodname="Reload_TransfersAmmoAfterDuration" classname="LastSignal.Tests.CombatAcceptanceTests" runstate="Runnable" seed="1783823459" result="Passed" start-time="2026-09-19 13:06:48Z" end-time="2026-09-19 13:06:52Z" duration="4.254418" asserts="0">
              <properties>
                <property name="_JOINTYPE" value="UnityCombinatorial" />
                <property name="retryIteration" value="0" />
                <property name="repeatIteration" value="0" />
              </properties>
              <output><![CDATA[S001 session started: one player, local input.
B0A_ORDER UnitySetUp ready devices=2 active=True mouse=Mouse:/Mouse
]]></output>
            </test-case>
          </test-suite>
          <test-suite type="TestFixture" id="1006" name="MovementAcceptanceTests" fullname="LastSignal.Tests.MovementAcceptanceTests" classname="LastSignal.Tests.MovementAcceptanceTests" runstate="Runnable" testcasecount="16" result="Passed" start-time="2026-09-19 13:06:52Z" end-time="2026-09-19 13:07:20Z" duration="27.965790" total="16" passed="16" failed="0" inconclusive="0" skipped="0" asserts="0">
            <properties />
            <test-case id="1013" name="CeilingRejectsStandThenAllowsNewRequestWithoutFootDrift" fullname="LastSignal.Tests.MovementAcceptanceTests.CeilingRejectsStandThenAllowsNewRequestWithoutFootDrift" methodname="CeilingRejectsStandThenAllowsNewRequestWithoutFootDrift" classname="LastSignal.Tests.MovementAcceptanceTests" runstate="Runnable" seed="1779266249" result="Passed" start-time="2026-09-19 13:06:52Z" end-time="2026-09-19 13:06:52Z" duration="0.006810" asserts="0">
              <properties>
                <property name="retryIteration" value="0" />
                <property name="repeatIteration" value="0" />
              </properties>
            </test-case>
            <test-case id="1019" name="DoorOpensClosesAndStopsForObstruction" fullname="LastSignal.Tests.MovementAcceptanceTests.DoorOpensClosesAndStopsForObstruction" methodname="DoorOpensClosesAndStopsForObstruction" classname="LastSignal.Tests.MovementAcceptanceTests" runstate="Runnable" seed="1158639587" result="Passed" start-time="2026-09-19 13:06:52Z" end-time="2026-09-19 13:06:56Z" duration="4.006023" asserts="0">
              <properties>
                <property name="_JOINTYPE" value="UnityCombinatorial" />
                <property name="retryIteration" value="0" />
                <property name="repeatIteration" value="0" />
              </properties>
            </test-case>
            <test-case id="1018" name="InteractionRevalidatesRangeOcclusionDisabledAndDestroyedTargets" fullname="LastSignal.Tests.MovementAcceptanceTests.InteractionRevalidatesRangeOcclusionDisabledAndDestroyedTargets" methodname="InteractionRevalidatesRangeOcclusionDisabledAndDestroyedTargets" classname="LastSignal.Tests.MovementAcceptanceTests" runstate="Runnable" seed="1139482354" result="Passed" start-time="2026-09-19 13:06:56Z" end-time="2026-09-19 13:06:56Z" duration="0.008552" asserts="0">
              <properties>
                <property name="_JOINTYPE" value="UnityCombinatorial" />
                <property name="retryIteration" value="0" />
                <property name="repeatIteration" value="0" />
              </properties>
            </test-case>
            <test-case id="1020" name="MouseAndCrouchActionsReachCameraAndCapsule" fullname="LastSignal.Tests.MovementAcceptanceTests.MouseAndCrouchActionsReachCameraAndCapsule" methodname="MouseAndCrouchActionsReachCameraAndCapsule" classname="LastSignal.Tests.MovementAcceptanceTests" runstate="Runnable" seed="1064003442" result="Passed" start-time="2026-09-19 13:06:56Z" end-time="2026-09-19 13:06:56Z" duration="0.008146" asserts="0">
              <properties>
                <property name="_JOINTYPE" value="UnityCombinatorial" />
                <property name="retryIteration" value="0" />
                <property name="repeatIteration" value="0" />
              </properties>
            </test-case>
            <test-case id="1021" name="PauseFocusAndHeldKeyReturnNeverLeakGameplay" fullname="LastSignal.Tests.MovementAcceptanceTests.PauseFocusAndHeldKeyReturnNeverLeakGameplay" methodname="PauseFocusAndHeldKeyReturnNeverLeakGameplay" classname="LastSignal.Tests.MovementAcceptanceTests" runstate="Runnable" seed="1308578082" result="Passed" start-time="2026-09-19 13:06:56Z" end-time="2026-09-19 13:06:56Z" duration="0.009086" asserts="0">
              <properties>
                <property name="_JOINTYPE" value="UnityCombinatorial" />
                <property name="retryIteration" value="0" />
                <property name="repeatIteration" value="0" />
              </properties>
            </test-case>
            <test-case id="1012" name="PitchClampsInBothDirections" fullname="LastSignal.Tests.MovementAcceptanceTests.PitchClampsInBothDirections" methodname="PitchClampsInBothDirections" classname="LastSignal.Tests.MovementAcceptanceTests" runstate="Runnable" seed="459847217" result="Passed" start-time="2026-09-19 13:06:56Z" end-time="2026-09-19 13:06:56Z" duration="0.002895" asserts="0">
              <properties>
                <property name="retryIteration" value="0" />
                <property name="repeatIteration" value="0" />
              </properties>
            </test-case>
            <test-suite type="ParameterizedMethod" id="1017" name="SlopeLimitAcceptsGentleAndRejectsSteep" fullname="LastSignal.Tests.MovementAcceptanceTests.SlopeLimitAcceptsGentleAndRejectsSteep" classname="LastSignal.Tests.MovementAcceptanceTests" runstate="Runnable" testcasecount="2" result="Passed" start-time="2026-09-19 13:06:56Z" end-time="2026-09-19 13:06:56Z" duration="0.007071" total="2" passed="2" failed="0" inconclusive="0" skipped="0" asserts="0">
              <properties />
              <test-case id="1015" name="SlopeLimitAcceptsGentleAndRejectsSteep(30,True)" fullname="LastSignal.Tests.MovementAcceptanceTests.SlopeLimitAcceptsGentleAndRejectsSteep(30,True)" methodname="SlopeLimitAcceptsGentleAndRejectsSteep" classname="LastSignal.Tests.MovementAcceptanceTests" runstate="Runnable" seed="1525670079" result="Passed" start-time="2026-09-19 13:06:56Z" end-time="2026-09-19 13:06:56Z" duration="0.003543" asserts="0">
                <properties>
                  <property name="retryIteration" value="0" />
                  <property name="repeatIteration" value="0" />
                </properties>
              </test-case>
              <test-case id="1016" name="SlopeLimitAcceptsGentleAndRejectsSteep(60,False)" fullname="LastSignal.Tests.MovementAcceptanceTests.SlopeLimitAcceptsGentleAndRejectsSteep(60,False)" methodname="SlopeLimitAcceptsGentleAndRejectsSteep" classname="LastSignal.Tests.MovementAcceptanceTests" runstate="Runnable" seed="1888921782" result="Passed" start-time="2026-09-19 13:06:56Z" end-time="2026-09-19 13:06:56Z" duration="0.002864" asserts="0">
                <properties>
                  <property name="retryIteration" value="0" />
                  <property name="repeatIteration" value="0" />
                </properties>
              </test-case>
            </test-suite>
            <test-case id="1014" name="StepsThresholdWallAndDropUseRealCollision" fullname="LastSignal.Tests.MovementAcceptanceTests.StepsThresholdWallAndDropUseRealCollision" methodname="StepsThresholdWallAndDropUseRealCollision" classname="LastSignal.Tests.MovementAcceptanceTests" runstate="Runnable" seed="1619331019" result="Passed" start-time="2026-09-19 13:06:56Z" end-time="2026-09-19 13:06:56Z" duration="0.004003" asserts="0">
              <properties>
                <property name="retryIteration" value="0" />
                <property name="repeatIteration" value="0" />
              </properties>
            </test-case>
            <test-case id="1022" name="TenEnableDisableCyclesHaveOneInputRequest" fullname="LastSignal.Tests.MovementAcceptanceTests.TenEnableDisableCyclesHaveOneInputRequest" methodname="TenEnableDisableCyclesHaveOneInputRequest" classname="LastSignal.Tests.MovementAcceptanceTests" runstate="Runnable" seed="521775564" result="Passed" start-time="2026-09-19 13:06:56Z" end-time="2026-09-19 13:06:56Z" duration="0.010513" asserts="0">
              <properties>
                <property name="_JOINTYPE" value="UnityCombinatorial" />
                <property name="retryIteration" value="0" />
                <property name="repeatIteration" value="0" />
              </properties>
            </test-case>
            <test-suite type="ParameterizedMethod" id="1010" name="WalkingDistanceAndDiagonalCapAreFrameIndependent" fullname="LastSignal.Tests.MovementAcceptanceTests.WalkingDistanceAndDiagonalCapAreFrameIndependent" classname="LastSignal.Tests.MovementAcceptanceTests" runstate="Runnable" testcasecount="3" result="Passed" start-time="2026-09-19 13:06:56Z" end-time="2026-09-19 13:06:56Z" duration="0.009683" total="3" passed="3" failed="0" inconclusive="0" skipped="0" asserts="0">
              <properties />
              <test-case id="1007" name="WalkingDistanceAndDiagonalCapAreFrameIndependent(30)" fullname="LastSignal.Tests.MovementAcceptanceTests.WalkingDistanceAndDiagonalCapAreFrameIndependent(30)" methodname="WalkingDistanceAndDiagonalCapAreFrameIndependent" classname="LastSignal.Tests.MovementAcceptanceTests" runstate="Runnable" seed="1326379449" result="Passed" start-time="2026-09-19 13:06:56Z" end-time="2026-09-19 13:06:56Z" duration="0.003405" asserts="0">
                <properties>
                  <property name="retryIteration" value="0" />
                  <property name="repeatIteration" value="0" />
                </properties>
              </test-case>
              <test-case id="1008" name="WalkingDistanceAndDiagonalCapAreFrameIndependent(60)" fullname="LastSignal.Tests.MovementAcceptanceTests.WalkingDistanceAndDiagonalCapAreFrameIndependent(60)" methodname="WalkingDistanceAndDiagonalCapAreFrameIndependent" classname="LastSignal.Tests.MovementAcceptanceTests" runstate="Runnable" seed="1777238210" result="Passed" start-time="2026-09-19 13:06:56Z" end-time="2026-09-19 13:06:56Z" duration="0.002801" asserts="0">
                <properties>
                  <property name="retryIteration" value="0" />
                  <property name="repeatIteration" value="0" />
                </properties>
              </test-case>
              <test-case id="1009" name="WalkingDistanceAndDiagonalCapAreFrameIndependent(120)" fullname="LastSignal.Tests.MovementAcceptanceTests.WalkingDistanceAndDiagonalCapAreFrameIndependent(120)" methodname="WalkingDistanceAndDiagonalCapAreFrameIndependent" classname="LastSignal.Tests.MovementAcceptanceTests" runstate="Runnable" seed="1529252011" result="Passed" start-time="2026-09-19 13:06:56Z" end-time="2026-09-19 13:06:56Z" duration="0.002950" asserts="0">
                <properties>
                  <property name="retryIteration" value="0" />
                  <property name="repeatIteration" value="0" />
                </properties>
              </test-case>
            </test-suite>
            <test-case id="1011" name="YawSprintAndCrouchSpeedUseConfiguredPolicy" fullname="LastSignal.Tests.MovementAcceptanceTests.YawSprintAndCrouchSpeedUseConfiguredPolicy" methodname="YawSprintAndCrouchSpeedUseConfiguredPolicy" classname="LastSignal.Tests.MovementAcceptanceTests" runstate="Runnable" seed="2015516043" result="Passed" start-time="2026-09-19 13:06:56Z" end-time="2026-09-19 13:06:56Z" duration="0.002648" asserts="0">
              <properties>
                <property name="retryIteration" value="0" />
                <property name="repeatIteration" value="0" />
              </properties>
            </test-case>
            <test-case id="1023" name="YIntegratedParkourUsesAuthoredGeometry" fullname="LastSignal.Tests.MovementAcceptanceTests.YIntegratedParkourUsesAuthoredGeometry" methodname="YIntegratedParkourUsesAuthoredGeometry" classname="LastSignal.Tests.MovementAcceptanceTests" runstate="Runnable" seed="87227337" result="Passed" start-time="2026-09-19 13:06:56Z" end-time="2026-09-19 13:06:58Z" duration="1.467256" asserts="0">
              <properties>
                <property name="_JOINTYPE" value="UnityCombinatorial" />
                <property name="retryIteration" value="0" />
                <property name="repeatIteration" value="0" />
              </properties>
              <output><![CDATA[S001 session started: one player, local input.
S001_AUTHORED_PARKOUR PASS: steps, 30/60 slopes, corridor, tunnel/stand, deck/drop, threshold, occlusion.
]]></output>
            </test-case>
            <test-case id="1024" name="ZIntegratedSceneTenMenuSessionsDoNotRetainPlayerOrCallbacks" fullname="LastSignal.Tests.MovementAcceptanceTests.ZIntegratedSceneTenMenuSessionsDoNotRetainPlayerOrCallbacks" methodname="ZIntegratedSceneTenMenuSessionsDoNotRetainPlayerOrCallbacks" classname="LastSignal.Tests.MovementAcceptanceTests" runstate="Runnable" seed="1233780763" result="Passed" start-time="2026-09-19 13:06:58Z" end-time="2026-09-19 13:07:20Z" duration="22.420528" asserts="0">
              <properties>
                <property name="_JOINTYPE" value="UnityCombinatorial" />
                <property name="retryIteration" value="0" />
                <property name="repeatIteration" value="0" />
              </properties>
              <output><![CDATA[S001 session started: one player, local input.
SESSION_INPUT cycle=0 key=True active=True move=(0.00, -1.00) before=(0.00, 0.02, 0.00) after=(0.00, 0.02, -0.64)
S001 session started: one player, local input.
SESSION_INPUT cycle=1 key=True active=True move=(0.00, -1.00) before=(0.00, 0.02, 0.00) after=(0.00, 0.02, -0.64)
S001 session started: one player, local input.
SESSION_INPUT cycle=2 key=True active=True move=(0.00, -1.00) before=(0.00, 0.02, 0.00) after=(0.00, 0.02, -0.64)
S001 session started: one player, local input.
SESSION_INPUT cycle=3 key=True active=True move=(0.00, -1.00) before=(0.00, 0.02, 0.00) after=(0.00, 0.02, -0.64)
S001 session started: one player, local input.
SESSION_INPUT cycle=4 key=True active=True move=(0.00, -1.00) before=(0.00, 0.02, 0.00) after=(0.00, 0.02, -0.64)
S001 session started: one player, local input.
SESSION_INPUT cycle=5 key=True active=True move=(0.00, -1.00) before=(0.00, 0.02, 0.00) after=(0.00, 0.02, -0.64)
S001 session started: one player, local input.
SESSION_INPUT cycle=6 key=True active=True move=(0.00, -1.00) before=(0.00, 0.02, 0.00) after=(0.00, 0.02, -0.64)
S001 session started: one player, local input.
SESSION_INPUT cycle=7 key=True active=True move=(0.00, -1.00) before=(0.00, 0.02, 0.00) after=(0.00, 0.02, -0.64)
S001 session started: one player, local input.
SESSION_INPUT cycle=8 key=True active=True move=(0.00, -1.00) before=(0.00, 0.02, 0.00) after=(0.00, 0.02, -0.64)
S001 session started: one player, local input.
SESSION_INPUT cycle=9 key=True active=True move=(0.00, -1.00) before=(0.00, 0.02, 0.00) after=(0.00, 0.02, -0.64)
]]></output>
            </test-case>
          </test-suite>
          <test-suite type="TestFixture" id="1025" name="RuntimeSmokeTests" fullname="LastSignal.Tests.RuntimeSmokeTests" classname="LastSignal.Tests.RuntimeSmokeTests" runstate="Runnable" testcasecount="1" result="Passed" start-time="2026-09-19 13:07:20Z" end-time="2026-09-19 13:07:30Z" duration="10.129000" total="1" passed="1" failed="0" inconclusive="0" skipped="0" asserts="0">
            <properties />
            <test-case id="1026" name="SmokeTest_ThreeSessionCycles" fullname="LastSignal.Tests.RuntimeSmokeTests.SmokeTest_ThreeSessionCycles" methodname="SmokeTest_ThreeSessionCycles" classname="LastSignal.Tests.RuntimeSmokeTests" runstate="Runnable" seed="1454569994" result="Passed" start-time="2026-09-19 13:07:20Z" end-time="2026-09-19 13:07:30Z" duration="10.127383" asserts="0">
              <properties>
                <property name="_JOINTYPE" value="UnityCombinatorial" />
                <property name="retryIteration" value="0" />
                <property name="repeatIteration" value="0" />
              </properties>
              <output><![CDATA[S001 session started: one player, local input.
S001 session started: one player, local input.
S001 session started: one player, local input.
]]></output>
            </test-case>
          </test-suite>
          <test-suite type="TestFixture" id="1027" name="ZombieBehaviorTests" fullname="LastSignal.Tests.ZombieBehaviorTests" classname="LastSignal.Tests.ZombieBehaviorTests" runstate="Runnable" testcasecount="4" result="Passed" start-time="2026-09-19 13:07:30Z" end-time="2026-09-19 13:07:50Z" duration="19.664153" total="4" passed="4" failed="0" inconclusive="0" skipped="0" asserts="0">
            <properties />
            <test-case id="1028" name="FovAcquisitionWallMemorySearchAndReacquisition" fullname="LastSignal.Tests.ZombieBehaviorTests.FovAcquisitionWallMemorySearchAndReacquisition" methodname="FovAcquisitionWallMemorySearchAndReacquisition" classname="LastSignal.Tests.ZombieBehaviorTests" runstate="Runnable" seed="671397883" result="Passed" start-time="2026-09-19 13:07:30Z" end-time="2026-09-19 13:07:32Z" duration="2.484451" asserts="0">
              <properties>
                <property name="_JOINTYPE" value="UnityCombinatorial" />
                <property name="retryIteration" value="0" />
                <property name="repeatIteration" value="0" />
              </properties>
              <output><![CDATA[S001 session started: one player, local input.
]]></output>
            </test-case>
            <test-case id="1029" name="InitiallyOccludedPlayerIsNotAcquiredAndSearchExpires" fullname="LastSignal.Tests.ZombieBehaviorTests.InitiallyOccludedPlayerIsNotAcquiredAndSearchExpires" methodname="InitiallyOccludedPlayerIsNotAcquiredAndSearchExpires" classname="LastSignal.Tests.ZombieBehaviorTests" runstate="Runnable" seed="987172853" result="Passed" start-time="2026-09-19 13:07:32Z" end-time="2026-09-19 13:07:47Z" duration="14.137439" asserts="0">
              <properties>
                <property name="_JOINTYPE" value="UnityCombinatorial" />
                <property name="retryIteration" value="0" />
                <property name="repeatIteration" value="0" />
              </properties>
              <output><![CDATA[S001 session started: one player, local input.
]]></output>
            </test-case>
            <test-case id="1030" name="PauseFreezesMotionKnowledgeAndTimersThenDestroyedTargetClears" fullname="LastSignal.Tests.ZombieBehaviorTests.PauseFreezesMotionKnowledgeAndTimersThenDestroyedTargetClears" methodname="PauseFreezesMotionKnowledgeAndTimersThenDestroyedTargetClears" classname="LastSignal.Tests.ZombieBehaviorTests" runstate="Runnable" seed="203770208" result="Passed" start-time="2026-09-19 13:07:47Z" end-time="2026-09-19 13:07:48Z" duration="1.606637" asserts="0">
              <properties>
                <property name="_JOINTYPE" value="UnityCombinatorial" />
                <property name="retryIteration" value="0" />
                <property name="repeatIteration" value="0" />
              </properties>
              <output><![CDATA[S001 session started: one player, local input.
]]></output>
            </test-case>
            <test-case id="1031" name="VisibleReacquisitionDoesNotWaitForExhaustedSearchTimeout" fullname="LastSignal.Tests.ZombieBehaviorTests.VisibleReacquisitionDoesNotWaitForExhaustedSearchTimeout" methodname="VisibleReacquisitionDoesNotWaitForExhaustedSearchTimeout" classname="LastSignal.Tests.ZombieBehaviorTests" runstate="Runnable" seed="1121791906" result="Passed" start-time="2026-09-19 13:07:48Z" end-time="2026-09-19 13:07:50Z" duration="1.433863" asserts="0">
              <properties>
                <property name="_JOINTYPE" value="UnityCombinatorial" />
                <property name="retryIteration" value="0" />
                <property name="repeatIteration" value="0" />
              </properties>
              <output><![CDATA[S001 session started: one player, local input.
]]></output>
            </test-case>
          </test-suite>
          <test-suite type="TestFixture" id="1032" name="ZombieDamagePlayTests" fullname="LastSignal.Tests.ZombieDamagePlayTests" classname="LastSignal.Tests.ZombieDamagePlayTests" runstate="Runnable" testcasecount="12" result="Passed" start-time="2026-09-19 13:07:50Z" end-time="2026-09-19 13:08:49Z" duration="59.000299" total="12" passed="12" failed="0" inconclusive="0" skipped="0" asserts="0">
            <properties />
            <test-case id="1033" name="ActualProductionRifleBodyHeadReactionAndDeath" fullname="LastSignal.Tests.ZombieDamagePlayTests.ActualProductionRifleBodyHeadReactionAndDeath" methodname="ActualProductionRifleBodyHeadReactionAndDeath" classname="LastSignal.Tests.ZombieDamagePlayTests" runstate="Runnable" seed="1829456210" result="Passed" start-time="2026-09-19 13:07:50Z" end-time="2026-09-19 13:07:56Z" duration="6.268040" asserts="0">
              <properties>
                <property name="_JOINTYPE" value="UnityCombinatorial" />
                <property name="retryIteration" value="0" />
                <property name="repeatIteration" value="0" />
              </properties>
              <output><![CDATA[S001 session started: one player, local input.
]]></output>
            </test-case>
            <test-case id="1039" name="FirstCompleteCombatLoopInNormalRoute" fullname="LastSignal.Tests.ZombieDamagePlayTests.FirstCompleteCombatLoopInNormalRoute" methodname="FirstCompleteCombatLoopInNormalRoute" classname="LastSignal.Tests.ZombieDamagePlayTests" runstate="Runnable" seed="1999522947" result="Passed" start-time="2026-09-19 13:07:56Z" end-time="2026-09-19 13:08:03Z" duration="7.413877" asserts="0">
              <properties>
                <property name="_JOINTYPE" value="UnityCombinatorial" />
                <property name="retryIteration" value="0" />
                <property name="repeatIteration" value="0" />
              </properties>
              <output><![CDATA[S001 session started: one player, local input.
]]></output>
            </test-case>
            <test-case id="1042" name="HeadRegionFollowsIdleWalkAttackAndReactionPoses" fullname="LastSignal.Tests.ZombieDamagePlayTests.HeadRegionFollowsIdleWalkAttackAndReactionPoses" methodname="HeadRegionFollowsIdleWalkAttackAndReactionPoses" classname="LastSignal.Tests.ZombieDamagePlayTests" runstate="Runnable" seed="1732936385" result="Passed" start-time="2026-09-19 13:08:03Z" end-time="2026-09-19 13:08:05Z" duration="1.208753" asserts="0">
              <properties>
                <property name="_JOINTYPE" value="UnityCombinatorial" />
                <property name="retryIteration" value="0" />
                <property name="repeatIteration" value="0" />
              </properties>
              <output><![CDATA[S001 session started: one player, local input.
]]></output>
            </test-case>
            <test-case id="1037" name="HiddenSearchKnowledgeIsNotRevealedByDamage" fullname="LastSignal.Tests.ZombieDamagePlayTests.HiddenSearchKnowledgeIsNotRevealedByDamage" methodname="HiddenSearchKnowledgeIsNotRevealedByDamage" classname="LastSignal.Tests.ZombieDamagePlayTests" runstate="Runnable" seed="211157932" result="Passed" start-time="2026-09-19 13:08:05Z" end-time="2026-09-19 13:08:06Z" duration="1.694611" asserts="0">
              <properties>
                <property name="_JOINTYPE" value="UnityCombinatorial" />
                <property name="retryIteration" value="0" />
                <property name="repeatIteration" value="0" />
              </properties>
              <output><![CDATA[S001 session started: one player, local input.
]]></output>
            </test-case>
            <test-case id="1034" name="LethalRifleDuringWindupCommitAndRecoveryCancelsOldStrike" fullname="LastSignal.Tests.ZombieDamagePlayTests.LethalRifleDuringWindupCommitAndRecoveryCancelsOldStrike" methodname="LethalRifleDuringWindupCommitAndRecoveryCancelsOldStrike" classname="LastSignal.Tests.ZombieDamagePlayTests" runstate="Runnable" seed="2058351213" result="Passed" start-time="2026-09-19 13:08:06Z" end-time="2026-09-19 13:08:18Z" duration="11.678916" asserts="0">
              <properties>
                <property name="_JOINTYPE" value="UnityCombinatorial" />
                <property name="retryIteration" value="0" />
                <property name="repeatIteration" value="0" />
              </properties>
              <output><![CDATA[S001 session started: one player, local input.
S001 session started: one player, local input.
S001 session started: one player, local input.
]]></output>
            </test-case>
            <test-case id="1043" name="NearMuzzleDamageableReceivesOneHitButWallStopsDistantDamage" fullname="LastSignal.Tests.ZombieDamagePlayTests.NearMuzzleDamageableReceivesOneHitButWallStopsDistantDamage" methodname="NearMuzzleDamageableReceivesOneHitButWallStopsDistantDamage" classname="LastSignal.Tests.ZombieDamagePlayTests" runstate="Runnable" seed="1461537648" result="Passed" start-time="2026-09-19 13:08:18Z" end-time="2026-09-19 13:08:19Z" duration="1.081007" asserts="0">
              <properties>
                <property name="_JOINTYPE" value="UnityCombinatorial" />
                <property name="retryIteration" value="0" />
                <property name="repeatIteration" value="0" />
              </properties>
              <output><![CDATA[S001 session started: one player, local input.
]]></output>
            </test-case>
            <test-case id="1038" name="OverlapWrongColliderAndIndependentActorsHaveOneOwner" fullname="LastSignal.Tests.ZombieDamagePlayTests.OverlapWrongColliderAndIndependentActorsHaveOneOwner" methodname="OverlapWrongColliderAndIndependentActorsHaveOneOwner" classname="LastSignal.Tests.ZombieDamagePlayTests" runstate="Runnable" seed="5993699" result="Passed" start-time="2026-09-19 13:08:19Z" end-time="2026-09-19 13:08:20Z" duration="0.828385" asserts="0">
              <properties>
                <property name="_JOINTYPE" value="UnityCombinatorial" />
                <property name="retryIteration" value="0" />
                <property name="repeatIteration" value="0" />
              </properties>
              <output><![CDATA[S001 session started: one player, local input.
]]></output>
            </test-case>
            <test-case id="1036" name="PauseReactionDeathAndSessionResetAreSafe" fullname="LastSignal.Tests.ZombieDamagePlayTests.PauseReactionDeathAndSessionResetAreSafe" methodname="PauseReactionDeathAndSessionResetAreSafe" classname="LastSignal.Tests.ZombieDamagePlayTests" runstate="Runnable" seed="922914668" result="Passed" start-time="2026-09-19 13:08:20Z" end-time="2026-09-19 13:08:24Z" duration="3.947030" asserts="0">
              <properties>
                <property name="_JOINTYPE" value="UnityCombinatorial" />
                <property name="retryIteration" value="0" />
                <property name="repeatIteration" value="0" />
              </properties>
              <output><![CDATA[S001 session started: one player, local input.
S001 session started: one player, local input.
S001 session started: one player, local input.
S001 session started: one player, local input.
]]></output>
            </test-case>
            <test-case id="1044" name="ProfileLiveAndMixedPopulationAndWarmedDamage" fullname="LastSignal.Tests.ZombieDamagePlayTests.ProfileLiveAndMixedPopulationAndWarmedDamage" methodname="ProfileLiveAndMixedPopulationAndWarmedDamage" classname="LastSignal.Tests.ZombieDamagePlayTests" runstate="Runnable" seed="1396849219" result="Passed" start-time="2026-09-19 13:08:24Z" end-time="2026-09-19 13:08:40Z" duration="15.885929" asserts="0">
              <properties>
                <property name="_JOINTYPE" value="UnityCombinatorial" />
                <property name="retryIteration" value="0" />
                <property name="repeatIteration" value="0" />
              </properties>
              <output><![CDATA[S001 session started: one player, local input.
]]></output>
            </test-case>
            <test-case id="1035" name="ReactionCooldownAppliesDamageWithoutRestartAndAllowsLaterReaction" fullname="LastSignal.Tests.ZombieDamagePlayTests.ReactionCooldownAppliesDamageWithoutRestartAndAllowsLaterReaction" methodname="ReactionCooldownAppliesDamageWithoutRestartAndAllowsLaterReaction" classname="LastSignal.Tests.ZombieDamagePlayTests" runstate="Runnable" seed="1592958357" result="Passed" start-time="2026-09-19 13:08:40Z" end-time="2026-09-19 13:08:43Z" duration="2.920042" asserts="0">
              <properties>
                <property name="_JOINTYPE" value="UnityCombinatorial" />
                <property name="retryIteration" value="0" />
                <property name="repeatIteration" value="0" />
              </properties>
              <output><![CDATA[S001 session started: one player, local input.
]]></output>
            </test-case>
            <test-case id="1040" name="SurvivingReactionInterruptsAllAttackPhases" fullname="LastSignal.Tests.ZombieDamagePlayTests.SurvivingReactionInterruptsAllAttackPhases" methodname="SurvivingReactionInterruptsAllAttackPhases" classname="LastSignal.Tests.ZombieDamagePlayTests" runstate="Runnable" seed="1721340450" result="Passed" start-time="2026-09-19 13:08:43Z" end-time="2026-09-19 13:08:48Z" duration="5.098949" asserts="0">
              <properties>
                <property name="_JOINTYPE" value="UnityCombinatorial" />
                <property name="retryIteration" value="0" />
                <property name="repeatIteration" value="0" />
              </properties>
              <output><![CDATA[S001 session started: one player, local input.
Game object with animator is inactive
S001 session started: one player, local input.
Game object with animator is inactive
S001 session started: one player, local input.
]]></output>
            </test-case>
            <test-case id="1041" name="UnrelatedChildColliderCannotResolveToRootHealth" fullname="LastSignal.Tests.ZombieDamagePlayTests.UnrelatedChildColliderCannotResolveToRootHealth" methodname="UnrelatedChildColliderCannotResolveToRootHealth" classname="LastSignal.Tests.ZombieDamagePlayTests" runstate="Runnable" seed="862224308" result="Passed" start-time="2026-09-19 13:08:48Z" end-time="2026-09-19 13:08:49Z" duration="0.966972" asserts="0">
              <properties>
                <property name="_JOINTYPE" value="UnityCombinatorial" />
                <property name="retryIteration" value="0" />
                <property name="repeatIteration" value="0" />
              </properties>
              <output><![CDATA[S001 session started: one player, local input.
]]></output>
            </test-case>
          </test-suite>
          <test-suite type="TestFixture" id="1045" name="ZombieMeleeTests" fullname="LastSignal.Tests.ZombieMeleeTests" classname="LastSignal.Tests.ZombieMeleeTests" runstate="Runnable" testcasecount="13" result="Passed" start-time="2026-09-19 13:08:49Z" end-time="2026-09-19 13:09:41Z" duration="52.356069" total="13" passed="13" failed="0" inconclusive="0" skipped="0" asserts="0">
            <properties />
            <test-case id="1055" name="ActualMotorSidestepAfterCommitMissesWithinReactionWindow" fullname="LastSignal.Tests.ZombieMeleeTests.ActualMotorSidestepAfterCommitMissesWithinReactionWindow" methodname="ActualMotorSidestepAfterCommitMissesWithinReactionWindow" classname="LastSignal.Tests.ZombieMeleeTests" runstate="Runnable" seed="459567059" result="Passed" start-time="2026-09-19 13:08:49Z" end-time="2026-09-19 13:08:50Z" duration="1.221257" asserts="0">
              <properties>
                <property name="_JOINTYPE" value="UnityCombinatorial" />
                <property name="retryIteration" value="0" />
                <property name="repeatIteration" value="0" />
              </properties>
              <output><![CDATA[S001 session started: one player, local input.
]]></output>
            </test-case>
            <test-case id="1047" name="BackstepSidestepRearAndWallReallyMiss" fullname="LastSignal.Tests.ZombieMeleeTests.BackstepSidestepRearAndWallReallyMiss" methodname="BackstepSidestepRearAndWallReallyMiss" classname="LastSignal.Tests.ZombieMeleeTests" runstate="Runnable" seed="2111702730" result="Passed" start-time="2026-09-19 13:08:50Z" end-time="2026-09-19 13:08:57Z" duration="7.447185" asserts="0">
              <properties>
                <property name="_JOINTYPE" value="UnityCombinatorial" />
                <property name="retryIteration" value="0" />
                <property name="repeatIteration" value="0" />
              </properties>
              <output><![CDATA[S001 session started: one player, local input.
S001 session started: one player, local input.
S001 session started: one player, local input.
S001 session started: one player, local input.
]]></output>
            </test-case>
            <test-case id="1058" name="ContactClockAndPoseAlignAtThirtySixtyAndOneTwentyHz" fullname="LastSignal.Tests.ZombieMeleeTests.ContactClockAndPoseAlignAtThirtySixtyAndOneTwentyHz" methodname="ContactClockAndPoseAlignAtThirtySixtyAndOneTwentyHz" classname="LastSignal.Tests.ZombieMeleeTests" runstate="Runnable" seed="518673962" result="Passed" start-time="2026-09-19 13:08:57Z" end-time="2026-09-19 13:09:00Z" duration="2.465007" asserts="0">
              <properties>
                <property name="_JOINTYPE" value="UnityCombinatorial" />
                <property name="retryIteration" value="0" />
                <property name="repeatIteration" value="0" />
              </properties>
              <output><![CDATA[S001 session started: one player, local input.
S001 session started: one player, local input.
S001 session started: one player, local input.
]]></output>
            </test-case>
            <test-case id="1049" name="DeathIsTerminalAndRestartUsesFreshPlayerAndAttack" fullname="LastSignal.Tests.ZombieMeleeTests.DeathIsTerminalAndRestartUsesFreshPlayerAndAttack" methodname="DeathIsTerminalAndRestartUsesFreshPlayerAndAttack" classname="LastSignal.Tests.ZombieMeleeTests" runstate="Runnable" seed="1864195530" result="Passed" start-time="2026-09-19 13:09:00Z" end-time="2026-09-19 13:09:08Z" duration="7.977930" asserts="0">
              <properties>
                <property name="_JOINTYPE" value="UnityCombinatorial" />
                <property name="retryIteration" value="0" />
                <property name="repeatIteration" value="0" />
              </properties>
              <output><![CDATA[S001 session started: one player, local input.
S001 session started: one player, local input.
]]></output>
            </test-case>
            <test-case id="1054" name="HardAbortBeforeCommitAndDisabledActorCancelSequence" fullname="LastSignal.Tests.ZombieMeleeTests.HardAbortBeforeCommitAndDisabledActorCancelSequence" methodname="HardAbortBeforeCommitAndDisabledActorCancelSequence" classname="LastSignal.Tests.ZombieMeleeTests" runstate="Runnable" seed="1108510061" result="Passed" start-time="2026-09-19 13:09:08Z" end-time="2026-09-19 13:09:09Z" duration="0.987998" asserts="0">
              <properties>
                <property name="_JOINTYPE" value="UnityCombinatorial" />
                <property name="retryIteration" value="0" />
                <property name="repeatIteration" value="0" />
              </properties>
              <output><![CDATA[S001 session started: one player, local input.
]]></output>
            </test-case>
            <test-case id="1053" name="LargeStepDuplicateColliderAndDisabledAnimatorStillHaveOneContact" fullname="LastSignal.Tests.ZombieMeleeTests.LargeStepDuplicateColliderAndDisabledAnimatorStillHaveOneContact" methodname="LargeStepDuplicateColliderAndDisabledAnimatorStillHaveOneContact" classname="LastSignal.Tests.ZombieMeleeTests" runstate="Runnable" seed="1380405449" result="Passed" start-time="2026-09-19 13:09:09Z" end-time="2026-09-19 13:09:10Z" duration="0.804208" asserts="0">
              <properties>
                <property name="_JOINTYPE" value="UnityCombinatorial" />
                <property name="retryIteration" value="0" />
                <property name="repeatIteration" value="0" />
              </properties>
              <output><![CDATA[S001 session started: one player, local input.
]]></output>
            </test-case>
            <test-case id="1050" name="MenuDuringWindupCancelsWithoutDelayedDamage" fullname="LastSignal.Tests.ZombieMeleeTests.MenuDuringWindupCancelsWithoutDelayedDamage" methodname="MenuDuringWindupCancelsWithoutDelayedDamage" classname="LastSignal.Tests.ZombieMeleeTests" runstate="Runnable" seed="1155976144" result="Passed" start-time="2026-09-19 13:09:10Z" end-time="2026-09-19 13:09:11Z" duration="1.345360" asserts="0">
              <properties>
                <property name="_JOINTYPE" value="UnityCombinatorial" />
                <property name="retryIteration" value="0" />
                <property name="repeatIteration" value="0" />
              </properties>
              <output><![CDATA[S001 session started: one player, local input.
S001 session started: one player, local input.
]]></output>
            </test-case>
            <test-case id="1052" name="NormalGameplayRouteApproachesAndAttacksProductionPlayer" fullname="LastSignal.Tests.ZombieMeleeTests.NormalGameplayRouteApproachesAndAttacksProductionPlayer" methodname="NormalGameplayRouteApproachesAndAttacksProductionPlayer" classname="LastSignal.Tests.ZombieMeleeTests" runstate="Runnable" seed="815997164" result="Passed" start-time="2026-09-19 13:09:11Z" end-time="2026-09-19 13:09:14Z" duration="3.371467" asserts="0">
              <properties>
                <property name="_JOINTYPE" value="UnityCombinatorial" />
                <property name="retryIteration" value="0" />
                <property name="repeatIteration" value="0" />
              </properties>
              <output><![CDATA[S001 session started: one player, local input.
]]></output>
            </test-case>
            <test-case id="1048" name="PauseBothSidesOfCommitFreezesDamageAndResumesOnce" fullname="LastSignal.Tests.ZombieMeleeTests.PauseBothSidesOfCommitFreezesDamageAndResumesOnce" methodname="PauseBothSidesOfCommitFreezesDamageAndResumesOnce" classname="LastSignal.Tests.ZombieMeleeTests" runstate="Runnable" seed="1409218796" result="Passed" start-time="2026-09-19 13:09:14Z" end-time="2026-09-19 13:09:20Z" duration="6.069790" asserts="0">
              <properties>
                <property name="_JOINTYPE" value="UnityCombinatorial" />
                <property name="retryIteration" value="0" />
                <property name="repeatIteration" value="0" />
              </properties>
              <output><![CDATA[S001 session started: one player, local input.
S001 session started: one player, local input.
]]></output>
            </test-case>
            <test-case id="1056" name="ProfileOneAndTenActiveMeleeActors" fullname="LastSignal.Tests.ZombieMeleeTests.ProfileOneAndTenActiveMeleeActors" methodname="ProfileOneAndTenActiveMeleeActors" classname="LastSignal.Tests.ZombieMeleeTests" runstate="Runnable" seed="220105988" result="Passed" start-time="2026-09-19 13:09:20Z" end-time="2026-09-19 13:09:36Z" duration="15.709569" asserts="0">
              <properties>
                <property name="_JOINTYPE" value="UnityCombinatorial" />
                <property name="retryIteration" value="0" />
                <property name="repeatIteration" value="0" />
              </properties>
              <output><![CDATA[S001 session started: one player, local input.
Look rotation viewing vector is zero
Game object with animator is inactive
S001 session started: one player, local input.
Look rotation viewing vector is zero
Game object with animator is inactive
Game object with animator is inactive
Game object with animator is inactive
Game object with animator is inactive
Game object with animator is inactive
Game object with animator is inactive
Game object with animator is inactive
Game object with animator is inactive
Game object with animator is inactive
Game object with animator is inactive
]]></output>
            </test-case>
            <test-case id="1057" name="RebindingDuringCommitCannotTransferOldStrike" fullname="LastSignal.Tests.ZombieMeleeTests.RebindingDuringCommitCannotTransferOldStrike" methodname="RebindingDuringCommitCannotTransferOldStrike" classname="LastSignal.Tests.ZombieMeleeTests" runstate="Runnable" seed="70673840" result="Passed" start-time="2026-09-19 13:09:36Z" end-time="2026-09-19 13:09:37Z" duration="1.031985" asserts="0">
              <properties>
                <property name="_JOINTYPE" value="UnityCombinatorial" />
                <property name="retryIteration" value="0" />
                <property name="repeatIteration" value="0" />
              </properties>
              <output><![CDATA[S001 session started: one player, local input.
]]></output>
            </test-case>
            <test-case id="1051" name="TargetDeathOrDisableDuringWindupCannotDamage" fullname="LastSignal.Tests.ZombieMeleeTests.TargetDeathOrDisableDuringWindupCannotDamage" methodname="TargetDeathOrDisableDuringWindupCannotDamage" classname="LastSignal.Tests.ZombieMeleeTests" runstate="Runnable" seed="1625300014" result="Passed" start-time="2026-09-19 13:09:37Z" end-time="2026-09-19 13:09:39Z" duration="1.480286" asserts="0">
              <properties>
                <property name="_JOINTYPE" value="UnityCombinatorial" />
                <property name="retryIteration" value="0" />
                <property name="repeatIteration" value="0" />
              </properties>
              <output><![CDATA[S001 session started: one player, local input.
S001 session started: one player, local input.
]]></output>
            </test-case>
            <test-case id="1046" name="ValidStrikeHasOneTransactionAndVisibleRecovery" fullname="LastSignal.Tests.ZombieMeleeTests.ValidStrikeHasOneTransactionAndVisibleRecovery" methodname="ValidStrikeHasOneTransactionAndVisibleRecovery" classname="LastSignal.Tests.ZombieMeleeTests" runstate="Runnable" seed="1521195649" result="Passed" start-time="2026-09-19 13:09:39Z" end-time="2026-09-19 13:09:41Z" duration="2.440516" asserts="0">
              <properties>
                <property name="_JOINTYPE" value="UnityCombinatorial" />
                <property name="retryIteration" value="0" />
                <property name="repeatIteration" value="0" />
              </properties>
              <output><![CDATA[S001 session started: one player, local input.
]]></output>
            </test-case>
          </test-suite>
          <test-suite type="TestFixture" id="1059" name="ZombieNavigationTests" fullname="LastSignal.Tests.ZombieNavigationTests" classname="LastSignal.Tests.ZombieNavigationTests" runstate="Runnable" testcasecount="1" result="Passed" start-time="2026-09-19 13:09:41Z" end-time="2026-09-19 13:09:41Z" duration="0.407502" total="1" passed="1" failed="0" inconclusive="0" skipped="0" asserts="0">
            <properties />
            <test-case id="1060" name="BakedArenaSupportsCompleteAndPartialPathsWithBoundedRequests" fullname="LastSignal.Tests.ZombieNavigationTests.BakedArenaSupportsCompleteAndPartialPathsWithBoundedRequests" methodname="BakedArenaSupportsCompleteAndPartialPathsWithBoundedRequests" classname="LastSignal.Tests.ZombieNavigationTests" runstate="Runnable" seed="1994869444" result="Passed" start-time="2026-09-19 13:09:41Z" end-time="2026-09-19 13:09:41Z" duration="0.406584" asserts="0">
              <properties>
                <property name="_JOINTYPE" value="UnityCombinatorial" />
                <property name="retryIteration" value="0" />
                <property name="repeatIteration" value="0" />
              </properties>
              <output><![CDATA[S001 session started: one player, local input.
]]></output>
            </test-case>
          </test-suite>
          <test-suite type="TestFixture" id="1061" name="ZombiePresentationTests" fullname="LastSignal.Tests.ZombiePresentationTests" classname="LastSignal.Tests.ZombiePresentationTests" runstate="Runnable" testcasecount="2" result="Passed" start-time="2026-09-19 13:09:41Z" end-time="2026-09-19 13:09:41Z" duration="0.073526" total="2" passed="2" failed="0" inconclusive="0" skipped="0" asserts="0">
            <properties />
            <test-case id="1063" name="DeathHoldsFinalPoseAndClearsGroundOnProductionController" fullname="LastSignal.Tests.ZombiePresentationTests.DeathHoldsFinalPoseAndClearsGroundOnProductionController" methodname="DeathHoldsFinalPoseAndClearsGroundOnProductionController" classname="LastSignal.Tests.ZombiePresentationTests" runstate="Runnable" seed="42607069" result="Passed" start-time="2026-09-19 13:09:41Z" end-time="2026-09-19 13:09:41Z" duration="0.018520" asserts="0">
              <properties>
                <property name="retryIteration" value="0" />
                <property name="repeatIteration" value="0" />
              </properties>
            </test-case>
            <test-case id="1062" name="EveryPresentationStateAnimatesWithoutMovingActorRoot" fullname="LastSignal.Tests.ZombiePresentationTests.EveryPresentationStateAnimatesWithoutMovingActorRoot" methodname="EveryPresentationStateAnimatesWithoutMovingActorRoot" classname="LastSignal.Tests.ZombiePresentationTests" runstate="Runnable" seed="706826253" result="Passed" start-time="2026-09-19 13:09:41Z" end-time="2026-09-19 13:09:41Z" duration="0.031250" asserts="0">
              <properties>
                <property name="retryIteration" value="0" />
                <property name="repeatIteration" value="0" />
              </properties>
            </test-case>
          </test-suite>
          <test-suite type="TestFixture" id="1064" name="ZombieProductionAcceptanceTests" fullname="LastSignal.Tests.ZombieProductionAcceptanceTests" classname="LastSignal.Tests.ZombieProductionAcceptanceTests" runstate="Runnable" testcasecount="2" result="Passed" start-time="2026-09-19 13:09:41Z" end-time="2026-09-19 13:10:35Z" duration="53.598963" total="2" passed="2" failed="0" inconclusive="0" skipped="0" asserts="0">
            <properties />
            <test-case id="1065" name="ProductionVisualSequenceAndStableMeleeStop" fullname="LastSignal.Tests.ZombieProductionAcceptanceTests.ProductionVisualSequenceAndStableMeleeStop" methodname="ProductionVisualSequenceAndStableMeleeStop" classname="LastSignal.Tests.ZombieProductionAcceptanceTests" runstate="Runnable" seed="1479302384" result="Passed" start-time="2026-09-19 13:09:41Z" end-time="2026-09-19 13:10:10Z" duration="28.906216" asserts="0">
              <properties>
                <property name="_JOINTYPE" value="UnityCombinatorial" />
                <property name="retryIteration" value="0" />
                <property name="repeatIteration" value="0" />
              </properties>
              <output><![CDATA[S001 session started: one player, local input.
S001 session started: one player, local input.
]]></output>
            </test-case>
            <test-case id="1066" name="ProfileOneTenAndTwentyFiveProductionActors" fullname="LastSignal.Tests.ZombieProductionAcceptanceTests.ProfileOneTenAndTwentyFiveProductionActors" methodname="ProfileOneTenAndTwentyFiveProductionActors" classname="LastSignal.Tests.ZombieProductionAcceptanceTests" runstate="Runnable" seed="1778326503" result="Passed" start-time="2026-09-19 13:10:10Z" end-time="2026-09-19 13:10:35Z" duration="24.690227" asserts="0">
              <properties>
                <property name="_JOINTYPE" value="UnityCombinatorial" />
                <property name="retryIteration" value="0" />
                <property name="repeatIteration" value="0" />
              </properties>
              <output><![CDATA[S001 session started: one player, local input.
Game object with animator is inactive
]]></output>
            </test-case>
          </test-suite>
          <test-suite type="TestFixture" id="1067" name="ZombieRecoveryTests" fullname="LastSignal.Tests.ZombieRecoveryTests" classname="LastSignal.Tests.ZombieRecoveryTests" runstate="Runnable" testcasecount="5" result="Passed" start-time="2026-09-19 13:10:35Z" end-time="2026-09-19 13:10:40Z" duration="4.720516" total="5" passed="5" failed="0" inconclusive="0" skipped="0" asserts="0">
            <properties />
            <test-case id="1069" name="NavigationInvalidOffMeshStuckAndObstacleAreSafe" fullname="LastSignal.Tests.ZombieRecoveryTests.NavigationInvalidOffMeshStuckAndObstacleAreSafe" methodname="NavigationInvalidOffMeshStuckAndObstacleAreSafe" classname="LastSignal.Tests.ZombieRecoveryTests" runstate="Runnable" seed="123182849" result="Passed" start-time="2026-09-19 13:10:35Z" end-time="2026-09-19 13:10:36Z" duration="0.667689" asserts="0">
              <properties>
                <property name="_JOINTYPE" value="UnityCombinatorial" />
                <property name="retryIteration" value="0" />
                <property name="repeatIteration" value="0" />
              </properties>
              <output><![CDATA[S001 session started: one player, local input.
]]></output>
            </test-case>
            <test-case id="1068" name="NormalRouteTenSessionsClearTargetsTimersAndPausePresentation" fullname="LastSignal.Tests.ZombieRecoveryTests.NormalRouteTenSessionsClearTargetsTimersAndPausePresentation" methodname="NormalRouteTenSessionsClearTargetsTimersAndPausePresentation" classname="LastSignal.Tests.ZombieRecoveryTests" runstate="Runnable" seed="1024052416" result="Passed" start-time="2026-09-19 13:10:36Z" end-time="2026-09-19 13:10:39Z" duration="3.372473" asserts="0">
              <properties>
                <property name="_JOINTYPE" value="UnityCombinatorial" />
                <property name="retryIteration" value="0" />
                <property name="repeatIteration" value="0" />
              </properties>
              <output><![CDATA[S001 session started: one player, local input.
S001 session started: one player, local input.
S001 session started: one player, local input.
S001 session started: one player, local input.
S001 session started: one player, local input.
S001 session started: one player, local input.
S001 session started: one player, local input.
S001 session started: one player, local input.
S001 session started: one player, local input.
S001 session started: one player, local input.
S001 session started: one player, local input.
]]></output>
            </test-case>
            <test-case id="1072" name="OffscreenInitializationEvaluatesIdleBeforeFirstVisibleFrame" fullname="LastSignal.Tests.ZombieRecoveryTests.OffscreenInitializationEvaluatesIdleBeforeFirstVisibleFrame" methodname="OffscreenInitializationEvaluatesIdleBeforeFirstVisibleFrame" classname="LastSignal.Tests.ZombieRecoveryTests" runstate="Runnable" seed="1652353444" result="Passed" start-time="2026-09-19 13:10:39Z" end-time="2026-09-19 13:10:39Z" duration="0.001335" asserts="0">
              <properties>
                <property name="retryIteration" value="0" />
                <property name="repeatIteration" value="0" />
              </properties>
            </test-case>
            <test-case id="1071" name="PartialEndpointRetriesAreBoundedAndOffMeshSpawnFailsOnce" fullname="LastSignal.Tests.ZombieRecoveryTests.PartialEndpointRetriesAreBoundedAndOffMeshSpawnFailsOnce" methodname="PartialEndpointRetriesAreBoundedAndOffMeshSpawnFailsOnce" classname="LastSignal.Tests.ZombieRecoveryTests" runstate="Runnable" seed="505647961" result="Passed" start-time="2026-09-19 13:10:39Z" end-time="2026-09-19 13:10:39Z" duration="0.342510" asserts="0">
              <properties>
                <property name="_JOINTYPE" value="UnityCombinatorial" />
                <property name="retryIteration" value="0" />
                <property name="repeatIteration" value="0" />
              </properties>
              <output><![CDATA[S001 session started: one player, local input.
Zombie spawn has no matching NavMesh within bounded correction radius. Move the encounter spawn onto the baked Shambler surface.
]]></output>
            </test-case>
            <test-case id="1070" name="PresenterUsesVelocityAndRestoresSpeedAfterPause" fullname="LastSignal.Tests.ZombieRecoveryTests.PresenterUsesVelocityAndRestoresSpeedAfterPause" methodname="PresenterUsesVelocityAndRestoresSpeedAfterPause" classname="LastSignal.Tests.ZombieRecoveryTests" runstate="Runnable" seed="40939280" result="Passed" start-time="2026-09-19 13:10:39Z" end-time="2026-09-19 13:10:40Z" duration="0.333253" asserts="0">
              <properties>
                <property name="_JOINTYPE" value="UnityCombinatorial" />
                <property name="retryIteration" value="0" />
                <property name="repeatIteration" value="0" />
              </properties>
              <output><![CDATA[S001 session started: one player, local input.
<b><color=#2EA3FF>MCP-FOR-UNITY</color></b>: [TestRunnerNoThrottle] Restored Interaction Mode after test run.
Saving results to: /Users/burakcoskun/Library/Application Support/DefaultCompany/Last Signal/TestResults.xml
]]></output>
            </test-case>
          </test-suite>
        </test-suite>
      </test-suite>
    </test-suite>
  </test-suite>
</test-run>