<?xml version="1.0" encoding="utf-8"?>
<test-run id="2" testcasecount="3" result="Failed(Child)" total="3" passed="1" failed="2" inconclusive="0" skipped="0" asserts="0" engine-version="3.5.0.0" clr-version="4.0.30319.42000" start-time="2026-09-25 08:59:30Z" end-time="2026-09-25 08:59:35Z" duration="5.0584564">
  <test-suite type="TestSuite" id="1148" name="Last Signal" fullname="Last Signal" runstate="Runnable" testcasecount="119" result="Failed" site="Child" start-time="2026-09-25 08:59:30Z" end-time="2026-09-25 08:59:35Z" duration="5.058456" total="3" passed="1" failed="2" inconclusive="0" skipped="0" asserts="0">
    <properties>
      <property name="platform" value="PlayMode" />
    </properties>
    <failure>
      <message><![CDATA[One or more child tests had errors]]></message>
    </failure>
    <test-suite type="Assembly" id="1141" name="LastSignal.PlayModeTests.dll" fullname="/Users/burakcoskun/Last Signal/Library/ScriptAssemblies/LastSignal.PlayModeTests.dll" runstate="Runnable" testcasecount="119" result="Failed" site="Child" start-time="2026-09-25 08:59:30Z" end-time="2026-09-25 08:59:35Z" duration="5.023322" total="3" passed="1" failed="2" inconclusive="0" skipped="0" asserts="0">
      <properties>
        <property name="_PID" value="85482" />
        <property name="_APPDOMAIN" value="Unity Child Domain" />
        <property name="platform" value="PlayMode" />
        <property name="EditorOnly" value="False" />
      </properties>
      <failure>
        <message><![CDATA[One or more child tests had errors]]></message>
      </failure>
      <test-suite type="TestSuite" id="1142" name="LastSignal" fullname="LastSignal" runstate="Runnable" testcasecount="119" result="Failed" site="Child" start-time="2026-09-25 08:59:30Z" end-time="2026-09-25 08:59:35Z" duration="5.021992" total="3" passed="1" failed="2" inconclusive="0" skipped="0" asserts="0">
        <properties />
        <failure>
          <message><![CDATA[One or more child tests had errors]]></message>
        </failure>
        <test-suite type="TestSuite" id="1143" name="Tests" fullname="LastSignal.Tests" runstate="Runnable" testcasecount="119" result="Failed" site="Child" start-time="2026-09-25 08:59:30Z" end-time="2026-09-25 08:59:35Z" duration="5.020729" total="3" passed="1" failed="2" inconclusive="0" skipped="0" asserts="0">
          <properties />
          <failure>
            <message><![CDATA[One or more child tests had errors]]></message>
          </failure>
          <test-suite type="TestFixture" id="1071" name="WorldPopulationPlayTests" fullname="LastSignal.Tests.WorldPopulationPlayTests" classname="LastSignal.Tests.WorldPopulationPlayTests" runstate="Runnable" testcasecount="3" result="Failed" site="Child" start-time="2026-09-25 08:59:30Z" end-time="2026-09-25 08:59:35Z" duration="5.017232" total="3" passed="1" failed="2" inconclusive="0" skipped="0" asserts="0">
            <properties />
            <failure>
              <message><![CDATA[One or more child tests had errors]]></message>
            </failure>
            <test-case id="1072" name="Noise_IncreasesPressure_And_Migrates" fullname="LastSignal.Tests.WorldPopulationPlayTests.Noise_IncreasesPressure_And_Migrates" methodname="Noise_IncreasesPressure_And_Migrates" classname="LastSignal.Tests.WorldPopulationPlayTests" runstate="Runnable" seed="421634176" result="Failed" start-time="2026-09-25 08:59:30Z" end-time="2026-09-25 08:59:33Z" duration="2.180665" asserts="0">
              <properties>
                <property name="_JOINTYPE" value="UnityCombinatorial" />
                <property name="retryIteration" value="0" />
                <property name="repeatIteration" value="0" />
              </properties>
              <failure>
                <message><![CDATA[  Expected: greater than 0.0f
  But was:  0.0f
]]></message>
                <stack-trace><![CDATA[at LastSignal.Tests.WorldPopulationPlayTests+<Noise_IncreasesPressure_And_Migrates>d__6.MoveNext () [0x00105] in /Users/burakcoskun/Last Signal/Assets/LastSignal/Scripts/Tests/PlayMode/WorldPopulationPlayTests.cs:57
at UnityEngine.TestTools.TestEnumerator+<Execute>d__7.MoveNext () [0x0003a] in ./Library/PackageCache/com.unity.test-framework@f3e6c9a02477/UnityEngine.TestRunner/NUnitExtensions/Attributes/TestEnumerator.cs:44
]]></stack-trace>
              </failure>
              <output><![CDATA[S006 loot seed=12345 resolved=20 generated=14
S001 session started: one player, local input.
]]></output>
            </test-case>
            <test-case id="1073" name="SaveLoad_DoesNotDuplicateNoise" fullname="LastSignal.Tests.WorldPopulationPlayTests.SaveLoad_DoesNotDuplicateNoise" methodname="SaveLoad_DoesNotDuplicateNoise" classname="LastSignal.Tests.WorldPopulationPlayTests" runstate="Runnable" seed="944832393" result="Passed" start-time="2026-09-25 08:59:33Z" end-time="2026-09-25 08:59:34Z" duration="1.401496" asserts="0">
              <properties>
                <property name="_JOINTYPE" value="UnityCombinatorial" />
                <property name="retryIteration" value="0" />
                <property name="repeatIteration" value="0" />
              </properties>
              <output><![CDATA[S006 loot seed=12345 resolved=20 generated=14
S001 session started: one player, local input.
]]></output>
            </test-case>
            <test-case id="1074" name="SleepAdvancesTravelAndDecaysPressure" fullname="LastSignal.Tests.WorldPopulationPlayTests.SleepAdvancesTravelAndDecaysPressure" methodname="SleepAdvancesTravelAndDecaysPressure" classname="LastSignal.Tests.WorldPopulationPlayTests" runstate="Runnable" seed="434550259" result="Failed" start-time="2026-09-25 08:59:34Z" end-time="2026-09-25 08:59:35Z" duration="1.424815" asserts="0">
              <properties>
                <property name="_JOINTYPE" value="UnityCombinatorial" />
                <property name="retryIteration" value="0" />
                <property name="repeatIteration" value="0" />
              </properties>
              <failure>
                <message><![CDATA[  Expected: less than 0.200000003f
  But was:  0.200000003f
]]></message>
                <stack-trace><![CDATA[at LastSignal.Tests.WorldPopulationPlayTests+<SleepAdvancesTravelAndDecaysPressure>d__8.MoveNext () [0x0011a] in /Users/burakcoskun/Last Signal/Assets/LastSignal/Scripts/Tests/PlayMode/WorldPopulationPlayTests.cs:102
at UnityEngine.TestTools.TestEnumerator+<Execute>d__7.MoveNext () [0x0003a] in ./Library/PackageCache/com.unity.test-framework@f3e6c9a02477/UnityEngine.TestRunner/NUnitExtensions/Attributes/TestEnumerator.cs:44
]]></stack-trace>
              </failure>
              <output><![CDATA[S006 loot seed=12345 resolved=20 generated=14
S001 session started: one player, local input.
<b><color=#2EA3FF>MCP-FOR-UNITY</color></b>: [TestRunnerNoThrottle] Restored Interaction Mode after test run.
Saving results to: /Users/burakcoskun/Library/Application Support/DefaultCompany/Last Signal/TestResults.xml
]]></output>
            </test-case>
          </test-suite>
        </test-suite>
      </test-suite>
    </test-suite>
  </test-suite>
</test-run>