<?xml version="1.0" encoding="utf-8"?>
<test-run id="2" testcasecount="99" result="Failed(Child)" total="99" passed="98" failed="1" inconclusive="0" skipped="0" asserts="0" engine-version="3.5.0.0" clr-version="4.0.30319.42000" start-time="2026-09-21 18:17:37Z" end-time="2026-09-21 18:23:05Z" duration="327.7555982">
  <test-suite type="TestSuite" id="1125" name="Last Signal" fullname="Last Signal" runstate="Runnable" testcasecount="99" result="Failed" site="Child" start-time="2026-09-21 18:17:37Z" end-time="2026-09-21 18:23:05Z" duration="327.755598" total="99" passed="98" failed="1" inconclusive="0" skipped="0" asserts="0">
    <properties>
      <property name="platform" value="PlayMode" />
    </properties>
    <failure>
      <message><![CDATA[One or more child tests had errors]]></message>
    </failure>
    <test-suite type="Assembly" id="1118" name="LastSignal.PlayModeTests.dll" fullname="/Users/burakcoskun/Last Signal/Library/ScriptAssemblies/LastSignal.PlayModeTests.dll" runstate="Runnable" testcasecount="99" result="Failed" site="Child" start-time="2026-09-21 18:17:37Z" end-time="2026-09-21 18:23:05Z" duration="327.746314" total="99" passed="98" failed="1" inconclusive="0" skipped="0" asserts="0">
      <properties>
        <property name="_PID" value="99445" />
        <property name="_APPDOMAIN" value="Unity Child Domain" />
        <property name="platform" value="PlayMode" />
        <property name="EditorOnly" value="False" />
      </properties>
      <failure>
        <message><![CDATA[One or more child tests had errors]]></message>
      </failure>
      <test-suite type="TestSuite" id="1119" name="LastSignal" fullname="LastSignal" runstate="Runnable" testcasecount="99" result="Failed" site="Child" start-time="2026-09-21 18:17:37Z" end-time="2026-09-21 18:23:05Z" duration="327.745242" total="99" passed="98" failed="1" inconclusive="0" skipped="0" asserts="0">
        <properties />
        <failure>
          <message><![CDATA[One or more child tests had errors]]></message>
        </failure>
        <test-suite type="TestSuite" id="1120" name="Tests" fullname="LastSignal.Tests" runstate="Runnable" testcasecount="99" result="Failed" site="Child" start-time="2026-09-21 18:17:37Z" end-time="2026-09-21 18:23:05Z" duration="327.744471" total="99" passed="98" failed="1" inconclusive="0" skipped="0" asserts="0">
          <properties />
          <failure>
            <message><![CDATA[One or more child tests had errors]]></message>
          </failure>
          <test-suite type="TestFixture" id="1001" name="AmmunitionIntegrationTests" fullname="LastSignal.Tests.AmmunitionIntegrationTests" classname="LastSignal.Tests.AmmunitionIntegrationTests" runstate="Runnable" testcasecount="8" result="Passed" start-time="2026-09-21 18:17:37Z" end-time="2026-09-21 18:18:26Z" duration="48.837867" total="8" passed="8" failed="0" inconclusive="0" skipped="0" asserts="0">
            <properties />
            <test-case id="1002" name="ActualShotsMissWallEmptyAndRejectedRequests" fullname="LastSignal.Tests.AmmunitionIntegrationTests.ActualShotsMissWallEmptyAndRejectedRequests" methodname="ActualShotsMissWallEmptyAndRejectedRequests" classname="LastSignal.Tests.AmmunitionIntegrationTests" runstate="Runnable" seed="1252515439" result="Passed" start-time="2026-09-21 18:17:37Z" end-time="2026-09-21 18:17:41Z" duration="3.678836" asserts="0">
              <properties>
                <property name="_JOINTYPE" value="UnityCombinatorial" />
                <property name="retryIteration" value="0" />
                <property name="repeatIteration" value="0" />
              </properties>
              <output><![CDATA[S006 loot seed=12345 resolved=20 generated=14
S001 session started: one player, local input.
S006 loot seed=12345 resolved=20 generated=14
S001 session started: one player, local input.
]]></output>
            </test-case>
            <test-case id="1006" name="DeathAfterCommitKeepsTransfer" fullname="LastSignal.Tests.AmmunitionIntegrationTests.DeathAfterCommitKeepsTransfer" methodname="DeathAfterCommitKeepsTransfer" classname="LastSignal.Tests.AmmunitionIntegrationTests" runstate="Runnable" seed="655637408" result="Passed" start-time="2026-09-21 18:17:41Z" end-time="2026-09-21 18:17:47Z" duration="6.413462" asserts="0">
              <properties>
                <property name="_JOINTYPE" value="UnityCombinatorial" />
                <property name="retryIteration" value="0" />
                <property name="repeatIteration" value="0" />
              </properties>
              <output><![CDATA[S006 loot seed=12345 resolved=20 generated=14
S001 session started: one player, local input.
S006 loot seed=12345 resolved=20 generated=14
S001 session started: one player, local input.
]]></output>
            </test-case>
            <test-case id="1005" name="DeathBeforeCommitCancels" fullname="LastSignal.Tests.AmmunitionIntegrationTests.DeathBeforeCommitCancels" methodname="DeathBeforeCommitCancels" classname="LastSignal.Tests.AmmunitionIntegrationTests" runstate="Runnable" seed="1252105682" result="Passed" start-time="2026-09-21 18:17:47Z" end-time="2026-09-21 18:17:52Z" duration="4.568380" asserts="0">
              <properties>
                <property name="_JOINTYPE" value="UnityCombinatorial" />
                <property name="retryIteration" value="0" />
                <property name="repeatIteration" value="0" />
              </properties>
              <output><![CDATA[S006 loot seed=12345 resolved=20 generated=14
S001 session started: one player, local input.
S006 loot seed=12345 resolved=20 generated=14
S001 session started: one player, local input.
]]></output>
            </test-case>
            <test-case id="1003" name="MissingMuzzleAndDisabledWeaponConsumeNothing" fullname="LastSignal.Tests.AmmunitionIntegrationTests.MissingMuzzleAndDisabledWeaponConsumeNothing" methodname="MissingMuzzleAndDisabledWeaponConsumeNothing" classname="LastSignal.Tests.AmmunitionIntegrationTests" runstate="Runnable" seed="923520133" result="Passed" start-time="2026-09-21 18:17:52Z" end-time="2026-09-21 18:17:54Z" duration="1.670658" asserts="0">
              <properties>
                <property name="_JOINTYPE" value="UnityCombinatorial" />
                <property name="retryIteration" value="0" />
                <property name="repeatIteration" value="0" />
              </properties>
              <output><![CDATA[S006 loot seed=12345 resolved=20 generated=14
S001 session started: one player, local input.
S006 loot seed=12345 resolved=20 generated=14
S001 session started: one player, local input.
]]></output>
            </test-case>
            <test-case id="1007" name="PauseAtBothSidesOfCommitAndInventoryMutation" fullname="LastSignal.Tests.AmmunitionIntegrationTests.PauseAtBothSidesOfCommitAndInventoryMutation" methodname="PauseAtBothSidesOfCommitAndInventoryMutation" classname="LastSignal.Tests.AmmunitionIntegrationTests" runstate="Runnable" seed="971320925" result="Passed" start-time="2026-09-21 18:17:54Z" end-time="2026-09-21 18:17:59Z" duration="5.021539" asserts="0">
              <properties>
                <property name="_JOINTYPE" value="UnityCombinatorial" />
                <property name="retryIteration" value="0" />
                <property name="repeatIteration" value="0" />
              </properties>
              <output><![CDATA[S006 loot seed=12345 resolved=20 generated=14
S001 session started: one player, local input.
S006 loot seed=12345 resolved=20 generated=14
S001 session started: one player, local input.
]]></output>
            </test-case>
            <test-case id="1004" name="SecurityPickupPartialReloadAndDropRePickupConserve" fullname="LastSignal.Tests.AmmunitionIntegrationTests.SecurityPickupPartialReloadAndDropRePickupConserve" methodname="SecurityPickupPartialReloadAndDropRePickupConserve" classname="LastSignal.Tests.AmmunitionIntegrationTests" runstate="Runnable" seed="620990797" result="Passed" start-time="2026-09-21 18:17:59Z" end-time="2026-09-21 18:18:06Z" duration="7.360253" asserts="0">
              <properties>
                <property name="_JOINTYPE" value="UnityCombinatorial" />
                <property name="retryIteration" value="0" />
                <property name="repeatIteration" value="0" />
              </properties>
              <output><![CDATA[S006 loot seed=12345 resolved=20 generated=14
S001 session started: one player, local input.
S006 loot seed=12345 resolved=20 generated=14
S001 session started: one player, local input.
]]></output>
            </test-case>
            <test-case id="1008" name="TenSessionsClearReloadBindingsAndHud" fullname="LastSignal.Tests.AmmunitionIntegrationTests.TenSessionsClearReloadBindingsAndHud" methodname="TenSessionsClearReloadBindingsAndHud" classname="LastSignal.Tests.AmmunitionIntegrationTests" runstate="Runnable" seed="1165604722" result="Passed" start-time="2026-09-21 18:18:06Z" end-time="2026-09-21 18:18:24Z" duration="18.495989" asserts="0">
              <properties>
                <property name="_JOINTYPE" value="UnityCombinatorial" />
                <property name="retryIteration" value="0" />
                <property name="repeatIteration" value="0" />
              </properties>
              <output><![CDATA[S006 loot seed=12345 resolved=20 generated=14
S001 session started: one player, local input.
S006 loot seed=12345 resolved=20 generated=14
S001 session started: one player, local input.
S006 loot seed=12345 resolved=20 generated=14
S001 session started: one player, local input.
S006 loot seed=12345 resolved=20 generated=14
S001 session started: one player, local input.
S006 loot seed=12345 resolved=20 generated=14
S001 session started: one player, local input.
S006 loot seed=12345 resolved=20 generated=14
S001 session started: one player, local input.
S006 loot seed=12345 resolved=20 generated=14
S001 session started: one player, local input.
S006 loot seed=12345 resolved=20 generated=14
S001 session started: one player, local input.
S006 loot seed=12345 resolved=20 generated=14
S001 session started: one player, local input.
S006 loot seed=12345 resolved=20 generated=14
S001 session started: one player, local input.
S006 loot seed=12345 resolved=20 generated=14
S001 session started: one player, local input.
]]></output>
            </test-case>
            <test-case id="1009" name="WarmedAmmoHudAndFireAllocationMeasurements" fullname="LastSignal.Tests.AmmunitionIntegrationTests.WarmedAmmoHudAndFireAllocationMeasurements" methodname="WarmedAmmoHudAndFireAllocationMeasurements" classname="LastSignal.Tests.AmmunitionIntegrationTests" runstate="Runnable" seed="558115552" result="Passed" start-time="2026-09-21 18:18:24Z" end-time="2026-09-21 18:18:26Z" duration="1.605258" asserts="0">
              <properties>
                <property name="_JOINTYPE" value="UnityCombinatorial" />
                <property name="retryIteration" value="0" />
                <property name="repeatIteration" value="0" />
              </properties>
              <output><![CDATA[S006 loot seed=12345 resolved=20 generated=14
S001 session started: one player, local input.
S006 loot seed=12345 resolved=20 generated=14
S001 session started: one player, local input.
]]></output>
            </test-case>
          </test-suite>
          <test-suite type="TestFixture" id="1010" name="CombatAcceptanceTests" fullname="LastSignal.Tests.CombatAcceptanceTests" classname="LastSignal.Tests.CombatAcceptanceTests" runstate="Runnable" testcasecount="4" result="Failed" site="Child" start-time="2026-09-21 18:18:26Z" end-time="2026-09-21 18:18:32Z" duration="6.346960" total="4" passed="3" failed="1" inconclusive="0" skipped="0" asserts="0">
            <properties />
            <failure>
              <message><![CDATA[One or more child tests had errors]]></message>
            </failure>
            <test-case id="1014" name="ADS_ReducesFOVAndSensitivity" fullname="LastSignal.Tests.CombatAcceptanceTests.ADS_ReducesFOVAndSensitivity" methodname="ADS_ReducesFOVAndSensitivity" classname="LastSignal.Tests.CombatAcceptanceTests" runstate="Runnable" seed="2081698815" result="Passed" start-time="2026-09-21 18:18:26Z" end-time="2026-09-21 18:18:28Z" duration="1.917873" asserts="0">
              <properties>
                <property name="_JOINTYPE" value="UnityCombinatorial" />
                <property name="retryIteration" value="0" />
                <property name="repeatIteration" value="0" />
              </properties>
              <output><![CDATA[S001 session started: one player, local input.
B0A_ORDER UnitySetUp ready devices=2 active=True mouse=Mouse:/Mouse
B0A_ORDER ADS devices=2 active=True mouse=Mouse:/Mouse
]]></output>
            </test-case>
            <test-case id="1013" name="AutoFire_FiresContinuouslyWhileHeld" fullname="LastSignal.Tests.CombatAcceptanceTests.AutoFire_FiresContinuouslyWhileHeld" methodname="AutoFire_FiresContinuouslyWhileHeld" classname="LastSignal.Tests.CombatAcceptanceTests" runstate="Runnable" seed="1748992858" result="Passed" start-time="2026-09-21 18:18:28Z" end-time="2026-09-21 18:18:29Z" duration="1.568898" asserts="0">
              <properties>
                <property name="_JOINTYPE" value="UnityCombinatorial" />
                <property name="retryIteration" value="0" />
                <property name="repeatIteration" value="0" />
              </properties>
              <output><![CDATA[S001 session started: one player, local input.
B0A_ORDER UnitySetUp ready devices=2 active=True mouse=Mouse:/Mouse
]]></output>
            </test-case>
            <test-case id="1011" name="Fire_ConsumesAmmoAndDamagesTarget" fullname="LastSignal.Tests.CombatAcceptanceTests.Fire_ConsumesAmmoAndDamagesTarget" methodname="Fire_ConsumesAmmoAndDamagesTarget" classname="LastSignal.Tests.CombatAcceptanceTests" runstate="Runnable" seed="30380169" result="Passed" start-time="2026-09-21 18:18:29Z" end-time="2026-09-21 18:18:31Z" duration="1.052191" asserts="0">
              <properties>
                <property name="_JOINTYPE" value="UnityCombinatorial" />
                <property name="retryIteration" value="0" />
                <property name="repeatIteration" value="0" />
              </properties>
              <output><![CDATA[S001 session started: one player, local input.
B0A_ORDER UnitySetUp ready devices=2 active=True mouse=Mouse:/Mouse
]]></output>
            </test-case>
            <test-case id="1012" name="Reload_TransfersAmmoAfterDuration" fullname="LastSignal.Tests.CombatAcceptanceTests.Reload_TransfersAmmoAfterDuration" methodname="Reload_TransfersAmmoAfterDuration" classname="LastSignal.Tests.CombatAcceptanceTests" runstate="Runnable" seed="1974964975" result="Failed" start-time="2026-09-21 18:18:31Z" end-time="2026-09-21 18:18:32Z" duration="1.804722" asserts="0">
              <properties>
                <property name="_JOINTYPE" value="UnityCombinatorial" />
                <property name="retryIteration" value="0" />
                <property name="repeatIteration" value="0" />
              </properties>
              <failure>
                <message><![CDATA[  Expected: 25
  But was:  26
]]></message>
                <stack-trace><![CDATA[at LastSignal.Tests.CombatAcceptanceTests+<Reload_TransfersAmmoAfterDuration>d__10.MoveNext () [0x00143] in /Users/burakcoskun/Last Signal/Assets/LastSignal/Scripts/Tests/PlayMode/CombatAcceptanceTests.cs:108
at UnityEngine.TestTools.TestEnumerator+<Execute>d__7.MoveNext () [0x0003a] in ./Library/PackageCache/com.unity.test-framework@f3e6c9a02477/UnityEngine.TestRunner/NUnitExtensions/Attributes/TestEnumerator.cs:44
]]></stack-trace>
              </failure>
              <output><![CDATA[S001 session started: one player, local input.
B0A_ORDER UnitySetUp ready devices=2 active=True mouse=Mouse:/Mouse
]]></output>
            </test-case>
          </test-suite>
          <test-suite type="TestSuite" id="1121" name="Inventory" fullname="LastSignal.Tests.Inventory" runstate="Runnable" testcasecount="5" result="Passed" start-time="2026-09-21 18:18:32Z" end-time="2026-09-21 18:18:32Z" duration="0.006365" total="5" passed="5" failed="0" inconclusive="0" skipped="0" asserts="0">
            <properties />
            <test-suite type="TestFixture" id="1112" name="InventoryIntegrationTests" fullname="LastSignal.Tests.Inventory.InventoryIntegrationTests" classname="LastSignal.Tests.Inventory.InventoryIntegrationTests" runstate="Runnable" testcasecount="5" result="Passed" start-time="2026-09-21 18:18:32Z" end-time="2026-09-21 18:18:32Z" duration="0.006045" total="5" passed="5" failed="0" inconclusive="0" skipped="0" asserts="0">
              <properties />
              <test-case id="1115" name="DoubleInteraction_DoesNotDuplicate" fullname="LastSignal.Tests.Inventory.InventoryIntegrationTests.DoubleInteraction_DoesNotDuplicate" methodname="DoubleInteraction_DoesNotDuplicate" classname="LastSignal.Tests.Inventory.InventoryIntegrationTests" runstate="Runnable" seed="1631224648" result="Passed" start-time="2026-09-21 18:18:32Z" end-time="2026-09-21 18:18:32Z" duration="0.001571" asserts="0">
                <properties>
                  <property name="_JOINTYPE" value="UnityCombinatorial" />
                  <property name="retryIteration" value="0" />
                  <property name="repeatIteration" value="0" />
                </properties>
              </test-case>
              <test-case id="1116" name="Drop_RecreatesWorldItem_AndDecrementsInventory" fullname="LastSignal.Tests.Inventory.InventoryIntegrationTests.Drop_RecreatesWorldItem_AndDecrementsInventory" methodname="Drop_RecreatesWorldItem_AndDecrementsInventory" classname="LastSignal.Tests.Inventory.InventoryIntegrationTests" runstate="Runnable" seed="760705682" result="Passed" start-time="2026-09-21 18:18:32Z" end-time="2026-09-21 18:18:32Z" duration="0.001179" asserts="0">
                <properties>
                  <property name="_JOINTYPE" value="UnityCombinatorial" />
                  <property name="retryIteration" value="0" />
                  <property name="repeatIteration" value="0" />
                </properties>
              </test-case>
              <test-case id="1114" name="Pickup_Full_DestroysWorldItem" fullname="LastSignal.Tests.Inventory.InventoryIntegrationTests.Pickup_Full_DestroysWorldItem" methodname="Pickup_Full_DestroysWorldItem" classname="LastSignal.Tests.Inventory.InventoryIntegrationTests" runstate="Runnable" seed="1840644360" result="Passed" start-time="2026-09-21 18:18:32Z" end-time="2026-09-21 18:18:32Z" duration="0.000809" asserts="0">
                <properties>
                  <property name="_JOINTYPE" value="UnityCombinatorial" />
                  <property name="retryIteration" value="0" />
                  <property name="repeatIteration" value="0" />
                </properties>
              </test-case>
              <test-case id="1113" name="Pickup_Partial_LeavesRemainderInWorld" fullname="LastSignal.Tests.Inventory.InventoryIntegrationTests.Pickup_Partial_LeavesRemainderInWorld" methodname="Pickup_Partial_LeavesRemainderInWorld" classname="LastSignal.Tests.Inventory.InventoryIntegrationTests" runstate="Runnable" seed="1793105809" result="Passed" start-time="2026-09-21 18:18:32Z" end-time="2026-09-21 18:18:32Z" duration="0.000818" asserts="0">
                <properties>
                  <property name="_JOINTYPE" value="UnityCombinatorial" />
                  <property name="retryIteration" value="0" />
                  <property name="repeatIteration" value="0" />
                </properties>
              </test-case>
              <test-case id="1117" name="SessionReset_CleansInventoryState" fullname="LastSignal.Tests.Inventory.InventoryIntegrationTests.SessionReset_CleansInventoryState" methodname="SessionReset_CleansInventoryState" classname="LastSignal.Tests.Inventory.InventoryIntegrationTests" runstate="Runnable" seed="283851175" result="Passed" start-time="2026-09-21 18:18:32Z" end-time="2026-09-21 18:18:32Z" duration="0.000770" asserts="0">
                <properties>
                  <property name="_JOINTYPE" value="UnityCombinatorial" />
                  <property name="retryIteration" value="0" />
                  <property name="repeatIteration" value="0" />
                </properties>
              </test-case>
            </test-suite>
          </test-suite>
          <test-suite type="TestFixture" id="1015" name="LootCompatibilityTests" fullname="LastSignal.Tests.LootCompatibilityTests" classname="LastSignal.Tests.LootCompatibilityTests" runstate="Runnable" testcasecount="2" result="Passed" start-time="2026-09-21 18:18:32Z" end-time="2026-09-21 18:18:32Z" duration="0.010564" total="2" passed="2" failed="0" inconclusive="0" skipped="0" asserts="0">
            <properties />
            <test-case id="1017" name="RebindingSlotDoesNotDoubleInvokeClick" fullname="LastSignal.Tests.LootCompatibilityTests.RebindingSlotDoesNotDoubleInvokeClick" methodname="RebindingSlotDoesNotDoubleInvokeClick" classname="LastSignal.Tests.LootCompatibilityTests" runstate="Runnable" seed="1645705303" result="Passed" start-time="2026-09-21 18:18:32Z" end-time="2026-09-21 18:18:32Z" duration="0.001569" asserts="0">
              <properties>
                <property name="_JOINTYPE" value="UnityCombinatorial" />
                <property name="retryIteration" value="0" />
                <property name="repeatIteration" value="0" />
              </properties>
            </test-case>
            <test-case id="1016" name="SeedItemsHaveVisibleWorldRepresentation" fullname="LastSignal.Tests.LootCompatibilityTests.SeedItemsHaveVisibleWorldRepresentation" methodname="SeedItemsHaveVisibleWorldRepresentation" classname="LastSignal.Tests.LootCompatibilityTests" runstate="Runnable" seed="218639847" result="Passed" start-time="2026-09-21 18:18:32Z" end-time="2026-09-21 18:18:32Z" duration="0.008296" asserts="0">
              <properties>
                <property name="retryIteration" value="0" />
                <property name="repeatIteration" value="0" />
              </properties>
            </test-case>
          </test-suite>
          <test-suite type="TestFixture" id="1018" name="LootPopulationTests" fullname="LastSignal.Tests.LootPopulationTests" classname="LastSignal.Tests.LootPopulationTests" runstate="Runnable" testcasecount="9" result="Passed" start-time="2026-09-21 18:18:32Z" end-time="2026-09-21 18:18:32Z" duration="0.036327" total="9" passed="9" failed="0" inconclusive="0" skipped="0" asserts="0">
            <properties />
            <test-case id="1022" name="DuplicateIdsRejectAllCopies" fullname="LastSignal.Tests.LootPopulationTests.DuplicateIdsRejectAllCopies" methodname="DuplicateIdsRejectAllCopies" classname="LastSignal.Tests.LootPopulationTests" runstate="Runnable" seed="261111132" result="Passed" start-time="2026-09-21 18:18:32Z" end-time="2026-09-21 18:18:32Z" duration="0.006767" asserts="0">
              <properties>
                <property name="_JOINTYPE" value="UnityCombinatorial" />
                <property name="retryIteration" value="0" />
                <property name="repeatIteration" value="0" />
              </properties>
              <output><![CDATA[S006 loot 'duplicate': Duplicate point ID; all matching points rejected.
S006 loot 'duplicate': Duplicate point ID; all matching points rejected.
S006 loot seed=1 resolved=2 generated=0
]]></output>
            </test-case>
            <test-case id="1020" name="EmptyRemainsResolved" fullname="LastSignal.Tests.LootPopulationTests.EmptyRemainsResolved" methodname="EmptyRemainsResolved" classname="LastSignal.Tests.LootPopulationTests" runstate="Runnable" seed="883804982" result="Passed" start-time="2026-09-21 18:18:32Z" end-time="2026-09-21 18:18:32Z" duration="0.001882" asserts="0">
              <properties>
                <property name="_JOINTYPE" value="UnityCombinatorial" />
                <property name="retryIteration" value="0" />
                <property name="repeatIteration" value="0" />
              </properties>
              <output><![CDATA[S006 loot seed=1 resolved=1 generated=0
]]></output>
            </test-case>
            <test-case id="1019" name="ExactlyOncePartialFullDropAndNewCycle" fullname="LastSignal.Tests.LootPopulationTests.ExactlyOncePartialFullDropAndNewCycle" methodname="ExactlyOncePartialFullDropAndNewCycle" classname="LastSignal.Tests.LootPopulationTests" runstate="Runnable" seed="204241199" result="Passed" start-time="2026-09-21 18:18:32Z" end-time="2026-09-21 18:18:32Z" duration="0.002864" asserts="0">
              <properties>
                <property name="_JOINTYPE" value="UnityCombinatorial" />
                <property name="retryIteration" value="0" />
                <property name="repeatIteration" value="0" />
              </properties>
              <output><![CDATA[S006 loot seed=123 resolved=1 generated=1
S006 loot seed=123 resolved=1 generated=1
]]></output>
            </test-case>
            <test-case id="1026" name="ForeignSceneNotPopulated" fullname="LastSignal.Tests.LootPopulationTests.ForeignSceneNotPopulated" methodname="ForeignSceneNotPopulated" classname="LastSignal.Tests.LootPopulationTests" runstate="Runnable" seed="367918663" result="Passed" start-time="2026-09-21 18:18:32Z" end-time="2026-09-21 18:18:32Z" duration="0.001886" asserts="0">
              <properties>
                <property name="_JOINTYPE" value="UnityCombinatorial" />
                <property name="retryIteration" value="0" />
                <property name="repeatIteration" value="0" />
              </properties>
              <output><![CDATA[S006 loot seed=1 resolved=1 generated=1
]]></output>
            </test-case>
            <test-case id="1021" name="InvalidPointDoesNotPreventValidPoint" fullname="LastSignal.Tests.LootPopulationTests.InvalidPointDoesNotPreventValidPoint" methodname="InvalidPointDoesNotPreventValidPoint" classname="LastSignal.Tests.LootPopulationTests" runstate="Runnable" seed="1448297793" result="Passed" start-time="2026-09-21 18:18:32Z" end-time="2026-09-21 18:18:32Z" duration="0.003669" asserts="0">
              <properties>
                <property name="_JOINTYPE" value="UnityCombinatorial" />
                <property name="retryIteration" value="0" />
                <property name="repeatIteration" value="0" />
              </properties>
              <output><![CDATA[S006 loot 'bad': Missing loot profile.
S006 loot seed=1 resolved=2 generated=1
]]></output>
            </test-case>
            <test-case id="1023" name="OverlapResolvesInStableIdOrder" fullname="LastSignal.Tests.LootPopulationTests.OverlapResolvesInStableIdOrder" methodname="OverlapResolvesInStableIdOrder" classname="LastSignal.Tests.LootPopulationTests" runstate="Runnable" seed="1131888256" result="Passed" start-time="2026-09-21 18:18:32Z" end-time="2026-09-21 18:18:32Z" duration="0.002029" asserts="0">
              <properties>
                <property name="_JOINTYPE" value="UnityCombinatorial" />
                <property name="retryIteration" value="0" />
                <property name="repeatIteration" value="0" />
              </properties>
              <output><![CDATA[S006 loot 'b': Clearance overlaps solid geometry or existing loot.
S006 loot seed=1 resolved=2 generated=1
]]></output>
            </test-case>
            <test-case id="1025" name="PlayerSpawnExcluded" fullname="LastSignal.Tests.LootPopulationTests.PlayerSpawnExcluded" methodname="PlayerSpawnExcluded" classname="LastSignal.Tests.LootPopulationTests" runstate="Runnable" seed="1906812955" result="Passed" start-time="2026-09-21 18:18:32Z" end-time="2026-09-21 18:18:32Z" duration="0.001947" asserts="0">
              <properties>
                <property name="_JOINTYPE" value="UnityCombinatorial" />
                <property name="retryIteration" value="0" />
                <property name="repeatIteration" value="0" />
              </properties>
              <output><![CDATA[S006 loot 'player': Clearance overlaps solid geometry or existing loot.
S006 loot seed=1 resolved=1 generated=0
]]></output>
            </test-case>
            <test-case id="1027" name="TenCyclesReproduceAndClean" fullname="LastSignal.Tests.LootPopulationTests.TenCyclesReproduceAndClean" methodname="TenCyclesReproduceAndClean" classname="LastSignal.Tests.LootPopulationTests" runstate="Runnable" seed="1903007386" result="Passed" start-time="2026-09-21 18:18:32Z" end-time="2026-09-21 18:18:32Z" duration="0.011356" asserts="0">
              <properties>
                <property name="_JOINTYPE" value="UnityCombinatorial" />
                <property name="retryIteration" value="0" />
                <property name="repeatIteration" value="0" />
              </properties>
              <output><![CDATA[S006 loot seed=12345 resolved=25 generated=18
S006 loot seed=12345 resolved=25 generated=18
S006 loot seed=12345 resolved=25 generated=18
S006 loot seed=12345 resolved=25 generated=18
S006 loot seed=12345 resolved=25 generated=18
S006 loot seed=12345 resolved=25 generated=18
S006 loot seed=12345 resolved=25 generated=18
S006 loot seed=12345 resolved=25 generated=18
S006 loot seed=12345 resolved=25 generated=18
S006 loot seed=12345 resolved=25 generated=18
]]></output>
            </test-case>
            <test-case id="1024" name="UnsupportedPlacementFailsWithoutRetry" fullname="LastSignal.Tests.LootPopulationTests.UnsupportedPlacementFailsWithoutRetry" methodname="UnsupportedPlacementFailsWithoutRetry" classname="LastSignal.Tests.LootPopulationTests" runstate="Runnable" seed="1161037006" result="Passed" start-time="2026-09-21 18:18:32Z" end-time="2026-09-21 18:18:32Z" duration="0.002324" asserts="0">
              <properties>
                <property name="_JOINTYPE" value="UnityCombinatorial" />
                <property name="retryIteration" value="0" />
                <property name="repeatIteration" value="0" />
              </properties>
              <output><![CDATA[S006 loot 'floating': Missing flat support at authored height (2 cm tolerance).
S006 loot 'wall': Clearance overlaps solid geometry or existing loot.
S006 loot seed=1 resolved=2 generated=0
]]></output>
            </test-case>
          </test-suite>
          <test-suite type="TestFixture" id="1028" name="MovementAcceptanceTests" fullname="LastSignal.Tests.MovementAcceptanceTests" classname="LastSignal.Tests.MovementAcceptanceTests" runstate="Runnable" testcasecount="16" result="Passed" start-time="2026-09-21 18:18:32Z" end-time="2026-09-21 18:19:01Z" duration="28.356607" total="16" passed="16" failed="0" inconclusive="0" skipped="0" asserts="0">
            <properties />
            <test-case id="1035" name="CeilingRejectsStandThenAllowsNewRequestWithoutFootDrift" fullname="LastSignal.Tests.MovementAcceptanceTests.CeilingRejectsStandThenAllowsNewRequestWithoutFootDrift" methodname="CeilingRejectsStandThenAllowsNewRequestWithoutFootDrift" classname="LastSignal.Tests.MovementAcceptanceTests" runstate="Runnable" seed="1576866969" result="Passed" start-time="2026-09-21 18:18:32Z" end-time="2026-09-21 18:18:32Z" duration="0.006422" asserts="0">
              <properties>
                <property name="retryIteration" value="0" />
                <property name="repeatIteration" value="0" />
              </properties>
            </test-case>
            <test-case id="1041" name="DoorOpensClosesAndStopsForObstruction" fullname="LastSignal.Tests.MovementAcceptanceTests.DoorOpensClosesAndStopsForObstruction" methodname="DoorOpensClosesAndStopsForObstruction" classname="LastSignal.Tests.MovementAcceptanceTests" runstate="Runnable" seed="1065226322" result="Passed" start-time="2026-09-21 18:18:32Z" end-time="2026-09-21 18:18:36Z" duration="4.006035" asserts="0">
              <properties>
                <property name="_JOINTYPE" value="UnityCombinatorial" />
                <property name="retryIteration" value="0" />
                <property name="repeatIteration" value="0" />
              </properties>
            </test-case>
            <test-case id="1040" name="InteractionRevalidatesRangeOcclusionDisabledAndDestroyedTargets" fullname="LastSignal.Tests.MovementAcceptanceTests.InteractionRevalidatesRangeOcclusionDisabledAndDestroyedTargets" methodname="InteractionRevalidatesRangeOcclusionDisabledAndDestroyedTargets" classname="LastSignal.Tests.MovementAcceptanceTests" runstate="Runnable" seed="298498673" result="Passed" start-time="2026-09-21 18:18:36Z" end-time="2026-09-21 18:18:36Z" duration="0.007365" asserts="0">
              <properties>
                <property name="_JOINTYPE" value="UnityCombinatorial" />
                <property name="retryIteration" value="0" />
                <property name="repeatIteration" value="0" />
              </properties>
            </test-case>
            <test-case id="1042" name="MouseAndCrouchActionsReachCameraAndCapsule" fullname="LastSignal.Tests.MovementAcceptanceTests.MouseAndCrouchActionsReachCameraAndCapsule" methodname="MouseAndCrouchActionsReachCameraAndCapsule" classname="LastSignal.Tests.MovementAcceptanceTests" runstate="Runnable" seed="1388379583" result="Passed" start-time="2026-09-21 18:18:36Z" end-time="2026-09-21 18:18:36Z" duration="0.008854" asserts="0">
              <properties>
                <property name="_JOINTYPE" value="UnityCombinatorial" />
                <property name="retryIteration" value="0" />
                <property name="repeatIteration" value="0" />
              </properties>
            </test-case>
            <test-case id="1043" name="PauseFocusAndHeldKeyReturnNeverLeakGameplay" fullname="LastSignal.Tests.MovementAcceptanceTests.PauseFocusAndHeldKeyReturnNeverLeakGameplay" methodname="PauseFocusAndHeldKeyReturnNeverLeakGameplay" classname="LastSignal.Tests.MovementAcceptanceTests" runstate="Runnable" seed="1001257247" result="Passed" start-time="2026-09-21 18:18:36Z" end-time="2026-09-21 18:18:36Z" duration="0.011153" asserts="0">
              <properties>
                <property name="_JOINTYPE" value="UnityCombinatorial" />
                <property name="retryIteration" value="0" />
                <property name="repeatIteration" value="0" />
              </properties>
            </test-case>
            <test-case id="1034" name="PitchClampsInBothDirections" fullname="LastSignal.Tests.MovementAcceptanceTests.PitchClampsInBothDirections" methodname="PitchClampsInBothDirections" classname="LastSignal.Tests.MovementAcceptanceTests" runstate="Runnable" seed="664293639" result="Passed" start-time="2026-09-21 18:18:36Z" end-time="2026-09-21 18:18:36Z" duration="0.004054" asserts="0">
              <properties>
                <property name="retryIteration" value="0" />
                <property name="repeatIteration" value="0" />
              </properties>
            </test-case>
            <test-suite type="ParameterizedMethod" id="1039" name="SlopeLimitAcceptsGentleAndRejectsSteep" fullname="LastSignal.Tests.MovementAcceptanceTests.SlopeLimitAcceptsGentleAndRejectsSteep" classname="LastSignal.Tests.MovementAcceptanceTests" runstate="Runnable" testcasecount="2" result="Passed" start-time="2026-09-21 18:18:36Z" end-time="2026-09-21 18:18:36Z" duration="0.008629" total="2" passed="2" failed="0" inconclusive="0" skipped="0" asserts="0">
              <properties />
              <test-case id="1037" name="SlopeLimitAcceptsGentleAndRejectsSteep(30,True)" fullname="LastSignal.Tests.MovementAcceptanceTests.SlopeLimitAcceptsGentleAndRejectsSteep(30,True)" methodname="SlopeLimitAcceptsGentleAndRejectsSteep" classname="LastSignal.Tests.MovementAcceptanceTests" runstate="Runnable" seed="920995628" result="Passed" start-time="2026-09-21 18:18:36Z" end-time="2026-09-21 18:18:36Z" duration="0.004479" asserts="0">
                <properties>
                  <property name="retryIteration" value="0" />
                  <property name="repeatIteration" value="0" />
                </properties>
              </test-case>
              <test-case id="1038" name="SlopeLimitAcceptsGentleAndRejectsSteep(60,False)" fullname="LastSignal.Tests.MovementAcceptanceTests.SlopeLimitAcceptsGentleAndRejectsSteep(60,False)" methodname="SlopeLimitAcceptsGentleAndRejectsSteep" classname="LastSignal.Tests.MovementAcceptanceTests" runstate="Runnable" seed="1637228099" result="Passed" start-time="2026-09-21 18:18:36Z" end-time="2026-09-21 18:18:36Z" duration="0.003498" asserts="0">
                <properties>
                  <property name="retryIteration" value="0" />
                  <property name="repeatIteration" value="0" />
                </properties>
              </test-case>
            </test-suite>
            <test-case id="1036" name="StepsThresholdWallAndDropUseRealCollision" fullname="LastSignal.Tests.MovementAcceptanceTests.StepsThresholdWallAndDropUseRealCollision" methodname="StepsThresholdWallAndDropUseRealCollision" classname="LastSignal.Tests.MovementAcceptanceTests" runstate="Runnable" seed="1255930281" result="Passed" start-time="2026-09-21 18:18:36Z" end-time="2026-09-21 18:18:36Z" duration="0.005115" asserts="0">
              <properties>
                <property name="retryIteration" value="0" />
                <property name="repeatIteration" value="0" />
              </properties>
            </test-case>
            <test-case id="1044" name="TenEnableDisableCyclesHaveOneInputRequest" fullname="LastSignal.Tests.MovementAcceptanceTests.TenEnableDisableCyclesHaveOneInputRequest" methodname="TenEnableDisableCyclesHaveOneInputRequest" classname="LastSignal.Tests.MovementAcceptanceTests" runstate="Runnable" seed="156729766" result="Passed" start-time="2026-09-21 18:18:36Z" end-time="2026-09-21 18:18:36Z" duration="0.011679" asserts="0">
              <properties>
                <property name="_JOINTYPE" value="UnityCombinatorial" />
                <property name="retryIteration" value="0" />
                <property name="repeatIteration" value="0" />
              </properties>
            </test-case>
            <test-suite type="ParameterizedMethod" id="1032" name="WalkingDistanceAndDiagonalCapAreFrameIndependent" fullname="LastSignal.Tests.MovementAcceptanceTests.WalkingDistanceAndDiagonalCapAreFrameIndependent" classname="LastSignal.Tests.MovementAcceptanceTests" runstate="Runnable" testcasecount="3" result="Passed" start-time="2026-09-21 18:18:36Z" end-time="2026-09-21 18:18:36Z" duration="0.013625" total="3" passed="3" failed="0" inconclusive="0" skipped="0" asserts="0">
              <properties />
              <test-case id="1029" name="WalkingDistanceAndDiagonalCapAreFrameIndependent(30)" fullname="LastSignal.Tests.MovementAcceptanceTests.WalkingDistanceAndDiagonalCapAreFrameIndependent(30)" methodname="WalkingDistanceAndDiagonalCapAreFrameIndependent" classname="LastSignal.Tests.MovementAcceptanceTests" runstate="Runnable" seed="373919412" result="Passed" start-time="2026-09-21 18:18:36Z" end-time="2026-09-21 18:18:36Z" duration="0.004896" asserts="0">
                <properties>
                  <property name="retryIteration" value="0" />
                  <property name="repeatIteration" value="0" />
                </properties>
              </test-case>
              <test-case id="1030" name="WalkingDistanceAndDiagonalCapAreFrameIndependent(60)" fullname="LastSignal.Tests.MovementAcceptanceTests.WalkingDistanceAndDiagonalCapAreFrameIndependent(60)" methodname="WalkingDistanceAndDiagonalCapAreFrameIndependent" classname="LastSignal.Tests.MovementAcceptanceTests" runstate="Runnable" seed="1328543641" result="Passed" start-time="2026-09-21 18:18:36Z" end-time="2026-09-21 18:18:36Z" duration="0.003947" asserts="0">
                <properties>
                  <property name="retryIteration" value="0" />
                  <property name="repeatIteration" value="0" />
                </properties>
              </test-case>
              <test-case id="1031" name="WalkingDistanceAndDiagonalCapAreFrameIndependent(120)" fullname="LastSignal.Tests.MovementAcceptanceTests.WalkingDistanceAndDiagonalCapAreFrameIndependent(120)" methodname="WalkingDistanceAndDiagonalCapAreFrameIndependent" classname="LastSignal.Tests.MovementAcceptanceTests" runstate="Runnable" seed="899947773" result="Passed" start-time="2026-09-21 18:18:36Z" end-time="2026-09-21 18:18:36Z" duration="0.004275" asserts="0">
                <properties>
                  <property name="retryIteration" value="0" />
                  <property name="repeatIteration" value="0" />
                </properties>
              </test-case>
            </test-suite>
            <test-case id="1033" name="YawSprintAndCrouchSpeedUseConfiguredPolicy" fullname="LastSignal.Tests.MovementAcceptanceTests.YawSprintAndCrouchSpeedUseConfiguredPolicy" methodname="YawSprintAndCrouchSpeedUseConfiguredPolicy" classname="LastSignal.Tests.MovementAcceptanceTests" runstate="Runnable" seed="431449200" result="Passed" start-time="2026-09-21 18:18:36Z" end-time="2026-09-21 18:18:36Z" duration="0.003861" asserts="0">
              <properties>
                <property name="retryIteration" value="0" />
                <property name="repeatIteration" value="0" />
              </properties>
            </test-case>
            <test-case id="1045" name="YIntegratedParkourUsesAuthoredGeometry" fullname="LastSignal.Tests.MovementAcceptanceTests.YIntegratedParkourUsesAuthoredGeometry" methodname="YIntegratedParkourUsesAuthoredGeometry" classname="LastSignal.Tests.MovementAcceptanceTests" runstate="Runnable" seed="1491990924" result="Passed" start-time="2026-09-21 18:18:36Z" end-time="2026-09-21 18:18:38Z" duration="1.532787" asserts="0">
              <properties>
                <property name="_JOINTYPE" value="UnityCombinatorial" />
                <property name="retryIteration" value="0" />
                <property name="repeatIteration" value="0" />
              </properties>
              <output><![CDATA[S001 session started: one player, local input.
S001_AUTHORED_PARKOUR PASS: steps, 30/60 slopes, corridor, tunnel/stand, deck/drop, threshold, occlusion.
]]></output>
            </test-case>
            <test-case id="1046" name="ZIntegratedSceneTenMenuSessionsDoNotRetainPlayerOrCallbacks" fullname="LastSignal.Tests.MovementAcceptanceTests.ZIntegratedSceneTenMenuSessionsDoNotRetainPlayerOrCallbacks" methodname="ZIntegratedSceneTenMenuSessionsDoNotRetainPlayerOrCallbacks" classname="LastSignal.Tests.MovementAcceptanceTests" runstate="Runnable" seed="796098656" result="Passed" start-time="2026-09-21 18:18:38Z" end-time="2026-09-21 18:19:01Z" duration="22.734196" asserts="0">
              <properties>
                <property name="_JOINTYPE" value="UnityCombinatorial" />
                <property name="retryIteration" value="0" />
                <property name="repeatIteration" value="0" />
              </properties>
              <output><![CDATA[S001 session started: one player, local input.
SESSION_INPUT cycle=0 key=True active=True move=(0.00, -1.00) before=(0.00, 0.02, 0.00) after=(0.00, 0.02, -0.64)
S001 session started: one player, local input.
SESSION_INPUT cycle=1 key=True active=True move=(0.00, -1.00) before=(0.00, 0.02, 0.00) after=(0.00, 0.02, -0.64)
S001 session started: one player, local input.
SESSION_INPUT cycle=2 key=True active=True move=(0.00, -1.00) before=(0.00, 0.02, 0.00) after=(0.00, 0.02, -0.64)
S001 session started: one player, local input.
SESSION_INPUT cycle=3 key=True active=True move=(0.00, -1.00) before=(0.00, 0.02, 0.00) after=(0.00, 0.02, -0.64)
S001 session started: one player, local input.
SESSION_INPUT cycle=4 key=True active=True move=(0.00, -1.00) before=(0.00, 0.02, 0.00) after=(0.00, 0.03, -0.64)
S001 session started: one player, local input.
SESSION_INPUT cycle=5 key=True active=True move=(0.00, -1.00) before=(0.00, 0.02, 0.00) after=(0.00, 0.02, -0.64)
S001 session started: one player, local input.
SESSION_INPUT cycle=6 key=True active=True move=(0.00, -1.00) before=(0.00, 0.02, 0.00) after=(0.00, 0.02, -0.64)
S001 session started: one player, local input.
SESSION_INPUT cycle=7 key=True active=True move=(0.00, -1.00) before=(0.00, 0.02, 0.00) after=(0.00, 0.02, -0.64)
S001 session started: one player, local input.
SESSION_INPUT cycle=8 key=True active=True move=(0.00, -1.00) before=(0.00, 0.02, 0.00) after=(0.00, 0.02, -0.64)
S001 session started: one player, local input.
SESSION_INPUT cycle=9 key=True active=True move=(0.00, -1.00) before=(0.00, 0.02, 0.00) after=(0.00, 0.02, -0.64)
]]></output>
            </test-case>
          </test-suite>
          <test-suite type="TestFixture" id="1047" name="PersistenceIntegrationTests" fullname="LastSignal.Tests.PersistenceIntegrationTests" classname="LastSignal.Tests.PersistenceIntegrationTests" runstate="Runnable" testcasecount="7" result="Passed" start-time="2026-09-21 18:19:01Z" end-time="2026-09-21 18:19:16Z" duration="15.663339" total="7" passed="7" failed="0" inconclusive="0" skipped="0" asserts="0">
            <properties />
            <test-case id="1049" name="CorruptFileNeverCreatesSessionOrChangesOriginal" fullname="LastSignal.Tests.PersistenceIntegrationTests.CorruptFileNeverCreatesSessionOrChangesOriginal" methodname="CorruptFileNeverCreatesSessionOrChangesOriginal" classname="LastSignal.Tests.PersistenceIntegrationTests" runstate="Runnable" seed="62425457" result="Passed" start-time="2026-09-21 18:19:01Z" end-time="2026-09-21 18:19:03Z" duration="2.212294" asserts="0">
              <properties>
                <property name="_JOINTYPE" value="UnityCombinatorial" />
                <property name="retryIteration" value="0" />
                <property name="repeatIteration" value="0" />
              </properties>
              <output><![CDATA[S006 loot seed=12345 resolved=20 generated=14
S001 session started: one player, local input.
]]></output>
            </test-case>
            <test-case id="1054" name="DisposedLoadCannotStrandRestoringSession" fullname="LastSignal.Tests.PersistenceIntegrationTests.DisposedLoadCannotStrandRestoringSession" methodname="DisposedLoadCannotStrandRestoringSession" classname="LastSignal.Tests.PersistenceIntegrationTests" runstate="Runnable" seed="132425286" result="Passed" start-time="2026-09-21 18:19:03Z" end-time="2026-09-21 18:19:04Z" duration="1.432503" asserts="0">
              <properties>
                <property name="_JOINTYPE" value="UnityCombinatorial" />
                <property name="retryIteration" value="0" />
                <property name="repeatIteration" value="0" />
              </properties>
              <output><![CDATA[S006 loot seed=12345 resolved=20 generated=14
S001 session started: one player, local input.
S001 session started: one player, local input.
S001 session started: one player, local input.
]]></output>
            </test-case>
            <test-case id="1051" name="HydrationObserverFailureReturnsToSafeMenuWithoutOverwritingSave" fullname="LastSignal.Tests.PersistenceIntegrationTests.HydrationObserverFailureReturnsToSafeMenuWithoutOverwritingSave" methodname="HydrationObserverFailureReturnsToSafeMenuWithoutOverwritingSave" classname="LastSignal.Tests.PersistenceIntegrationTests" runstate="Runnable" seed="874707483" result="Passed" start-time="2026-09-21 18:19:04Z" end-time="2026-09-21 18:19:06Z" duration="1.369398" asserts="0">
              <properties>
                <property name="_JOINTYPE" value="UnityCombinatorial" />
                <property name="retryIteration" value="0" />
                <property name="repeatIteration" value="0" />
              </properties>
              <output><![CDATA[S006 loot seed=12345 resolved=20 generated=14
S001 session started: one player, local input.
S001 session started: one player, local input.
]]></output>
            </test-case>
            <test-case id="1053" name="MissingGeneratedObjectIsNotMistakenForConsumption" fullname="LastSignal.Tests.PersistenceIntegrationTests.MissingGeneratedObjectIsNotMistakenForConsumption" methodname="MissingGeneratedObjectIsNotMistakenForConsumption" classname="LastSignal.Tests.PersistenceIntegrationTests" runstate="Runnable" seed="1737131994" result="Passed" start-time="2026-09-21 18:19:06Z" end-time="2026-09-21 18:19:07Z" duration="1.362872" asserts="0">
              <properties>
                <property name="_JOINTYPE" value="UnityCombinatorial" />
                <property name="retryIteration" value="0" />
                <property name="repeatIteration" value="0" />
              </properties>
              <output><![CDATA[S006 loot seed=12345 resolved=20 generated=14
S001 session started: one player, local input.
]]></output>
            </test-case>
            <test-case id="1048" name="RealSavedLootRouteThreeCleanSessionsConserveAllOwners" fullname="LastSignal.Tests.PersistenceIntegrationTests.RealSavedLootRouteThreeCleanSessionsConserveAllOwners" methodname="RealSavedLootRouteThreeCleanSessionsConserveAllOwners" classname="LastSignal.Tests.PersistenceIntegrationTests" runstate="Runnable" seed="469651927" result="Passed" start-time="2026-09-21 18:19:07Z" end-time="2026-09-21 18:19:14Z" duration="6.529809" asserts="0">
              <properties>
                <property name="_JOINTYPE" value="UnityCombinatorial" />
                <property name="retryIteration" value="0" />
                <property name="repeatIteration" value="0" />
              </properties>
              <output><![CDATA[S006 loot seed=12345 resolved=20 generated=14
S001 session started: one player, local input.
S001 session started: one player, local input.
cycle=0 PASS totals/slots/stash/magazine/door/player/partial/drop/tombstone/dead enemy
S001 session started: one player, local input.
cycle=1 PASS totals/slots/stash/magazine/door/player/partial/drop/tombstone/dead enemy
S001 session started: one player, local input.
cycle=2 PASS totals/slots/stash/magazine/door/player/partial/drop/tombstone/dead enemy
captureMs=0.6062 validatedWriteMs=1.6525 validatedReadMs=0.5042 hydrateMs=0.4128; scene-level automated fixture, not human traversal
]]></output>
            </test-case>
            <test-case id="1052" name="RepeatedLoadWhilePlayingIsRejectedWithoutMutation" fullname="LastSignal.Tests.PersistenceIntegrationTests.RepeatedLoadWhilePlayingIsRejectedWithoutMutation" methodname="RepeatedLoadWhilePlayingIsRejectedWithoutMutation" classname="LastSignal.Tests.PersistenceIntegrationTests" runstate="Runnable" seed="119124484" result="Passed" start-time="2026-09-21 18:19:14Z" end-time="2026-09-21 18:19:15Z" duration="1.394700" asserts="0">
              <properties>
                <property name="_JOINTYPE" value="UnityCombinatorial" />
                <property name="retryIteration" value="0" />
                <property name="repeatIteration" value="0" />
              </properties>
              <output><![CDATA[S006 loot seed=12345 resolved=20 generated=14
S001 session started: one player, local input.
]]></output>
            </test-case>
            <test-case id="1050" name="StaleHydrationCannotMutateReplacementSession" fullname="LastSignal.Tests.PersistenceIntegrationTests.StaleHydrationCannotMutateReplacementSession" methodname="StaleHydrationCannotMutateReplacementSession" classname="LastSignal.Tests.PersistenceIntegrationTests" runstate="Runnable" seed="139290236" result="Passed" start-time="2026-09-21 18:19:15Z" end-time="2026-09-21 18:19:16Z" duration="1.359621" asserts="0">
              <properties>
                <property name="_JOINTYPE" value="UnityCombinatorial" />
                <property name="retryIteration" value="0" />
                <property name="repeatIteration" value="0" />
              </properties>
              <output><![CDATA[S006 loot seed=12345 resolved=20 generated=14
S001 session started: one player, local input.
S001 session started: one player, local input.
S006 loot seed=12345 resolved=20 generated=14
S001 session started: one player, local input.
]]></output>
            </test-case>
          </test-suite>
          <test-suite type="TestFixture" id="1055" name="RuntimeSmokeTests" fullname="LastSignal.Tests.RuntimeSmokeTests" classname="LastSignal.Tests.RuntimeSmokeTests" runstate="Runnable" testcasecount="1" result="Passed" start-time="2026-09-21 18:19:16Z" end-time="2026-09-21 18:19:27Z" duration="10.074463" total="1" passed="1" failed="0" inconclusive="0" skipped="0" asserts="0">
            <properties />
            <test-case id="1056" name="SmokeTest_ThreeSessionCycles" fullname="LastSignal.Tests.RuntimeSmokeTests.SmokeTest_ThreeSessionCycles" methodname="SmokeTest_ThreeSessionCycles" classname="LastSignal.Tests.RuntimeSmokeTests" runstate="Runnable" seed="1087740646" result="Passed" start-time="2026-09-21 18:19:16Z" end-time="2026-09-21 18:19:27Z" duration="10.073016" asserts="0">
              <properties>
                <property name="_JOINTYPE" value="UnityCombinatorial" />
                <property name="retryIteration" value="0" />
                <property name="repeatIteration" value="0" />
              </properties>
              <output><![CDATA[S001 session started: one player, local input.
S001 session started: one player, local input.
S001 session started: one player, local input.
]]></output>
            </test-case>
          </test-suite>
          <test-suite type="TestFixture" id="1057" name="ShelterIntegrationTests" fullname="LastSignal.Tests.ShelterIntegrationTests" classname="LastSignal.Tests.ShelterIntegrationTests" runstate="Runnable" testcasecount="8" result="Passed" start-time="2026-09-21 18:19:27Z" end-time="2026-09-21 18:19:47Z" duration="20.958833" total="8" passed="8" failed="0" inconclusive="0" skipped="0" asserts="0">
            <properties />
            <test-case id="1060" name="DeathAndMenuFromPreparationReleasePresentationAndSessionBIsFresh" fullname="LastSignal.Tests.ShelterIntegrationTests.DeathAndMenuFromPreparationReleasePresentationAndSessionBIsFresh" methodname="DeathAndMenuFromPreparationReleasePresentationAndSessionBIsFresh" classname="LastSignal.Tests.ShelterIntegrationTests" runstate="Runnable" seed="398748" result="Passed" start-time="2026-09-21 18:19:27Z" end-time="2026-09-21 18:19:29Z" duration="2.582788" asserts="0">
              <properties>
                <property name="_JOINTYPE" value="UnityCombinatorial" />
                <property name="retryIteration" value="0" />
                <property name="repeatIteration" value="0" />
              </properties>
              <output><![CDATA[S006 loot seed=12345 resolved=20 generated=14
S001 session started: one player, local input.
S006 loot seed=12345 resolved=20 generated=14
S001 session started: one player, local input.
]]></output>
            </test-case>
            <test-case id="1064" name="DisabledPreparationClosesAndBlockedDoorwayRejectsWithoutMutation" fullname="LastSignal.Tests.ShelterIntegrationTests.DisabledPreparationClosesAndBlockedDoorwayRejectsWithoutMutation" methodname="DisabledPreparationClosesAndBlockedDoorwayRejectsWithoutMutation" classname="LastSignal.Tests.ShelterIntegrationTests" runstate="Runnable" seed="786094015" result="Passed" start-time="2026-09-21 18:19:29Z" end-time="2026-09-21 18:19:30Z" duration="1.265657" asserts="0">
              <properties>
                <property name="_JOINTYPE" value="UnityCombinatorial" />
                <property name="retryIteration" value="0" />
                <property name="repeatIteration" value="0" />
              </properties>
              <output><![CDATA[S006 loot seed=12345 resolved=20 generated=14
S001 session started: one player, local input.
]]></output>
            </test-case>
            <test-case id="1061" name="PartialWorldAndDroppedItemsRemainAcrossReturn" fullname="LastSignal.Tests.ShelterIntegrationTests.PartialWorldAndDroppedItemsRemainAcrossReturn" methodname="PartialWorldAndDroppedItemsRemainAcrossReturn" classname="LastSignal.Tests.ShelterIntegrationTests" runstate="Runnable" seed="1668527344" result="Passed" start-time="2026-09-21 18:19:30Z" end-time="2026-09-21 18:19:32Z" duration="1.249929" asserts="0">
              <properties>
                <property name="_JOINTYPE" value="UnityCombinatorial" />
                <property name="retryIteration" value="0" />
                <property name="repeatIteration" value="0" />
              </properties>
              <output><![CDATA[S006 loot seed=12345 resolved=20 generated=14
S001 session started: one player, local input.
]]></output>
            </test-case>
            <test-case id="1058" name="ProductionTwoExpeditionsPreserveWorldStorageAndAmmo" fullname="LastSignal.Tests.ShelterIntegrationTests.ProductionTwoExpeditionsPreserveWorldStorageAndAmmo" methodname="ProductionTwoExpeditionsPreserveWorldStorageAndAmmo" classname="LastSignal.Tests.ShelterIntegrationTests" runstate="Runnable" seed="365955112" result="Passed" start-time="2026-09-21 18:19:32Z" end-time="2026-09-21 18:19:36Z" duration="3.960396" asserts="0">
              <properties>
                <property name="_JOINTYPE" value="UnityCombinatorial" />
                <property name="retryIteration" value="0" />
                <property name="repeatIteration" value="0" />
              </properties>
              <output><![CDATA[S006 loot seed=12345 resolved=20 generated=14
S001 session started: one player, local input.
S006 loot seed=12345 resolved=20 generated=14
S001 session started: one player, local input.
]]></output>
            </test-case>
            <test-case id="1062" name="ReturnDuringReloadBeforeAndAfterCommitPreservesExistingTiming" fullname="LastSignal.Tests.ShelterIntegrationTests.ReturnDuringReloadBeforeAndAfterCommitPreservesExistingTiming" methodname="ReturnDuringReloadBeforeAndAfterCommitPreservesExistingTiming" classname="LastSignal.Tests.ShelterIntegrationTests" runstate="Runnable" seed="1048953306" result="Passed" start-time="2026-09-21 18:19:36Z" end-time="2026-09-21 18:19:44Z" duration="8.014097" asserts="0">
              <properties>
                <property name="_JOINTYPE" value="UnityCombinatorial" />
                <property name="retryIteration" value="0" />
                <property name="repeatIteration" value="0" />
              </properties>
              <output><![CDATA[S006 loot seed=12345 resolved=20 generated=14
S001 session started: one player, local input.
]]></output>
            </test-case>
            <test-case id="1063" name="TenExpeditionSoakConservesIdentityAndMeasuresTransitions" fullname="LastSignal.Tests.ShelterIntegrationTests.TenExpeditionSoakConservesIdentityAndMeasuresTransitions" methodname="TenExpeditionSoakConservesIdentityAndMeasuresTransitions" classname="LastSignal.Tests.ShelterIntegrationTests" runstate="Runnable" seed="1200746390" result="Passed" start-time="2026-09-21 18:19:44Z" end-time="2026-09-21 18:19:45Z" duration="1.321525" asserts="0">
              <properties>
                <property name="_JOINTYPE" value="UnityCombinatorial" />
                <property name="retryIteration" value="0" />
                <property name="repeatIteration" value="0" />
              </properties>
              <output><![CDATA[S006 loot seed=12345 resolved=20 generated=14
S001 session started: one player, local input.
]]></output>
            </test-case>
            <test-case id="1059" name="TenOpenCloseCyclesOneClickOneTransferAndInputOwnership" fullname="LastSignal.Tests.ShelterIntegrationTests.TenOpenCloseCyclesOneClickOneTransferAndInputOwnership" methodname="TenOpenCloseCyclesOneClickOneTransferAndInputOwnership" classname="LastSignal.Tests.ShelterIntegrationTests" runstate="Runnable" seed="157986744" result="Passed" start-time="2026-09-21 18:19:45Z" end-time="2026-09-21 18:19:46Z" duration="1.303369" asserts="0">
              <properties>
                <property name="_JOINTYPE" value="UnityCombinatorial" />
                <property name="retryIteration" value="0" />
                <property name="repeatIteration" value="0" />
              </properties>
              <output><![CDATA[S006 loot seed=12345 resolved=20 generated=14
S001 session started: one player, local input.
]]></output>
            </test-case>
            <test-case id="1065" name="WarmedDomainPresentationAndTransitionMeasurements" fullname="LastSignal.Tests.ShelterIntegrationTests.WarmedDomainPresentationAndTransitionMeasurements" methodname="WarmedDomainPresentationAndTransitionMeasurements" classname="LastSignal.Tests.ShelterIntegrationTests" runstate="Runnable" seed="622151405" result="Passed" start-time="2026-09-21 18:19:46Z" end-time="2026-09-21 18:19:47Z" duration="1.258989" asserts="0">
              <properties>
                <property name="_JOINTYPE" value="UnityCombinatorial" />
                <property name="retryIteration" value="0" />
                <property name="repeatIteration" value="0" />
              </properties>
              <output><![CDATA[S006 loot seed=12345 resolved=20 generated=14
S001 session started: one player, local input.
]]></output>
            </test-case>
          </test-suite>
          <test-suite type="TestFixture" id="1066" name="ZombieBehaviorTests" fullname="LastSignal.Tests.ZombieBehaviorTests" classname="LastSignal.Tests.ZombieBehaviorTests" runstate="Runnable" testcasecount="4" result="Passed" start-time="2026-09-21 18:19:47Z" end-time="2026-09-21 18:20:07Z" duration="19.907350" total="4" passed="4" failed="0" inconclusive="0" skipped="0" asserts="0">
            <properties />
            <test-case id="1067" name="FovAcquisitionWallMemorySearchAndReacquisition" fullname="LastSignal.Tests.ZombieBehaviorTests.FovAcquisitionWallMemorySearchAndReacquisition" methodname="FovAcquisitionWallMemorySearchAndReacquisition" classname="LastSignal.Tests.ZombieBehaviorTests" runstate="Runnable" seed="2132638193" result="Passed" start-time="2026-09-21 18:19:47Z" end-time="2026-09-21 18:19:50Z" duration="2.451879" asserts="0">
              <properties>
                <property name="_JOINTYPE" value="UnityCombinatorial" />
                <property name="retryIteration" value="0" />
                <property name="repeatIteration" value="0" />
              </properties>
              <output><![CDATA[S001 session started: one player, local input.
]]></output>
            </test-case>
            <test-case id="1068" name="InitiallyOccludedPlayerIsNotAcquiredAndSearchExpires" fullname="LastSignal.Tests.ZombieBehaviorTests.InitiallyOccludedPlayerIsNotAcquiredAndSearchExpires" methodname="InitiallyOccludedPlayerIsNotAcquiredAndSearchExpires" classname="LastSignal.Tests.ZombieBehaviorTests" runstate="Runnable" seed="1889650166" result="Passed" start-time="2026-09-21 18:19:50Z" end-time="2026-09-21 18:20:04Z" duration="13.986658" asserts="0">
              <properties>
                <property name="_JOINTYPE" value="UnityCombinatorial" />
                <property name="retryIteration" value="0" />
                <property name="repeatIteration" value="0" />
              </properties>
              <output><![CDATA[S001 session started: one player, local input.
]]></output>
            </test-case>
            <test-case id="1069" name="PauseFreezesMotionKnowledgeAndTimersThenDestroyedTargetClears" fullname="LastSignal.Tests.ZombieBehaviorTests.PauseFreezesMotionKnowledgeAndTimersThenDestroyedTargetClears" methodname="PauseFreezesMotionKnowledgeAndTimersThenDestroyedTargetClears" classname="LastSignal.Tests.ZombieBehaviorTests" runstate="Runnable" seed="1109966575" result="Passed" start-time="2026-09-21 18:20:04Z" end-time="2026-09-21 18:20:06Z" duration="1.907338" asserts="0">
              <properties>
                <property name="_JOINTYPE" value="UnityCombinatorial" />
                <property name="retryIteration" value="0" />
                <property name="repeatIteration" value="0" />
              </properties>
              <output><![CDATA[S001 session started: one player, local input.
]]></output>
            </test-case>
            <test-case id="1070" name="VisibleReacquisitionDoesNotWaitForExhaustedSearchTimeout" fullname="LastSignal.Tests.ZombieBehaviorTests.VisibleReacquisitionDoesNotWaitForExhaustedSearchTimeout" methodname="VisibleReacquisitionDoesNotWaitForExhaustedSearchTimeout" classname="LastSignal.Tests.ZombieBehaviorTests" runstate="Runnable" seed="2051575957" result="Passed" start-time="2026-09-21 18:20:06Z" end-time="2026-09-21 18:20:07Z" duration="1.560042" asserts="0">
              <properties>
                <property name="_JOINTYPE" value="UnityCombinatorial" />
                <property name="retryIteration" value="0" />
                <property name="repeatIteration" value="0" />
              </properties>
              <output><![CDATA[S001 session started: one player, local input.
]]></output>
            </test-case>
          </test-suite>
          <test-suite type="TestFixture" id="1071" name="ZombieDamagePlayTests" fullname="LastSignal.Tests.ZombieDamagePlayTests" classname="LastSignal.Tests.ZombieDamagePlayTests" runstate="Runnable" testcasecount="12" result="Passed" start-time="2026-09-21 18:20:07Z" end-time="2026-09-21 18:21:09Z" duration="61.663359" total="12" passed="12" failed="0" inconclusive="0" skipped="0" asserts="0">
            <properties />
            <test-case id="1072" name="ActualProductionRifleBodyHeadReactionAndDeath" fullname="LastSignal.Tests.ZombieDamagePlayTests.ActualProductionRifleBodyHeadReactionAndDeath" methodname="ActualProductionRifleBodyHeadReactionAndDeath" classname="LastSignal.Tests.ZombieDamagePlayTests" runstate="Runnable" seed="1696616372" result="Passed" start-time="2026-09-21 18:20:07Z" end-time="2026-09-21 18:20:14Z" duration="6.374495" asserts="0">
              <properties>
                <property name="_JOINTYPE" value="UnityCombinatorial" />
                <property name="retryIteration" value="0" />
                <property name="repeatIteration" value="0" />
              </properties>
              <output><![CDATA[S001 session started: one player, local input.
]]></output>
            </test-case>
            <test-case id="1078" name="FirstCompleteCombatLoopInNormalRoute" fullname="LastSignal.Tests.ZombieDamagePlayTests.FirstCompleteCombatLoopInNormalRoute" methodname="FirstCompleteCombatLoopInNormalRoute" classname="LastSignal.Tests.ZombieDamagePlayTests" runstate="Runnable" seed="969405303" result="Passed" start-time="2026-09-21 18:20:14Z" end-time="2026-09-21 18:20:22Z" duration="7.932928" asserts="0">
              <properties>
                <property name="_JOINTYPE" value="UnityCombinatorial" />
                <property name="retryIteration" value="0" />
                <property name="repeatIteration" value="0" />
              </properties>
              <output><![CDATA[S001 session started: one player, local input.
]]></output>
            </test-case>
            <test-case id="1081" name="HeadRegionFollowsIdleWalkAttackAndReactionPoses" fullname="LastSignal.Tests.ZombieDamagePlayTests.HeadRegionFollowsIdleWalkAttackAndReactionPoses" methodname="HeadRegionFollowsIdleWalkAttackAndReactionPoses" classname="LastSignal.Tests.ZombieDamagePlayTests" runstate="Runnable" seed="58255566" result="Passed" start-time="2026-09-21 18:20:22Z" end-time="2026-09-21 18:20:23Z" duration="1.459453" asserts="0">
              <properties>
                <property name="_JOINTYPE" value="UnityCombinatorial" />
                <property name="retryIteration" value="0" />
                <property name="repeatIteration" value="0" />
              </properties>
              <output><![CDATA[S001 session started: one player, local input.
]]></output>
            </test-case>
            <test-case id="1076" name="HiddenSearchKnowledgeIsNotRevealedByDamage" fullname="LastSignal.Tests.ZombieDamagePlayTests.HiddenSearchKnowledgeIsNotRevealedByDamage" methodname="HiddenSearchKnowledgeIsNotRevealedByDamage" classname="LastSignal.Tests.ZombieDamagePlayTests" runstate="Runnable" seed="450580706" result="Passed" start-time="2026-09-21 18:20:23Z" end-time="2026-09-21 18:20:25Z" duration="1.804074" asserts="0">
              <properties>
                <property name="_JOINTYPE" value="UnityCombinatorial" />
                <property name="retryIteration" value="0" />
                <property name="repeatIteration" value="0" />
              </properties>
              <output><![CDATA[S001 session started: one player, local input.
]]></output>
            </test-case>
            <test-case id="1073" name="LethalRifleDuringWindupCommitAndRecoveryCancelsOldStrike" fullname="LastSignal.Tests.ZombieDamagePlayTests.LethalRifleDuringWindupCommitAndRecoveryCancelsOldStrike" methodname="LethalRifleDuringWindupCommitAndRecoveryCancelsOldStrike" classname="LastSignal.Tests.ZombieDamagePlayTests" runstate="Runnable" seed="1464252663" result="Passed" start-time="2026-09-21 18:20:25Z" end-time="2026-09-21 18:20:37Z" duration="12.518877" asserts="0">
              <properties>
                <property name="_JOINTYPE" value="UnityCombinatorial" />
                <property name="retryIteration" value="0" />
                <property name="repeatIteration" value="0" />
              </properties>
              <output><![CDATA[S001 session started: one player, local input.
S001 session started: one player, local input.
S001 session started: one player, local input.
]]></output>
            </test-case>
            <test-case id="1082" name="NearMuzzleDamageableReceivesOneHitButWallStopsDistantDamage" fullname="LastSignal.Tests.ZombieDamagePlayTests.NearMuzzleDamageableReceivesOneHitButWallStopsDistantDamage" methodname="NearMuzzleDamageableReceivesOneHitButWallStopsDistantDamage" classname="LastSignal.Tests.ZombieDamagePlayTests" runstate="Runnable" seed="737863172" result="Passed" start-time="2026-09-21 18:20:37Z" end-time="2026-09-21 18:20:39Z" duration="1.492697" asserts="0">
              <properties>
                <property name="_JOINTYPE" value="UnityCombinatorial" />
                <property name="retryIteration" value="0" />
                <property name="repeatIteration" value="0" />
              </properties>
              <output><![CDATA[S001 session started: one player, local input.
]]></output>
            </test-case>
            <test-case id="1077" name="OverlapWrongColliderAndIndependentActorsHaveOneOwner" fullname="LastSignal.Tests.ZombieDamagePlayTests.OverlapWrongColliderAndIndependentActorsHaveOneOwner" methodname="OverlapWrongColliderAndIndependentActorsHaveOneOwner" classname="LastSignal.Tests.ZombieDamagePlayTests" runstate="Runnable" seed="1299727621" result="Passed" start-time="2026-09-21 18:20:39Z" end-time="2026-09-21 18:20:40Z" duration="1.023775" asserts="0">
              <properties>
                <property name="_JOINTYPE" value="UnityCombinatorial" />
                <property name="retryIteration" value="0" />
                <property name="repeatIteration" value="0" />
              </properties>
              <output><![CDATA[S001 session started: one player, local input.
]]></output>
            </test-case>
            <test-case id="1075" name="PauseReactionDeathAndSessionResetAreSafe" fullname="LastSignal.Tests.ZombieDamagePlayTests.PauseReactionDeathAndSessionResetAreSafe" methodname="PauseReactionDeathAndSessionResetAreSafe" classname="LastSignal.Tests.ZombieDamagePlayTests" runstate="Runnable" seed="96722220" result="Passed" start-time="2026-09-21 18:20:40Z" end-time="2026-09-21 18:20:44Z" duration="4.081012" asserts="0">
              <properties>
                <property name="_JOINTYPE" value="UnityCombinatorial" />
                <property name="retryIteration" value="0" />
                <property name="repeatIteration" value="0" />
              </properties>
              <output><![CDATA[S001 session started: one player, local input.
S001 session started: one player, local input.
S001 session started: one player, local input.
S001 session started: one player, local input.
]]></output>
            </test-case>
            <test-case id="1083" name="ProfileLiveAndMixedPopulationAndWarmedDamage" fullname="LastSignal.Tests.ZombieDamagePlayTests.ProfileLiveAndMixedPopulationAndWarmedDamage" methodname="ProfileLiveAndMixedPopulationAndWarmedDamage" classname="LastSignal.Tests.ZombieDamagePlayTests" runstate="Runnable" seed="651116833" result="Passed" start-time="2026-09-21 18:20:44Z" end-time="2026-09-21 18:21:00Z" duration="16.062629" asserts="0">
              <properties>
                <property name="_JOINTYPE" value="UnityCombinatorial" />
                <property name="retryIteration" value="0" />
                <property name="repeatIteration" value="0" />
              </properties>
              <output><![CDATA[S001 session started: one player, local input.
]]></output>
            </test-case>
            <test-case id="1074" name="ReactionCooldownAppliesDamageWithoutRestartAndAllowsLaterReaction" fullname="LastSignal.Tests.ZombieDamagePlayTests.ReactionCooldownAppliesDamageWithoutRestartAndAllowsLaterReaction" methodname="ReactionCooldownAppliesDamageWithoutRestartAndAllowsLaterReaction" classname="LastSignal.Tests.ZombieDamagePlayTests" runstate="Runnable" seed="2110622277" result="Passed" start-time="2026-09-21 18:21:00Z" end-time="2026-09-21 18:21:03Z" duration="3.032864" asserts="0">
              <properties>
                <property name="_JOINTYPE" value="UnityCombinatorial" />
                <property name="retryIteration" value="0" />
                <property name="repeatIteration" value="0" />
              </properties>
              <output><![CDATA[S001 session started: one player, local input.
]]></output>
            </test-case>
            <test-case id="1079" name="SurvivingReactionInterruptsAllAttackPhases" fullname="LastSignal.Tests.ZombieDamagePlayTests.SurvivingReactionInterruptsAllAttackPhases" methodname="SurvivingReactionInterruptsAllAttackPhases" classname="LastSignal.Tests.ZombieDamagePlayTests" runstate="Runnable" seed="236953927" result="Passed" start-time="2026-09-21 18:21:03Z" end-time="2026-09-21 18:21:08Z" duration="4.937068" asserts="0">
              <properties>
                <property name="_JOINTYPE" value="UnityCombinatorial" />
                <property name="retryIteration" value="0" />
                <property name="repeatIteration" value="0" />
              </properties>
              <output><![CDATA[S001 session started: one player, local input.
Game object with animator is inactive
S001 session started: one player, local input.
Game object with animator is inactive
S001 session started: one player, local input.
]]></output>
            </test-case>
            <test-case id="1080" name="UnrelatedChildColliderCannotResolveToRootHealth" fullname="LastSignal.Tests.ZombieDamagePlayTests.UnrelatedChildColliderCannotResolveToRootHealth" methodname="UnrelatedChildColliderCannotResolveToRootHealth" classname="LastSignal.Tests.ZombieDamagePlayTests" runstate="Runnable" seed="1777884779" result="Passed" start-time="2026-09-21 18:21:08Z" end-time="2026-09-21 18:21:09Z" duration="0.939095" asserts="0">
              <properties>
                <property name="_JOINTYPE" value="UnityCombinatorial" />
                <property name="retryIteration" value="0" />
                <property name="repeatIteration" value="0" />
              </properties>
              <output><![CDATA[S001 session started: one player, local input.
]]></output>
            </test-case>
          </test-suite>
          <test-suite type="TestFixture" id="1084" name="ZombieMeleeTests" fullname="LastSignal.Tests.ZombieMeleeTests" classname="LastSignal.Tests.ZombieMeleeTests" runstate="Runnable" testcasecount="13" result="Passed" start-time="2026-09-21 18:21:09Z" end-time="2026-09-21 18:22:06Z" duration="56.489198" total="13" passed="13" failed="0" inconclusive="0" skipped="0" asserts="0">
            <properties />
            <test-case id="1094" name="ActualMotorSidestepAfterCommitMissesWithinReactionWindow" fullname="LastSignal.Tests.ZombieMeleeTests.ActualMotorSidestepAfterCommitMissesWithinReactionWindow" methodname="ActualMotorSidestepAfterCommitMissesWithinReactionWindow" classname="LastSignal.Tests.ZombieMeleeTests" runstate="Runnable" seed="301656107" result="Passed" start-time="2026-09-21 18:21:09Z" end-time="2026-09-21 18:21:10Z" duration="1.398140" asserts="0">
              <properties>
                <property name="_JOINTYPE" value="UnityCombinatorial" />
                <property name="retryIteration" value="0" />
                <property name="repeatIteration" value="0" />
              </properties>
              <output><![CDATA[S001 session started: one player, local input.
]]></output>
            </test-case>
            <test-case id="1086" name="BackstepSidestepRearAndWallReallyMiss" fullname="LastSignal.Tests.ZombieMeleeTests.BackstepSidestepRearAndWallReallyMiss" methodname="BackstepSidestepRearAndWallReallyMiss" classname="LastSignal.Tests.ZombieMeleeTests" runstate="Runnable" seed="888657532" result="Passed" start-time="2026-09-21 18:21:10Z" end-time="2026-09-21 18:21:19Z" duration="8.672544" asserts="0">
              <properties>
                <property name="_JOINTYPE" value="UnityCombinatorial" />
                <property name="retryIteration" value="0" />
                <property name="repeatIteration" value="0" />
              </properties>
              <output><![CDATA[S001 session started: one player, local input.
S001 session started: one player, local input.
S001 session started: one player, local input.
S001 session started: one player, local input.
]]></output>
            </test-case>
            <test-case id="1097" name="ContactClockAndPoseAlignAtThirtySixtyAndOneTwentyHz" fullname="LastSignal.Tests.ZombieMeleeTests.ContactClockAndPoseAlignAtThirtySixtyAndOneTwentyHz" methodname="ContactClockAndPoseAlignAtThirtySixtyAndOneTwentyHz" classname="LastSignal.Tests.ZombieMeleeTests" runstate="Runnable" seed="1802187838" result="Passed" start-time="2026-09-21 18:21:19Z" end-time="2026-09-21 18:21:22Z" duration="2.794118" asserts="0">
              <properties>
                <property name="_JOINTYPE" value="UnityCombinatorial" />
                <property name="retryIteration" value="0" />
                <property name="repeatIteration" value="0" />
              </properties>
              <output><![CDATA[S001 session started: one player, local input.
S001 session started: one player, local input.
S001 session started: one player, local input.
]]></output>
            </test-case>
            <test-case id="1088" name="DeathIsTerminalAndRestartUsesFreshPlayerAndAttack" fullname="LastSignal.Tests.ZombieMeleeTests.DeathIsTerminalAndRestartUsesFreshPlayerAndAttack" methodname="DeathIsTerminalAndRestartUsesFreshPlayerAndAttack" classname="LastSignal.Tests.ZombieMeleeTests" runstate="Runnable" seed="407265404" result="Passed" start-time="2026-09-21 18:21:22Z" end-time="2026-09-21 18:21:30Z" duration="8.076890" asserts="0">
              <properties>
                <property name="_JOINTYPE" value="UnityCombinatorial" />
                <property name="retryIteration" value="0" />
                <property name="repeatIteration" value="0" />
              </properties>
              <output><![CDATA[S001 session started: one player, local input.
S001 session started: one player, local input.
]]></output>
            </test-case>
            <test-case id="1093" name="HardAbortBeforeCommitAndDisabledActorCancelSequence" fullname="LastSignal.Tests.ZombieMeleeTests.HardAbortBeforeCommitAndDisabledActorCancelSequence" methodname="HardAbortBeforeCommitAndDisabledActorCancelSequence" classname="LastSignal.Tests.ZombieMeleeTests" runstate="Runnable" seed="1747668618" result="Passed" start-time="2026-09-21 18:21:30Z" end-time="2026-09-21 18:21:31Z" duration="1.209505" asserts="0">
              <properties>
                <property name="_JOINTYPE" value="UnityCombinatorial" />
                <property name="retryIteration" value="0" />
                <property name="repeatIteration" value="0" />
              </properties>
              <output><![CDATA[S001 session started: one player, local input.
]]></output>
            </test-case>
            <test-case id="1092" name="LargeStepDuplicateColliderAndDisabledAnimatorStillHaveOneContact" fullname="LastSignal.Tests.ZombieMeleeTests.LargeStepDuplicateColliderAndDisabledAnimatorStillHaveOneContact" methodname="LargeStepDuplicateColliderAndDisabledAnimatorStillHaveOneContact" classname="LastSignal.Tests.ZombieMeleeTests" runstate="Runnable" seed="1596308446" result="Passed" start-time="2026-09-21 18:21:31Z" end-time="2026-09-21 18:21:32Z" duration="0.889215" asserts="0">
              <properties>
                <property name="_JOINTYPE" value="UnityCombinatorial" />
                <property name="retryIteration" value="0" />
                <property name="repeatIteration" value="0" />
              </properties>
              <output><![CDATA[S001 session started: one player, local input.
]]></output>
            </test-case>
            <test-case id="1089" name="MenuDuringWindupCancelsWithoutDelayedDamage" fullname="LastSignal.Tests.ZombieMeleeTests.MenuDuringWindupCancelsWithoutDelayedDamage" methodname="MenuDuringWindupCancelsWithoutDelayedDamage" classname="LastSignal.Tests.ZombieMeleeTests" runstate="Runnable" seed="1890048082" result="Passed" start-time="2026-09-21 18:21:32Z" end-time="2026-09-21 18:21:34Z" duration="1.457719" asserts="0">
              <properties>
                <property name="_JOINTYPE" value="UnityCombinatorial" />
                <property name="retryIteration" value="0" />
                <property name="repeatIteration" value="0" />
              </properties>
              <output><![CDATA[S001 session started: one player, local input.
S001 session started: one player, local input.
]]></output>
            </test-case>
            <test-case id="1091" name="NormalGameplayRouteApproachesAndAttacksProductionPlayer" fullname="LastSignal.Tests.ZombieMeleeTests.NormalGameplayRouteApproachesAndAttacksProductionPlayer" methodname="NormalGameplayRouteApproachesAndAttacksProductionPlayer" classname="LastSignal.Tests.ZombieMeleeTests" runstate="Runnable" seed="81989448" result="Passed" start-time="2026-09-21 18:21:34Z" end-time="2026-09-21 18:21:37Z" duration="3.635670" asserts="0">
              <properties>
                <property name="_JOINTYPE" value="UnityCombinatorial" />
                <property name="retryIteration" value="0" />
                <property name="repeatIteration" value="0" />
              </properties>
              <output><![CDATA[S001 session started: one player, local input.
]]></output>
            </test-case>
            <test-case id="1087" name="PauseBothSidesOfCommitFreezesDamageAndResumesOnce" fullname="LastSignal.Tests.ZombieMeleeTests.PauseBothSidesOfCommitFreezesDamageAndResumesOnce" methodname="PauseBothSidesOfCommitFreezesDamageAndResumesOnce" classname="LastSignal.Tests.ZombieMeleeTests" runstate="Runnable" seed="970453822" result="Passed" start-time="2026-09-21 18:21:37Z" end-time="2026-09-21 18:21:44Z" duration="6.507386" asserts="0">
              <properties>
                <property name="_JOINTYPE" value="UnityCombinatorial" />
                <property name="retryIteration" value="0" />
                <property name="repeatIteration" value="0" />
              </properties>
              <output><![CDATA[S001 session started: one player, local input.
S001 session started: one player, local input.
]]></output>
            </test-case>
            <test-case id="1095" name="ProfileOneAndTenActiveMeleeActors" fullname="LastSignal.Tests.ZombieMeleeTests.ProfileOneAndTenActiveMeleeActors" methodname="ProfileOneAndTenActiveMeleeActors" classname="LastSignal.Tests.ZombieMeleeTests" runstate="Runnable" seed="1517466393" result="Passed" start-time="2026-09-21 18:21:44Z" end-time="2026-09-21 18:22:00Z" duration="16.198208" asserts="0">
              <properties>
                <property name="_JOINTYPE" value="UnityCombinatorial" />
                <property name="retryIteration" value="0" />
                <property name="repeatIteration" value="0" />
              </properties>
              <output><![CDATA[S001 session started: one player, local input.
Look rotation viewing vector is zero
Game object with animator is inactive
S001 session started: one player, local input.
Look rotation viewing vector is zero
Game object with animator is inactive
Game object with animator is inactive
Game object with animator is inactive
Game object with animator is inactive
Game object with animator is inactive
Game object with animator is inactive
Game object with animator is inactive
Game object with animator is inactive
Game object with animator is inactive
Game object with animator is inactive
]]></output>
            </test-case>
            <test-case id="1096" name="RebindingDuringCommitCannotTransferOldStrike" fullname="LastSignal.Tests.ZombieMeleeTests.RebindingDuringCommitCannotTransferOldStrike" methodname="RebindingDuringCommitCannotTransferOldStrike" classname="LastSignal.Tests.ZombieMeleeTests" runstate="Runnable" seed="1305333557" result="Passed" start-time="2026-09-21 18:22:00Z" end-time="2026-09-21 18:22:01Z" duration="1.317356" asserts="0">
              <properties>
                <property name="_JOINTYPE" value="UnityCombinatorial" />
                <property name="retryIteration" value="0" />
                <property name="repeatIteration" value="0" />
              </properties>
              <output><![CDATA[S001 session started: one player, local input.
]]></output>
            </test-case>
            <test-case id="1090" name="TargetDeathOrDisableDuringWindupCannotDamage" fullname="LastSignal.Tests.ZombieMeleeTests.TargetDeathOrDisableDuringWindupCannotDamage" methodname="TargetDeathOrDisableDuringWindupCannotDamage" classname="LastSignal.Tests.ZombieMeleeTests" runstate="Runnable" seed="1976974114" result="Passed" start-time="2026-09-21 18:22:01Z" end-time="2026-09-21 18:22:03Z" duration="1.748657" asserts="0">
              <properties>
                <property name="_JOINTYPE" value="UnityCombinatorial" />
                <property name="retryIteration" value="0" />
                <property name="repeatIteration" value="0" />
              </properties>
              <output><![CDATA[S001 session started: one player, local input.
S001 session started: one player, local input.
]]></output>
            </test-case>
            <test-case id="1085" name="ValidStrikeHasOneTransactionAndVisibleRecovery" fullname="LastSignal.Tests.ZombieMeleeTests.ValidStrikeHasOneTransactionAndVisibleRecovery" methodname="ValidStrikeHasOneTransactionAndVisibleRecovery" classname="LastSignal.Tests.ZombieMeleeTests" runstate="Runnable" seed="2020316526" result="Passed" start-time="2026-09-21 18:22:03Z" end-time="2026-09-21 18:22:06Z" duration="2.579537" asserts="0">
              <properties>
                <property name="_JOINTYPE" value="UnityCombinatorial" />
                <property name="retryIteration" value="0" />
                <property name="repeatIteration" value="0" />
              </properties>
              <output><![CDATA[S001 session started: one player, local input.
]]></output>
            </test-case>
          </test-suite>
          <test-suite type="TestFixture" id="1098" name="ZombieNavigationTests" fullname="LastSignal.Tests.ZombieNavigationTests" classname="LastSignal.Tests.ZombieNavigationTests" runstate="Runnable" testcasecount="1" result="Passed" start-time="2026-09-21 18:22:06Z" end-time="2026-09-21 18:22:06Z" duration="0.435757" total="1" passed="1" failed="0" inconclusive="0" skipped="0" asserts="0">
            <properties />
            <test-case id="1099" name="BakedArenaSupportsCompleteAndPartialPathsWithBoundedRequests" fullname="LastSignal.Tests.ZombieNavigationTests.BakedArenaSupportsCompleteAndPartialPathsWithBoundedRequests" methodname="BakedArenaSupportsCompleteAndPartialPathsWithBoundedRequests" classname="LastSignal.Tests.ZombieNavigationTests" runstate="Runnable" seed="1920873394" result="Passed" start-time="2026-09-21 18:22:06Z" end-time="2026-09-21 18:22:06Z" duration="0.433076" asserts="0">
              <properties>
                <property name="_JOINTYPE" value="UnityCombinatorial" />
                <property name="retryIteration" value="0" />
                <property name="repeatIteration" value="0" />
              </properties>
              <output><![CDATA[S001 session started: one player, local input.
]]></output>
            </test-case>
          </test-suite>
          <test-suite type="TestFixture" id="1100" name="ZombiePresentationTests" fullname="LastSignal.Tests.ZombiePresentationTests" classname="LastSignal.Tests.ZombiePresentationTests" runstate="Runnable" testcasecount="2" result="Passed" start-time="2026-09-21 18:22:06Z" end-time="2026-09-21 18:22:06Z" duration="0.079124" total="2" passed="2" failed="0" inconclusive="0" skipped="0" asserts="0">
            <properties />
            <test-case id="1102" name="DeathHoldsFinalPoseAndClearsGroundOnProductionController" fullname="LastSignal.Tests.ZombiePresentationTests.DeathHoldsFinalPoseAndClearsGroundOnProductionController" methodname="DeathHoldsFinalPoseAndClearsGroundOnProductionController" classname="LastSignal.Tests.ZombiePresentationTests" runstate="Runnable" seed="779281648" result="Passed" start-time="2026-09-21 18:22:06Z" end-time="2026-09-21 18:22:06Z" duration="0.020177" asserts="0">
              <properties>
                <property name="retryIteration" value="0" />
                <property name="repeatIteration" value="0" />
              </properties>
            </test-case>
            <test-case id="1101" name="EveryPresentationStateAnimatesWithoutMovingActorRoot" fullname="LastSignal.Tests.ZombiePresentationTests.EveryPresentationStateAnimatesWithoutMovingActorRoot" methodname="EveryPresentationStateAnimatesWithoutMovingActorRoot" classname="LastSignal.Tests.ZombiePresentationTests" runstate="Runnable" seed="1398226015" result="Passed" start-time="2026-09-21 18:22:06Z" end-time="2026-09-21 18:22:06Z" duration="0.032298" asserts="0">
              <properties>
                <property name="retryIteration" value="0" />
                <property name="repeatIteration" value="0" />
              </properties>
            </test-case>
          </test-suite>
          <test-suite type="TestFixture" id="1103" name="ZombieProductionAcceptanceTests" fullname="LastSignal.Tests.ZombieProductionAcceptanceTests" classname="LastSignal.Tests.ZombieProductionAcceptanceTests" runstate="Runnable" testcasecount="2" result="Passed" start-time="2026-09-21 18:22:06Z" end-time="2026-09-21 18:23:00Z" duration="53.817238" total="2" passed="2" failed="0" inconclusive="0" skipped="0" asserts="0">
            <properties />
            <test-case id="1104" name="ProductionVisualSequenceAndStableMeleeStop" fullname="LastSignal.Tests.ZombieProductionAcceptanceTests.ProductionVisualSequenceAndStableMeleeStop" methodname="ProductionVisualSequenceAndStableMeleeStop" classname="LastSignal.Tests.ZombieProductionAcceptanceTests" runstate="Runnable" seed="1875088991" result="Passed" start-time="2026-09-21 18:22:06Z" end-time="2026-09-21 18:22:35Z" duration="29.032103" asserts="0">
              <properties>
                <property name="_JOINTYPE" value="UnityCombinatorial" />
                <property name="retryIteration" value="0" />
                <property name="repeatIteration" value="0" />
              </properties>
              <output><![CDATA[S001 session started: one player, local input.
S001 session started: one player, local input.
]]></output>
            </test-case>
            <test-case id="1105" name="ProfileOneTenAndTwentyFiveProductionActors" fullname="LastSignal.Tests.ZombieProductionAcceptanceTests.ProfileOneTenAndTwentyFiveProductionActors" methodname="ProfileOneTenAndTwentyFiveProductionActors" classname="LastSignal.Tests.ZombieProductionAcceptanceTests" runstate="Runnable" seed="1942500016" result="Passed" start-time="2026-09-21 18:22:35Z" end-time="2026-09-21 18:23:00Z" duration="24.780160" asserts="0">
              <properties>
                <property name="_JOINTYPE" value="UnityCombinatorial" />
                <property name="retryIteration" value="0" />
                <property name="repeatIteration" value="0" />
              </properties>
              <output><![CDATA[S001 session started: one player, local input.
Game object with animator is inactive
]]></output>
            </test-case>
          </test-suite>
          <test-suite type="TestFixture" id="1106" name="ZombieRecoveryTests" fullname="LastSignal.Tests.ZombieRecoveryTests" classname="LastSignal.Tests.ZombieRecoveryTests" runstate="Runnable" testcasecount="5" result="Passed" start-time="2026-09-21 18:23:00Z" end-time="2026-09-21 18:23:05Z" duration="5.056709" total="5" passed="5" failed="0" inconclusive="0" skipped="0" asserts="0">
            <properties />
            <test-case id="1108" name="NavigationInvalidOffMeshStuckAndObstacleAreSafe" fullname="LastSignal.Tests.ZombieRecoveryTests.NavigationInvalidOffMeshStuckAndObstacleAreSafe" methodname="NavigationInvalidOffMeshStuckAndObstacleAreSafe" classname="LastSignal.Tests.ZombieRecoveryTests" runstate="Runnable" seed="1831846333" result="Passed" start-time="2026-09-21 18:23:00Z" end-time="2026-09-21 18:23:00Z" duration="0.620985" asserts="0">
              <properties>
                <property name="_JOINTYPE" value="UnityCombinatorial" />
                <property name="retryIteration" value="0" />
                <property name="repeatIteration" value="0" />
              </properties>
              <output><![CDATA[S001 session started: one player, local input.
]]></output>
            </test-case>
            <test-case id="1107" name="NormalRouteTenSessionsClearTargetsTimersAndPausePresentation" fullname="LastSignal.Tests.ZombieRecoveryTests.NormalRouteTenSessionsClearTargetsTimersAndPausePresentation" methodname="NormalRouteTenSessionsClearTargetsTimersAndPausePresentation" classname="LastSignal.Tests.ZombieRecoveryTests" runstate="Runnable" seed="1358791424" result="Passed" start-time="2026-09-21 18:23:00Z" end-time="2026-09-21 18:23:04Z" duration="3.520596" asserts="0">
              <properties>
                <property name="_JOINTYPE" value="UnityCombinatorial" />
                <property name="retryIteration" value="0" />
                <property name="repeatIteration" value="0" />
              </properties>
              <output><![CDATA[S001 session started: one player, local input.
S001 session started: one player, local input.
S001 session started: one player, local input.
S001 session started: one player, local input.
S001 session started: one player, local input.
S001 session started: one player, local input.
S001 session started: one player, local input.
S001 session started: one player, local input.
S001 session started: one player, local input.
S001 session started: one player, local input.
S001 session started: one player, local input.
]]></output>
            </test-case>
            <test-case id="1111" name="OffscreenInitializationEvaluatesIdleBeforeFirstVisibleFrame" fullname="LastSignal.Tests.ZombieRecoveryTests.OffscreenInitializationEvaluatesIdleBeforeFirstVisibleFrame" methodname="OffscreenInitializationEvaluatesIdleBeforeFirstVisibleFrame" classname="LastSignal.Tests.ZombieRecoveryTests" runstate="Runnable" seed="1342771074" result="Passed" start-time="2026-09-21 18:23:04Z" end-time="2026-09-21 18:23:04Z" duration="0.003427" asserts="0">
              <properties>
                <property name="retryIteration" value="0" />
                <property name="repeatIteration" value="0" />
              </properties>
            </test-case>
            <test-case id="1110" name="PartialEndpointRetriesAreBoundedAndOffMeshSpawnFailsOnce" fullname="LastSignal.Tests.ZombieRecoveryTests.PartialEndpointRetriesAreBoundedAndOffMeshSpawnFailsOnce" methodname="PartialEndpointRetriesAreBoundedAndOffMeshSpawnFailsOnce" classname="LastSignal.Tests.ZombieRecoveryTests" runstate="Runnable" seed="2087818109" result="Passed" start-time="2026-09-21 18:23:04Z" end-time="2026-09-21 18:23:04Z" duration="0.461743" asserts="0">
              <properties>
                <property name="_JOINTYPE" value="UnityCombinatorial" />
                <property name="retryIteration" value="0" />
                <property name="repeatIteration" value="0" />
              </properties>
              <output><![CDATA[S001 session started: one player, local input.
Zombie spawn has no matching NavMesh within bounded correction radius. Move the encounter spawn onto the baked Shambler surface.
]]></output>
            </test-case>
            <test-case id="1109" name="PresenterUsesVelocityAndRestoresSpeedAfterPause" fullname="LastSignal.Tests.ZombieRecoveryTests.PresenterUsesVelocityAndRestoresSpeedAfterPause" methodname="PresenterUsesVelocityAndRestoresSpeedAfterPause" classname="LastSignal.Tests.ZombieRecoveryTests" runstate="Runnable" seed="787993572" result="Passed" start-time="2026-09-21 18:23:04Z" end-time="2026-09-21 18:23:05Z" duration="0.448535" asserts="0">
              <properties>
                <property name="_JOINTYPE" value="UnityCombinatorial" />
                <property name="retryIteration" value="0" />
                <property name="repeatIteration" value="0" />
              </properties>
              <output><![CDATA[S001 session started: one player, local input.
<b><color=#2EA3FF>MCP-FOR-UNITY</color></b>: [TestRunnerNoThrottle] Restored Interaction Mode after test run.
Saving results to: /Users/burakcoskun/Library/Application Support/DefaultCompany/Last Signal/TestResults.xml
]]></output>
            </test-case>
          </test-suite>
        </test-suite>
      </test-suite>
    </test-suite>
  </test-suite>
</test-run>