<?xml version="1.0" encoding="utf-8"?>
<test-run id="2" testcasecount="3" result="Passed" total="3" passed="3" failed="0" inconclusive="0" skipped="0" asserts="0" engine-version="3.5.0.0" clr-version="4.0.30319.42000" start-time="2026-09-19 06:40:41Z" end-time="2026-09-19 06:40:46Z" duration="5.5469631">
  <test-suite type="TestSuite" id="1046" name="Last Signal" fullname="Last Signal" runstate="Runnable" testcasecount="30" result="Passed" start-time="2026-09-19 06:40:41Z" end-time="2026-09-19 06:40:46Z" duration="5.546963" total="3" passed="3" failed="0" inconclusive="0" skipped="0" asserts="0">
    <properties>
      <property name="platform" value="PlayMode" />
    </properties>
    <test-suite type="Assembly" id="1040" name="LastSignal.PlayModeTests.dll" fullname="/Users/burakcoskun/Last Signal/Library/ScriptAssemblies/LastSignal.PlayModeTests.dll" runstate="Runnable" testcasecount="30" result="Passed" start-time="2026-09-19 06:40:41Z" end-time="2026-09-19 06:40:46Z" duration="5.534085" total="3" passed="3" failed="0" inconclusive="0" skipped="0" asserts="0">
      <properties>
        <property name="_PID" value="60594" />
        <property name="_APPDOMAIN" value="Unity Child Domain" />
        <property name="platform" value="PlayMode" />
        <property name="EditorOnly" value="False" />
      </properties>
      <test-suite type="TestSuite" id="1041" name="LastSignal" fullname="LastSignal" runstate="Runnable" testcasecount="30" result="Passed" start-time="2026-09-19 06:40:41Z" end-time="2026-09-19 06:40:46Z" duration="5.532252" total="3" passed="3" failed="0" inconclusive="0" skipped="0" asserts="0">
        <properties />
        <test-suite type="TestSuite" id="1042" name="Tests" fullname="LastSignal.Tests" runstate="Runnable" testcasecount="30" result="Passed" start-time="2026-09-19 06:40:41Z" end-time="2026-09-19 06:40:46Z" duration="5.531147" total="3" passed="3" failed="0" inconclusive="0" skipped="0" asserts="0">
          <properties />
          <test-suite type="TestFixture" id="1036" name="ZombieRecoveryTests" fullname="LastSignal.Tests.ZombieRecoveryTests" classname="LastSignal.Tests.ZombieRecoveryTests" runstate="Runnable" testcasecount="3" result="Passed" start-time="2026-09-19 06:40:41Z" end-time="2026-09-19 06:40:46Z" duration="5.529595" total="3" passed="3" failed="0" inconclusive="0" skipped="0" asserts="0">
            <properties />
            <test-case id="1038" name="NavigationInvalidOffMeshStuckAndObstacleAreSafe" fullname="LastSignal.Tests.ZombieRecoveryTests.NavigationInvalidOffMeshStuckAndObstacleAreSafe" methodname="NavigationInvalidOffMeshStuckAndObstacleAreSafe" classname="LastSignal.Tests.ZombieRecoveryTests" runstate="Runnable" seed="759147446" result="Passed" start-time="2026-09-19 06:40:41Z" end-time="2026-09-19 06:40:42Z" duration="1.636158" asserts="0">
              <properties>
                <property name="_JOINTYPE" value="UnityCombinatorial" />
                <property name="retryIteration" value="0" />
                <property name="repeatIteration" value="0" />
              </properties>
              <output><![CDATA[S001 session started: one player, local input.
]]></output>
            </test-case>
            <test-case id="1037" name="NormalRouteTenSessionsClearTargetsTimersAndPausePresentation" fullname="LastSignal.Tests.ZombieRecoveryTests.NormalRouteTenSessionsClearTargetsTimersAndPausePresentation" methodname="NormalRouteTenSessionsClearTargetsTimersAndPausePresentation" classname="LastSignal.Tests.ZombieRecoveryTests" runstate="Runnable" seed="330425036" result="Passed" start-time="2026-09-19 06:40:42Z" end-time="2026-09-19 06:40:46Z" duration="3.504728" asserts="0">
              <properties>
                <property name="_JOINTYPE" value="UnityCombinatorial" />
                <property name="retryIteration" value="0" />
                <property name="repeatIteration" value="0" />
              </properties>
              <output><![CDATA[S001 session started: one player, local input.
S001 session started: one player, local input.
S001 session started: one player, local input.
S001 session started: one player, local input.
S001 session started: one player, local input.
S001 session started: one player, local input.
S001 session started: one player, local input.
S001 session started: one player, local input.
S001 session started: one player, local input.
S001 session started: one player, local input.
S001 session started: one player, local input.
]]></output>
            </test-case>
            <test-case id="1039" name="PresenterUsesVelocityAndRestoresSpeedAfterPause" fullname="LastSignal.Tests.ZombieRecoveryTests.PresenterUsesVelocityAndRestoresSpeedAfterPause" methodname="PresenterUsesVelocityAndRestoresSpeedAfterPause" classname="LastSignal.Tests.ZombieRecoveryTests" runstate="Runnable" seed="1919905217" result="Passed" start-time="2026-09-19 06:40:46Z" end-time="2026-09-19 06:40:46Z" duration="0.380242" asserts="0">
              <properties>
                <property name="_JOINTYPE" value="UnityCombinatorial" />
                <property name="retryIteration" value="0" />
                <property name="repeatIteration" value="0" />
              </properties>
              <output><![CDATA[S001 session started: one player, local input.
Saving results to: Docs/Implementation/S004/Evidence/20260919-P2-Recovery/recovery-focused-01.xml
]]></output>
            </test-case>
          </test-suite>
        </test-suite>
      </test-suite>
    </test-suite>
  </test-suite>
</test-run>