<?xml version="1.0" encoding="utf-8"?>
<test-run id="2" testcasecount="34" result="Passed" total="34" passed="34" failed="0" inconclusive="0" skipped="0" asserts="0" engine-version="3.5.0.0" clr-version="4.0.30319.42000" start-time="2026-09-18 07:43:19Z" end-time="2026-09-18 07:43:20Z" duration="1.4957565">
  <test-suite type="TestSuite" id="1000" name="Last Signal" fullname="Last Signal" runstate="Runnable" testcasecount="34" result="Passed" start-time="2026-09-18 07:43:19Z" end-time="2026-09-18 07:43:20Z" duration="1.495757" total="34" passed="34" failed="0" inconclusive="0" skipped="0" asserts="0">
    <properties>
      <property name="platform" value="EditMode" />
    </properties>
    <test-suite type="Assembly" id="1039" name="LastSignal.EditModeTests.dll" fullname="/Users/burakcoskun/Last Signal/Library/ScriptAssemblies/LastSignal.EditModeTests.dll" runstate="Runnable" testcasecount="34" result="Passed" start-time="2026-09-18 07:43:19Z" end-time="2026-09-18 07:43:20Z" duration="1.396418" total="34" passed="34" failed="0" inconclusive="0" skipped="0" asserts="0">
      <properties>
        <property name="_PID" value="31412" />
        <property name="_APPDOMAIN" value="Unity Child Domain" />
        <property name="platform" value="EditMode" />
        <property name="EditorOnly" value="True" />
      </properties>
      <test-suite type="TestSuite" id="1040" name="LastSignal" fullname="LastSignal" runstate="Runnable" testcasecount="34" result="Passed" start-time="2026-09-18 07:43:19Z" end-time="2026-09-18 07:43:20Z" duration="1.306602" total="34" passed="34" failed="0" inconclusive="0" skipped="0" asserts="0">
        <properties />
        <test-suite type="TestSuite" id="1041" name="Tests" fullname="LastSignal.Tests" runstate="Runnable" testcasecount="34" result="Passed" start-time="2026-09-18 07:43:19Z" end-time="2026-09-18 07:43:20Z" duration="1.206579" total="34" passed="34" failed="0" inconclusive="0" skipped="0" asserts="0">
          <properties />
          <test-suite type="TestFixture" id="1001" name="ProductionAssetTests" fullname="LastSignal.Tests.ProductionAssetTests" classname="LastSignal.Tests.ProductionAssetTests" runstate="Runnable" testcasecount="2" result="Passed" start-time="2026-09-18 07:43:19Z" end-time="2026-09-18 07:43:19Z" duration="0.157801" total="2" passed="2" failed="0" inconclusive="0" skipped="0" asserts="0">
            <properties />
            <test-case id="1003" name="ProductionAnimatorReferencesEveryRequiredRealClip" fullname="LastSignal.Tests.ProductionAssetTests.ProductionAnimatorReferencesEveryRequiredRealClip" methodname="ProductionAnimatorReferencesEveryRequiredRealClip" classname="LastSignal.Tests.ProductionAssetTests" runstate="Runnable" seed="197338180" result="Passed" start-time="2026-09-18 07:43:19Z" end-time="2026-09-18 07:43:19Z" duration="0.047419" asserts="0">
              <properties>
                <property name="retryIteration" value="0" />
                <property name="repeatIteration" value="0" />
              </properties>
            </test-case>
            <test-case id="1002" name="ProductionPrefabUsesSourceMeshesAndOneAnimatedMagazine" fullname="LastSignal.Tests.ProductionAssetTests.ProductionPrefabUsesSourceMeshesAndOneAnimatedMagazine" methodname="ProductionPrefabUsesSourceMeshesAndOneAnimatedMagazine" classname="LastSignal.Tests.ProductionAssetTests" runstate="Runnable" seed="828327117" result="Passed" start-time="2026-09-18 07:43:19Z" end-time="2026-09-18 07:43:19Z" duration="0.004312" asserts="0">
              <properties>
                <property name="retryIteration" value="0" />
                <property name="repeatIteration" value="0" />
              </properties>
            </test-case>
          </test-suite>
          <test-suite type="TestFixture" id="1004" name="SerializedContractTests" fullname="LastSignal.Tests.SerializedContractTests" classname="LastSignal.Tests.SerializedContractTests" runstate="Runnable" testcasecount="3" result="Passed" start-time="2026-09-18 07:43:19Z" end-time="2026-09-18 07:43:20Z" duration="0.693382" total="3" passed="3" failed="0" inconclusive="0" skipped="0" asserts="0">
            <properties />
            <test-case id="1007" name="AcceptanceSceneContainsSessionAndBothDoorFixturesWithoutMissingScripts" fullname="LastSignal.Tests.SerializedContractTests.AcceptanceSceneContainsSessionAndBothDoorFixturesWithoutMissingScripts" methodname="AcceptanceSceneContainsSessionAndBothDoorFixturesWithoutMissingScripts" classname="LastSignal.Tests.SerializedContractTests" runstate="Runnable" seed="1595043257" result="Passed" start-time="2026-09-18 07:43:19Z" end-time="2026-09-18 07:43:20Z" duration="0.643295" asserts="0">
              <properties>
                <property name="retryIteration" value="0" />
                <property name="repeatIteration" value="0" />
              </properties>
            </test-case>
            <test-case id="1006" name="InputAssetHasSeparateContextsAndTapInteraction" fullname="LastSignal.Tests.SerializedContractTests.InputAssetHasSeparateContextsAndTapInteraction" methodname="InputAssetHasSeparateContextsAndTapInteraction" classname="LastSignal.Tests.SerializedContractTests" runstate="Runnable" seed="1734762005" result="Passed" start-time="2026-09-18 07:43:20Z" end-time="2026-09-18 07:43:20Z" duration="0.003696" asserts="0">
              <properties>
                <property name="retryIteration" value="0" />
                <property name="repeatIteration" value="0" />
              </properties>
            </test-case>
            <test-case id="1005" name="PlayerPrefabHasSafeCapsuleAndCompleteReferences" fullname="LastSignal.Tests.SerializedContractTests.PlayerPrefabHasSafeCapsuleAndCompleteReferences" methodname="PlayerPrefabHasSafeCapsuleAndCompleteReferences" classname="LastSignal.Tests.SerializedContractTests" runstate="Runnable" seed="298786022" result="Passed" start-time="2026-09-18 07:43:20Z" end-time="2026-09-18 07:43:20Z" duration="0.004364" asserts="0">
              <properties>
                <property name="retryIteration" value="0" />
                <property name="repeatIteration" value="0" />
              </properties>
            </test-case>
          </test-suite>
          <test-suite type="TestFixture" id="1008" name="WeaponStateTests" fullname="LastSignal.Tests.WeaponStateTests" classname="LastSignal.Tests.WeaponStateTests" runstate="Runnable" testcasecount="29" result="Passed" start-time="2026-09-18 07:43:20Z" end-time="2026-09-18 07:43:20Z" duration="0.254723" total="29" passed="29" failed="0" inconclusive="0" skipped="0" asserts="0">
            <properties />
            <test-case id="1038" name="AddReserveClampedToMax" fullname="LastSignal.Tests.WeaponStateTests.AddReserveClampedToMax" methodname="AddReserveClampedToMax" classname="LastSignal.Tests.WeaponStateTests" runstate="Runnable" seed="704021449" result="Passed" start-time="2026-09-18 07:43:20Z" end-time="2026-09-18 07:43:20Z" duration="0.011349" asserts="0">
              <properties>
                <property name="retryIteration" value="0" />
                <property name="repeatIteration" value="0" />
              </properties>
            </test-case>
            <test-case id="1037" name="AddReserveIncreasesTotal" fullname="LastSignal.Tests.WeaponStateTests.AddReserveIncreasesTotal" methodname="AddReserveIncreasesTotal" classname="LastSignal.Tests.WeaponStateTests" runstate="Runnable" seed="670149629" result="Passed" start-time="2026-09-18 07:43:20Z" end-time="2026-09-18 07:43:20Z" duration="0.000460" asserts="0">
              <properties>
                <property name="retryIteration" value="0" />
                <property name="repeatIteration" value="0" />
              </properties>
            </test-case>
            <test-case id="1015" name="AmmoNeverGoesNegative" fullname="LastSignal.Tests.WeaponStateTests.AmmoNeverGoesNegative" methodname="AmmoNeverGoesNegative" classname="LastSignal.Tests.WeaponStateTests" runstate="Runnable" seed="282216730" result="Passed" start-time="2026-09-18 07:43:20Z" end-time="2026-09-18 07:43:20Z" duration="0.002372" asserts="0">
              <properties>
                <property name="retryIteration" value="0" />
                <property name="repeatIteration" value="0" />
              </properties>
            </test-case>
            <test-case id="1013" name="CannotFireDuringCooldown" fullname="LastSignal.Tests.WeaponStateTests.CannotFireDuringCooldown" methodname="CannotFireDuringCooldown" classname="LastSignal.Tests.WeaponStateTests" runstate="Runnable" seed="1687426710" result="Passed" start-time="2026-09-18 07:43:20Z" end-time="2026-09-18 07:43:20Z" duration="0.006165" asserts="0">
              <properties>
                <property name="retryIteration" value="0" />
                <property name="repeatIteration" value="0" />
              </properties>
            </test-case>
            <test-case id="1025" name="CannotFireWhileEquipping" fullname="LastSignal.Tests.WeaponStateTests.CannotFireWhileEquipping" methodname="CannotFireWhileEquipping" classname="LastSignal.Tests.WeaponStateTests" runstate="Runnable" seed="1870627798" result="Passed" start-time="2026-09-18 07:43:20Z" end-time="2026-09-18 07:43:20Z" duration="0.000352" asserts="0">
              <properties>
                <property name="retryIteration" value="0" />
                <property name="repeatIteration" value="0" />
              </properties>
            </test-case>
            <test-case id="1026" name="CannotFireWhileReloading" fullname="LastSignal.Tests.WeaponStateTests.CannotFireWhileReloading" methodname="CannotFireWhileReloading" classname="LastSignal.Tests.WeaponStateTests" runstate="Runnable" seed="2076700254" result="Passed" start-time="2026-09-18 07:43:20Z" end-time="2026-09-18 07:43:20Z" duration="0.000277" asserts="0">
              <properties>
                <property name="retryIteration" value="0" />
                <property name="repeatIteration" value="0" />
              </properties>
            </test-case>
            <test-case id="1012" name="CannotFireWithEmptyMagazine" fullname="LastSignal.Tests.WeaponStateTests.CannotFireWithEmptyMagazine" methodname="CannotFireWithEmptyMagazine" classname="LastSignal.Tests.WeaponStateTests" runstate="Runnable" seed="181257874" result="Passed" start-time="2026-09-18 07:43:20Z" end-time="2026-09-18 07:43:20Z" duration="0.000224" asserts="0">
              <properties>
                <property name="retryIteration" value="0" />
                <property name="repeatIteration" value="0" />
              </properties>
            </test-case>
            <test-case id="1028" name="CannotReloadWhileAlreadyReloading" fullname="LastSignal.Tests.WeaponStateTests.CannotReloadWhileAlreadyReloading" methodname="CannotReloadWhileAlreadyReloading" classname="LastSignal.Tests.WeaponStateTests" runstate="Runnable" seed="261480421" result="Passed" start-time="2026-09-18 07:43:20Z" end-time="2026-09-18 07:43:20Z" duration="0.000264" asserts="0">
              <properties>
                <property name="retryIteration" value="0" />
                <property name="repeatIteration" value="0" />
              </properties>
            </test-case>
            <test-case id="1027" name="CannotReloadWhileEquipping" fullname="LastSignal.Tests.WeaponStateTests.CannotReloadWhileEquipping" methodname="CannotReloadWhileEquipping" classname="LastSignal.Tests.WeaponStateTests" runstate="Runnable" seed="1909887586" result="Passed" start-time="2026-09-18 07:43:20Z" end-time="2026-09-18 07:43:20Z" duration="0.000198" asserts="0">
              <properties>
                <property name="retryIteration" value="0" />
                <property name="repeatIteration" value="0" />
              </properties>
            </test-case>
            <test-case id="1020" name="CannotReloadWithFullMagazine" fullname="LastSignal.Tests.WeaponStateTests.CannotReloadWithFullMagazine" methodname="CannotReloadWithFullMagazine" classname="LastSignal.Tests.WeaponStateTests" runstate="Runnable" seed="1968234395" result="Passed" start-time="2026-09-18 07:43:20Z" end-time="2026-09-18 07:43:20Z" duration="0.000196" asserts="0">
              <properties>
                <property name="retryIteration" value="0" />
                <property name="repeatIteration" value="0" />
              </properties>
            </test-case>
            <test-case id="1021" name="CannotReloadWithZeroReserve" fullname="LastSignal.Tests.WeaponStateTests.CannotReloadWithZeroReserve" methodname="CannotReloadWithZeroReserve" classname="LastSignal.Tests.WeaponStateTests" runstate="Runnable" seed="1712527416" result="Passed" start-time="2026-09-18 07:43:20Z" end-time="2026-09-18 07:43:20Z" duration="0.000170" asserts="0">
              <properties>
                <property name="retryIteration" value="0" />
                <property name="repeatIteration" value="0" />
              </properties>
            </test-case>
            <test-case id="1011" name="ConsumeOneShotDecreasesMagazineByOne" fullname="LastSignal.Tests.WeaponStateTests.ConsumeOneShotDecreasesMagazineByOne" methodname="ConsumeOneShotDecreasesMagazineByOne" classname="LastSignal.Tests.WeaponStateTests" runstate="Runnable" seed="1087410282" result="Passed" start-time="2026-09-18 07:43:20Z" end-time="2026-09-18 07:43:20Z" duration="0.000275" asserts="0">
              <properties>
                <property name="retryIteration" value="0" />
                <property name="repeatIteration" value="0" />
              </properties>
            </test-case>
            <test-case id="1014" name="CooldownExpiresAllowsSecondShot" fullname="LastSignal.Tests.WeaponStateTests.CooldownExpiresAllowsSecondShot" methodname="CooldownExpiresAllowsSecondShot" classname="LastSignal.Tests.WeaponStateTests" runstate="Runnable" seed="274889292" result="Passed" start-time="2026-09-18 07:43:20Z" end-time="2026-09-18 07:43:20Z" duration="0.000198" asserts="0">
              <properties>
                <property name="retryIteration" value="0" />
                <property name="repeatIteration" value="0" />
              </properties>
            </test-case>
            <test-case id="1017" name="EmptyReloadIsDetected" fullname="LastSignal.Tests.WeaponStateTests.EmptyReloadIsDetected" methodname="EmptyReloadIsDetected" classname="LastSignal.Tests.WeaponStateTests" runstate="Runnable" seed="695968105" result="Passed" start-time="2026-09-18 07:43:20Z" end-time="2026-09-18 07:43:20Z" duration="0.000179" asserts="0">
              <properties>
                <property name="retryIteration" value="0" />
                <property name="repeatIteration" value="0" />
              </properties>
            </test-case>
            <test-case id="1024" name="EquipTransitionsToEquippingThenReady" fullname="LastSignal.Tests.WeaponStateTests.EquipTransitionsToEquippingThenReady" methodname="EquipTransitionsToEquippingThenReady" classname="LastSignal.Tests.WeaponStateTests" runstate="Runnable" seed="405519300" result="Passed" start-time="2026-09-18 07:43:20Z" end-time="2026-09-18 07:43:20Z" duration="0.001283" asserts="0">
              <properties>
                <property name="retryIteration" value="0" />
                <property name="repeatIteration" value="0" />
              </properties>
            </test-case>
            <test-case id="1032" name="FireCadenceMatchesRPM" fullname="LastSignal.Tests.WeaponStateTests.FireCadenceMatchesRPM" methodname="FireCadenceMatchesRPM" classname="LastSignal.Tests.WeaponStateTests" runstate="Runnable" seed="1532544060" result="Passed" start-time="2026-09-18 07:43:20Z" end-time="2026-09-18 07:43:20Z" duration="0.000267" asserts="0">
              <properties>
                <property name="retryIteration" value="0" />
                <property name="repeatIteration" value="0" />
              </properties>
            </test-case>
            <test-suite type="ParameterizedMethod" id="1036" name="FireCooldownCalculation" fullname="LastSignal.Tests.WeaponStateTests.FireCooldownCalculation" classname="LastSignal.Tests.WeaponStateTests" runstate="Runnable" testcasecount="3" result="Passed" start-time="2026-09-18 07:43:20Z" end-time="2026-09-18 07:43:20Z" duration="0.039884" total="3" passed="3" failed="0" inconclusive="0" skipped="0" asserts="0">
              <properties />
              <test-case id="1033" name="FireCooldownCalculation(300,0.2f)" fullname="LastSignal.Tests.WeaponStateTests.FireCooldownCalculation(300,0.2f)" methodname="FireCooldownCalculation" classname="LastSignal.Tests.WeaponStateTests" runstate="Runnable" seed="1190181414" result="Passed" start-time="2026-09-18 07:43:20Z" end-time="2026-09-18 07:43:20Z" duration="0.001579" asserts="0">
                <properties>
                  <property name="retryIteration" value="0" />
                  <property name="repeatIteration" value="0" />
                </properties>
              </test-case>
              <test-case id="1034" name="FireCooldownCalculation(900,0.06666667f)" fullname="LastSignal.Tests.WeaponStateTests.FireCooldownCalculation(900,0.06666667f)" methodname="FireCooldownCalculation" classname="LastSignal.Tests.WeaponStateTests" runstate="Runnable" seed="2064928273" result="Passed" start-time="2026-09-18 07:43:20Z" end-time="2026-09-18 07:43:20Z" duration="0.000279" asserts="0">
                <properties>
                  <property name="retryIteration" value="0" />
                  <property name="repeatIteration" value="0" />
                </properties>
              </test-case>
              <test-case id="1035" name="FireCooldownCalculation(60,1.0f)" fullname="LastSignal.Tests.WeaponStateTests.FireCooldownCalculation(60,1.0f)" methodname="FireCooldownCalculation" classname="LastSignal.Tests.WeaponStateTests" runstate="Runnable" seed="1592569978" result="Passed" start-time="2026-09-18 07:43:20Z" end-time="2026-09-18 07:43:20Z" duration="0.000139" asserts="0">
                <properties>
                  <property name="retryIteration" value="0" />
                  <property name="repeatIteration" value="0" />
                </properties>
              </test-case>
            </test-suite>
            <test-case id="1030" name="ForceHolsterFromAnyState" fullname="LastSignal.Tests.WeaponStateTests.ForceHolsterFromAnyState" methodname="ForceHolsterFromAnyState" classname="LastSignal.Tests.WeaponStateTests" runstate="Runnable" seed="1411236097" result="Passed" start-time="2026-09-18 07:43:20Z" end-time="2026-09-18 07:43:20Z" duration="0.000240" asserts="0">
              <properties>
                <property name="retryIteration" value="0" />
                <property name="repeatIteration" value="0" />
              </properties>
            </test-case>
            <test-case id="1010" name="InitialAmmoClampedToDefinitionBounds" fullname="LastSignal.Tests.WeaponStateTests.InitialAmmoClampedToDefinitionBounds" methodname="InitialAmmoClampedToDefinitionBounds" classname="LastSignal.Tests.WeaponStateTests" runstate="Runnable" seed="833522709" result="Passed" start-time="2026-09-18 07:43:20Z" end-time="2026-09-18 07:43:20Z" duration="0.000188" asserts="0">
              <properties>
                <property name="retryIteration" value="0" />
                <property name="repeatIteration" value="0" />
              </properties>
            </test-case>
            <test-case id="1009" name="InitialAmmoMatchesConstructorValues" fullname="LastSignal.Tests.WeaponStateTests.InitialAmmoMatchesConstructorValues" methodname="InitialAmmoMatchesConstructorValues" classname="LastSignal.Tests.WeaponStateTests" runstate="Runnable" seed="960853743" result="Passed" start-time="2026-09-18 07:43:20Z" end-time="2026-09-18 07:43:20Z" duration="0.000214" asserts="0">
              <properties>
                <property name="retryIteration" value="0" />
                <property name="repeatIteration" value="0" />
              </properties>
            </test-case>
            <test-case id="1023" name="InitialStateIsHolstered" fullname="LastSignal.Tests.WeaponStateTests.InitialStateIsHolstered" methodname="InitialStateIsHolstered" classname="LastSignal.Tests.WeaponStateTests" runstate="Runnable" seed="911448727" result="Passed" start-time="2026-09-18 07:43:20Z" end-time="2026-09-18 07:43:20Z" duration="0.000169" asserts="0">
              <properties>
                <property name="retryIteration" value="0" />
                <property name="repeatIteration" value="0" />
              </properties>
            </test-case>
            <test-case id="1022" name="InsufficientReserveTransfersOnlyAvailable" fullname="LastSignal.Tests.WeaponStateTests.InsufficientReserveTransfersOnlyAvailable" methodname="InsufficientReserveTransfersOnlyAvailable" classname="LastSignal.Tests.WeaponStateTests" runstate="Runnable" seed="900072217" result="Passed" start-time="2026-09-18 07:43:20Z" end-time="2026-09-18 07:43:20Z" duration="0.000286" asserts="0">
              <properties>
                <property name="retryIteration" value="0" />
                <property name="repeatIteration" value="0" />
              </properties>
            </test-case>
            <test-case id="1018" name="ReloadCancelBeforeCommitPreservesAmmo" fullname="LastSignal.Tests.WeaponStateTests.ReloadCancelBeforeCommitPreservesAmmo" methodname="ReloadCancelBeforeCommitPreservesAmmo" classname="LastSignal.Tests.WeaponStateTests" runstate="Runnable" seed="1969145949" result="Passed" start-time="2026-09-18 07:43:20Z" end-time="2026-09-18 07:43:20Z" duration="0.000323" asserts="0">
              <properties>
                <property name="retryIteration" value="0" />
                <property name="repeatIteration" value="0" />
              </properties>
            </test-case>
            <test-case id="1019" name="ReloadCommitCannotBeDuplicated" fullname="LastSignal.Tests.WeaponStateTests.ReloadCommitCannotBeDuplicated" methodname="ReloadCommitCannotBeDuplicated" classname="LastSignal.Tests.WeaponStateTests" runstate="Runnable" seed="1935944895" result="Passed" start-time="2026-09-18 07:43:20Z" end-time="2026-09-18 07:43:20Z" duration="0.000258" asserts="0">
              <properties>
                <property name="retryIteration" value="0" />
                <property name="repeatIteration" value="0" />
              </properties>
            </test-case>
            <test-case id="1031" name="SemiAutoConsumesOnlyOneShotPerPress" fullname="LastSignal.Tests.WeaponStateTests.SemiAutoConsumesOnlyOneShotPerPress" methodname="SemiAutoConsumesOnlyOneShotPerPress" classname="LastSignal.Tests.WeaponStateTests" runstate="Runnable" seed="673863662" result="Passed" start-time="2026-09-18 07:43:20Z" end-time="2026-09-18 07:43:20Z" duration="0.000189" asserts="0">
              <properties>
                <property name="retryIteration" value="0" />
                <property name="repeatIteration" value="0" />
              </properties>
            </test-case>
            <test-case id="1016" name="TacticalReloadTransfersCorrectAmount" fullname="LastSignal.Tests.WeaponStateTests.TacticalReloadTransfersCorrectAmount" methodname="TacticalReloadTransfersCorrectAmount" classname="LastSignal.Tests.WeaponStateTests" runstate="Runnable" seed="1315338619" result="Passed" start-time="2026-09-18 07:43:20Z" end-time="2026-09-18 07:43:20Z" duration="0.000364" asserts="0">
              <properties>
                <property name="retryIteration" value="0" />
                <property name="repeatIteration" value="0" />
              </properties>
            </test-case>
            <test-case id="1029" name="UnequipTransitionsToUnequippingThenHolstered" fullname="LastSignal.Tests.WeaponStateTests.UnequipTransitionsToUnequippingThenHolstered" methodname="UnequipTransitionsToUnequippingThenHolstered" classname="LastSignal.Tests.WeaponStateTests" runstate="Runnable" seed="1487271508" result="Passed" start-time="2026-09-18 07:43:20Z" end-time="2026-09-18 07:43:20Z" duration="0.000272" asserts="0">
              <properties>
                <property name="retryIteration" value="0" />
                <property name="repeatIteration" value="0" />
              </properties>
              <output><![CDATA[Saving results to: Docs/Implementation/S004/Evidence/20260918-B0A/editmode-results.xml
]]></output>
            </test-case>
          </test-suite>
        </test-suite>
      </test-suite>
    </test-suite>
  </test-suite>
</test-run>