<?xml version="1.0" encoding="utf-8"?>
<test-run id="2" testcasecount="20" result="Failed(Child)" total="20" passed="12" failed="8" inconclusive="0" skipped="0" asserts="0" engine-version="3.5.0.0" clr-version="4.0.30319.42000" start-time="2026-09-18 07:43:39Z" end-time="2026-09-18 07:43:50Z" duration="10.5287041">
  <test-suite type="TestSuite" id="1031" name="Last Signal" fullname="Last Signal" runstate="Runnable" testcasecount="20" result="Failed" site="Child" start-time="2026-09-18 07:43:39Z" end-time="2026-09-18 07:43:50Z" duration="10.528704" total="20" passed="12" failed="8" inconclusive="0" skipped="0" asserts="0">
    <properties>
      <property name="platform" value="PlayMode" />
    </properties>
    <failure>
      <message><![CDATA[One or more child tests had errors]]></message>
    </failure>
    <test-suite type="Assembly" id="1025" name="LastSignal.PlayModeTests.dll" fullname="/Users/burakcoskun/Last Signal/Library/ScriptAssemblies/LastSignal.PlayModeTests.dll" runstate="Runnable" testcasecount="20" result="Failed" site="Child" start-time="2026-09-18 07:43:39Z" end-time="2026-09-18 07:43:50Z" duration="10.508266" total="20" passed="12" failed="8" inconclusive="0" skipped="0" asserts="0">
      <properties>
        <property name="_PID" value="31412" />
        <property name="_APPDOMAIN" value="Unity Child Domain" />
        <property name="platform" value="PlayMode" />
        <property name="EditorOnly" value="False" />
      </properties>
      <failure>
        <message><![CDATA[One or more child tests had errors]]></message>
      </failure>
      <test-suite type="TestSuite" id="1026" name="LastSignal" fullname="LastSignal" runstate="Runnable" testcasecount="20" result="Failed" site="Child" start-time="2026-09-18 07:43:39Z" end-time="2026-09-18 07:43:50Z" duration="10.505018" total="20" passed="12" failed="8" inconclusive="0" skipped="0" asserts="0">
        <properties />
        <failure>
          <message><![CDATA[One or more child tests had errors]]></message>
        </failure>
        <test-suite type="TestSuite" id="1027" name="Tests" fullname="LastSignal.Tests" runstate="Runnable" testcasecount="20" result="Failed" site="Child" start-time="2026-09-18 07:43:39Z" end-time="2026-09-18 07:43:50Z" duration="10.504151" total="20" passed="12" failed="8" inconclusive="0" skipped="0" asserts="0">
          <properties />
          <failure>
            <message><![CDATA[One or more child tests had errors]]></message>
          </failure>
          <test-suite type="TestFixture" id="1001" name="CombatAcceptanceTests" fullname="LastSignal.Tests.CombatAcceptanceTests" classname="LastSignal.Tests.CombatAcceptanceTests" runstate="Runnable" testcasecount="4" result="Failed" site="Child" start-time="2026-09-18 07:43:39Z" end-time="2026-09-18 07:43:45Z" duration="5.510188" total="4" passed="0" failed="4" inconclusive="0" skipped="0" asserts="0">
            <properties />
            <failure>
              <message><![CDATA[One or more child tests had errors]]></message>
            </failure>
            <test-case id="1005" name="ADS_ReducesFOVAndSensitivity" fullname="LastSignal.Tests.CombatAcceptanceTests.ADS_ReducesFOVAndSensitivity" methodname="ADS_ReducesFOVAndSensitivity" classname="LastSignal.Tests.CombatAcceptanceTests" runstate="Runnable" seed="597760721" result="Failed" label="Error" start-time="2026-09-18 07:43:39Z" end-time="2026-09-18 07:43:42Z" duration="2.469967" asserts="0">
              <properties>
                <property name="_JOINTYPE" value="UnityCombinatorial" />
                <property name="retryIteration" value="0" />
                <property name="repeatIteration" value="0" />
              </properties>
              <failure>
                <message><![CDATA[  FOV should decrease during ADS
  Expected: less than 75.0f
  But was:  75.0f

TearDown : System.IndexOutOfRangeException : Index was outside the bounds of the array.]]></message>
                <stack-trace><![CDATA[at LastSignal.Tests.CombatAcceptanceTests+<ADS_ReducesFOVAndSensitivity>d__12.MoveNext () [0x000a4] in /Users/burakcoskun/Last Signal/Assets/LastSignal/Tests/PlayMode/CombatAcceptanceTests.cs:148
at UnityEngine.TestTools.TestEnumerator+<Execute>d__7.MoveNext () [0x0003a] in ./Library/PackageCache/com.unity.test-framework@f3e6c9a02477/UnityEngine.TestRunner/NUnitExtensions/Attributes/TestEnumerator.cs:44

--TearDown
  at UnityEngine.InputSystem.InputManager.AddStateChangeMonitor (UnityEngine.InputSystem.InputControl control, UnityEngine.InputSystem.LowLevel.IInputStateChangeMonitor monitor, System.Int64 monitorIndex, System.UInt32 groupIndex) [0x00059] in ./Library/PackageCache/com.unity.inputsystem@21a28c3a6c83/InputSystem/InputManagerStateMonitors.cs:31 
  at UnityEngine.InputSystem.InputActionState.EnableControls (System.Int32 mapIndex, System.Int32 controlStartIndex, System.Int32 numControls) [0x000b7] in ./Library/PackageCache/com.unity.inputsystem@21a28c3a6c83/InputSystem/Actions/InputActionState.cs:1169 
  at UnityEngine.InputSystem.InputActionState.EnableControls (UnityEngine.InputSystem.InputActionMap map) [0x00088] in ./Library/PackageCache/com.unity.inputsystem@21a28c3a6c83/InputSystem/Actions/InputActionState.cs:975 
  at UnityEngine.InputSystem.InputActionState.EnableAllActions (UnityEngine.InputSystem.InputActionMap map) [0x00037] in ./Library/PackageCache/com.unity.inputsystem@21a28c3a6c83/InputSystem/Actions/InputActionState.cs:935 
  at UnityEngine.InputSystem.InputActionMap.Enable () [0x00020] in ./Library/PackageCache/com.unity.inputsystem@21a28c3a6c83/InputSystem/Actions/InputActionMap.cs:548 
  at LastSignal.PlayerInputReader.SetGameplay (System.Boolean active) [0x0004c] in /Users/burakcoskun/Last Signal/Assets/LastSignal/Runtime/Player/PlayerInputReader.cs:91 
  at LastSignal.SessionFlow.ReturnToMenu () [0x0003b] in /Users/burakcoskun/Last Signal/Assets/LastSignal/Runtime/Session/SessionFlow.cs:46 
  at LastSignal.Tests.CombatAcceptanceTests.TearDown () [0x0000e] in /Users/burakcoskun/Last Signal/Assets/LastSignal/Tests/PlayMode/CombatAcceptanceTests.cs:70 
  at (wrapper managed-to-native) System.Reflection.RuntimeMethodInfo.InternalInvoke(System.Reflection.RuntimeMethodInfo,object,object[],System.Exception&)
  at System.Reflection.RuntimeMethodInfo.Invoke (System.Object obj, System.Reflection.BindingFlags invokeAttr, System.Reflection.Binder binder, System.Object[] parameters, System.Globalization.CultureInfo culture) [0x0006a] in <299d5c9ae27b4d27af003e5f456f4b13>:0 ]]></stack-trace>
              </failure>
              <output><![CDATA[S001 session started: one player, local input.
]]></output>
            </test-case>
            <test-case id="1004" name="AutoFire_FiresContinuouslyWhileHeld" fullname="LastSignal.Tests.CombatAcceptanceTests.AutoFire_FiresContinuouslyWhileHeld" methodname="AutoFire_FiresContinuouslyWhileHeld" classname="LastSignal.Tests.CombatAcceptanceTests" runstate="Runnable" seed="1716659832" result="Failed" start-time="2026-09-18 07:43:42Z" end-time="2026-09-18 07:43:43Z" duration="1.013564" asserts="0">
              <properties>
                <property name="_JOINTYPE" value="UnityCombinatorial" />
                <property name="retryIteration" value="0" />
                <property name="repeatIteration" value="0" />
              </properties>
              <failure>
                <message><![CDATA[SetUp : Unhandled log message: '[Exception] IndexOutOfRangeException: Index was outside the bounds of the array.'. Use UnityEngine.TestTools.LogAssert.Expect]]></message>
                <stack-trace><![CDATA[UnityEngine.InputSystem.InputManager.AddStateChangeMonitor (UnityEngine.InputSystem.InputControl control, UnityEngine.InputSystem.LowLevel.IInputStateChangeMonitor monitor, System.Int64 monitorIndex, System.UInt32 groupIndex) (at ./Library/PackageCache/com.unity.inputsystem@21a28c3a6c83/InputSystem/InputManagerStateMonitors.cs:31)
UnityEngine.InputSystem.InputActionState.EnableControls (System.Int32 mapIndex, System.Int32 controlStartIndex, System.Int32 numControls) (at ./Library/PackageCache/com.unity.inputsystem@21a28c3a6c83/InputSystem/Actions/InputActionState.cs:1169)
UnityEngine.InputSystem.InputActionState.EnableControls (UnityEngine.InputSystem.InputActionMap map) (at ./Library/PackageCache/com.unity.inputsystem@21a28c3a6c83/InputSystem/Actions/InputActionState.cs:975)
UnityEngine.InputSystem.InputActionState.EnableAllActions (UnityEngine.InputSystem.InputActionMap map) (at ./Library/PackageCache/com.unity.inputsystem@21a28c3a6c83/InputSystem/Actions/InputActionState.cs:935)
UnityEngine.InputSystem.InputActionMap.Enable () (at ./Library/PackageCache/com.unity.inputsystem@21a28c3a6c83/InputSystem/Actions/InputActionMap.cs:548)
LastSignal.PlayerInputReader.SetGameplay (System.Boolean active) (at Assets/LastSignal/Runtime/Player/PlayerInputReader.cs:91)
LastSignal.SessionFlow.ReturnToMenu () (at Assets/LastSignal/Runtime/Session/SessionFlow.cs:46)
LastSignal.SessionFlow.OnDestroy () (at Assets/LastSignal/Runtime/Session/SessionFlow.cs:58)

]]></stack-trace>
              </failure>
              <output><![CDATA[IndexOutOfRangeException: Index was outside the bounds of the array.
UnityEngine.InputSystem.InputManager.AddStateChangeMonitor (UnityEngine.InputSystem.InputControl control, UnityEngine.InputSystem.LowLevel.IInputStateChangeMonitor monitor, System.Int64 monitorIndex, System.UInt32 groupIndex) (at ./Library/PackageCache/com.unity.inputsystem@21a28c3a6c83/InputSystem/InputManagerStateMonitors.cs:31)
UnityEngine.InputSystem.InputActionState.EnableControls (System.Int32 mapIndex, System.Int32 controlStartIndex, System.Int32 numControls) (at ./Library/PackageCache/com.unity.inputsystem@21a28c3a6c83/InputSystem/Actions/InputActionState.cs:1169)
UnityEngine.InputSystem.InputActionState.EnableControls (UnityEngine.InputSystem.InputActionMap map) (at ./Library/PackageCache/com.unity.inputsystem@21a28c3a6c83/InputSystem/Actions/InputActionState.cs:975)
UnityEngine.InputSystem.InputActionState.EnableAllActions (UnityEngine.InputSystem.InputActionMap map) (at ./Library/PackageCache/com.unity.inputsystem@21a28c3a6c83/InputSystem/Actions/InputActionState.cs:935)
UnityEngine.InputSystem.InputActionMap.Enable () (at ./Library/PackageCache/com.unity.inputsystem@21a28c3a6c83/InputSystem/Actions/InputActionMap.cs:548)
LastSignal.PlayerInputReader.SetGameplay (System.Boolean active) (at Assets/LastSignal/Runtime/Player/PlayerInputReader.cs:91)
LastSignal.SessionFlow.ReturnToMenu () (at Assets/LastSignal/Runtime/Session/SessionFlow.cs:46)
LastSignal.SessionFlow.OnDestroy () (at Assets/LastSignal/Runtime/Session/SessionFlow.cs:58)

IndexOutOfRangeException: Index was outside the bounds of the array.
UnityEngine.InputSystem.InputManager.AddStateChangeMonitor (UnityEngine.InputSystem.InputControl control, UnityEngine.InputSystem.LowLevel.IInputStateChangeMonitor monitor, System.Int64 monitorIndex, System.UInt32 groupIndex) (at ./Library/PackageCache/com.unity.inputsystem@21a28c3a6c83/InputSystem/InputManagerStateMonitors.cs:31)
UnityEngine.InputSystem.InputActionState.EnableControls (System.Int32 mapIndex, System.Int32 controlStartIndex, System.Int32 numControls) (at ./Library/PackageCache/com.unity.inputsystem@21a28c3a6c83/InputSystem/Actions/InputActionState.cs:1169)
UnityEngine.InputSystem.InputActionState.EnableControls (UnityEngine.InputSystem.InputAction action) (at ./Library/PackageCache/com.unity.inputsystem@21a28c3a6c83/InputSystem/Actions/InputActionState.cs:1031)
UnityEngine.InputSystem.InputActionState.EnableSingleAction (UnityEngine.InputSystem.InputAction action) (at ./Library/PackageCache/com.unity.inputsystem@21a28c3a6c83/InputSystem/Actions/InputActionState.cs:984)
UnityEngine.InputSystem.InputAction.Enable () (at ./Library/PackageCache/com.unity.inputsystem@21a28c3a6c83/InputSystem/Actions/InputAction.cs:922)
UnityEngine.InputSystem.UI.InputSystemUIInputModule.EnableInputAction (UnityEngine.InputSystem.InputActionReference inputActionReference) (at ./Library/PackageCache/com.unity.inputsystem@21a28c3a6c83/InputSystem/Plugins/UI/InputSystemUIInputModule.cs:1749)
UnityEngine.InputSystem.UI.InputSystemUIInputModule.EnableAllActions () (at ./Library/PackageCache/com.unity.inputsystem@21a28c3a6c83/InputSystem/Plugins/UI/InputSystemUIInputModule.cs:1704)
UnityEngine.InputSystem.UI.InputSystemUIInputModule.OnEnable () (at ./Library/PackageCache/com.unity.inputsystem@21a28c3a6c83/InputSystem/Plugins/UI/InputSystemUIInputModule.cs:1652)

S001 session started: one player, local input.
]]></output>
            </test-case>
            <test-case id="1002" name="Fire_ConsumesAmmoAndDamagesTarget" fullname="LastSignal.Tests.CombatAcceptanceTests.Fire_ConsumesAmmoAndDamagesTarget" methodname="Fire_ConsumesAmmoAndDamagesTarget" classname="LastSignal.Tests.CombatAcceptanceTests" runstate="Runnable" seed="66725798" result="Failed" start-time="2026-09-18 07:43:43Z" end-time="2026-09-18 07:43:44Z" duration="1.026086" asserts="0">
              <properties>
                <property name="_JOINTYPE" value="UnityCombinatorial" />
                <property name="retryIteration" value="0" />
                <property name="repeatIteration" value="0" />
              </properties>
              <failure>
                <message><![CDATA[SetUp : Unhandled log message: '[Exception] IndexOutOfRangeException: Index was outside the bounds of the array.'. Use UnityEngine.TestTools.LogAssert.Expect]]></message>
                <stack-trace><![CDATA[UnityEngine.InputSystem.InputManager.AddStateChangeMonitor (UnityEngine.InputSystem.InputControl control, UnityEngine.InputSystem.LowLevel.IInputStateChangeMonitor monitor, System.Int64 monitorIndex, System.UInt32 groupIndex) (at ./Library/PackageCache/com.unity.inputsystem@21a28c3a6c83/InputSystem/InputManagerStateMonitors.cs:31)
UnityEngine.InputSystem.InputActionState.EnableControls (System.Int32 mapIndex, System.Int32 controlStartIndex, System.Int32 numControls) (at ./Library/PackageCache/com.unity.inputsystem@21a28c3a6c83/InputSystem/Actions/InputActionState.cs:1169)
UnityEngine.InputSystem.InputActionState.EnableControls (UnityEngine.InputSystem.InputAction action) (at ./Library/PackageCache/com.unity.inputsystem@21a28c3a6c83/InputSystem/Actions/InputActionState.cs:1031)
UnityEngine.InputSystem.InputActionState.EnableSingleAction (UnityEngine.InputSystem.InputAction action) (at ./Library/PackageCache/com.unity.inputsystem@21a28c3a6c83/InputSystem/Actions/InputActionState.cs:984)
UnityEngine.InputSystem.InputAction.Enable () (at ./Library/PackageCache/com.unity.inputsystem@21a28c3a6c83/InputSystem/Actions/InputAction.cs:922)
UnityEngine.InputSystem.UI.InputSystemUIInputModule.EnableInputAction (UnityEngine.InputSystem.InputActionReference inputActionReference) (at ./Library/PackageCache/com.unity.inputsystem@21a28c3a6c83/InputSystem/Plugins/UI/InputSystemUIInputModule.cs:1749)
UnityEngine.InputSystem.UI.InputSystemUIInputModule.EnableAllActions () (at ./Library/PackageCache/com.unity.inputsystem@21a28c3a6c83/InputSystem/Plugins/UI/InputSystemUIInputModule.cs:1704)
UnityEngine.InputSystem.UI.InputSystemUIInputModule.OnEnable () (at ./Library/PackageCache/com.unity.inputsystem@21a28c3a6c83/InputSystem/Plugins/UI/InputSystemUIInputModule.cs:1652)

]]></stack-trace>
              </failure>
              <output><![CDATA[IndexOutOfRangeException: Index was outside the bounds of the array.
UnityEngine.InputSystem.InputManager.AddStateChangeMonitor (UnityEngine.InputSystem.InputControl control, UnityEngine.InputSystem.LowLevel.IInputStateChangeMonitor monitor, System.Int64 monitorIndex, System.UInt32 groupIndex) (at ./Library/PackageCache/com.unity.inputsystem@21a28c3a6c83/InputSystem/InputManagerStateMonitors.cs:31)
UnityEngine.InputSystem.InputActionState.EnableControls (System.Int32 mapIndex, System.Int32 controlStartIndex, System.Int32 numControls) (at ./Library/PackageCache/com.unity.inputsystem@21a28c3a6c83/InputSystem/Actions/InputActionState.cs:1169)
UnityEngine.InputSystem.InputActionState.EnableControls (UnityEngine.InputSystem.InputAction action) (at ./Library/PackageCache/com.unity.inputsystem@21a28c3a6c83/InputSystem/Actions/InputActionState.cs:1031)
UnityEngine.InputSystem.InputActionState.EnableSingleAction (UnityEngine.InputSystem.InputAction action) (at ./Library/PackageCache/com.unity.inputsystem@21a28c3a6c83/InputSystem/Actions/InputActionState.cs:984)
UnityEngine.InputSystem.InputAction.Enable () (at ./Library/PackageCache/com.unity.inputsystem@21a28c3a6c83/InputSystem/Actions/InputAction.cs:922)
UnityEngine.InputSystem.UI.InputSystemUIInputModule.EnableInputAction (UnityEngine.InputSystem.InputActionReference inputActionReference) (at ./Library/PackageCache/com.unity.inputsystem@21a28c3a6c83/InputSystem/Plugins/UI/InputSystemUIInputModule.cs:1749)
UnityEngine.InputSystem.UI.InputSystemUIInputModule.EnableAllActions () (at ./Library/PackageCache/com.unity.inputsystem@21a28c3a6c83/InputSystem/Plugins/UI/InputSystemUIInputModule.cs:1704)
UnityEngine.InputSystem.UI.InputSystemUIInputModule.OnEnable () (at ./Library/PackageCache/com.unity.inputsystem@21a28c3a6c83/InputSystem/Plugins/UI/InputSystemUIInputModule.cs:1652)

S001 session started: one player, local input.
]]></output>
            </test-case>
            <test-case id="1003" name="Reload_TransfersAmmoAfterDuration" fullname="LastSignal.Tests.CombatAcceptanceTests.Reload_TransfersAmmoAfterDuration" methodname="Reload_TransfersAmmoAfterDuration" classname="LastSignal.Tests.CombatAcceptanceTests" runstate="Runnable" seed="1468500283" result="Failed" start-time="2026-09-18 07:43:44Z" end-time="2026-09-18 07:43:45Z" duration="0.985563" asserts="0">
              <properties>
                <property name="_JOINTYPE" value="UnityCombinatorial" />
                <property name="retryIteration" value="0" />
                <property name="repeatIteration" value="0" />
              </properties>
              <failure>
                <message><![CDATA[SetUp : Unhandled log message: '[Exception] IndexOutOfRangeException: Index was outside the bounds of the array.'. Use UnityEngine.TestTools.LogAssert.Expect]]></message>
                <stack-trace><![CDATA[UnityEngine.InputSystem.InputManager.AddStateChangeMonitor (UnityEngine.InputSystem.InputControl control, UnityEngine.InputSystem.LowLevel.IInputStateChangeMonitor monitor, System.Int64 monitorIndex, System.UInt32 groupIndex) (at ./Library/PackageCache/com.unity.inputsystem@21a28c3a6c83/InputSystem/InputManagerStateMonitors.cs:31)
UnityEngine.InputSystem.InputActionState.EnableControls (System.Int32 mapIndex, System.Int32 controlStartIndex, System.Int32 numControls) (at ./Library/PackageCache/com.unity.inputsystem@21a28c3a6c83/InputSystem/Actions/InputActionState.cs:1169)
UnityEngine.InputSystem.InputActionState.EnableControls (UnityEngine.InputSystem.InputAction action) (at ./Library/PackageCache/com.unity.inputsystem@21a28c3a6c83/InputSystem/Actions/InputActionState.cs:1031)
UnityEngine.InputSystem.InputActionState.EnableSingleAction (UnityEngine.InputSystem.InputAction action) (at ./Library/PackageCache/com.unity.inputsystem@21a28c3a6c83/InputSystem/Actions/InputActionState.cs:984)
UnityEngine.InputSystem.InputAction.Enable () (at ./Library/PackageCache/com.unity.inputsystem@21a28c3a6c83/InputSystem/Actions/InputAction.cs:922)
UnityEngine.InputSystem.UI.InputSystemUIInputModule.EnableInputAction (UnityEngine.InputSystem.InputActionReference inputActionReference) (at ./Library/PackageCache/com.unity.inputsystem@21a28c3a6c83/InputSystem/Plugins/UI/InputSystemUIInputModule.cs:1749)
UnityEngine.InputSystem.UI.InputSystemUIInputModule.EnableAllActions () (at ./Library/PackageCache/com.unity.inputsystem@21a28c3a6c83/InputSystem/Plugins/UI/InputSystemUIInputModule.cs:1704)
UnityEngine.InputSystem.UI.InputSystemUIInputModule.OnEnable () (at ./Library/PackageCache/com.unity.inputsystem@21a28c3a6c83/InputSystem/Plugins/UI/InputSystemUIInputModule.cs:1652)

]]></stack-trace>
              </failure>
              <output><![CDATA[IndexOutOfRangeException: Index was outside the bounds of the array.
UnityEngine.InputSystem.InputManager.AddStateChangeMonitor (UnityEngine.InputSystem.InputControl control, UnityEngine.InputSystem.LowLevel.IInputStateChangeMonitor monitor, System.Int64 monitorIndex, System.UInt32 groupIndex) (at ./Library/PackageCache/com.unity.inputsystem@21a28c3a6c83/InputSystem/InputManagerStateMonitors.cs:31)
UnityEngine.InputSystem.InputActionState.EnableControls (System.Int32 mapIndex, System.Int32 controlStartIndex, System.Int32 numControls) (at ./Library/PackageCache/com.unity.inputsystem@21a28c3a6c83/InputSystem/Actions/InputActionState.cs:1169)
UnityEngine.InputSystem.InputActionState.EnableControls (UnityEngine.InputSystem.InputAction action) (at ./Library/PackageCache/com.unity.inputsystem@21a28c3a6c83/InputSystem/Actions/InputActionState.cs:1031)
UnityEngine.InputSystem.InputActionState.EnableSingleAction (UnityEngine.InputSystem.InputAction action) (at ./Library/PackageCache/com.unity.inputsystem@21a28c3a6c83/InputSystem/Actions/InputActionState.cs:984)
UnityEngine.InputSystem.InputAction.Enable () (at ./Library/PackageCache/com.unity.inputsystem@21a28c3a6c83/InputSystem/Actions/InputAction.cs:922)
UnityEngine.InputSystem.UI.InputSystemUIInputModule.EnableInputAction (UnityEngine.InputSystem.InputActionReference inputActionReference) (at ./Library/PackageCache/com.unity.inputsystem@21a28c3a6c83/InputSystem/Plugins/UI/InputSystemUIInputModule.cs:1749)
UnityEngine.InputSystem.UI.InputSystemUIInputModule.EnableAllActions () (at ./Library/PackageCache/com.unity.inputsystem@21a28c3a6c83/InputSystem/Plugins/UI/InputSystemUIInputModule.cs:1704)
UnityEngine.InputSystem.UI.InputSystemUIInputModule.OnEnable () (at ./Library/PackageCache/com.unity.inputsystem@21a28c3a6c83/InputSystem/Plugins/UI/InputSystemUIInputModule.cs:1652)

S001 session started: one player, local input.
]]></output>
            </test-case>
          </test-suite>
          <test-suite type="TestFixture" id="1006" name="MovementAcceptanceTests" fullname="LastSignal.Tests.MovementAcceptanceTests" classname="LastSignal.Tests.MovementAcceptanceTests" runstate="Runnable" testcasecount="16" result="Failed" site="Child" start-time="2026-09-18 07:43:45Z" end-time="2026-09-18 07:43:50Z" duration="4.992233" total="16" passed="12" failed="4" inconclusive="0" skipped="0" asserts="0">
            <properties />
            <failure>
              <message><![CDATA[One or more child tests had errors]]></message>
            </failure>
            <test-case id="1013" name="CeilingRejectsStandThenAllowsNewRequestWithoutFootDrift" fullname="LastSignal.Tests.MovementAcceptanceTests.CeilingRejectsStandThenAllowsNewRequestWithoutFootDrift" methodname="CeilingRejectsStandThenAllowsNewRequestWithoutFootDrift" classname="LastSignal.Tests.MovementAcceptanceTests" runstate="Runnable" seed="432401835" result="Failed" start-time="2026-09-18 07:43:45Z" end-time="2026-09-18 07:43:45Z" duration="0.017870" asserts="0">
              <properties>
                <property name="retryIteration" value="0" />
                <property name="repeatIteration" value="0" />
              </properties>
              <failure>
                <message><![CDATA[  Expected: True
  But was:  False
]]></message>
                <stack-trace><![CDATA[at LastSignal.Tests.MovementAcceptanceTests.CeilingRejectsStandThenAllowsNewRequestWithoutFootDrift () [0x000d2] in /Users/burakcoskun/Last Signal/Assets/LastSignal/Tests/PlayMode/MovementAcceptanceTests.cs:113
]]></stack-trace>
              </failure>
            </test-case>
            <test-case id="1019" name="DoorOpensClosesAndStopsForObstruction" fullname="LastSignal.Tests.MovementAcceptanceTests.DoorOpensClosesAndStopsForObstruction" methodname="DoorOpensClosesAndStopsForObstruction" classname="LastSignal.Tests.MovementAcceptanceTests" runstate="Runnable" seed="1119447526" result="Passed" start-time="2026-09-18 07:43:45Z" end-time="2026-09-18 07:43:49Z" duration="4.018455" asserts="0">
              <properties>
                <property name="_JOINTYPE" value="UnityCombinatorial" />
                <property name="retryIteration" value="0" />
                <property name="repeatIteration" value="0" />
              </properties>
              <output><![CDATA[There are 2 audio listeners in the scene. Please ensure there is always exactly one audio listener in the scene.
There are 2 audio listeners in the scene. Please ensure there is always exactly one audio listener in the scene.
There are 2 audio listeners in the scene. Please ensure there is always exactly one audio listener in the scene.
There are 2 audio listeners in the scene. Please ensure there is always exactly one audio listener in the scene.
There are 2 audio listeners in the scene. Please ensure there is always exactly one audio listener in the scene.
There are 2 audio listeners in the scene. Please ensure there is always exactly one audio listener in the scene.
There are 2 audio listeners in the scene. Please ensure there is always exactly one audio listener in the scene.
There are 2 audio listeners in the scene. Please ensure there is always exactly one audio listener in the scene.
There are 2 audio listeners in the scene. Please ensure there is always exactly one audio listener in the scene.
There are 2 audio listeners in the scene. Please ensure there is always exactly one audio listener in the scene.
There are 2 audio listeners in the scene. Please ensure there is always exactly one audio listener in the scene.
There are 2 audio listeners in the scene. Please ensure there is always exactly one audio listener in the scene.
There are 2 audio listeners in the scene. Please ensure there is always exactly one audio listener in the scene.
There are 2 audio listeners in the scene. Please ensure there is always exactly one audio listener in the scene.
There are 2 audio listeners in the scene. Please ensure there is always exactly one audio listener in the scene.
There are 2 audio listeners in the scene. Please ensure there is always exactly one audio listener in the scene.
There are 2 audio listeners in the scene. Please ensure there is always exactly one audio listener in the scene.
There are 2 audio listeners in the scene. Please ensure there is always exactly one audio listener in the scene.
There are 2 audio listeners in the scene. Please ensure there is always exactly one audio listener in the scene.
There are 2 audio listeners in the scene. Please ensure there is always exactly one audio listener in the scene.
There are 2 audio listeners in the scene. Please ensure there is always exactly one audio listener in the scene.
There are 2 audio listeners in the scene. Please ensure there is always exactly one audio listener in the scene.
There are 2 audio listeners in the scene. Please ensure there is always exactly one audio listener in the scene.
There are 2 audio listeners in the scene. Please ensure there is always exactly one audio listener in the scene.
There are 2 audio listeners in the scene. Please ensure there is always exactly one audio listener in the scene.
There are 2 audio listeners in the scene. Please ensure there is always exactly one audio listener in the scene.
There are 2 audio listeners in the scene. Please ensure there is always exactly one audio listener in the scene.
There are 2 audio listeners in the scene. Please ensure there is always exactly one audio listener in the scene.
There are 2 audio listeners in the scene. Please ensure there is always exactly one audio listener in the scene.
There are 2 audio listeners in the scene. Please ensure there is always exactly one audio listener in the scene.
There are 2 audio listeners in the scene. Please ensure there is always exactly one audio listener in the scene.
There are 2 audio listeners in the scene. Please ensure there is always exactly one audio listener in the scene.
There are 2 audio listeners in the scene. Please ensure there is always exactly one audio listener in the scene.
There are 2 audio listeners in the scene. Please ensure there is always exactly one audio listener in the scene.
There are 2 audio listeners in the scene. Please ensure there is always exactly one audio listener in the scene.
There are 2 audio listeners in the scene. Please ensure there is always exactly one audio listener in the scene.
There are 2 audio listeners in the scene. Please ensure there is always exactly one audio listener in the scene.
There are 2 audio listeners in the scene. Please ensure there is always exactly one audio listener in the scene.
There are 2 audio listeners in the scene. Please ensure there is always exactly one audio listener in the scene.
There are 2 audio listeners in the scene. Please ensure there is always exactly one audio listener in the scene.
There are 2 audio listeners in the scene. Please ensure there is always exactly one audio listener in the scene.
There are 2 audio listeners in the scene. Please ensure there is always exactly one audio listener in the scene.
There are 2 audio listeners in the scene. Please ensure there is always exactly one audio listener in the scene.
There are 2 audio listeners in the scene. Please ensure there is always exactly one audio listener in the scene.
There are 2 audio listeners in the scene. Please ensure there is always exactly one audio listener in the scene.
There are 2 audio listeners in the scene. Please ensure there is always exactly one audio listener in the scene.
There are 2 audio listeners in the scene. Please ensure there is always exactly one audio listener in the scene.
There are 2 audio listeners in the scene. Please ensure there is always exactly one audio listener in the scene.
There are 2 audio listeners in the scene. Please ensure there is always exactly one audio listener in the scene.
There are 2 audio listeners in the scene. Please ensure there is always exactly one audio listener in the scene.
There are 2 audio listeners in the scene. Please ensure there is always exactly one audio listener in the scene.
There are 2 audio listeners in the scene. Please ensure there is always exactly one audio listener in the scene.
There are 2 audio listeners in the scene. Please ensure there is always exactly one audio listener in the scene.
There are 2 audio listeners in the scene. Please ensure there is always exactly one audio listener in the scene.
There are 2 audio listeners in the scene. Please ensure there is always exactly one audio listener in the scene.
There are 2 audio listeners in the scene. Please ensure there is always exactly one audio listener in the scene.
There are 2 audio listeners in the scene. Please ensure there is always exactly one audio listener in the scene.
There are 2 audio listeners in the scene. Please ensure there is always exactly one audio listener in the scene.
There are 2 audio listeners in the scene. Please ensure there is always exactly one audio listener in the scene.
There are 2 audio listeners in the scene. Please ensure there is always exactly one audio listener in the scene.
There are 2 audio listeners in the scene. Please ensure there is always exactly one audio listener in the scene.
There are 2 audio listeners in the scene. Please ensure there is always exactly one audio listener in the scene.
There are 2 audio listeners in the scene. Please ensure there is always exactly one audio listener in the scene.
There are 2 audio listeners in the scene. Please ensure there is always exactly one audio listener in the scene.
There are 2 audio listeners in the scene. Please ensure there is always exactly one audio listener in the scene.
There are 2 audio listeners in the scene. Please ensure there is always exactly one audio listener in the scene.
There are 2 audio listeners in the scene. Please ensure there is always exactly one audio listener in the scene.
There are 2 audio listeners in the scene. Please ensure there is always exactly one audio listener in the scene.
There are 2 audio listeners in the scene. Please ensure there is always exactly one audio listener in the scene.
There are 2 audio listeners in the scene. Please ensure there is always exactly one audio listener in the scene.
There are 2 audio listeners in the scene. Please ensure there is always exactly one audio listener in the scene.
There are 2 audio listeners in the scene. Please ensure there is always exactly one audio listener in the scene.
There are 2 audio listeners in the scene. Please ensure there is always exactly one audio listener in the scene.
There are 2 audio listeners in the scene. Please ensure there is always exactly one audio listener in the scene.
There are 2 audio listeners in the scene. Please ensure there is always exactly one audio listener in the scene.
There are 2 audio listeners in the scene. Please ensure there is always exactly one audio listener in the scene.
There are 2 audio listeners in the scene. Please ensure there is always exactly one audio listener in the scene.
There are 2 audio listeners in the scene. Please ensure there is always exactly one audio listener in the scene.
There are 2 audio listeners in the scene. Please ensure there is always exactly one audio listener in the scene.
There are 2 audio listeners in the scene. Please ensure there is always exactly one audio listener in the scene.
There are 2 audio listeners in the scene. Please ensure there is always exactly one audio listener in the scene.
There are 2 audio listeners in the scene. Please ensure there is always exactly one audio listener in the scene.
There are 2 audio listeners in the scene. Please ensure there is always exactly one audio listener in the scene.
There are 2 audio listeners in the scene. Please ensure there is always exactly one audio listener in the scene.
There are 2 audio listeners in the scene. Please ensure there is always exactly one audio listener in the scene.
There are 2 audio listeners in the scene. Please ensure there is always exactly one audio listener in the scene.
There are 2 audio listeners in the scene. Please ensure there is always exactly one audio listener in the scene.
There are 2 audio listeners in the scene. Please ensure there is always exactly one audio listener in the scene.
There are 2 audio listeners in the scene. Please ensure there is always exactly one audio listener in the scene.
There are 2 audio listeners in the scene. Please ensure there is always exactly one audio listener in the scene.
There are 2 audio listeners in the scene. Please ensure there is always exactly one audio listener in the scene.
There are 2 audio listeners in the scene. Please ensure there is always exactly one audio listener in the scene.
There are 2 audio listeners in the scene. Please ensure there is always exactly one audio listener in the scene.
There are 2 audio listeners in the scene. Please ensure there is always exactly one audio listener in the scene.
There are 2 audio listeners in the scene. Please ensure there is always exactly one audio listener in the scene.
There are 2 audio listeners in the scene. Please ensure there is always exactly one audio listener in the scene.
There are 2 audio listeners in the scene. Please ensure there is always exactly one audio listener in the scene.
There are 2 audio listeners in the scene. Please ensure there is always exactly one audio listener in the scene.
There are 2 audio listeners in the scene. Please ensure there is always exactly one audio listener in the scene.
There are 2 audio listeners in the scene. Please ensure there is always exactly one audio listener in the scene.
There are 2 audio listeners in the scene. Please ensure there is always exactly one audio listener in the scene.
There are 2 audio listeners in the scene. Please ensure there is always exactly one audio listener in the scene.
There are 2 audio listeners in the scene. Please ensure there is always exactly one audio listener in the scene.
There are 2 audio listeners in the scene. Please ensure there is always exactly one audio listener in the scene.
There are 2 audio listeners in the scene. Please ensure there is always exactly one audio listener in the scene.
There are 2 audio listeners in the scene. Please ensure there is always exactly one audio listener in the scene.
There are 2 audio listeners in the scene. Please ensure there is always exactly one audio listener in the scene.
There are 2 audio listeners in the scene. Please ensure there is always exactly one audio listener in the scene.
There are 2 audio listeners in the scene. Please ensure there is always exactly one audio listener in the scene.
There are 2 audio listeners in the scene. Please ensure there is always exactly one audio listener in the scene.
There are 2 audio listeners in the scene. Please ensure there is always exactly one audio listener in the scene.
There are 2 audio listeners in the scene. Please ensure there is always exactly one audio listener in the scene.
There are 2 audio listeners in the scene. Please ensure there is always exactly one audio listener in the scene.
There are 2 audio listeners in the scene. Please ensure there is always exactly one audio listener in the scene.
There are 2 audio listeners in the scene. Please ensure there is always exactly one audio listener in the scene.
There are 2 audio listeners in the scene. Please ensure there is always exactly one audio listener in the scene.
There are 2 audio listeners in the scene. Please ensure there is always exactly one audio listener in the scene.
There are 2 audio listeners in the scene. Please ensure there is always exactly one audio listener in the scene.
There are 2 audio listeners in the scene. Please ensure there is always exactly one audio listener in the scene.
There are 2 audio listeners in the scene. Please ensure there is always exactly one audio listener in the scene.
There are 2 audio listeners in the scene. Please ensure there is always exactly one audio listener in the scene.
There are 2 audio listeners in the scene. Please ensure there is always exactly one audio listener in the scene.
There are 2 audio listeners in the scene. Please ensure there is always exactly one audio listener in the scene.
There are 2 audio listeners in the scene. Please ensure there is always exactly one audio listener in the scene.
There are 2 audio listeners in the scene. Please ensure there is always exactly one audio listener in the scene.
There are 2 audio listeners in the scene. Please ensure there is always exactly one audio listener in the scene.
There are 2 audio listeners in the scene. Please ensure there is always exactly one audio listener in the scene.
There are 2 audio listeners in the scene. Please ensure there is always exactly one audio listener in the scene.
There are 2 audio listeners in the scene. Please ensure there is always exactly one audio listener in the scene.
There are 2 audio listeners in the scene. Please ensure there is always exactly one audio listener in the scene.
There are 2 audio listeners in the scene. Please ensure there is always exactly one audio listener in the scene.
There are 2 audio listeners in the scene. Please ensure there is always exactly one audio listener in the scene.
There are 2 audio listeners in the scene. Please ensure there is always exactly one audio listener in the scene.
There are 2 audio listeners in the scene. Please ensure there is always exactly one audio listener in the scene.
There are 2 audio listeners in the scene. Please ensure there is always exactly one audio listener in the scene.
There are 2 audio listeners in the scene. Please ensure there is always exactly one audio listener in the scene.
There are 2 audio listeners in the scene. Please ensure there is always exactly one audio listener in the scene.
There are 2 audio listeners in the scene. Please ensure there is always exactly one audio listener in the scene.
There are 2 audio listeners in the scene. Please ensure there is always exactly one audio listener in the scene.
There are 2 audio listeners in the scene. Please ensure there is always exactly one audio listener in the scene.
There are 2 audio listeners in the scene. Please ensure there is always exactly one audio listener in the scene.
There are 2 audio listeners in the scene. Please ensure there is always exactly one audio listener in the scene.
There are 2 audio listeners in the scene. Please ensure there is always exactly one audio listener in the scene.
There are 2 audio listeners in the scene. Please ensure there is always exactly one audio listener in the scene.
There are 2 audio listeners in the scene. Please ensure there is always exactly one audio listener in the scene.
There are 2 audio listeners in the scene. Please ensure there is always exactly one audio listener in the scene.
There are 2 audio listeners in the scene. Please ensure there is always exactly one audio listener in the scene.
There are 2 audio listeners in the scene. Please ensure there is always exactly one audio listener in the scene.
There are 2 audio listeners in the scene. Please ensure there is always exactly one audio listener in the scene.
There are 2 audio listeners in the scene. Please ensure there is always exactly one audio listener in the scene.
There are 2 audio listeners in the scene. Please ensure there is always exactly one audio listener in the scene.
There are 2 audio listeners in the scene. Please ensure there is always exactly one audio listener in the scene.
There are 2 audio listeners in the scene. Please ensure there is always exactly one audio listener in the scene.
There are 2 audio listeners in the scene. Please ensure there is always exactly one audio listener in the scene.
There are 2 audio listeners in the scene. Please ensure there is always exactly one audio listener in the scene.
There are 2 audio listeners in the scene. Please ensure there is always exactly one audio listener in the scene.
There are 2 audio listeners in the scene. Please ensure there is always exactly one audio listener in the scene.
There are 2 audio listeners in the scene. Please ensure there is always exactly one audio listener in the scene.
There are 2 audio listeners in the scene. Please ensure there is always exactly one audio listener in the scene.
There are 2 audio listeners in the scene. Please ensure there is always exactly one audio listener in the scene.
There are 2 audio listeners in the scene. Please ensure there is always exactly one audio listener in the scene.
There are 2 audio listeners in the scene. Please ensure there is always exactly one audio listener in the scene.
There are 2 audio listeners in the scene. Please ensure there is always exactly one audio listener in the scene.
There are 2 audio listeners in the scene. Please ensure there is always exactly one audio listener in the scene.
There are 2 audio listeners in the scene. Please ensure there is always exactly one audio listener in the scene.
There are 2 audio listeners in the scene. Please ensure there is always exactly one audio listener in the scene.
There are 2 audio listeners in the scene. Please ensure there is always exactly one audio listener in the scene.
There are 2 audio listeners in the scene. Please ensure there is always exactly one audio listener in the scene.
There are 2 audio listeners in the scene. Please ensure there is always exactly one audio listener in the scene.
There are 2 audio listeners in the scene. Please ensure there is always exactly one audio listener in the scene.
There are 2 audio listeners in the scene. Please ensure there is always exactly one audio listener in the scene.
There are 2 audio listeners in the scene. Please ensure there is always exactly one audio listener in the scene.
There are 2 audio listeners in the scene. Please ensure there is always exactly one audio listener in the scene.
There are 2 audio listeners in the scene. Please ensure there is always exactly one audio listener in the scene.
There are 2 audio listeners in the scene. Please ensure there is always exactly one audio listener in the scene.
There are 2 audio listeners in the scene. Please ensure there is always exactly one audio listener in the scene.
There are 2 audio listeners in the scene. Please ensure there is always exactly one audio listener in the scene.
There are 2 audio listeners in the scene. Please ensure there is always exactly one audio listener in the scene.
There are 2 audio listeners in the scene. Please ensure there is always exactly one audio listener in the scene.
There are 2 audio listeners in the scene. Please ensure there is always exactly one audio listener in the scene.
There are 2 audio listeners in the scene. Please ensure there is always exactly one audio listener in the scene.
There are 2 audio listeners in the scene. Please ensure there is always exactly one audio listener in the scene.
There are 2 audio listeners in the scene. Please ensure there is always exactly one audio listener in the scene.
There are 2 audio listeners in the scene. Please ensure there is always exactly one audio listener in the scene.
There are 2 audio listeners in the scene. Please ensure there is always exactly one audio listener in the scene.
There are 2 audio listeners in the scene. Please ensure there is always exactly one audio listener in the scene.
There are 2 audio listeners in the scene. Please ensure there is always exactly one audio listener in the scene.
There are 2 audio listeners in the scene. Please ensure there is always exactly one audio listener in the scene.
There are 2 audio listeners in the scene. Please ensure there is always exactly one audio listener in the scene.
There are 2 audio listeners in the scene. Please ensure there is always exactly one audio listener in the scene.
There are 2 audio listeners in the scene. Please ensure there is always exactly one audio listener in the scene.
There are 2 audio listeners in the scene. Please ensure there is always exactly one audio listener in the scene.
There are 2 audio listeners in the scene. Please ensure there is always exactly one audio listener in the scene.
There are 2 audio listeners in the scene. Please ensure there is always exactly one audio listener in the scene.
There are 2 audio listeners in the scene. Please ensure there is always exactly one audio listener in the scene.
There are 2 audio listeners in the scene. Please ensure there is always exactly one audio listener in the scene.
There are 2 audio listeners in the scene. Please ensure there is always exactly one audio listener in the scene.
There are 2 audio listeners in the scene. Please ensure there is always exactly one audio listener in the scene.
There are 2 audio listeners in the scene. Please ensure there is always exactly one audio listener in the scene.
There are 2 audio listeners in the scene. Please ensure there is always exactly one audio listener in the scene.
There are 2 audio listeners in the scene. Please ensure there is always exactly one audio listener in the scene.
There are 2 audio listeners in the scene. Please ensure there is always exactly one audio listener in the scene.
There are 2 audio listeners in the scene. Please ensure there is always exactly one audio listener in the scene.
There are 2 audio listeners in the scene. Please ensure there is always exactly one audio listener in the scene.
There are 2 audio listeners in the scene. Please ensure there is always exactly one audio listener in the scene.
There are 2 audio listeners in the scene. Please ensure there is always exactly one audio listener in the scene.
There are 2 audio listeners in the scene. Please ensure there is always exactly one audio listener in the scene.
There are 2 audio listeners in the scene. Please ensure there is always exactly one audio listener in the scene.
There are 2 audio listeners in the scene. Please ensure there is always exactly one audio listener in the scene.
There are 2 audio listeners in the scene. Please ensure there is always exactly one audio listener in the scene.
There are 2 audio listeners in the scene. Please ensure there is always exactly one audio listener in the scene.
There are 2 audio listeners in the scene. Please ensure there is always exactly one audio listener in the scene.
There are 2 audio listeners in the scene. Please ensure there is always exactly one audio listener in the scene.
There are 2 audio listeners in the scene. Please ensure there is always exactly one audio listener in the scene.
There are 2 audio listeners in the scene. Please ensure there is always exactly one audio listener in the scene.
There are 2 audio listeners in the scene. Please ensure there is always exactly one audio listener in the scene.
There are 2 audio listeners in the scene. Please ensure there is always exactly one audio listener in the scene.
There are 2 audio listeners in the scene. Please ensure there is always exactly one audio listener in the scene.
There are 2 audio listeners in the scene. Please ensure there is always exactly one audio listener in the scene.
There are 2 audio listeners in the scene. Please ensure there is always exactly one audio listener in the scene.
There are 2 audio listeners in the scene. Please ensure there is always exactly one audio listener in the scene.
There are 2 audio listeners in the scene. Please ensure there is always exactly one audio listener in the scene.
There are 2 audio listeners in the scene. Please ensure there is always exactly one audio listener in the scene.
There are 2 audio listeners in the scene. Please ensure there is always exactly one audio listener in the scene.
There are 2 audio listeners in the scene. Please ensure there is always exactly one audio listener in the scene.
There are 2 audio listeners in the scene. Please ensure there is always exactly one audio listener in the scene.
There are 2 audio listeners in the scene. Please ensure there is always exactly one audio listener in the scene.
There are 2 audio listeners in the scene. Please ensure there is always exactly one audio listener in the scene.
There are 2 audio listeners in the scene. Please ensure there is always exactly one audio listener in the scene.
There are 2 audio listeners in the scene. Please ensure there is always exactly one audio listener in the scene.
There are 2 audio listeners in the scene. Please ensure there is always exactly one audio listener in the scene.
There are 2 audio listeners in the scene. Please ensure there is always exactly one audio listener in the scene.
There are 2 audio listeners in the scene. Please ensure there is always exactly one audio listener in the scene.
There are 2 audio listeners in the scene. Please ensure there is always exactly one audio listener in the scene.
There are 2 audio listeners in the scene. Please ensure there is always exactly one audio listener in the scene.
There are 2 audio listeners in the scene. Please ensure there is always exactly one audio listener in the scene.
There are 2 audio listeners in the scene. Please ensure there is always exactly one audio listener in the scene.
There are 2 audio listeners in the scene. Please ensure there is always exactly one audio listener in the scene.
There are 2 audio listeners in the scene. Please ensure there is always exactly one audio listener in the scene.
There are 2 audio listeners in the scene. Please ensure there is always exactly one audio listener in the scene.
There are 2 audio listeners in the scene. Please ensure there is always exactly one audio listener in the scene.
There are 2 audio listeners in the scene. Please ensure there is always exactly one audio listener in the scene.
There are 2 audio listeners in the scene. Please ensure there is always exactly one audio listener in the scene.
There are 2 audio listeners in the scene. Please ensure there is always exactly one audio listener in the scene.
There are 2 audio listeners in the scene. Please ensure there is always exactly one audio listener in the scene.
There are 2 audio listeners in the scene. Please ensure there is always exactly one audio listener in the scene.
There are 2 audio listeners in the scene. Please ensure there is always exactly one audio listener in the scene.
There are 2 audio listeners in the scene. Please ensure there is always exactly one audio listener in the scene.
There are 2 audio listeners in the scene. Please ensure there is always exactly one audio listener in the scene.
There are 2 audio listeners in the scene. Please ensure there is always exactly one audio listener in the scene.
There are 2 audio listeners in the scene. Please ensure there is always exactly one audio listener in the scene.
There are 2 audio listeners in the scene. Please ensure there is always exactly one audio listener in the scene.
There are 2 audio listeners in the scene. Please ensure there is always exactly one audio listener in the scene.
There are 2 audio listeners in the scene. Please ensure there is always exactly one audio listener in the scene.
There are 2 audio listeners in the scene. Please ensure there is always exactly one audio listener in the scene.
There are 2 audio listeners in the scene. Please ensure there is always exactly one audio listener in the scene.
There are 2 audio listeners in the scene. Please ensure there is always exactly one audio listener in the scene.
There are 2 audio listeners in the scene. Please ensure there is always exactly one audio listener in the scene.
There are 2 audio listeners in the scene. Please ensure there is always exactly one audio listener in the scene.
There are 2 audio listeners in the scene. Please ensure there is always exactly one audio listener in the scene.
There are 2 audio listeners in the scene. Please ensure there is always exactly one audio listener in the scene.
There are 2 audio listeners in the scene. Please ensure there is always exactly one audio listener in the scene.
There are 2 audio listeners in the scene. Please ensure there is always exactly one audio listener in the scene.
There are 2 audio listeners in the scene. Please ensure there is always exactly one audio listener in the scene.
There are 2 audio listeners in the scene. Please ensure there is always exactly one audio listener in the scene.
There are 2 audio listeners in the scene. Please ensure there is always exactly one audio listener in the scene.
There are 2 audio listeners in the scene. Please ensure there is always exactly one audio listener in the scene.
There are 2 audio listeners in the scene. Please ensure there is always exactly one audio listener in the scene.
There are 2 audio listeners in the scene. Please ensure there is always exactly one audio listener in the scene.
There are 2 audio listeners in the scene. Please ensure there is always exactly one audio listener in the scene.
There are 2 audio listeners in the scene. Please ensure there is always exactly one audio listener in the scene.
There are 2 audio listeners in the scene. Please ensure there is always exactly one audio listener in the scene.
There are 2 audio listeners in the scene. Please ensure there is always exactly one audio listener in the scene.
There are 2 audio listeners in the scene. Please ensure there is always exactly one audio listener in the scene.
There are 2 audio listeners in the scene. Please ensure there is always exactly one audio listener in the scene.
There are 2 audio listeners in the scene. Please ensure there is always exactly one audio listener in the scene.
There are 2 audio listeners in the scene. Please ensure there is always exactly one audio listener in the scene.
There are 2 audio listeners in the scene. Please ensure there is always exactly one audio listener in the scene.
There are 2 audio listeners in the scene. Please ensure there is always exactly one audio listener in the scene.
There are 2 audio listeners in the scene. Please ensure there is always exactly one audio listener in the scene.
There are 2 audio listeners in the scene. Please ensure there is always exactly one audio listener in the scene.
There are 2 audio listeners in the scene. Please ensure there is always exactly one audio listener in the scene.
There are 2 audio listeners in the scene. Please ensure there is always exactly one audio listener in the scene.
There are 2 audio listeners in the scene. Please ensure there is always exactly one audio listener in the scene.
There are 2 audio listeners in the scene. Please ensure there is always exactly one audio listener in the scene.
There are 2 audio listeners in the scene. Please ensure there is always exactly one audio listener in the scene.
There are 2 audio listeners in the scene. Please ensure there is always exactly one audio listener in the scene.
There are 2 audio listeners in the scene. Please ensure there is always exactly one audio listener in the scene.
There are 2 audio listeners in the scene. Please ensure there is always exactly one audio listener in the scene.
There are 2 audio listeners in the scene. Please ensure there is always exactly one audio listener in the scene.
There are 2 audio listeners in the scene. Please ensure there is always exactly one audio listener in the scene.
There are 2 audio listeners in the scene. Please ensure there is always exactly one audio listener in the scene.
There are 2 audio listeners in the scene. Please ensure there is always exactly one audio listener in the scene.
There are 2 audio listeners in the scene. Please ensure there is always exactly one audio listener in the scene.
There are 2 audio listeners in the scene. Please ensure there is always exactly one audio listener in the scene.
There are 2 audio listeners in the scene. Please ensure there is always exactly one audio listener in the scene.
There are 2 audio listeners in the scene. Please ensure there is always exactly one audio listener in the scene.
There are 2 audio listeners in the scene. Please ensure there is always exactly one audio listener in the scene.
There are 2 audio listeners in the scene. Please ensure there is always exactly one audio listener in the scene.
There are 2 audio listeners in the scene. Please ensure there is always exactly one audio listener in the scene.
There are 2 audio listeners in the scene. Please ensure there is always exactly one audio listener in the scene.
There are 2 audio listeners in the scene. Please ensure there is always exactly one audio listener in the scene.
There are 2 audio listeners in the scene. Please ensure there is always exactly one audio listener in the scene.
There are 2 audio listeners in the scene. Please ensure there is always exactly one audio listener in the scene.
There are 2 audio listeners in the scene. Please ensure there is always exactly one audio listener in the scene.
There are 2 audio listeners in the scene. Please ensure there is always exactly one audio listener in the scene.
There are 2 audio listeners in the scene. Please ensure there is always exactly one audio listener in the scene.
There are 2 audio listeners in the scene. Please ensure there is always exactly one audio listener in the scene.
There are 2 audio listeners in the scene. Please ensure there is always exactly one audio listener in the scene.
There are 2 audio listeners in the scene. Please ensure there is always exactly one audio listener in the scene.
There are 2 audio listeners in the scene. Please ensure there is always exactly one audio listener in the scene.
There are 2 audio listeners in the scene. Please ensure there is always exactly one audio listener in the scene.
There are 2 audio listeners in the scene. Please ensure there is always exactly one audio listener in the scene.
There are 2 audio listeners in the scene. Please ensure there is always exactly one audio listener in the scene.
There are 2 audio listeners in the scene. Please ensure there is always exactly one audio listener in the scene.
There are 2 audio listeners in the scene. Please ensure there is always exactly one audio listener in the scene.
There are 2 audio listeners in the scene. Please ensure there is always exactly one audio listener in the scene.
There are 2 audio listeners in the scene. Please ensure there is always exactly one audio listener in the scene.
There are 2 audio listeners in the scene. Please ensure there is always exactly one audio listener in the scene.
There are 2 audio listeners in the scene. Please ensure there is always exactly one audio listener in the scene.
There are 2 audio listeners in the scene. Please ensure there is always exactly one audio listener in the scene.
There are 2 audio listeners in the scene. Please ensure there is always exactly one audio listener in the scene.
There are 2 audio listeners in the scene. Please ensure there is always exactly one audio listener in the scene.
There are 2 audio listeners in the scene. Please ensure there is always exactly one audio listener in the scene.
There are 2 audio listeners in the scene. Please ensure there is always exactly one audio listener in the scene.
There are 2 audio listeners in the scene. Please ensure there is always exactly one audio listener in the scene.
There are 2 audio listeners in the scene. Please ensure there is always exactly one audio listener in the scene.
There are 2 audio listeners in the scene. Please ensure there is always exactly one audio listener in the scene.
There are 2 audio listeners in the scene. Please ensure there is always exactly one audio listener in the scene.
There are 2 audio listeners in the scene. Please ensure there is always exactly one audio listener in the scene.
There are 2 audio listeners in the scene. Please ensure there is always exactly one audio listener in the scene.
There are 2 audio listeners in the scene. Please ensure there is always exactly one audio listener in the scene.
There are 2 audio listeners in the scene. Please ensure there is always exactly one audio listener in the scene.
There are 2 audio listeners in the scene. Please ensure there is always exactly one audio listener in the scene.
There are 2 audio listeners in the scene. Please ensure there is always exactly one audio listener in the scene.
There are 2 audio listeners in the scene. Please ensure there is always exactly one audio listener in the scene.
There are 2 audio listeners in the scene. Please ensure there is always exactly one audio listener in the scene.
There are 2 audio listeners in the scene. Please ensure there is always exactly one audio listener in the scene.
There are 2 audio listeners in the scene. Please ensure there is always exactly one audio listener in the scene.
There are 2 audio listeners in the scene. Please ensure there is always exactly one audio listener in the scene.
There are 2 audio listeners in the scene. Please ensure there is always exactly one audio listener in the scene.
There are 2 audio listeners in the scene. Please ensure there is always exactly one audio listener in the scene.
There are 2 audio listeners in the scene. Please ensure there is always exactly one audio listener in the scene.
There are 2 audio listeners in the scene. Please ensure there is always exactly one audio listener in the scene.
There are 2 audio listeners in the scene. Please ensure there is always exactly one audio listener in the scene.
There are 2 audio listeners in the scene. Please ensure there is always exactly one audio listener in the scene.
There are 2 audio listeners in the scene. Please ensure there is always exactly one audio listener in the scene.
There are 2 audio listeners in the scene. Please ensure there is always exactly one audio listener in the scene.
There are 2 audio listeners in the scene. Please ensure there is always exactly one audio listener in the scene.
There are 2 audio listeners in the scene. Please ensure there is always exactly one audio listener in the scene.
There are 2 audio listeners in the scene. Please ensure there is always exactly one audio listener in the scene.
There are 2 audio listeners in the scene. Please ensure there is always exactly one audio listener in the scene.
There are 2 audio listeners in the scene. Please ensure there is always exactly one audio listener in the scene.
There are 2 audio listeners in the scene. Please ensure there is always exactly one audio listener in the scene.
There are 2 audio listeners in the scene. Please ensure there is always exactly one audio listener in the scene.
There are 2 audio listeners in the scene. Please ensure there is always exactly one audio listener in the scene.
There are 2 audio listeners in the scene. Please ensure there is always exactly one audio listener in the scene.
There are 2 audio listeners in the scene. Please ensure there is always exactly one audio listener in the scene.
There are 2 audio listeners in the scene. Please ensure there is always exactly one audio listener in the scene.
There are 2 audio listeners in the scene. Please ensure there is always exactly one audio listener in the scene.
There are 2 audio listeners in the scene. Please ensure there is always exactly one audio listener in the scene.
There are 2 audio listeners in the scene. Please ensure there is always exactly one audio listener in the scene.
There are 2 audio listeners in the scene. Please ensure there is always exactly one audio listener in the scene.
There are 2 audio listeners in the scene. Please ensure there is always exactly one audio listener in the scene.
There are 2 audio listeners in the scene. Please ensure there is always exactly one audio listener in the scene.
There are 2 audio listeners in the scene. Please ensure there is always exactly one audio listener in the scene.
There are 2 audio listeners in the scene. Please ensure there is always exactly one audio listener in the scene.
There are 2 audio listeners in the scene. Please ensure there is always exactly one audio listener in the scene.
There are 2 audio listeners in the scene. Please ensure there is always exactly one audio listener in the scene.
There are 2 audio listeners in the scene. Please ensure there is always exactly one audio listener in the scene.
There are 2 audio listeners in the scene. Please ensure there is always exactly one audio listener in the scene.
There are 2 audio listeners in the scene. Please ensure there is always exactly one audio listener in the scene.
There are 2 audio listeners in the scene. Please ensure there is always exactly one audio listener in the scene.
There are 2 audio listeners in the scene. Please ensure there is always exactly one audio listener in the scene.
There are 2 audio listeners in the scene. Please ensure there is always exactly one audio listener in the scene.
There are 2 audio listeners in the scene. Please ensure there is always exactly one audio listener in the scene.
There are 2 audio listeners in the scene. Please ensure there is always exactly one audio listener in the scene.
There are 2 audio listeners in the scene. Please ensure there is always exactly one audio listener in the scene.
There are 2 audio listeners in the scene. Please ensure there is always exactly one audio listener in the scene.
There are 2 audio listeners in the scene. Please ensure there is always exactly one audio listener in the scene.
There are 2 audio listeners in the scene. Please ensure there is always exactly one audio listener in the scene.
There are 2 audio listeners in the scene. Please ensure there is always exactly one audio listener in the scene.
There are 2 audio listeners in the scene. Please ensure there is always exactly one audio listener in the scene.
There are 2 audio listeners in the scene. Please ensure there is always exactly one audio listener in the scene.
There are 2 audio listeners in the scene. Please ensure there is always exactly one audio listener in the scene.
There are 2 audio listeners in the scene. Please ensure there is always exactly one audio listener in the scene.
There are 2 audio listeners in the scene. Please ensure there is always exactly one audio listener in the scene.
There are 2 audio listeners in the scene. Please ensure there is always exactly one audio listener in the scene.
There are 2 audio listeners in the scene. Please ensure there is always exactly one audio listener in the scene.
There are 2 audio listeners in the scene. Please ensure there is always exactly one audio listener in the scene.
There are 2 audio listeners in the scene. Please ensure there is always exactly one audio listener in the scene.
There are 2 audio listeners in the scene. Please ensure there is always exactly one audio listener in the scene.
There are 2 audio listeners in the scene. Please ensure there is always exactly one audio listener in the scene.
There are 2 audio listeners in the scene. Please ensure there is always exactly one audio listener in the scene.
There are 2 audio listeners in the scene. Please ensure there is always exactly one audio listener in the scene.
There are 2 audio listeners in the scene. Please ensure there is always exactly one audio listener in the scene.
There are 2 audio listeners in the scene. Please ensure there is always exactly one audio listener in the scene.
There are 2 audio listeners in the scene. Please ensure there is always exactly one audio listener in the scene.
There are 2 audio listeners in the scene. Please ensure there is always exactly one audio listener in the scene.
There are 2 audio listeners in the scene. Please ensure there is always exactly one audio listener in the scene.
There are 2 audio listeners in the scene. Please ensure there is always exactly one audio listener in the scene.
There are 2 audio listeners in the scene. Please ensure there is always exactly one audio listener in the scene.
There are 2 audio listeners in the scene. Please ensure there is always exactly one audio listener in the scene.
There are 2 audio listeners in the scene. Please ensure there is always exactly one audio listener in the scene.
There are 2 audio listeners in the scene. Please ensure there is always exactly one audio listener in the scene.
There are 2 audio listeners in the scene. Please ensure there is always exactly one audio listener in the scene.
There are 2 audio listeners in the scene. Please ensure there is always exactly one audio listener in the scene.
There are 2 audio listeners in the scene. Please ensure there is always exactly one audio listener in the scene.
There are 2 audio listeners in the scene. Please ensure there is always exactly one audio listener in the scene.
There are 2 audio listeners in the scene. Please ensure there is always exactly one audio listener in the scene.
There are 2 audio listeners in the scene. Please ensure there is always exactly one audio listener in the scene.
There are 2 audio listeners in the scene. Please ensure there is always exactly one audio listener in the scene.
There are 2 audio listeners in the scene. Please ensure there is always exactly one audio listener in the scene.
There are 2 audio listeners in the scene. Please ensure there is always exactly one audio listener in the scene.
There are 2 audio listeners in the scene. Please ensure there is always exactly one audio listener in the scene.
There are 2 audio listeners in the scene. Please ensure there is always exactly one audio listener in the scene.
There are 2 audio listeners in the scene. Please ensure there is always exactly one audio listener in the scene.
There are 2 audio listeners in the scene. Please ensure there is always exactly one audio listener in the scene.
There are 2 audio listeners in the scene. Please ensure there is always exactly one audio listener in the scene.
There are 2 audio listeners in the scene. Please ensure there is always exactly one audio listener in the scene.
There are 2 audio listeners in the scene. Please ensure there is always exactly one audio listener in the scene.
There are 2 audio listeners in the scene. Please ensure there is always exactly one audio listener in the scene.
There are 2 audio listeners in the scene. Please ensure there is always exactly one audio listener in the scene.
There are 2 audio listeners in the scene. Please ensure there is always exactly one audio listener in the scene.
There are 2 audio listeners in the scene. Please ensure there is always exactly one audio listener in the scene.
There are 2 audio listeners in the scene. Please ensure there is always exactly one audio listener in the scene.
There are 2 audio listeners in the scene. Please ensure there is always exactly one audio listener in the scene.
There are 2 audio listeners in the scene. Please ensure there is always exactly one audio listener in the scene.
There are 2 audio listeners in the scene. Please ensure there is always exactly one audio listener in the scene.
There are 2 audio listeners in the scene. Please ensure there is always exactly one audio listener in the scene.
There are 2 audio listeners in the scene. Please ensure there is always exactly one audio listener in the scene.
There are 2 audio listeners in the scene. Please ensure there is always exactly one audio listener in the scene.
There are 2 audio listeners in the scene. Please ensure there is always exactly one audio listener in the scene.
There are 2 audio listeners in the scene. Please ensure there is always exactly one audio listener in the scene.
There are 2 audio listeners in the scene. Please ensure there is always exactly one audio listener in the scene.
There are 2 audio listeners in the scene. Please ensure there is always exactly one audio listener in the scene.
There are 2 audio listeners in the scene. Please ensure there is always exactly one audio listener in the scene.
There are 2 audio listeners in the scene. Please ensure there is always exactly one audio listener in the scene.
There are 2 audio listeners in the scene. Please ensure there is always exactly one audio listener in the scene.
There are 2 audio listeners in the scene. Please ensure there is always exactly one audio listener in the scene.
There are 2 audio listeners in the scene. Please ensure there is always exactly one audio listener in the scene.
There are 2 audio listeners in the scene. Please ensure there is always exactly one audio listener in the scene.
There are 2 audio listeners in the scene. Please ensure there is always exactly one audio listener in the scene.
There are 2 audio listeners in the scene. Please ensure there is always exactly one audio listener in the scene.
There are 2 audio listeners in the scene. Please ensure there is always exactly one audio listener in the scene.
There are 2 audio listeners in the scene. Please ensure there is always exactly one audio listener in the scene.
There are 2 audio listeners in the scene. Please ensure there is always exactly one audio listener in the scene.
There are 2 audio listeners in the scene. Please ensure there is always exactly one audio listener in the scene.
There are 2 audio listeners in the scene. Please ensure there is always exactly one audio listener in the scene.
There are 2 audio listeners in the scene. Please ensure there is always exactly one audio listener in the scene.
There are 2 audio listeners in the scene. Please ensure there is always exactly one audio listener in the scene.
There are 2 audio listeners in the scene. Please ensure there is always exactly one audio listener in the scene.
There are 2 audio listeners in the scene. Please ensure there is always exactly one audio listener in the scene.
There are 2 audio listeners in the scene. Please ensure there is always exactly one audio listener in the scene.
There are 2 audio listeners in the scene. Please ensure there is always exactly one audio listener in the scene.
There are 2 audio listeners in the scene. Please ensure there is always exactly one audio listener in the scene.
There are 2 audio listeners in the scene. Please ensure there is always exactly one audio listener in the scene.
There are 2 audio listeners in the scene. Please ensure there is always exactly one audio listener in the scene.
There are 2 audio listeners in the scene. Please ensure there is always exactly one audio listener in the scene.
There are 2 audio listeners in the scene. Please ensure there is always exactly one audio listener in the scene.
There are 2 audio listeners in the scene. Please ensure there is always exactly one audio listener in the scene.
There are 2 audio listeners in the scene. Please ensure there is always exactly one audio listener in the scene.
There are 2 audio listeners in the scene. Please ensure there is always exactly one audio listener in the scene.
There are 2 audio listeners in the scene. Please ensure there is always exactly one audio listener in the scene.
There are 2 audio listeners in the scene. Please ensure there is always exactly one audio listener in the scene.
There are 2 audio listeners in the scene. Please ensure there is always exactly one audio listener in the scene.
There are 2 audio listeners in the scene. Please ensure there is always exactly one audio listener in the scene.
There are 2 audio listeners in the scene. Please ensure there is always exactly one audio listener in the scene.
There are 2 audio listeners in the scene. Please ensure there is always exactly one audio listener in the scene.
There are 2 audio listeners in the scene. Please ensure there is always exactly one audio listener in the scene.
There are 2 audio listeners in the scene. Please ensure there is always exactly one audio listener in the scene.
There are 2 audio listeners in the scene. Please ensure there is always exactly one audio listener in the scene.
There are 2 audio listeners in the scene. Please ensure there is always exactly one audio listener in the scene.
There are 2 audio listeners in the scene. Please ensure there is always exactly one audio listener in the scene.
There are 2 audio listeners in the scene. Please ensure there is always exactly one audio listener in the scene.
There are 2 audio listeners in the scene. Please ensure there is always exactly one audio listener in the scene.
There are 2 audio listeners in the scene. Please ensure there is always exactly one audio listener in the scene.
There are 2 audio listeners in the scene. Please ensure there is always exactly one audio listener in the scene.
There are 2 audio listeners in the scene. Please ensure there is always exactly one audio listener in the scene.
There are 2 audio listeners in the scene. Please ensure there is always exactly one audio listener in the scene.
There are 2 audio listeners in the scene. Please ensure there is always exactly one audio listener in the scene.
There are 2 audio listeners in the scene. Please ensure there is always exactly one audio listener in the scene.
There are 2 audio listeners in the scene. Please ensure there is always exactly one audio listener in the scene.
There are 2 audio listeners in the scene. Please ensure there is always exactly one audio listener in the scene.
There are 2 audio listeners in the scene. Please ensure there is always exactly one audio listener in the scene.
There are 2 audio listeners in the scene. Please ensure there is always exactly one audio listener in the scene.
There are 2 audio listeners in the scene. Please ensure there is always exactly one audio listener in the scene.
There are 2 audio listeners in the scene. Please ensure there is always exactly one audio listener in the scene.
There are 2 audio listeners in the scene. Please ensure there is always exactly one audio listener in the scene.
There are 2 audio listeners in the scene. Please ensure there is always exactly one audio listener in the scene.
There are 2 audio listeners in the scene. Please ensure there is always exactly one audio listener in the scene.
[...]
                <properties>
                  <property name="retryIteration" value="0" />
                  <property name="repeatIteration" value="0" />
                </properties>
              </test-case>
              <test-case id="1016" name="SlopeLimitAcceptsGentleAndRejectsSteep(60,False)" fullname="LastSignal.Tests.MovementAcceptanceTests.SlopeLimitAcceptsGentleAndRejectsSteep(60,False)" methodname="SlopeLimitAcceptsGentleAndRejectsSteep" classname="LastSignal.Tests.MovementAcceptanceTests" runstate="Runnable" seed="1555269210" result="Passed" start-time="2026-09-18 07:43:49Z" end-time="2026-09-18 07:43:49Z" duration="0.003724" asserts="0">
                <properties>
                  <property name="retryIteration" value="0" />
                  <property name="repeatIteration" value="0" />
                </properties>
              </test-case>
            </test-suite>
            <test-case id="1014" name="StepsThresholdWallAndDropUseRealCollision" fullname="LastSignal.Tests.MovementAcceptanceTests.StepsThresholdWallAndDropUseRealCollision" methodname="StepsThresholdWallAndDropUseRealCollision" classname="LastSignal.Tests.MovementAcceptanceTests" runstate="Runnable" seed="2117836422" result="Passed" start-time="2026-09-18 07:43:49Z" end-time="2026-09-18 07:43:49Z" duration="0.004715" asserts="0">
              <properties>
                <property name="retryIteration" value="0" />
                <property name="repeatIteration" value="0" />
              </properties>
            </test-case>
            <test-case id="1022" name="TenEnableDisableCyclesHaveOneInputRequest" fullname="LastSignal.Tests.MovementAcceptanceTests.TenEnableDisableCyclesHaveOneInputRequest" methodname="TenEnableDisableCyclesHaveOneInputRequest" classname="LastSignal.Tests.MovementAcceptanceTests" runstate="Runnable" seed="1144113567" result="Passed" start-time="2026-09-18 07:43:49Z" end-time="2026-09-18 07:43:49Z" duration="0.068513" asserts="0">
              <properties>
                <property name="_JOINTYPE" value="UnityCombinatorial" />
                <property name="retryIteration" value="0" />
                <property name="repeatIteration" value="0" />
              </properties>
              <output><![CDATA[There are 2 audio listeners in the scene. Please ensure there is always exactly one audio listener in the scene.
There are 2 audio listeners in the scene. Please ensure there is always exactly one audio listener in the scene.
There are 2 audio listeners in the scene. Please ensure there is always exactly one audio listener in the scene.
There are 2 audio listeners in the scene. Please ensure there is always exactly one audio listener in the scene.
There are 2 audio listeners in the scene. Please ensure there is always exactly one audio listener in the scene.
There are 2 audio listeners in the scene. Please ensure there is always exactly one audio listener in the scene.
There are 2 audio listeners in the scene. Please ensure there is always exactly one audio listener in the scene.
There are 2 audio listeners in the scene. Please ensure there is always exactly one audio listener in the scene.
There are 2 audio listeners in the scene. Please ensure there is always exactly one audio listener in the scene.
There are 2 audio listeners in the scene. Please ensure there is always exactly one audio listener in the scene.
There are 2 audio listeners in the scene. Please ensure there is always exactly one audio listener in the scene.
There are 2 audio listeners in the scene. Please ensure there is always exactly one audio listener in the scene.
There are 2 audio listeners in the scene. Please ensure there is always exactly one audio listener in the scene.
There are 2 audio listeners in the scene. Please ensure there is always exactly one audio listener in the scene.
There are 2 audio listeners in the scene. Please ensure there is always exactly one audio listener in the scene.
There are 2 audio listeners in the scene. Please ensure there is always exactly one audio listener in the scene.
There are 2 audio listeners in the scene. Please ensure there is always exactly one audio listener in the scene.
There are 2 audio listeners in the scene. Please ensure there is always exactly one audio listener in the scene.
There are 2 audio listeners in the scene. Please ensure there is always exactly one audio listener in the scene.
There are 2 audio listeners in the scene. Please ensure there is always exactly one audio listener in the scene.
There are 2 audio listeners in the scene. Please ensure there is always exactly one audio listener in the scene.
There are 2 audio listeners in the scene. Please ensure there is always exactly one audio listener in the scene.
There are 2 audio listeners in the scene. Please ensure there is always exactly one audio listener in the scene.
There are 2 audio listeners in the scene. Please ensure there is always exactly one audio listener in the scene.
There are 2 audio listeners in the scene. Please ensure there is always exactly one audio listener in the scene.
There are 2 audio listeners in the scene. Please ensure there is always exactly one audio listener in the scene.
There are 2 audio listeners in the scene. Please ensure there is always exactly one audio listener in the scene.
There are 2 audio listeners in the scene. Please ensure there is always exactly one audio listener in the scene.
There are 2 audio listeners in the scene. Please ensure there is always exactly one audio listener in the scene.
There are 2 audio listeners in the scene. Please ensure there is always exactly one audio listener in the scene.
There are 2 audio listeners in the scene. Please ensure there is always exactly one audio listener in the scene.
There are 2 audio listeners in the scene. Please ensure there is always exactly one audio listener in the scene.
There are 2 audio listeners in the scene. Please ensure there is always exactly one audio listener in the scene.
There are 2 audio listeners in the scene. Please ensure there is always exactly one audio listener in the scene.
There are 2 audio listeners in the scene. Please ensure there is always exactly one audio listener in the scene.
There are 2 audio listeners in the scene. Please ensure there is always exactly one audio listener in the scene.
]]></output>
            </test-case>
            <test-suite type="ParameterizedMethod" id="1010" name="WalkingDistanceAndDiagonalCapAreFrameIndependent" fullname="LastSignal.Tests.MovementAcceptanceTests.WalkingDistanceAndDiagonalCapAreFrameIndependent" classname="LastSignal.Tests.MovementAcceptanceTests" runstate="Runnable" testcasecount="3" result="Passed" start-time="2026-09-18 07:43:49Z" end-time="2026-09-18 07:43:49Z" duration="0.014391" total="3" passed="3" failed="0" inconclusive="0" skipped="0" asserts="0">
              <properties />
              <test-case id="1007" name="WalkingDistanceAndDiagonalCapAreFrameIndependent(30)" fullname="LastSignal.Tests.MovementAcceptanceTests.WalkingDistanceAndDiagonalCapAreFrameIndependent(30)" methodname="WalkingDistanceAndDiagonalCapAreFrameIndependent" classname="LastSignal.Tests.MovementAcceptanceTests" runstate="Runnable" seed="96009981" result="Passed" start-time="2026-09-18 07:43:49Z" end-time="2026-09-18 07:43:49Z" duration="0.004466" asserts="0">
                <properties>
                  <property name="retryIteration" value="0" />
                  <property name="repeatIteration" value="0" />
                </properties>
              </test-case>
              <test-case id="1008" name="WalkingDistanceAndDiagonalCapAreFrameIndependent(60)" fullname="LastSignal.Tests.MovementAcceptanceTests.WalkingDistanceAndDiagonalCapAreFrameIndependent(60)" methodname="WalkingDistanceAndDiagonalCapAreFrameIndependent" classname="LastSignal.Tests.MovementAcceptanceTests" runstate="Runnable" seed="2120312532" result="Passed" start-time="2026-09-18 07:43:49Z" end-time="2026-09-18 07:43:49Z" duration="0.003654" asserts="0">
                <properties>
                  <property name="retryIteration" value="0" />
                  <property name="repeatIteration" value="0" />
                </properties>
              </test-case>
              <test-case id="1009" name="WalkingDistanceAndDiagonalCapAreFrameIndependent(120)" fullname="LastSignal.Tests.MovementAcceptanceTests.WalkingDistanceAndDiagonalCapAreFrameIndependent(120)" methodname="WalkingDistanceAndDiagonalCapAreFrameIndependent" classname="LastSignal.Tests.MovementAcceptanceTests" runstate="Runnable" seed="230941987" result="Passed" start-time="2026-09-18 07:43:49Z" end-time="2026-09-18 07:43:49Z" duration="0.003780" asserts="0">
                <properties>
                  <property name="retryIteration" value="0" />
                  <property name="repeatIteration" value="0" />
                </properties>
              </test-case>
            </test-suite>
            <test-case id="1011" name="YawSprintAndCrouchSpeedUseConfiguredPolicy" fullname="LastSignal.Tests.MovementAcceptanceTests.YawSprintAndCrouchSpeedUseConfiguredPolicy" methodname="YawSprintAndCrouchSpeedUseConfiguredPolicy" classname="LastSignal.Tests.MovementAcceptanceTests" runstate="Runnable" seed="792710581" result="Passed" start-time="2026-09-18 07:43:49Z" end-time="2026-09-18 07:43:49Z" duration="0.003162" asserts="0">
              <properties>
                <property name="retryIteration" value="0" />
                <property name="repeatIteration" value="0" />
              </properties>
            </test-case>
            <test-case id="1023" name="YIntegratedParkourUsesAuthoredGeometry" fullname="LastSignal.Tests.MovementAcceptanceTests.YIntegratedParkourUsesAuthoredGeometry" methodname="YIntegratedParkourUsesAuthoredGeometry" classname="LastSignal.Tests.MovementAcceptanceTests" runstate="Runnable" seed="1990823806" result="Failed" start-time="2026-09-18 07:43:49Z" end-time="2026-09-18 07:43:49Z" duration="0.373941" asserts="0">
              <properties>
                <property name="_JOINTYPE" value="UnityCombinatorial" />
                <property name="retryIteration" value="0" />
                <property name="repeatIteration" value="0" />
              </properties>
              <failure>
                <message><![CDATA[Unhandled log message: '[Exception] IndexOutOfRangeException: Index was outside the bounds of the array.'. Use UnityEngine.TestTools.LogAssert.Expect]]></message>
                <stack-trace><![CDATA[UnityEngine.InputSystem.InputManager.AddStateChangeMonitor (UnityEngine.InputSystem.InputControl control, UnityEngine.InputSystem.LowLevel.IInputStateChangeMonitor monitor, System.Int64 monitorIndex, System.UInt32 groupIndex) (at ./Library/PackageCache/com.unity.inputsystem@21a28c3a6c83/InputSystem/InputManagerStateMonitors.cs:31)
UnityEngine.InputSystem.InputActionState.EnableControls (System.Int32 mapIndex, System.Int32 controlStartIndex, System.Int32 numControls) (at ./Library/PackageCache/com.unity.inputsystem@21a28c3a6c83/InputSystem/Actions/InputActionState.cs:1169)
UnityEngine.InputSystem.InputActionState.EnableControls (UnityEngine.InputSystem.InputAction action) (at ./Library/PackageCache/com.unity.inputsystem@21a28c3a6c83/InputSystem/Actions/InputActionState.cs:1031)
UnityEngine.InputSystem.InputActionState.EnableSingleAction (UnityEngine.InputSystem.InputAction action) (at ./Library/PackageCache/com.unity.inputsystem@21a28c3a6c83/InputSystem/Actions/InputActionState.cs:984)
UnityEngine.InputSystem.InputAction.Enable () (at ./Library/PackageCache/com.unity.inputsystem@21a28c3a6c83/InputSystem/Actions/InputAction.cs:922)
UnityEngine.InputSystem.UI.InputSystemUIInputModule.EnableInputAction (UnityEngine.InputSystem.InputActionReference inputActionReference) (at ./Library/PackageCache/com.unity.inputsystem@21a28c3a6c83/InputSystem/Plugins/UI/InputSystemUIInputModule.cs:1749)
UnityEngine.InputSystem.UI.InputSystemUIInputModule.EnableAllActions () (at ./Library/PackageCache/com.unity.inputsystem@21a28c3a6c83/InputSystem/Plugins/UI/InputSystemUIInputModule.cs:1704)
UnityEngine.InputSystem.UI.InputSystemUIInputModule.OnEnable () (at ./Library/PackageCache/com.unity.inputsystem@21a28c3a6c83/InputSystem/Plugins/UI/InputSystemUIInputModule.cs:1652)

]]></stack-trace>
              </failure>
              <output><![CDATA[There are 2 audio listeners in the scene. Please ensure there is always exactly one audio listener in the scene.
There are 2 audio listeners in the scene. Please ensure there is always exactly one audio listener in the scene.
There are 2 audio listeners in the scene. Please ensure there is always exactly one audio listener in the scene.
IndexOutOfRangeException: Index was outside the bounds of the array.
UnityEngine.InputSystem.InputManager.AddStateChangeMonitor (UnityEngine.InputSystem.InputControl control, UnityEngine.InputSystem.LowLevel.IInputStateChangeMonitor monitor, System.Int64 monitorIndex, System.UInt32 groupIndex) (at ./Library/PackageCache/com.unity.inputsystem@21a28c3a6c83/InputSystem/InputManagerStateMonitors.cs:31)
UnityEngine.InputSystem.InputActionState.EnableControls (System.Int32 mapIndex, System.Int32 controlStartIndex, System.Int32 numControls) (at ./Library/PackageCache/com.unity.inputsystem@21a28c3a6c83/InputSystem/Actions/InputActionState.cs:1169)
UnityEngine.InputSystem.InputActionState.EnableControls (UnityEngine.InputSystem.InputAction action) (at ./Library/PackageCache/com.unity.inputsystem@21a28c3a6c83/InputSystem/Actions/InputActionState.cs:1031)
UnityEngine.InputSystem.InputActionState.EnableSingleAction (UnityEngine.InputSystem.InputAction action) (at ./Library/PackageCache/com.unity.inputsystem@21a28c3a6c83/InputSystem/Actions/InputActionState.cs:984)
UnityEngine.InputSystem.InputAction.Enable () (at ./Library/PackageCache/com.unity.inputsystem@21a28c3a6c83/InputSystem/Actions/InputAction.cs:922)
UnityEngine.InputSystem.UI.InputSystemUIInputModule.EnableInputAction (UnityEngine.InputSystem.InputActionReference inputActionReference) (at ./Library/PackageCache/com.unity.inputsystem@21a28c3a6c83/InputSystem/Plugins/UI/InputSystemUIInputModule.cs:1749)
UnityEngine.InputSystem.UI.InputSystemUIInputModule.EnableAllActions () (at ./Library/PackageCache/com.unity.inputsystem@21a28c3a6c83/InputSystem/Plugins/UI/InputSystemUIInputModule.cs:1704)
UnityEngine.InputSystem.UI.InputSystemUIInputModule.OnEnable () (at ./Library/PackageCache/com.unity.inputsystem@21a28c3a6c83/InputSystem/Plugins/UI/InputSystemUIInputModule.cs:1652)

]]></output>
            </test-case>
            <test-case id="1024" name="ZIntegratedSceneTenMenuSessionsDoNotRetainPlayerOrCallbacks" fullname="LastSignal.Tests.MovementAcceptanceTests.ZIntegratedSceneTenMenuSessionsDoNotRetainPlayerOrCallbacks" methodname="ZIntegratedSceneTenMenuSessionsDoNotRetainPlayerOrCallbacks" classname="LastSignal.Tests.MovementAcceptanceTests" runstate="Runnable" seed="2001280919" result="Failed" start-time="2026-09-18 07:43:49Z" end-time="2026-09-18 07:43:50Z" duration="0.398557" asserts="0">
              <properties>
                <property name="_JOINTYPE" value="UnityCombinatorial" />
                <property name="retryIteration" value="0" />
                <property name="repeatIteration" value="0" />
              </properties>
              <failure>
                <message><![CDATA[Unhandled log message: '[Exception] IndexOutOfRangeException: Index was outside the bounds of the array.'. Use UnityEngine.TestTools.LogAssert.Expect]]></message>
                <stack-trace><![CDATA[UnityEngine.InputSystem.InputManager.AddStateChangeMonitor (UnityEngine.InputSystem.InputControl control, UnityEngine.InputSystem.LowLevel.IInputStateChangeMonitor monitor, System.Int64 monitorIndex, System.UInt32 groupIndex) (at ./Library/PackageCache/com.unity.inputsystem@21a28c3a6c83/InputSystem/InputManagerStateMonitors.cs:31)
UnityEngine.InputSystem.InputActionState.EnableControls (System.Int32 mapIndex, System.Int32 controlStartIndex, System.Int32 numControls) (at ./Library/PackageCache/com.unity.inputsystem@21a28c3a6c83/InputSystem/Actions/InputActionState.cs:1169)
UnityEngine.InputSystem.InputActionState.EnableControls (UnityEngine.InputSystem.InputAction action) (at ./Library/PackageCache/com.unity.inputsystem@21a28c3a6c83/InputSystem/Actions/InputActionState.cs:1031)
UnityEngine.InputSystem.InputActionState.EnableSingleAction (UnityEngine.InputSystem.InputAction action) (at ./Library/PackageCache/com.unity.inputsystem@21a28c3a6c83/InputSystem/Actions/InputActionState.cs:984)
UnityEngine.InputSystem.InputAction.Enable () (at ./Library/PackageCache/com.unity.inputsystem@21a28c3a6c83/InputSystem/Actions/InputAction.cs:922)
UnityEngine.InputSystem.UI.InputSystemUIInputModule.EnableInputAction (UnityEngine.InputSystem.InputActionReference inputActionReference) (at ./Library/PackageCache/com.unity.inputsystem@21a28c3a6c83/InputSystem/Plugins/UI/InputSystemUIInputModule.cs:1749)
UnityEngine.InputSystem.UI.InputSystemUIInputModule.EnableAllActions () (at ./Library/PackageCache/com.unity.inputsystem@21a28c3a6c83/InputSystem/Plugins/UI/InputSystemUIInputModule.cs:1704)
UnityEngine.InputSystem.UI.InputSystemUIInputModule.OnEnable () (at ./Library/PackageCache/com.unity.inputsystem@21a28c3a6c83/InputSystem/Plugins/UI/InputSystemUIInputModule.cs:1652)

]]></stack-trace>
              </failure>
              <output><![CDATA[IndexOutOfRangeException: Index was outside the bounds of the array.
UnityEngine.InputSystem.InputManager.AddStateChangeMonitor (UnityEngine.InputSystem.InputControl control, UnityEngine.InputSystem.LowLevel.IInputStateChangeMonitor monitor, System.Int64 monitorIndex, System.UInt32 groupIndex) (at ./Library/PackageCache/com.unity.inputsystem@21a28c3a6c83/InputSystem/InputManagerStateMonitors.cs:31)
UnityEngine.InputSystem.InputActionState.EnableControls (System.Int32 mapIndex, System.Int32 controlStartIndex, System.Int32 numControls) (at ./Library/PackageCache/com.unity.inputsystem@21a28c3a6c83/InputSystem/Actions/InputActionState.cs:1169)
UnityEngine.InputSystem.InputActionState.EnableControls (UnityEngine.InputSystem.InputAction action) (at ./Library/PackageCache/com.unity.inputsystem@21a28c3a6c83/InputSystem/Actions/InputActionState.cs:1031)
UnityEngine.InputSystem.InputActionState.EnableSingleAction (UnityEngine.InputSystem.InputAction action) (at ./Library/PackageCache/com.unity.inputsystem@21a28c3a6c83/InputSystem/Actions/InputActionState.cs:984)
UnityEngine.InputSystem.InputAction.Enable () (at ./Library/PackageCache/com.unity.inputsystem@21a28c3a6c83/InputSystem/Actions/InputAction.cs:922)
UnityEngine.InputSystem.UI.InputSystemUIInputModule.EnableInputAction (UnityEngine.InputSystem.InputActionReference inputActionReference) (at ./Library/PackageCache/com.unity.inputsystem@21a28c3a6c83/InputSystem/Plugins/UI/InputSystemUIInputModule.cs:1749)
UnityEngine.InputSystem.UI.InputSystemUIInputModule.EnableAllActions () (at ./Library/PackageCache/com.unity.inputsystem@21a28c3a6c83/InputSystem/Plugins/UI/InputSystemUIInputModule.cs:1704)
UnityEngine.InputSystem.UI.InputSystemUIInputModule.OnEnable () (at ./Library/PackageCache/com.unity.inputsystem@21a28c3a6c83/InputSystem/Plugins/UI/InputSystemUIInputModule.cs:1652)

Saving results to: Docs/Implementation/S004/Evidence/20260918-B0A/playmode-after-recovery.xml
]]></output>
            </test-case>
          </test-suite>
        </test-suite>
      </test-suite>
    </test-suite>
  </test-suite>
</test-run>