<?xml version="1.0" encoding="utf-8"?>
<test-run id="2" testcasecount="23" result="Passed" total="23" passed="23" failed="0" inconclusive="0" skipped="0" asserts="0" engine-version="3.5.0.0" clr-version="4.0.30319.42000" start-time="2026-09-18 09:32:20Z" end-time="2026-09-18 09:33:10Z" duration="49.4955341">
  <test-suite type="TestSuite" id="1036" name="Last Signal" fullname="Last Signal" runstate="Runnable" testcasecount="23" result="Passed" start-time="2026-09-18 09:32:20Z" end-time="2026-09-18 09:33:10Z" duration="49.495534" total="23" passed="23" failed="0" inconclusive="0" skipped="0" asserts="0">
    <properties>
      <property name="platform" value="PlayMode" />
    </properties>
    <test-suite type="Assembly" id="1030" name="LastSignal.PlayModeTests.dll" fullname="/Users/burakcoskun/Last Signal/Library/ScriptAssemblies/LastSignal.PlayModeTests.dll" runstate="Runnable" testcasecount="23" result="Passed" start-time="2026-09-18 09:32:20Z" end-time="2026-09-18 09:33:10Z" duration="49.489600" total="23" passed="23" failed="0" inconclusive="0" skipped="0" asserts="0">
      <properties>
        <property name="_PID" value="60594" />
        <property name="_APPDOMAIN" value="Unity Child Domain" />
        <property name="platform" value="PlayMode" />
        <property name="EditorOnly" value="False" />
      </properties>
      <test-suite type="TestSuite" id="1031" name="LastSignal" fullname="LastSignal" runstate="Runnable" testcasecount="23" result="Passed" start-time="2026-09-18 09:32:20Z" end-time="2026-09-18 09:33:10Z" duration="49.488366" total="23" passed="23" failed="0" inconclusive="0" skipped="0" asserts="0">
        <properties />
        <test-suite type="TestSuite" id="1032" name="Tests" fullname="LastSignal.Tests" runstate="Runnable" testcasecount="23" result="Passed" start-time="2026-09-18 09:32:20Z" end-time="2026-09-18 09:33:10Z" duration="49.487487" total="23" passed="23" failed="0" inconclusive="0" skipped="0" asserts="0">
          <properties />
          <test-suite type="TestFixture" id="1001" name="CombatAcceptanceTests" fullname="LastSignal.Tests.CombatAcceptanceTests" classname="LastSignal.Tests.CombatAcceptanceTests" runstate="Runnable" testcasecount="4" result="Passed" start-time="2026-09-18 09:32:20Z" end-time="2026-09-18 09:32:31Z" duration="10.347822" total="4" passed="4" failed="0" inconclusive="0" skipped="0" asserts="0">
            <properties />
            <test-case id="1005" name="ADS_ReducesFOVAndSensitivity" fullname="LastSignal.Tests.CombatAcceptanceTests.ADS_ReducesFOVAndSensitivity" methodname="ADS_ReducesFOVAndSensitivity" classname="LastSignal.Tests.CombatAcceptanceTests" runstate="Runnable" seed="2029788090" result="Passed" start-time="2026-09-18 09:32:20Z" end-time="2026-09-18 09:32:23Z" duration="2.707083" asserts="0">
              <properties>
                <property name="_JOINTYPE" value="UnityCombinatorial" />
                <property name="retryIteration" value="0" />
                <property name="repeatIteration" value="0" />
              </properties>
              <output><![CDATA[S001 session started: one player, local input.
B0A_ORDER UnitySetUp ready devices=2 active=True mouse=Mouse:/Mouse
B0A_ORDER ADS devices=2 active=True mouse=Mouse:/Mouse
]]></output>
            </test-case>
            <test-case id="1004" name="AutoFire_FiresContinuouslyWhileHeld" fullname="LastSignal.Tests.CombatAcceptanceTests.AutoFire_FiresContinuouslyWhileHeld" methodname="AutoFire_FiresContinuouslyWhileHeld" classname="LastSignal.Tests.CombatAcceptanceTests" runstate="Runnable" seed="1490155116" result="Passed" start-time="2026-09-18 09:32:23Z" end-time="2026-09-18 09:32:25Z" duration="1.907488" asserts="0">
              <properties>
                <property name="_JOINTYPE" value="UnityCombinatorial" />
                <property name="retryIteration" value="0" />
                <property name="repeatIteration" value="0" />
              </properties>
              <output><![CDATA[S001 session started: one player, local input.
B0A_ORDER UnitySetUp ready devices=2 active=True mouse=Mouse:/Mouse
]]></output>
            </test-case>
            <test-case id="1002" name="Fire_ConsumesAmmoAndDamagesTarget" fullname="LastSignal.Tests.CombatAcceptanceTests.Fire_ConsumesAmmoAndDamagesTarget" methodname="Fire_ConsumesAmmoAndDamagesTarget" classname="LastSignal.Tests.CombatAcceptanceTests" runstate="Runnable" seed="1080263485" result="Passed" start-time="2026-09-18 09:32:25Z" end-time="2026-09-18 09:32:26Z" duration="1.095868" asserts="0">
              <properties>
                <property name="_JOINTYPE" value="UnityCombinatorial" />
                <property name="retryIteration" value="0" />
                <property name="repeatIteration" value="0" />
              </properties>
              <output><![CDATA[S001 session started: one player, local input.
B0A_ORDER UnitySetUp ready devices=2 active=True mouse=Mouse:/Mouse
]]></output>
            </test-case>
            <test-case id="1003" name="Reload_TransfersAmmoAfterDuration" fullname="LastSignal.Tests.CombatAcceptanceTests.Reload_TransfersAmmoAfterDuration" methodname="Reload_TransfersAmmoAfterDuration" classname="LastSignal.Tests.CombatAcceptanceTests" runstate="Runnable" seed="1425539366" result="Passed" start-time="2026-09-18 09:32:26Z" end-time="2026-09-18 09:32:31Z" duration="4.626133" asserts="0">
              <properties>
                <property name="_JOINTYPE" value="UnityCombinatorial" />
                <property name="retryIteration" value="0" />
                <property name="repeatIteration" value="0" />
              </properties>
              <output><![CDATA[S001 session started: one player, local input.
B0A_ORDER UnitySetUp ready devices=2 active=True mouse=Mouse:/Mouse
]]></output>
            </test-case>
          </test-suite>
          <test-suite type="TestFixture" id="1006" name="MovementAcceptanceTests" fullname="LastSignal.Tests.MovementAcceptanceTests" classname="LastSignal.Tests.MovementAcceptanceTests" runstate="Runnable" testcasecount="16" result="Passed" start-time="2026-09-18 09:32:31Z" end-time="2026-09-18 09:32:59Z" duration="28.718788" total="16" passed="16" failed="0" inconclusive="0" skipped="0" asserts="0">
            <properties />
            <test-case id="1013" name="CeilingRejectsStandThenAllowsNewRequestWithoutFootDrift" fullname="LastSignal.Tests.MovementAcceptanceTests.CeilingRejectsStandThenAllowsNewRequestWithoutFootDrift" methodname="CeilingRejectsStandThenAllowsNewRequestWithoutFootDrift" classname="LastSignal.Tests.MovementAcceptanceTests" runstate="Runnable" seed="2073597431" result="Passed" start-time="2026-09-18 09:32:31Z" end-time="2026-09-18 09:32:31Z" duration="0.011565" asserts="0">
              <properties>
                <property name="retryIteration" value="0" />
                <property name="repeatIteration" value="0" />
              </properties>
            </test-case>
            <test-case id="1019" name="DoorOpensClosesAndStopsForObstruction" fullname="LastSignal.Tests.MovementAcceptanceTests.DoorOpensClosesAndStopsForObstruction" methodname="DoorOpensClosesAndStopsForObstruction" classname="LastSignal.Tests.MovementAcceptanceTests" runstate="Runnable" seed="829296399" result="Passed" start-time="2026-09-18 09:32:31Z" end-time="2026-09-18 09:32:35Z" duration="4.013169" asserts="0">
              <properties>
                <property name="_JOINTYPE" value="UnityCombinatorial" />
                <property name="retryIteration" value="0" />
                <property name="repeatIteration" value="0" />
              </properties>
            </test-case>
            <test-case id="1018" name="InteractionRevalidatesRangeOcclusionDisabledAndDestroyedTargets" fullname="LastSignal.Tests.MovementAcceptanceTests.InteractionRevalidatesRangeOcclusionDisabledAndDestroyedTargets" methodname="InteractionRevalidatesRangeOcclusionDisabledAndDestroyedTargets" classname="LastSignal.Tests.MovementAcceptanceTests" runstate="Runnable" seed="535960232" result="Passed" start-time="2026-09-18 09:32:35Z" end-time="2026-09-18 09:32:35Z" duration="0.021516" asserts="0">
              <properties>
                <property name="_JOINTYPE" value="UnityCombinatorial" />
                <property name="retryIteration" value="0" />
                <property name="repeatIteration" value="0" />
              </properties>
            </test-case>
            <test-case id="1020" name="MouseAndCrouchActionsReachCameraAndCapsule" fullname="LastSignal.Tests.MovementAcceptanceTests.MouseAndCrouchActionsReachCameraAndCapsule" methodname="MouseAndCrouchActionsReachCameraAndCapsule" classname="LastSignal.Tests.MovementAcceptanceTests" runstate="Runnable" seed="662273598" result="Passed" start-time="2026-09-18 09:32:35Z" end-time="2026-09-18 09:32:35Z" duration="0.023365" asserts="0">
              <properties>
                <property name="_JOINTYPE" value="UnityCombinatorial" />
                <property name="retryIteration" value="0" />
                <property name="repeatIteration" value="0" />
              </properties>
            </test-case>
            <test-case id="1021" name="PauseFocusAndHeldKeyReturnNeverLeakGameplay" fullname="LastSignal.Tests.MovementAcceptanceTests.PauseFocusAndHeldKeyReturnNeverLeakGameplay" methodname="PauseFocusAndHeldKeyReturnNeverLeakGameplay" classname="LastSignal.Tests.MovementAcceptanceTests" runstate="Runnable" seed="769065631" result="Passed" start-time="2026-09-18 09:32:35Z" end-time="2026-09-18 09:32:35Z" duration="0.026915" asserts="0">
              <properties>
                <property name="_JOINTYPE" value="UnityCombinatorial" />
                <property name="retryIteration" value="0" />
                <property name="repeatIteration" value="0" />
              </properties>
            </test-case>
            <test-case id="1012" name="PitchClampsInBothDirections" fullname="LastSignal.Tests.MovementAcceptanceTests.PitchClampsInBothDirections" methodname="PitchClampsInBothDirections" classname="LastSignal.Tests.MovementAcceptanceTests" runstate="Runnable" seed="1163551814" result="Passed" start-time="2026-09-18 09:32:35Z" end-time="2026-09-18 09:32:35Z" duration="0.003631" asserts="0">
              <properties>
                <property name="retryIteration" value="0" />
                <property name="repeatIteration" value="0" />
              </properties>
            </test-case>
            <test-suite type="ParameterizedMethod" id="1017" name="SlopeLimitAcceptsGentleAndRejectsSteep" fullname="LastSignal.Tests.MovementAcceptanceTests.SlopeLimitAcceptsGentleAndRejectsSteep" classname="LastSignal.Tests.MovementAcceptanceTests" runstate="Runnable" testcasecount="2" result="Passed" start-time="2026-09-18 09:32:35Z" end-time="2026-09-18 09:32:35Z" duration="0.008931" total="2" passed="2" failed="0" inconclusive="0" skipped="0" asserts="0">
              <properties />
              <test-case id="1015" name="SlopeLimitAcceptsGentleAndRejectsSteep(30,True)" fullname="LastSignal.Tests.MovementAcceptanceTests.SlopeLimitAcceptsGentleAndRejectsSteep(30,True)" methodname="SlopeLimitAcceptsGentleAndRejectsSteep" classname="LastSignal.Tests.MovementAcceptanceTests" runstate="Runnable" seed="1860816905" result="Passed" start-time="2026-09-18 09:32:35Z" end-time="2026-09-18 09:32:35Z" duration="0.003876" asserts="0">
                <properties>
                  <property name="retryIteration" value="0" />
                  <property name="repeatIteration" value="0" />
                </properties>
              </test-case>
              <test-case id="1016" name="SlopeLimitAcceptsGentleAndRejectsSteep(60,False)" fullname="LastSignal.Tests.MovementAcceptanceTests.SlopeLimitAcceptsGentleAndRejectsSteep(60,False)" methodname="SlopeLimitAcceptsGentleAndRejectsSteep" classname="LastSignal.Tests.MovementAcceptanceTests" runstate="Runnable" seed="1585963544" result="Passed" start-time="2026-09-18 09:32:35Z" end-time="2026-09-18 09:32:35Z" duration="0.003599" asserts="0">
                <properties>
                  <property name="retryIteration" value="0" />
                  <property name="repeatIteration" value="0" />
                </properties>
              </test-case>
            </test-suite>
            <test-case id="1014" name="StepsThresholdWallAndDropUseRealCollision" fullname="LastSignal.Tests.MovementAcceptanceTests.StepsThresholdWallAndDropUseRealCollision" methodname="StepsThresholdWallAndDropUseRealCollision" classname="LastSignal.Tests.MovementAcceptanceTests" runstate="Runnable" seed="42481714" result="Passed" start-time="2026-09-18 09:32:35Z" end-time="2026-09-18 09:32:35Z" duration="0.004392" asserts="0">
              <properties>
                <property name="retryIteration" value="0" />
                <property name="repeatIteration" value="0" />
              </properties>
            </test-case>
            <test-case id="1022" name="TenEnableDisableCyclesHaveOneInputRequest" fullname="LastSignal.Tests.MovementAcceptanceTests.TenEnableDisableCyclesHaveOneInputRequest" methodname="TenEnableDisableCyclesHaveOneInputRequest" classname="LastSignal.Tests.MovementAcceptanceTests" runstate="Runnable" seed="123499387" result="Passed" start-time="2026-09-18 09:32:35Z" end-time="2026-09-18 09:32:35Z" duration="0.042509" asserts="0">
              <properties>
                <property name="_JOINTYPE" value="UnityCombinatorial" />
                <property name="retryIteration" value="0" />
                <property name="repeatIteration" value="0" />
              </properties>
            </test-case>
            <test-suite type="ParameterizedMethod" id="1010" name="WalkingDistanceAndDiagonalCapAreFrameIndependent" fullname="LastSignal.Tests.MovementAcceptanceTests.WalkingDistanceAndDiagonalCapAreFrameIndependent" classname="LastSignal.Tests.MovementAcceptanceTests" runstate="Runnable" testcasecount="3" result="Passed" start-time="2026-09-18 09:32:35Z" end-time="2026-09-18 09:32:35Z" duration="0.012389" total="3" passed="3" failed="0" inconclusive="0" skipped="0" asserts="0">
              <properties />
              <test-case id="1007" name="WalkingDistanceAndDiagonalCapAreFrameIndependent(30)" fullname="LastSignal.Tests.MovementAcceptanceTests.WalkingDistanceAndDiagonalCapAreFrameIndependent(30)" methodname="WalkingDistanceAndDiagonalCapAreFrameIndependent" classname="LastSignal.Tests.MovementAcceptanceTests" runstate="Runnable" seed="310420378" result="Passed" start-time="2026-09-18 09:32:35Z" end-time="2026-09-18 09:32:35Z" duration="0.004286" asserts="0">
                <properties>
                  <property name="retryIteration" value="0" />
                  <property name="repeatIteration" value="0" />
                </properties>
              </test-case>
              <test-case id="1008" name="WalkingDistanceAndDiagonalCapAreFrameIndependent(60)" fullname="LastSignal.Tests.MovementAcceptanceTests.WalkingDistanceAndDiagonalCapAreFrameIndependent(60)" methodname="WalkingDistanceAndDiagonalCapAreFrameIndependent" classname="LastSignal.Tests.MovementAcceptanceTests" runstate="Runnable" seed="1992419283" result="Passed" start-time="2026-09-18 09:32:35Z" end-time="2026-09-18 09:32:35Z" duration="0.003407" asserts="0">
                <properties>
                  <property name="retryIteration" value="0" />
                  <property name="repeatIteration" value="0" />
                </properties>
              </test-case>
              <test-case id="1009" name="WalkingDistanceAndDiagonalCapAreFrameIndependent(120)" fullname="LastSignal.Tests.MovementAcceptanceTests.WalkingDistanceAndDiagonalCapAreFrameIndependent(120)" methodname="WalkingDistanceAndDiagonalCapAreFrameIndependent" classname="LastSignal.Tests.MovementAcceptanceTests" runstate="Runnable" seed="13976197" result="Passed" start-time="2026-09-18 09:32:35Z" end-time="2026-09-18 09:32:35Z" duration="0.003589" asserts="0">
                <properties>
                  <property name="retryIteration" value="0" />
                  <property name="repeatIteration" value="0" />
                </properties>
              </test-case>
            </test-suite>
            <test-case id="1011" name="YawSprintAndCrouchSpeedUseConfiguredPolicy" fullname="LastSignal.Tests.MovementAcceptanceTests.YawSprintAndCrouchSpeedUseConfiguredPolicy" methodname="YawSprintAndCrouchSpeedUseConfiguredPolicy" classname="LastSignal.Tests.MovementAcceptanceTests" runstate="Runnable" seed="1566584643" result="Passed" start-time="2026-09-18 09:32:35Z" end-time="2026-09-18 09:32:35Z" duration="0.002827" asserts="0">
              <properties>
                <property name="retryIteration" value="0" />
                <property name="repeatIteration" value="0" />
              </properties>
            </test-case>
            <test-case id="1023" name="YIntegratedParkourUsesAuthoredGeometry" fullname="LastSignal.Tests.MovementAcceptanceTests.YIntegratedParkourUsesAuthoredGeometry" methodname="YIntegratedParkourUsesAuthoredGeometry" classname="LastSignal.Tests.MovementAcceptanceTests" runstate="Runnable" seed="1913259554" result="Passed" start-time="2026-09-18 09:32:35Z" end-time="2026-09-18 09:32:36Z" duration="1.655322" asserts="0">
              <properties>
                <property name="_JOINTYPE" value="UnityCombinatorial" />
                <property name="retryIteration" value="0" />
                <property name="repeatIteration" value="0" />
              </properties>
              <output><![CDATA[S001 session started: one player, local input.
S001_AUTHORED_PARKOUR PASS: steps, 30/60 slopes, corridor, tunnel/stand, deck/drop, threshold, occlusion.
]]></output>
            </test-case>
            <test-case id="1024" name="ZIntegratedSceneTenMenuSessionsDoNotRetainPlayerOrCallbacks" fullname="LastSignal.Tests.MovementAcceptanceTests.ZIntegratedSceneTenMenuSessionsDoNotRetainPlayerOrCallbacks" methodname="ZIntegratedSceneTenMenuSessionsDoNotRetainPlayerOrCallbacks" classname="LastSignal.Tests.MovementAcceptanceTests" runstate="Runnable" seed="683229112" result="Passed" start-time="2026-09-18 09:32:36Z" end-time="2026-09-18 09:32:59Z" duration="22.887400" asserts="0">
              <properties>
                <property name="_JOINTYPE" value="UnityCombinatorial" />
                <property name="retryIteration" value="0" />
                <property name="repeatIteration" value="0" />
              </properties>
              <output><![CDATA[S001 session started: one player, local input.
SESSION_INPUT cycle=0 key=True active=True move=(0.00, -1.00) before=(0.00, 0.02, 0.00) after=(0.00, 0.02, -0.64)
S001 session started: one player, local input.
SESSION_INPUT cycle=1 key=True active=True move=(0.00, -1.00) before=(0.00, 0.02, 0.00) after=(0.00, 0.02, -0.67)
S001 session started: one player, local input.
SESSION_INPUT cycle=2 key=True active=True move=(0.00, -1.00) before=(0.00, 0.02, 0.00) after=(0.00, 0.02, -0.64)
S001 session started: one player, local input.
SESSION_INPUT cycle=3 key=True active=True move=(0.00, -1.00) before=(0.00, 0.02, 0.00) after=(0.00, 0.03, -0.64)
S001 session started: one player, local input.
Account API did not become accessible within 30 seconds. This may be due to network issues or editor focus.
SESSION_INPUT cycle=4 key=True active=True move=(0.00, -1.00) before=(0.00, 0.02, 0.00) after=(0.00, 0.02, -0.64)
S001 session started: one player, local input.
SESSION_INPUT cycle=5 key=True active=True move=(0.00, -1.00) before=(0.00, 0.02, 0.00) after=(0.00, 0.02, -0.64)
S001 session started: one player, local input.
SESSION_INPUT cycle=6 key=True active=True move=(0.00, -1.00) before=(0.00, 0.02, 0.00) after=(0.00, 0.02, -0.64)
S001 session started: one player, local input.
SESSION_INPUT cycle=7 key=True active=True move=(0.00, -1.00) before=(0.00, 0.02, 0.00) after=(0.00, 0.02, -0.64)
S001 session started: one player, local input.
SESSION_INPUT cycle=8 key=True active=True move=(0.00, -1.00) before=(0.00, 0.02, 0.00) after=(0.00, 0.02, -0.64)
S001 session started: one player, local input.
SESSION_INPUT cycle=9 key=True active=True move=(0.00, -1.00) before=(0.00, 0.02, 0.00) after=(0.00, 0.02, -0.64)
]]></output>
            </test-case>
          </test-suite>
          <test-suite type="TestFixture" id="1025" name="RuntimeSmokeTests" fullname="LastSignal.Tests.RuntimeSmokeTests" classname="LastSignal.Tests.RuntimeSmokeTests" runstate="Runnable" testcasecount="1" result="Passed" start-time="2026-09-18 09:32:59Z" end-time="2026-09-18 09:33:10Z" duration="10.322334" total="1" passed="1" failed="0" inconclusive="0" skipped="0" asserts="0">
            <properties />
            <test-case id="1026" name="SmokeTest_ThreeSessionCycles" fullname="LastSignal.Tests.RuntimeSmokeTests.SmokeTest_ThreeSessionCycles" methodname="SmokeTest_ThreeSessionCycles" classname="LastSignal.Tests.RuntimeSmokeTests" runstate="Runnable" seed="985399237" result="Passed" start-time="2026-09-18 09:32:59Z" end-time="2026-09-18 09:33:10Z" duration="10.319927" asserts="0">
              <properties>
                <property name="_JOINTYPE" value="UnityCombinatorial" />
                <property name="retryIteration" value="0" />
                <property name="repeatIteration" value="0" />
              </properties>
              <output><![CDATA[S001 session started: one player, local input.
S001 session started: one player, local input.
S001 session started: one player, local input.
]]></output>
            </test-case>
          </test-suite>
          <test-suite type="TestFixture" id="1027" name="ZombiePresentationTests" fullname="LastSignal.Tests.ZombiePresentationTests" classname="LastSignal.Tests.ZombiePresentationTests" runstate="Runnable" testcasecount="2" result="Passed" start-time="2026-09-18 09:33:10Z" end-time="2026-09-18 09:33:10Z" duration="0.095980" total="2" passed="2" failed="0" inconclusive="0" skipped="0" asserts="0">
            <properties />
            <test-case id="1029" name="DeathHoldsFinalPoseAndClearsGroundOnProductionController" fullname="LastSignal.Tests.ZombiePresentationTests.DeathHoldsFinalPoseAndClearsGroundOnProductionController" methodname="DeathHoldsFinalPoseAndClearsGroundOnProductionController" classname="LastSignal.Tests.ZombiePresentationTests" runstate="Runnable" seed="357917483" result="Passed" start-time="2026-09-18 09:33:10Z" end-time="2026-09-18 09:33:10Z" duration="0.062985" asserts="0">
              <properties>
                <property name="retryIteration" value="0" />
                <property name="repeatIteration" value="0" />
              </properties>
            </test-case>
            <test-case id="1028" name="EveryPresentationStateAnimatesWithoutMovingActorRoot" fullname="LastSignal.Tests.ZombiePresentationTests.EveryPresentationStateAnimatesWithoutMovingActorRoot" methodname="EveryPresentationStateAnimatesWithoutMovingActorRoot" classname="LastSignal.Tests.ZombiePresentationTests" runstate="Runnable" seed="1461228167" result="Passed" start-time="2026-09-18 09:33:10Z" end-time="2026-09-18 09:33:10Z" duration="0.031389" asserts="0">
              <properties>
                <property name="retryIteration" value="0" />
                <property name="repeatIteration" value="0" />
              </properties>
              <output><![CDATA[Saving results to: Docs/Implementation/S004/Evidence/20260918-B0B/playmode-results.xml
]]></output>
            </test-case>
          </test-suite>
        </test-suite>
      </test-suite>
    </test-suite>
  </test-suite>
</test-run>