<?xml version="1.0" encoding="utf-8"?>
<test-run id="2" testcasecount="14" result="Failed(Child)" total="14" passed="12" failed="2" inconclusive="0" skipped="0" asserts="0" engine-version="3.5.0.0" clr-version="4.0.30319.42000" start-time="2026-09-17 16:32:59Z" end-time="2026-09-17 16:33:06Z" duration="6.7494306">
  <test-suite type="TestSuite" id="1024" name="Last Signal" fullname="Last Signal" runstate="Runnable" testcasecount="14" result="Failed" site="Child" start-time="2026-09-17 16:32:59Z" end-time="2026-09-17 16:33:06Z" duration="6.749431" total="14" passed="12" failed="2" inconclusive="0" skipped="0" asserts="0">
    <properties>
      <property name="platform" value="PlayMode" />
    </properties>
    <failure>
      <message><![CDATA[One or more child tests had errors]]></message>
    </failure>
    <test-suite type="Assembly" id="1018" name="LastSignal.PlayModeTests.dll" fullname="/Users/burakcoskun/Last Signal/Library/ScriptAssemblies/LastSignal.PlayModeTests.dll" runstate="Runnable" testcasecount="14" result="Failed" site="Child" start-time="2026-09-17 16:32:59Z" end-time="2026-09-17 16:33:06Z" duration="6.741861" total="14" passed="12" failed="2" inconclusive="0" skipped="0" asserts="0">
      <properties>
        <property name="_PID" value="19522" />
        <property name="_APPDOMAIN" value="Unity Child Domain" />
        <property name="platform" value="PlayMode" />
        <property name="EditorOnly" value="False" />
      </properties>
      <failure>
        <message><![CDATA[One or more child tests had errors]]></message>
      </failure>
      <test-suite type="TestSuite" id="1019" name="LastSignal" fullname="LastSignal" runstate="Runnable" testcasecount="14" result="Failed" site="Child" start-time="2026-09-17 16:32:59Z" end-time="2026-09-17 16:33:06Z" duration="6.740694" total="14" passed="12" failed="2" inconclusive="0" skipped="0" asserts="0">
        <properties />
        <failure>
          <message><![CDATA[One or more child tests had errors]]></message>
        </failure>
        <test-suite type="TestSuite" id="1020" name="Tests" fullname="LastSignal.Tests" runstate="Runnable" testcasecount="14" result="Failed" site="Child" start-time="2026-09-17 16:32:59Z" end-time="2026-09-17 16:33:06Z" duration="6.740089" total="14" passed="12" failed="2" inconclusive="0" skipped="0" asserts="0">
          <properties />
          <failure>
            <message><![CDATA[One or more child tests had errors]]></message>
          </failure>
          <test-suite type="TestFixture" id="1001" name="MovementAcceptanceTests" fullname="LastSignal.Tests.MovementAcceptanceTests" classname="LastSignal.Tests.MovementAcceptanceTests" runstate="Runnable" testcasecount="14" result="Failed" site="Child" start-time="2026-09-17 16:32:59Z" end-time="2026-09-17 16:33:06Z" duration="6.739177" total="14" passed="12" failed="2" inconclusive="0" skipped="0" asserts="0">
            <properties />
            <failure>
              <message><![CDATA[One or more child tests had errors]]></message>
            </failure>
            <test-case id="1008" name="CeilingRejectsStandThenAllowsNewRequestWithoutFootDrift" fullname="LastSignal.Tests.MovementAcceptanceTests.CeilingRejectsStandThenAllowsNewRequestWithoutFootDrift" methodname="CeilingRejectsStandThenAllowsNewRequestWithoutFootDrift" classname="LastSignal.Tests.MovementAcceptanceTests" runstate="Runnable" seed="671466889" result="Passed" start-time="2026-09-17 16:32:59Z" end-time="2026-09-17 16:32:59Z" duration="0.175106" asserts="0">
              <properties>
                <property name="retryIteration" value="0" />
                <property name="repeatIteration" value="0" />
              </properties>
            </test-case>
            <test-case id="1014" name="DoorOpensClosesAndStopsForObstruction" fullname="LastSignal.Tests.MovementAcceptanceTests.DoorOpensClosesAndStopsForObstruction" methodname="DoorOpensClosesAndStopsForObstruction" classname="LastSignal.Tests.MovementAcceptanceTests" runstate="Runnable" seed="2006026789" result="Passed" start-time="2026-09-17 16:32:59Z" end-time="2026-09-17 16:33:03Z" duration="4.094923" asserts="0">
              <properties>
                <property name="_JOINTYPE" value="UnityCombinatorial" />
                <property name="retryIteration" value="0" />
                <property name="repeatIteration" value="0" />
              </properties>
            </test-case>
            <test-case id="1013" name="InteractionRevalidatesRangeOcclusionDisabledAndDestroyedTargets" fullname="LastSignal.Tests.MovementAcceptanceTests.InteractionRevalidatesRangeOcclusionDisabledAndDestroyedTargets" methodname="InteractionRevalidatesRangeOcclusionDisabledAndDestroyedTargets" classname="LastSignal.Tests.MovementAcceptanceTests" runstate="Runnable" seed="1543360657" result="Passed" start-time="2026-09-17 16:33:03Z" end-time="2026-09-17 16:33:03Z" duration="0.012992" asserts="0">
              <properties>
                <property name="_JOINTYPE" value="UnityCombinatorial" />
                <property name="retryIteration" value="0" />
                <property name="repeatIteration" value="0" />
              </properties>
            </test-case>
            <test-case id="1015" name="PauseFocusAndHeldKeyReturnNeverLeakGameplay" fullname="LastSignal.Tests.MovementAcceptanceTests.PauseFocusAndHeldKeyReturnNeverLeakGameplay" methodname="PauseFocusAndHeldKeyReturnNeverLeakGameplay" classname="LastSignal.Tests.MovementAcceptanceTests" runstate="Runnable" seed="1720186505" result="Failed" start-time="2026-09-17 16:33:03Z" end-time="2026-09-17 16:33:03Z" duration="0.017909" asserts="0">
              <properties>
                <property name="_JOINTYPE" value="UnityCombinatorial" />
                <property name="retryIteration" value="0" />
                <property name="repeatIteration" value="0" />
              </properties>
              <failure>
                <message><![CDATA[  Expected: greater than 0.899999976f
  But was:  0.0f
]]></message>
                <stack-trace><![CDATA[at LastSignal.Tests.MovementAcceptanceTests+<PauseFocusAndHeldKeyReturnNeverLeakGameplay>d__22.MoveNext () [0x000f2] in /Users/burakcoskun/Last Signal/Assets/LastSignal/Tests/PlayMode/MovementAcceptanceTests.cs:177
at UnityEngine.TestTools.TestEnumerator+<Execute>d__7.MoveNext () [0x0003a] in ./Library/PackageCache/com.unity.test-framework@f3e6c9a02477/UnityEngine.TestRunner/NUnitExtensions/Attributes/TestEnumerator.cs:44
]]></stack-trace>
              </failure>
            </test-case>
            <test-case id="1007" name="PitchClampsInBothDirections" fullname="LastSignal.Tests.MovementAcceptanceTests.PitchClampsInBothDirections" methodname="PitchClampsInBothDirections" classname="LastSignal.Tests.MovementAcceptanceTests" runstate="Runnable" seed="1839901442" result="Passed" start-time="2026-09-17 16:33:03Z" end-time="2026-09-17 16:33:03Z" duration="0.004909" asserts="0">
              <properties>
                <property name="retryIteration" value="0" />
                <property name="repeatIteration" value="0" />
              </properties>
            </test-case>
            <test-suite type="ParameterizedMethod" id="1012" name="SlopeLimitAcceptsGentleAndRejectsSteep" fullname="LastSignal.Tests.MovementAcceptanceTests.SlopeLimitAcceptsGentleAndRejectsSteep" classname="LastSignal.Tests.MovementAcceptanceTests" runstate="Runnable" testcasecount="2" result="Passed" start-time="2026-09-17 16:33:03Z" end-time="2026-09-17 16:33:03Z" duration="0.011193" total="2" passed="2" failed="0" inconclusive="0" skipped="0" asserts="0">
              <properties />
              <test-case id="1010" name="SlopeLimitAcceptsGentleAndRejectsSteep(30,True)" fullname="LastSignal.Tests.MovementAcceptanceTests.SlopeLimitAcceptsGentleAndRejectsSteep(30,True)" methodname="SlopeLimitAcceptsGentleAndRejectsSteep" classname="LastSignal.Tests.MovementAcceptanceTests" runstate="Runnable" seed="852085737" result="Passed" start-time="2026-09-17 16:33:03Z" end-time="2026-09-17 16:33:03Z" duration="0.004888" asserts="0">
                <properties>
                  <property name="retryIteration" value="0" />
                  <property name="repeatIteration" value="0" />
                </properties>
              </test-case>
              <test-case id="1011" name="SlopeLimitAcceptsGentleAndRejectsSteep(60,False)" fullname="LastSignal.Tests.MovementAcceptanceTests.SlopeLimitAcceptsGentleAndRejectsSteep(60,False)" methodname="SlopeLimitAcceptsGentleAndRejectsSteep" classname="LastSignal.Tests.MovementAcceptanceTests" runstate="Runnable" seed="1561606292" result="Passed" start-time="2026-09-17 16:33:03Z" end-time="2026-09-17 16:33:03Z" duration="0.004254" asserts="0">
                <properties>
                  <property name="retryIteration" value="0" />
                  <property name="repeatIteration" value="0" />
                </properties>
              </test-case>
            </test-suite>
            <test-case id="1009" name="StepsThresholdWallAndDropUseRealCollision" fullname="LastSignal.Tests.MovementAcceptanceTests.StepsThresholdWallAndDropUseRealCollision" methodname="StepsThresholdWallAndDropUseRealCollision" classname="LastSignal.Tests.MovementAcceptanceTests" runstate="Runnable" seed="517933368" result="Passed" start-time="2026-09-17 16:33:03Z" end-time="2026-09-17 16:33:03Z" duration="0.007582" asserts="0">
              <properties>
                <property name="retryIteration" value="0" />
                <property name="repeatIteration" value="0" />
              </properties>
            </test-case>
            <test-case id="1016" name="TenEnableDisableCyclesHaveOneInputRequest" fullname="LastSignal.Tests.MovementAcceptanceTests.TenEnableDisableCyclesHaveOneInputRequest" methodname="TenEnableDisableCyclesHaveOneInputRequest" classname="LastSignal.Tests.MovementAcceptanceTests" runstate="Runnable" seed="888822101" result="Passed" start-time="2026-09-17 16:33:03Z" end-time="2026-09-17 16:33:03Z" duration="0.014083" asserts="0">
              <properties>
                <property name="_JOINTYPE" value="UnityCombinatorial" />
                <property name="retryIteration" value="0" />
                <property name="repeatIteration" value="0" />
              </properties>
            </test-case>
            <test-suite type="ParameterizedMethod" id="1005" name="WalkingDistanceAndDiagonalCapAreFrameIndependent" fullname="LastSignal.Tests.MovementAcceptanceTests.WalkingDistanceAndDiagonalCapAreFrameIndependent" classname="LastSignal.Tests.MovementAcceptanceTests" runstate="Runnable" testcasecount="3" result="Passed" start-time="2026-09-17 16:33:03Z" end-time="2026-09-17 16:33:03Z" duration="0.013654" total="3" passed="3" failed="0" inconclusive="0" skipped="0" asserts="0">
              <properties />
              <test-case id="1002" name="WalkingDistanceAndDiagonalCapAreFrameIndependent(30)" fullname="LastSignal.Tests.MovementAcceptanceTests.WalkingDistanceAndDiagonalCapAreFrameIndependent(30)" methodname="WalkingDistanceAndDiagonalCapAreFrameIndependent" classname="LastSignal.Tests.MovementAcceptanceTests" runstate="Runnable" seed="367887343" result="Passed" start-time="2026-09-17 16:33:03Z" end-time="2026-09-17 16:33:03Z" duration="0.004581" asserts="0">
                <properties>
                  <property name="retryIteration" value="0" />
                  <property name="repeatIteration" value="0" />
                </properties>
              </test-case>
              <test-case id="1003" name="WalkingDistanceAndDiagonalCapAreFrameIndependent(60)" fullname="LastSignal.Tests.MovementAcceptanceTests.WalkingDistanceAndDiagonalCapAreFrameIndependent(60)" methodname="WalkingDistanceAndDiagonalCapAreFrameIndependent" classname="LastSignal.Tests.MovementAcceptanceTests" runstate="Runnable" seed="1983965296" result="Passed" start-time="2026-09-17 16:33:03Z" end-time="2026-09-17 16:33:03Z" duration="0.003730" asserts="0">
                <properties>
                  <property name="retryIteration" value="0" />
                  <property name="repeatIteration" value="0" />
                </properties>
              </test-case>
              <test-case id="1004" name="WalkingDistanceAndDiagonalCapAreFrameIndependent(120)" fullname="LastSignal.Tests.MovementAcceptanceTests.WalkingDistanceAndDiagonalCapAreFrameIndependent(120)" methodname="WalkingDistanceAndDiagonalCapAreFrameIndependent" classname="LastSignal.Tests.MovementAcceptanceTests" runstate="Runnable" seed="1994272348" result="Passed" start-time="2026-09-17 16:33:03Z" end-time="2026-09-17 16:33:03Z" duration="0.004641" asserts="0">
                <properties>
                  <property name="retryIteration" value="0" />
                  <property name="repeatIteration" value="0" />
                </properties>
              </test-case>
            </test-suite>
            <test-case id="1006" name="YawSprintAndCrouchSpeedUseConfiguredPolicy" fullname="LastSignal.Tests.MovementAcceptanceTests.YawSprintAndCrouchSpeedUseConfiguredPolicy" methodname="YawSprintAndCrouchSpeedUseConfiguredPolicy" classname="LastSignal.Tests.MovementAcceptanceTests" runstate="Runnable" seed="1003804143" result="Passed" start-time="2026-09-17 16:33:03Z" end-time="2026-09-17 16:33:03Z" duration="0.006178" asserts="0">
              <properties>
                <property name="retryIteration" value="0" />
                <property name="repeatIteration" value="0" />
              </properties>
            </test-case>
            <test-case id="1017" name="ZIntegratedSceneTenMenuSessionsDoNotRetainPlayerOrCallbacks" fullname="LastSignal.Tests.MovementAcceptanceTests.ZIntegratedSceneTenMenuSessionsDoNotRetainPlayerOrCallbacks" methodname="ZIntegratedSceneTenMenuSessionsDoNotRetainPlayerOrCallbacks" classname="LastSignal.Tests.MovementAcceptanceTests" runstate="Runnable" seed="2090615508" result="Failed" start-time="2026-09-17 16:33:03Z" end-time="2026-09-17 16:33:06Z" duration="2.357676" asserts="0">
              <properties>
                <property name="_JOINTYPE" value="UnityCombinatorial" />
                <property name="retryIteration" value="0" />
                <property name="repeatIteration" value="0" />
              </properties>
              <failure>
                <message><![CDATA[  Expected: less than 0.0f
  But was:  0.0f
]]></message>
                <stack-trace><![CDATA[at LastSignal.Tests.MovementAcceptanceTests+<ZIntegratedSceneTenMenuSessionsDoNotRetainPlayerOrCallbacks>d__24.MoveNext () [0x002e6] in /Users/burakcoskun/Last Signal/Assets/LastSignal/Tests/PlayMode/MovementAcceptanceTests.cs:224
at UnityEngine.TestTools.TestEnumerator+<Execute>d__7.MoveNext () [0x0003a] in ./Library/PackageCache/com.unity.test-framework@f3e6c9a02477/UnityEngine.TestRunner/NUnitExtensions/Attributes/TestEnumerator.cs:44
]]></stack-trace>
              </failure>
              <output><![CDATA[S001 session started: one player, local input.
<b><color=#2EA3FF>MCP-FOR-UNITY</color></b>: [TestRunnerNoThrottle] Restored Interaction Mode after test run.
Saving results to: /Users/burakcoskun/Library/Application Support/DefaultCompany/Last Signal/TestResults.xml
]]></output>
            </test-case>
          </test-suite>
        </test-suite>
      </test-suite>
    </test-suite>
  </test-suite>
</test-run>