<?xml version="1.0" encoding="utf-8"?>
<test-run id="2" testcasecount="1" result="Passed" total="1" passed="1" failed="0" inconclusive="0" skipped="0" asserts="0" engine-version="3.5.0.0" clr-version="4.0.30319.42000" start-time="2026-09-17 16:38:45Z" end-time="2026-09-17 16:38:47Z" duration="1.6435497">
  <test-suite type="TestSuite" id="1025" name="Last Signal" fullname="Last Signal" runstate="Runnable" testcasecount="15" result="Passed" start-time="2026-09-17 16:38:45Z" end-time="2026-09-17 16:38:47Z" duration="1.643550" total="1" passed="1" failed="0" inconclusive="0" skipped="0" asserts="0">
    <properties>
      <property name="platform" value="PlayMode" />
    </properties>
    <test-suite type="Assembly" id="1019" name="LastSignal.PlayModeTests.dll" fullname="/Users/burakcoskun/Last Signal/Library/ScriptAssemblies/LastSignal.PlayModeTests.dll" runstate="Runnable" testcasecount="15" result="Passed" start-time="2026-09-17 16:38:45Z" end-time="2026-09-17 16:38:47Z" duration="1.637561" total="1" passed="1" failed="0" inconclusive="0" skipped="0" asserts="0">
      <properties>
        <property name="_PID" value="21978" />
        <property name="_APPDOMAIN" value="Unity Child Domain" />
        <property name="platform" value="PlayMode" />
        <property name="EditorOnly" value="False" />
      </properties>
      <test-suite type="TestSuite" id="1020" name="LastSignal" fullname="LastSignal" runstate="Runnable" testcasecount="15" result="Passed" start-time="2026-09-17 16:38:45Z" end-time="2026-09-17 16:38:47Z" duration="1.636785" total="1" passed="1" failed="0" inconclusive="0" skipped="0" asserts="0">
        <properties />
        <test-suite type="TestSuite" id="1021" name="Tests" fullname="LastSignal.Tests" runstate="Runnable" testcasecount="15" result="Passed" start-time="2026-09-17 16:38:45Z" end-time="2026-09-17 16:38:47Z" duration="1.636262" total="1" passed="1" failed="0" inconclusive="0" skipped="0" asserts="0">
          <properties />
          <test-suite type="TestFixture" id="1001" name="MovementAcceptanceTests" fullname="LastSignal.Tests.MovementAcceptanceTests" classname="LastSignal.Tests.MovementAcceptanceTests" runstate="Runnable" testcasecount="15" result="Passed" start-time="2026-09-17 16:38:45Z" end-time="2026-09-17 16:38:47Z" duration="1.635332" total="1" passed="1" failed="0" inconclusive="0" skipped="0" asserts="0">
            <properties />
            <test-case id="1017" name="YIntegratedParkourUsesAuthoredGeometry" fullname="LastSignal.Tests.MovementAcceptanceTests.YIntegratedParkourUsesAuthoredGeometry" methodname="YIntegratedParkourUsesAuthoredGeometry" classname="LastSignal.Tests.MovementAcceptanceTests" runstate="Runnable" seed="1109794046" result="Passed" start-time="2026-09-17 16:38:45Z" end-time="2026-09-17 16:38:47Z" duration="1.625998" asserts="0">
              <properties>
                <property name="_JOINTYPE" value="UnityCombinatorial" />
                <property name="retryIteration" value="0" />
                <property name="repeatIteration" value="0" />
              </properties>
              <output><![CDATA[S001 session started: one player, local input.
S001_AUTHORED_PARKOUR PASS: steps, 30/60 slopes, corridor, tunnel/stand, deck/drop, threshold, occlusion.
<b><color=#2EA3FF>MCP-FOR-UNITY</color></b>: [TestRunnerNoThrottle] Restored Interaction Mode after test run.
Saving results to: /Users/burakcoskun/Library/Application Support/DefaultCompany/Last Signal/TestResults.xml
]]></output>
            </test-case>
          </test-suite>
        </test-suite>
      </test-suite>
    </test-suite>
  </test-suite>
</test-run>