<?xml version="1.0" encoding="utf-8"?>
<test-run id="2" testcasecount="14" result="Passed" total="14" passed="14" failed="0" inconclusive="0" skipped="0" asserts="0" engine-version="3.5.0.0" clr-version="4.0.30319.42000" start-time="2026-09-17 16:36:55Z" end-time="2026-09-17 16:37:23Z" duration="27.3333079">
  <test-suite type="TestSuite" id="1024" name="Last Signal" fullname="Last Signal" runstate="Runnable" testcasecount="14" result="Passed" start-time="2026-09-17 16:36:55Z" end-time="2026-09-17 16:37:23Z" duration="27.333308" total="14" passed="14" failed="0" inconclusive="0" skipped="0" asserts="0">
    <properties>
      <property name="platform" value="PlayMode" />
    </properties>
    <test-suite type="Assembly" id="1018" name="LastSignal.PlayModeTests.dll" fullname="/Users/burakcoskun/Last Signal/Library/ScriptAssemblies/LastSignal.PlayModeTests.dll" runstate="Runnable" testcasecount="14" result="Passed" start-time="2026-09-17 16:36:55Z" end-time="2026-09-17 16:37:23Z" duration="27.323682" total="14" passed="14" failed="0" inconclusive="0" skipped="0" asserts="0">
      <properties>
        <property name="_PID" value="21510" />
        <property name="_APPDOMAIN" value="Unity Child Domain" />
        <property name="platform" value="PlayMode" />
        <property name="EditorOnly" value="False" />
      </properties>
      <test-suite type="TestSuite" id="1019" name="LastSignal" fullname="LastSignal" runstate="Runnable" testcasecount="14" result="Passed" start-time="2026-09-17 16:36:55Z" end-time="2026-09-17 16:37:23Z" duration="27.322914" total="14" passed="14" failed="0" inconclusive="0" skipped="0" asserts="0">
        <properties />
        <test-suite type="TestSuite" id="1020" name="Tests" fullname="LastSignal.Tests" runstate="Runnable" testcasecount="14" result="Passed" start-time="2026-09-17 16:36:55Z" end-time="2026-09-17 16:37:23Z" duration="27.322479" total="14" passed="14" failed="0" inconclusive="0" skipped="0" asserts="0">
          <properties />
          <test-suite type="TestFixture" id="1001" name="MovementAcceptanceTests" fullname="LastSignal.Tests.MovementAcceptanceTests" classname="LastSignal.Tests.MovementAcceptanceTests" runstate="Runnable" testcasecount="14" result="Passed" start-time="2026-09-17 16:36:55Z" end-time="2026-09-17 16:37:23Z" duration="27.321725" total="14" passed="14" failed="0" inconclusive="0" skipped="0" asserts="0">
            <properties />
            <test-case id="1008" name="CeilingRejectsStandThenAllowsNewRequestWithoutFootDrift" fullname="LastSignal.Tests.MovementAcceptanceTests.CeilingRejectsStandThenAllowsNewRequestWithoutFootDrift" methodname="CeilingRejectsStandThenAllowsNewRequestWithoutFootDrift" classname="LastSignal.Tests.MovementAcceptanceTests" runstate="Runnable" seed="1463143708" result="Passed" start-time="2026-09-17 16:36:55Z" end-time="2026-09-17 16:36:55Z" duration="0.035645" asserts="0">
              <properties>
                <property name="retryIteration" value="0" />
                <property name="repeatIteration" value="0" />
              </properties>
            </test-case>
            <test-case id="1014" name="DoorOpensClosesAndStopsForObstruction" fullname="LastSignal.Tests.MovementAcceptanceTests.DoorOpensClosesAndStopsForObstruction" methodname="DoorOpensClosesAndStopsForObstruction" classname="LastSignal.Tests.MovementAcceptanceTests" runstate="Runnable" seed="1936379674" result="Passed" start-time="2026-09-17 16:36:55Z" end-time="2026-09-17 16:36:59Z" duration="4.019076" asserts="0">
              <properties>
                <property name="_JOINTYPE" value="UnityCombinatorial" />
                <property name="retryIteration" value="0" />
                <property name="repeatIteration" value="0" />
              </properties>
            </test-case>
            <test-case id="1013" name="InteractionRevalidatesRangeOcclusionDisabledAndDestroyedTargets" fullname="LastSignal.Tests.MovementAcceptanceTests.InteractionRevalidatesRangeOcclusionDisabledAndDestroyedTargets" methodname="InteractionRevalidatesRangeOcclusionDisabledAndDestroyedTargets" classname="LastSignal.Tests.MovementAcceptanceTests" runstate="Runnable" seed="86736146" result="Passed" start-time="2026-09-17 16:36:59Z" end-time="2026-09-17 16:36:59Z" duration="0.007895" asserts="0">
              <properties>
                <property name="_JOINTYPE" value="UnityCombinatorial" />
                <property name="retryIteration" value="0" />
                <property name="repeatIteration" value="0" />
              </properties>
            </test-case>
            <test-case id="1015" name="PauseFocusAndHeldKeyReturnNeverLeakGameplay" fullname="LastSignal.Tests.MovementAcceptanceTests.PauseFocusAndHeldKeyReturnNeverLeakGameplay" methodname="PauseFocusAndHeldKeyReturnNeverLeakGameplay" classname="LastSignal.Tests.MovementAcceptanceTests" runstate="Runnable" seed="1926146112" result="Passed" start-time="2026-09-17 16:36:59Z" end-time="2026-09-17 16:36:59Z" duration="0.017684" asserts="0">
              <properties>
                <property name="_JOINTYPE" value="UnityCombinatorial" />
                <property name="retryIteration" value="0" />
                <property name="repeatIteration" value="0" />
              </properties>
            </test-case>
            <test-case id="1007" name="PitchClampsInBothDirections" fullname="LastSignal.Tests.MovementAcceptanceTests.PitchClampsInBothDirections" methodname="PitchClampsInBothDirections" classname="LastSignal.Tests.MovementAcceptanceTests" runstate="Runnable" seed="1074553151" result="Passed" start-time="2026-09-17 16:36:59Z" end-time="2026-09-17 16:36:59Z" duration="0.003975" asserts="0">
              <properties>
                <property name="retryIteration" value="0" />
                <property name="repeatIteration" value="0" />
              </properties>
            </test-case>
            <test-suite type="ParameterizedMethod" id="1012" name="SlopeLimitAcceptsGentleAndRejectsSteep" fullname="LastSignal.Tests.MovementAcceptanceTests.SlopeLimitAcceptsGentleAndRejectsSteep" classname="LastSignal.Tests.MovementAcceptanceTests" runstate="Runnable" testcasecount="2" result="Passed" start-time="2026-09-17 16:36:59Z" end-time="2026-09-17 16:36:59Z" duration="0.009658" total="2" passed="2" failed="0" inconclusive="0" skipped="0" asserts="0">
              <properties />
              <test-case id="1010" name="SlopeLimitAcceptsGentleAndRejectsSteep(30,True)" fullname="LastSignal.Tests.MovementAcceptanceTests.SlopeLimitAcceptsGentleAndRejectsSteep(30,True)" methodname="SlopeLimitAcceptsGentleAndRejectsSteep" classname="LastSignal.Tests.MovementAcceptanceTests" runstate="Runnable" seed="1582369527" result="Passed" start-time="2026-09-17 16:36:59Z" end-time="2026-09-17 16:36:59Z" duration="0.004435" asserts="0">
                <properties>
                  <property name="retryIteration" value="0" />
                  <property name="repeatIteration" value="0" />
                </properties>
              </test-case>
              <test-case id="1011" name="SlopeLimitAcceptsGentleAndRejectsSteep(60,False)" fullname="LastSignal.Tests.MovementAcceptanceTests.SlopeLimitAcceptsGentleAndRejectsSteep(60,False)" methodname="SlopeLimitAcceptsGentleAndRejectsSteep" classname="LastSignal.Tests.MovementAcceptanceTests" runstate="Runnable" seed="1627430091" result="Passed" start-time="2026-09-17 16:36:59Z" end-time="2026-09-17 16:36:59Z" duration="0.003690" asserts="0">
                <properties>
                  <property name="retryIteration" value="0" />
                  <property name="repeatIteration" value="0" />
                </properties>
              </test-case>
            </test-suite>
            <test-case id="1009" name="StepsThresholdWallAndDropUseRealCollision" fullname="LastSignal.Tests.MovementAcceptanceTests.StepsThresholdWallAndDropUseRealCollision" methodname="StepsThresholdWallAndDropUseRealCollision" classname="LastSignal.Tests.MovementAcceptanceTests" runstate="Runnable" seed="25638758" result="Passed" start-time="2026-09-17 16:36:59Z" end-time="2026-09-17 16:37:00Z" duration="0.004370" asserts="0">
              <properties>
                <property name="retryIteration" value="0" />
                <property name="repeatIteration" value="0" />
              </properties>
            </test-case>
            <test-case id="1016" name="TenEnableDisableCyclesHaveOneInputRequest" fullname="LastSignal.Tests.MovementAcceptanceTests.TenEnableDisableCyclesHaveOneInputRequest" methodname="TenEnableDisableCyclesHaveOneInputRequest" classname="LastSignal.Tests.MovementAcceptanceTests" runstate="Runnable" seed="1597575804" result="Passed" start-time="2026-09-17 16:37:00Z" end-time="2026-09-17 16:37:00Z" duration="0.011507" asserts="0">
              <properties>
                <property name="_JOINTYPE" value="UnityCombinatorial" />
                <property name="retryIteration" value="0" />
                <property name="repeatIteration" value="0" />
              </properties>
            </test-case>
            <test-suite type="ParameterizedMethod" id="1005" name="WalkingDistanceAndDiagonalCapAreFrameIndependent" fullname="LastSignal.Tests.MovementAcceptanceTests.WalkingDistanceAndDiagonalCapAreFrameIndependent" classname="LastSignal.Tests.MovementAcceptanceTests" runstate="Runnable" testcasecount="3" result="Passed" start-time="2026-09-17 16:37:00Z" end-time="2026-09-17 16:37:00Z" duration="0.013863" total="3" passed="3" failed="0" inconclusive="0" skipped="0" asserts="0">
              <properties />
              <test-case id="1002" name="WalkingDistanceAndDiagonalCapAreFrameIndependent(30)" fullname="LastSignal.Tests.MovementAcceptanceTests.WalkingDistanceAndDiagonalCapAreFrameIndependent(30)" methodname="WalkingDistanceAndDiagonalCapAreFrameIndependent" classname="LastSignal.Tests.MovementAcceptanceTests" runstate="Runnable" seed="475978960" result="Passed" start-time="2026-09-17 16:37:00Z" end-time="2026-09-17 16:37:00Z" duration="0.005236" asserts="0">
                <properties>
                  <property name="retryIteration" value="0" />
                  <property name="repeatIteration" value="0" />
                </properties>
              </test-case>
              <test-case id="1003" name="WalkingDistanceAndDiagonalCapAreFrameIndependent(60)" fullname="LastSignal.Tests.MovementAcceptanceTests.WalkingDistanceAndDiagonalCapAreFrameIndependent(60)" methodname="WalkingDistanceAndDiagonalCapAreFrameIndependent" classname="LastSignal.Tests.MovementAcceptanceTests" runstate="Runnable" seed="761146462" result="Passed" start-time="2026-09-17 16:37:00Z" end-time="2026-09-17 16:37:00Z" duration="0.003485" asserts="0">
                <properties>
                  <property name="retryIteration" value="0" />
                  <property name="repeatIteration" value="0" />
                </properties>
              </test-case>
              <test-case id="1004" name="WalkingDistanceAndDiagonalCapAreFrameIndependent(120)" fullname="LastSignal.Tests.MovementAcceptanceTests.WalkingDistanceAndDiagonalCapAreFrameIndependent(120)" methodname="WalkingDistanceAndDiagonalCapAreFrameIndependent" classname="LastSignal.Tests.MovementAcceptanceTests" runstate="Runnable" seed="2128948587" result="Passed" start-time="2026-09-17 16:37:00Z" end-time="2026-09-17 16:37:00Z" duration="0.004254" asserts="0">
                <properties>
                  <property name="retryIteration" value="0" />
                  <property name="repeatIteration" value="0" />
                </properties>
              </test-case>
            </test-suite>
            <test-case id="1006" name="YawSprintAndCrouchSpeedUseConfiguredPolicy" fullname="LastSignal.Tests.MovementAcceptanceTests.YawSprintAndCrouchSpeedUseConfiguredPolicy" methodname="YawSprintAndCrouchSpeedUseConfiguredPolicy" classname="LastSignal.Tests.MovementAcceptanceTests" runstate="Runnable" seed="393854991" result="Passed" start-time="2026-09-17 16:37:00Z" end-time="2026-09-17 16:37:00Z" duration="0.003654" asserts="0">
              <properties>
                <property name="retryIteration" value="0" />
                <property name="repeatIteration" value="0" />
              </properties>
            </test-case>
            <test-case id="1017" name="ZIntegratedSceneTenMenuSessionsDoNotRetainPlayerOrCallbacks" fullname="LastSignal.Tests.MovementAcceptanceTests.ZIntegratedSceneTenMenuSessionsDoNotRetainPlayerOrCallbacks" methodname="ZIntegratedSceneTenMenuSessionsDoNotRetainPlayerOrCallbacks" classname="LastSignal.Tests.MovementAcceptanceTests" runstate="Runnable" seed="1947919954" result="Passed" start-time="2026-09-17 16:37:00Z" end-time="2026-09-17 16:37:23Z" duration="23.181420" asserts="0">
              <properties>
                <property name="_JOINTYPE" value="UnityCombinatorial" />
                <property name="retryIteration" value="0" />
                <property name="repeatIteration" value="0" />
              </properties>
              <output><![CDATA[S001 session started: one player, local input.
SESSION_INPUT cycle=0 key=True active=True move=(0.00, -1.00) before=(0.00, 0.02, 0.00) after=(0.00, 0.02, -0.64)
S001 session started: one player, local input.
SESSION_INPUT cycle=1 key=True active=True move=(0.00, -1.00) before=(0.00, 0.02, 0.00) after=(0.00, 0.02, -0.64)
S001 session started: one player, local input.
SESSION_INPUT cycle=2 key=True active=True move=(0.00, -1.00) before=(0.00, 0.02, 0.00) after=(0.00, 0.02, -0.64)
S001 session started: one player, local input.
SESSION_INPUT cycle=3 key=True active=True move=(0.00, -1.00) before=(0.00, 0.02, 0.00) after=(0.00, 0.02, -0.64)
S001 session started: one player, local input.
SESSION_INPUT cycle=4 key=True active=True move=(0.00, -1.00) before=(0.00, 0.02, 0.00) after=(0.00, 0.02, -0.64)
S001 session started: one player, local input.
SESSION_INPUT cycle=5 key=True active=True move=(0.00, -1.00) before=(0.00, 0.02, 0.00) after=(0.00, 0.02, -0.64)
S001 session started: one player, local input.
SESSION_INPUT cycle=6 key=True active=True move=(0.00, -1.00) before=(0.00, 0.02, 0.00) after=(0.00, 0.02, -0.64)
S001 session started: one player, local input.
SESSION_INPUT cycle=7 key=True active=True move=(0.00, -1.00) before=(0.00, 0.02, 0.00) after=(0.00, 0.02, -0.64)
S001 session started: one player, local input.
SESSION_INPUT cycle=8 key=True active=True move=(0.00, -1.00) before=(0.00, 0.02, 0.00) after=(0.00, 0.02, -0.64)
S001 session started: one player, local input.
SESSION_INPUT cycle=9 key=True active=True move=(0.00, -1.00) before=(0.00, 0.02, 0.00) after=(0.00, 0.02, -0.64)
<b><color=#2EA3FF>MCP-FOR-UNITY</color></b>: [TestRunnerNoThrottle] Restored Interaction Mode after test run.
Saving results to: /Users/burakcoskun/Library/Application Support/DefaultCompany/Last Signal/TestResults.xml
]]></output>
            </test-case>
          </test-suite>
        </test-suite>
      </test-suite>
    </test-suite>
  </test-suite>
</test-run>