<?xml version="1.0" encoding="utf-8"?>
<test-run id="2" testcasecount="92" result="Passed" total="92" passed="92" failed="0" inconclusive="0" skipped="0" asserts="0" engine-version="3.5.0.0" clr-version="4.0.30319.42000" start-time="2026-09-21 08:24:50Z" end-time="2026-09-21 08:29:59Z" duration="309.1653719">
  <test-suite type="TestSuite" id="1117" name="Last Signal" fullname="Last Signal" runstate="Runnable" testcasecount="92" result="Passed" start-time="2026-09-21 08:24:50Z" end-time="2026-09-21 08:29:59Z" duration="309.165372" total="92" passed="92" failed="0" inconclusive="0" skipped="0" asserts="0">
    <properties>
      <property name="platform" value="PlayMode" />
    </properties>
    <test-suite type="Assembly" id="1110" name="LastSignal.PlayModeTests.dll" fullname="/Users/burakcoskun/Last Signal/Library/ScriptAssemblies/LastSignal.PlayModeTests.dll" runstate="Runnable" testcasecount="92" result="Passed" start-time="2026-09-21 08:24:50Z" end-time="2026-09-21 08:29:59Z" duration="309.153890" total="92" passed="92" failed="0" inconclusive="0" skipped="0" asserts="0">
      <properties>
        <property name="_PID" value="50012" />
        <property name="_APPDOMAIN" value="Unity Child Domain" />
        <property name="platform" value="PlayMode" />
        <property name="EditorOnly" value="False" />
      </properties>
      <test-suite type="TestSuite" id="1111" name="LastSignal" fullname="LastSignal" runstate="Runnable" testcasecount="92" result="Passed" start-time="2026-09-21 08:24:50Z" end-time="2026-09-21 08:29:59Z" duration="309.152347" total="92" passed="92" failed="0" inconclusive="0" skipped="0" asserts="0">
        <properties />
        <test-suite type="TestSuite" id="1112" name="Tests" fullname="LastSignal.Tests" runstate="Runnable" testcasecount="92" result="Passed" start-time="2026-09-21 08:24:50Z" end-time="2026-09-21 08:29:59Z" duration="309.151375" total="92" passed="92" failed="0" inconclusive="0" skipped="0" asserts="0">
          <properties />
          <test-suite type="TestFixture" id="1001" name="AmmunitionIntegrationTests" fullname="LastSignal.Tests.AmmunitionIntegrationTests" classname="LastSignal.Tests.AmmunitionIntegrationTests" runstate="Runnable" testcasecount="8" result="Passed" start-time="2026-09-21 08:24:50Z" end-time="2026-09-21 08:25:36Z" duration="45.904686" total="8" passed="8" failed="0" inconclusive="0" skipped="0" asserts="0">
            <properties />
            <test-case id="1002" name="ActualShotsMissWallEmptyAndRejectedRequests" fullname="LastSignal.Tests.AmmunitionIntegrationTests.ActualShotsMissWallEmptyAndRejectedRequests" methodname="ActualShotsMissWallEmptyAndRejectedRequests" classname="LastSignal.Tests.AmmunitionIntegrationTests" runstate="Runnable" seed="1394078961" result="Passed" start-time="2026-09-21 08:24:50Z" end-time="2026-09-21 08:24:52Z" duration="2.497813" asserts="0">
              <properties>
                <property name="_JOINTYPE" value="UnityCombinatorial" />
                <property name="retryIteration" value="0" />
                <property name="repeatIteration" value="0" />
              </properties>
              <output><![CDATA[S006 loot seed=12345 resolved=20 generated=14
S001 session started: one player, local input.
S006 loot seed=12345 resolved=20 generated=14
S001 session started: one player, local input.
]]></output>
            </test-case>
            <test-case id="1006" name="DeathAfterCommitKeepsTransfer" fullname="LastSignal.Tests.AmmunitionIntegrationTests.DeathAfterCommitKeepsTransfer" methodname="DeathAfterCommitKeepsTransfer" classname="LastSignal.Tests.AmmunitionIntegrationTests" runstate="Runnable" seed="167220207" result="Passed" start-time="2026-09-21 08:24:52Z" end-time="2026-09-21 08:24:58Z" duration="5.995585" asserts="0">
              <properties>
                <property name="_JOINTYPE" value="UnityCombinatorial" />
                <property name="retryIteration" value="0" />
                <property name="repeatIteration" value="0" />
              </properties>
              <output><![CDATA[S006 loot seed=12345 resolved=20 generated=14
S001 session started: one player, local input.
S006 loot seed=12345 resolved=20 generated=14
S001 session started: one player, local input.
]]></output>
            </test-case>
            <test-case id="1005" name="DeathBeforeCommitCancels" fullname="LastSignal.Tests.AmmunitionIntegrationTests.DeathBeforeCommitCancels" methodname="DeathBeforeCommitCancels" classname="LastSignal.Tests.AmmunitionIntegrationTests" runstate="Runnable" seed="1443235601" result="Passed" start-time="2026-09-21 08:24:58Z" end-time="2026-09-21 08:25:02Z" duration="4.191665" asserts="0">
              <properties>
                <property name="_JOINTYPE" value="UnityCombinatorial" />
                <property name="retryIteration" value="0" />
                <property name="repeatIteration" value="0" />
              </properties>
              <output><![CDATA[S006 loot seed=12345 resolved=20 generated=14
S001 session started: one player, local input.
S006 loot seed=12345 resolved=20 generated=14
S001 session started: one player, local input.
]]></output>
            </test-case>
            <test-case id="1003" name="MissingMuzzleAndDisabledWeaponConsumeNothing" fullname="LastSignal.Tests.AmmunitionIntegrationTests.MissingMuzzleAndDisabledWeaponConsumeNothing" methodname="MissingMuzzleAndDisabledWeaponConsumeNothing" classname="LastSignal.Tests.AmmunitionIntegrationTests" runstate="Runnable" seed="1104751221" result="Passed" start-time="2026-09-21 08:25:02Z" end-time="2026-09-21 08:25:04Z" duration="1.189891" asserts="0">
              <properties>
                <property name="_JOINTYPE" value="UnityCombinatorial" />
                <property name="retryIteration" value="0" />
                <property name="repeatIteration" value="0" />
              </properties>
              <output><![CDATA[S006 loot seed=12345 resolved=20 generated=14
S001 session started: one player, local input.
S006 loot seed=12345 resolved=20 generated=14
S001 session started: one player, local input.
]]></output>
            </test-case>
            <test-case id="1007" name="PauseAtBothSidesOfCommitAndInventoryMutation" fullname="LastSignal.Tests.AmmunitionIntegrationTests.PauseAtBothSidesOfCommitAndInventoryMutation" methodname="PauseAtBothSidesOfCommitAndInventoryMutation" classname="LastSignal.Tests.AmmunitionIntegrationTests" runstate="Runnable" seed="721203953" result="Passed" start-time="2026-09-21 08:25:04Z" end-time="2026-09-21 08:25:08Z" duration="4.628649" asserts="0">
              <properties>
                <property name="_JOINTYPE" value="UnityCombinatorial" />
                <property name="retryIteration" value="0" />
                <property name="repeatIteration" value="0" />
              </properties>
              <output><![CDATA[S006 loot seed=12345 resolved=20 generated=14
S001 session started: one player, local input.
S006 loot seed=12345 resolved=20 generated=14
S001 session started: one player, local input.
]]></output>
            </test-case>
            <test-case id="1004" name="SecurityPickupPartialReloadAndDropRePickupConserve" fullname="LastSignal.Tests.AmmunitionIntegrationTests.SecurityPickupPartialReloadAndDropRePickupConserve" methodname="SecurityPickupPartialReloadAndDropRePickupConserve" classname="LastSignal.Tests.AmmunitionIntegrationTests" runstate="Runnable" seed="285004958" result="Passed" start-time="2026-09-21 08:25:08Z" end-time="2026-09-21 08:25:16Z" duration="7.415765" asserts="0">
              <properties>
                <property name="_JOINTYPE" value="UnityCombinatorial" />
                <property name="retryIteration" value="0" />
                <property name="repeatIteration" value="0" />
              </properties>
              <output><![CDATA[S006 loot seed=12345 resolved=20 generated=14
S001 session started: one player, local input.
S006 loot seed=12345 resolved=20 generated=14
S001 session started: one player, local input.
Account API did not become accessible within 30 seconds. This may be due to network issues or editor focus.
]]></output>
            </test-case>
            <test-case id="1008" name="TenSessionsClearReloadBindingsAndHud" fullname="LastSignal.Tests.AmmunitionIntegrationTests.TenSessionsClearReloadBindingsAndHud" methodname="TenSessionsClearReloadBindingsAndHud" classname="LastSignal.Tests.AmmunitionIntegrationTests" runstate="Runnable" seed="1438076921" result="Passed" start-time="2026-09-21 08:25:16Z" end-time="2026-09-21 08:25:34Z" duration="18.449083" asserts="0">
              <properties>
                <property name="_JOINTYPE" value="UnityCombinatorial" />
                <property name="retryIteration" value="0" />
                <property name="repeatIteration" value="0" />
              </properties>
              <output><![CDATA[S006 loot seed=12345 resolved=20 generated=14
S001 session started: one player, local input.
S006 loot seed=12345 resolved=20 generated=14
S001 session started: one player, local input.
S006 loot seed=12345 resolved=20 generated=14
S001 session started: one player, local input.
S006 loot seed=12345 resolved=20 generated=14
S001 session started: one player, local input.
S006 loot seed=12345 resolved=20 generated=14
S001 session started: one player, local input.
S006 loot seed=12345 resolved=20 generated=14
S001 session started: one player, local input.
S006 loot seed=12345 resolved=20 generated=14
S001 session started: one player, local input.
S006 loot seed=12345 resolved=20 generated=14
S001 session started: one player, local input.
S006 loot seed=12345 resolved=20 generated=14
S001 session started: one player, local input.
S006 loot seed=12345 resolved=20 generated=14
S001 session started: one player, local input.
S006 loot seed=12345 resolved=20 generated=14
S001 session started: one player, local input.
]]></output>
            </test-case>
            <test-case id="1009" name="WarmedAmmoHudAndFireAllocationMeasurements" fullname="LastSignal.Tests.AmmunitionIntegrationTests.WarmedAmmoHudAndFireAllocationMeasurements" methodname="WarmedAmmoHudAndFireAllocationMeasurements" classname="LastSignal.Tests.AmmunitionIntegrationTests" runstate="Runnable" seed="864400136" result="Passed" start-time="2026-09-21 08:25:34Z" end-time="2026-09-21 08:25:36Z" duration="1.523178" asserts="0">
              <properties>
                <property name="_JOINTYPE" value="UnityCombinatorial" />
                <property name="retryIteration" value="0" />
                <property name="repeatIteration" value="0" />
              </properties>
              <output><![CDATA[S006 loot seed=12345 resolved=20 generated=14
S001 session started: one player, local input.
S006 loot seed=12345 resolved=20 generated=14
S001 session started: one player, local input.
]]></output>
            </test-case>
          </test-suite>
          <test-suite type="TestFixture" id="1010" name="CombatAcceptanceTests" fullname="LastSignal.Tests.CombatAcceptanceTests" classname="LastSignal.Tests.CombatAcceptanceTests" runstate="Runnable" testcasecount="4" result="Passed" start-time="2026-09-21 08:25:36Z" end-time="2026-09-21 08:25:44Z" duration="8.808574" total="4" passed="4" failed="0" inconclusive="0" skipped="0" asserts="0">
            <properties />
            <test-case id="1014" name="ADS_ReducesFOVAndSensitivity" fullname="LastSignal.Tests.CombatAcceptanceTests.ADS_ReducesFOVAndSensitivity" methodname="ADS_ReducesFOVAndSensitivity" classname="LastSignal.Tests.CombatAcceptanceTests" runstate="Runnable" seed="359819756" result="Passed" start-time="2026-09-21 08:25:36Z" end-time="2026-09-21 08:25:37Z" duration="1.729895" asserts="0">
              <properties>
                <property name="_JOINTYPE" value="UnityCombinatorial" />
                <property name="retryIteration" value="0" />
                <property name="repeatIteration" value="0" />
              </properties>
              <output><![CDATA[S001 session started: one player, local input.
B0A_ORDER UnitySetUp ready devices=2 active=True mouse=Mouse:/Mouse
B0A_ORDER ADS devices=2 active=True mouse=Mouse:/Mouse
]]></output>
            </test-case>
            <test-case id="1013" name="AutoFire_FiresContinuouslyWhileHeld" fullname="LastSignal.Tests.CombatAcceptanceTests.AutoFire_FiresContinuouslyWhileHeld" methodname="AutoFire_FiresContinuouslyWhileHeld" classname="LastSignal.Tests.CombatAcceptanceTests" runstate="Runnable" seed="1341840928" result="Passed" start-time="2026-09-21 08:25:37Z" end-time="2026-09-21 08:25:39Z" duration="1.561236" asserts="0">
              <properties>
                <property name="_JOINTYPE" value="UnityCombinatorial" />
                <property name="retryIteration" value="0" />
                <property name="repeatIteration" value="0" />
              </properties>
              <output><![CDATA[S001 session started: one player, local input.
B0A_ORDER UnitySetUp ready devices=2 active=True mouse=Mouse:/Mouse
]]></output>
            </test-case>
            <test-case id="1011" name="Fire_ConsumesAmmoAndDamagesTarget" fullname="LastSignal.Tests.CombatAcceptanceTests.Fire_ConsumesAmmoAndDamagesTarget" methodname="Fire_ConsumesAmmoAndDamagesTarget" classname="LastSignal.Tests.CombatAcceptanceTests" runstate="Runnable" seed="848224259" result="Passed" start-time="2026-09-21 08:25:39Z" end-time="2026-09-21 08:25:40Z" duration="1.072485" asserts="0">
              <properties>
                <property name="_JOINTYPE" value="UnityCombinatorial" />
                <property name="retryIteration" value="0" />
                <property name="repeatIteration" value="0" />
              </properties>
              <output><![CDATA[S001 session started: one player, local input.
B0A_ORDER UnitySetUp ready devices=2 active=True mouse=Mouse:/Mouse
]]></output>
            </test-case>
            <test-case id="1012" name="Reload_TransfersAmmoAfterDuration" fullname="LastSignal.Tests.CombatAcceptanceTests.Reload_TransfersAmmoAfterDuration" methodname="Reload_TransfersAmmoAfterDuration" classname="LastSignal.Tests.CombatAcceptanceTests" runstate="Runnable" seed="1387123601" result="Passed" start-time="2026-09-21 08:25:40Z" end-time="2026-09-21 08:25:44Z" duration="4.441983" asserts="0">
              <properties>
                <property name="_JOINTYPE" value="UnityCombinatorial" />
                <property name="retryIteration" value="0" />
                <property name="repeatIteration" value="0" />
              </properties>
              <output><![CDATA[S001 session started: one player, local input.
B0A_ORDER UnitySetUp ready devices=2 active=True mouse=Mouse:/Mouse
]]></output>
            </test-case>
          </test-suite>
          <test-suite type="TestSuite" id="1113" name="Inventory" fullname="LastSignal.Tests.Inventory" runstate="Runnable" testcasecount="5" result="Passed" start-time="2026-09-21 08:25:44Z" end-time="2026-09-21 08:25:45Z" duration="0.025037" total="5" passed="5" failed="0" inconclusive="0" skipped="0" asserts="0">
            <properties />
            <test-suite type="TestFixture" id="1104" name="InventoryIntegrationTests" fullname="LastSignal.Tests.Inventory.InventoryIntegrationTests" classname="LastSignal.Tests.Inventory.InventoryIntegrationTests" runstate="Runnable" testcasecount="5" result="Passed" start-time="2026-09-21 08:25:44Z" end-time="2026-09-21 08:25:45Z" duration="0.023323" total="5" passed="5" failed="0" inconclusive="0" skipped="0" asserts="0">
              <properties />
              <test-case id="1107" name="DoubleInteraction_DoesNotDuplicate" fullname="LastSignal.Tests.Inventory.InventoryIntegrationTests.DoubleInteraction_DoesNotDuplicate" methodname="DoubleInteraction_DoesNotDuplicate" classname="LastSignal.Tests.Inventory.InventoryIntegrationTests" runstate="Runnable" seed="1128531613" result="Passed" start-time="2026-09-21 08:25:44Z" end-time="2026-09-21 08:25:44Z" duration="0.006333" asserts="0">
                <properties>
                  <property name="_JOINTYPE" value="UnityCombinatorial" />
                  <property name="retryIteration" value="0" />
                  <property name="repeatIteration" value="0" />
                </properties>
              </test-case>
              <test-case id="1108" name="Drop_RecreatesWorldItem_AndDecrementsInventory" fullname="LastSignal.Tests.Inventory.InventoryIntegrationTests.Drop_RecreatesWorldItem_AndDecrementsInventory" methodname="Drop_RecreatesWorldItem_AndDecrementsInventory" classname="LastSignal.Tests.Inventory.InventoryIntegrationTests" runstate="Runnable" seed="192344571" result="Passed" start-time="2026-09-21 08:25:44Z" end-time="2026-09-21 08:25:44Z" duration="0.003671" asserts="0">
                <properties>
                  <property name="_JOINTYPE" value="UnityCombinatorial" />
                  <property name="retryIteration" value="0" />
                  <property name="repeatIteration" value="0" />
                </properties>
              </test-case>
              <test-case id="1106" name="Pickup_Full_DestroysWorldItem" fullname="LastSignal.Tests.Inventory.InventoryIntegrationTests.Pickup_Full_DestroysWorldItem" methodname="Pickup_Full_DestroysWorldItem" classname="LastSignal.Tests.Inventory.InventoryIntegrationTests" runstate="Runnable" seed="1898609259" result="Passed" start-time="2026-09-21 08:25:44Z" end-time="2026-09-21 08:25:45Z" duration="0.002375" asserts="0">
                <properties>
                  <property name="_JOINTYPE" value="UnityCombinatorial" />
                  <property name="retryIteration" value="0" />
                  <property name="repeatIteration" value="0" />
                </properties>
              </test-case>
              <test-case id="1105" name="Pickup_Partial_LeavesRemainderInWorld" fullname="LastSignal.Tests.Inventory.InventoryIntegrationTests.Pickup_Partial_LeavesRemainderInWorld" methodname="Pickup_Partial_LeavesRemainderInWorld" classname="LastSignal.Tests.Inventory.InventoryIntegrationTests" runstate="Runnable" seed="1209710532" result="Passed" start-time="2026-09-21 08:25:45Z" end-time="2026-09-21 08:25:45Z" duration="0.002280" asserts="0">
                <properties>
                  <property name="_JOINTYPE" value="UnityCombinatorial" />
                  <property name="retryIteration" value="0" />
                  <property name="repeatIteration" value="0" />
                </properties>
              </test-case>
              <test-case id="1109" name="SessionReset_CleansInventoryState" fullname="LastSignal.Tests.Inventory.InventoryIntegrationTests.SessionReset_CleansInventoryState" methodname="SessionReset_CleansInventoryState" classname="LastSignal.Tests.Inventory.InventoryIntegrationTests" runstate="Runnable" seed="724316236" result="Passed" start-time="2026-09-21 08:25:45Z" end-time="2026-09-21 08:25:45Z" duration="0.004310" asserts="0">
                <properties>
                  <property name="_JOINTYPE" value="UnityCombinatorial" />
                  <property name="retryIteration" value="0" />
                  <property name="repeatIteration" value="0" />
                </properties>
              </test-case>
            </test-suite>
          </test-suite>
          <test-suite type="TestFixture" id="1015" name="LootCompatibilityTests" fullname="LastSignal.Tests.LootCompatibilityTests" classname="LastSignal.Tests.LootCompatibilityTests" runstate="Runnable" testcasecount="2" result="Passed" start-time="2026-09-21 08:25:45Z" end-time="2026-09-21 08:25:45Z" duration="0.017396" total="2" passed="2" failed="0" inconclusive="0" skipped="0" asserts="0">
            <properties />
            <test-case id="1017" name="RebindingSlotDoesNotDoubleInvokeClick" fullname="LastSignal.Tests.LootCompatibilityTests.RebindingSlotDoesNotDoubleInvokeClick" methodname="RebindingSlotDoesNotDoubleInvokeClick" classname="LastSignal.Tests.LootCompatibilityTests" runstate="Runnable" seed="78701304" result="Passed" start-time="2026-09-21 08:25:45Z" end-time="2026-09-21 08:25:45Z" duration="0.003137" asserts="0">
              <properties>
                <property name="_JOINTYPE" value="UnityCombinatorial" />
                <property name="retryIteration" value="0" />
                <property name="repeatIteration" value="0" />
              </properties>
            </test-case>
            <test-case id="1016" name="SeedItemsHaveVisibleWorldRepresentation" fullname="LastSignal.Tests.LootCompatibilityTests.SeedItemsHaveVisibleWorldRepresentation" methodname="SeedItemsHaveVisibleWorldRepresentation" classname="LastSignal.Tests.LootCompatibilityTests" runstate="Runnable" seed="136312481" result="Passed" start-time="2026-09-21 08:25:45Z" end-time="2026-09-21 08:25:45Z" duration="0.012510" asserts="0">
              <properties>
                <property name="retryIteration" value="0" />
                <property name="repeatIteration" value="0" />
              </properties>
            </test-case>
          </test-suite>
          <test-suite type="TestFixture" id="1018" name="LootPopulationTests" fullname="LastSignal.Tests.LootPopulationTests" classname="LastSignal.Tests.LootPopulationTests" runstate="Runnable" testcasecount="9" result="Passed" start-time="2026-09-21 08:25:45Z" end-time="2026-09-21 08:25:45Z" duration="0.277376" total="9" passed="9" failed="0" inconclusive="0" skipped="0" asserts="0">
            <properties />
            <test-case id="1022" name="DuplicateIdsRejectAllCopies" fullname="LastSignal.Tests.LootPopulationTests.DuplicateIdsRejectAllCopies" methodname="DuplicateIdsRejectAllCopies" classname="LastSignal.Tests.LootPopulationTests" runstate="Runnable" seed="601575024" result="Passed" start-time="2026-09-21 08:25:45Z" end-time="2026-09-21 08:25:45Z" duration="0.124893" asserts="0">
              <properties>
                <property name="_JOINTYPE" value="UnityCombinatorial" />
                <property name="retryIteration" value="0" />
                <property name="repeatIteration" value="0" />
              </properties>
              <output><![CDATA[S006 loot 'duplicate': Duplicate point ID; all matching points rejected.
S006 loot 'duplicate': Duplicate point ID; all matching points rejected.
S006 loot seed=1 resolved=2 generated=0
]]></output>
            </test-case>
            <test-case id="1020" name="EmptyRemainsResolved" fullname="LastSignal.Tests.LootPopulationTests.EmptyRemainsResolved" methodname="EmptyRemainsResolved" classname="LastSignal.Tests.LootPopulationTests" runstate="Runnable" seed="1505326415" result="Passed" start-time="2026-09-21 08:25:45Z" end-time="2026-09-21 08:25:45Z" duration="0.020760" asserts="0">
              <properties>
                <property name="_JOINTYPE" value="UnityCombinatorial" />
                <property name="retryIteration" value="0" />
                <property name="repeatIteration" value="0" />
              </properties>
              <output><![CDATA[S006 loot seed=1 resolved=1 generated=0
]]></output>
            </test-case>
            <test-case id="1019" name="ExactlyOncePartialFullDropAndNewCycle" fullname="LastSignal.Tests.LootPopulationTests.ExactlyOncePartialFullDropAndNewCycle" methodname="ExactlyOncePartialFullDropAndNewCycle" classname="LastSignal.Tests.LootPopulationTests" runstate="Runnable" seed="398262764" result="Passed" start-time="2026-09-21 08:25:45Z" end-time="2026-09-21 08:25:45Z" duration="0.015862" asserts="0">
              <properties>
                <property name="_JOINTYPE" value="UnityCombinatorial" />
                <property name="retryIteration" value="0" />
                <property name="repeatIteration" value="0" />
              </properties>
              <output><![CDATA[S006 loot seed=123 resolved=1 generated=1
S006 loot seed=123 resolved=1 generated=1
]]></output>
            </test-case>
            <test-case id="1026" name="ForeignSceneNotPopulated" fullname="LastSignal.Tests.LootPopulationTests.ForeignSceneNotPopulated" methodname="ForeignSceneNotPopulated" classname="LastSignal.Tests.LootPopulationTests" runstate="Runnable" seed="56642537" result="Passed" start-time="2026-09-21 08:25:45Z" end-time="2026-09-21 08:25:45Z" duration="0.020875" asserts="0">
              <properties>
                <property name="_JOINTYPE" value="UnityCombinatorial" />
                <property name="retryIteration" value="0" />
                <property name="repeatIteration" value="0" />
              </properties>
              <output><![CDATA[S006 loot seed=1 resolved=1 generated=1
]]></output>
            </test-case>
            <test-case id="1021" name="InvalidPointDoesNotPreventValidPoint" fullname="LastSignal.Tests.LootPopulationTests.InvalidPointDoesNotPreventValidPoint" methodname="InvalidPointDoesNotPreventValidPoint" classname="LastSignal.Tests.LootPopulationTests" runstate="Runnable" seed="1043652753" result="Passed" start-time="2026-09-21 08:25:45Z" end-time="2026-09-21 08:25:45Z" duration="0.013226" asserts="0">
              <properties>
                <property name="_JOINTYPE" value="UnityCombinatorial" />
                <property name="retryIteration" value="0" />
                <property name="repeatIteration" value="0" />
              </properties>
              <output><![CDATA[S006 loot 'bad': Missing loot profile.
S006 loot seed=1 resolved=2 generated=1
]]></output>
            </test-case>
            <test-case id="1023" name="OverlapResolvesInStableIdOrder" fullname="LastSignal.Tests.LootPopulationTests.OverlapResolvesInStableIdOrder" methodname="OverlapResolvesInStableIdOrder" classname="LastSignal.Tests.LootPopulationTests" runstate="Runnable" seed="378999444" result="Passed" start-time="2026-09-21 08:25:45Z" end-time="2026-09-21 08:25:45Z" duration="0.016198" asserts="0">
              <properties>
                <property name="_JOINTYPE" value="UnityCombinatorial" />
                <property name="retryIteration" value="0" />
                <property name="repeatIteration" value="0" />
              </properties>
              <output><![CDATA[S006 loot 'b': Clearance overlaps solid geometry or existing loot.
S006 loot seed=1 resolved=2 generated=1
]]></output>
            </test-case>
            <test-case id="1025" name="PlayerSpawnExcluded" fullname="LastSignal.Tests.LootPopulationTests.PlayerSpawnExcluded" methodname="PlayerSpawnExcluded" classname="LastSignal.Tests.LootPopulationTests" runstate="Runnable" seed="1686171168" result="Passed" start-time="2026-09-21 08:25:45Z" end-time="2026-09-21 08:25:45Z" duration="0.014038" asserts="0">
              <properties>
                <property name="_JOINTYPE" value="UnityCombinatorial" />
                <property name="retryIteration" value="0" />
                <property name="repeatIteration" value="0" />
              </properties>
              <output><![CDATA[S006 loot 'player': Clearance overlaps solid geometry or existing loot.
S006 loot seed=1 resolved=1 generated=0
]]></output>
            </test-case>
            <test-case id="1027" name="TenCyclesReproduceAndClean" fullname="LastSignal.Tests.LootPopulationTests.TenCyclesReproduceAndClean" methodname="TenCyclesReproduceAndClean" classname="LastSignal.Tests.LootPopulationTests" runstate="Runnable" seed="485443395" result="Passed" start-time="2026-09-21 08:25:45Z" end-time="2026-09-21 08:25:45Z" duration="0.036411" asserts="0">
              <properties>
                <property name="_JOINTYPE" value="UnityCombinatorial" />
                <property name="retryIteration" value="0" />
                <property name="repeatIteration" value="0" />
              </properties>
              <output><![CDATA[S006 loot seed=12345 resolved=25 generated=18
S006 loot seed=12345 resolved=25 generated=18
S006 loot seed=12345 resolved=25 generated=18
S006 loot seed=12345 resolved=25 generated=18
S006 loot seed=12345 resolved=25 generated=18
S006 loot seed=12345 resolved=25 generated=18
S006 loot seed=12345 resolved=25 generated=18
S006 loot seed=12345 resolved=25 generated=18
S006 loot seed=12345 resolved=25 generated=18
S006 loot seed=12345 resolved=25 generated=18
]]></output>
            </test-case>
            <test-case id="1024" name="UnsupportedPlacementFailsWithoutRetry" fullname="LastSignal.Tests.LootPopulationTests.UnsupportedPlacementFailsWithoutRetry" methodname="UnsupportedPlacementFailsWithoutRetry" classname="LastSignal.Tests.LootPopulationTests" runstate="Runnable" seed="995532030" result="Passed" start-time="2026-09-21 08:25:45Z" end-time="2026-09-21 08:25:45Z" duration="0.011896" asserts="0">
              <properties>
                <property name="_JOINTYPE" value="UnityCombinatorial" />
                <property name="retryIteration" value="0" />
                <property name="repeatIteration" value="0" />
              </properties>
              <output><![CDATA[S006 loot 'floating': Missing flat support at authored height (2 cm tolerance).
S006 loot 'wall': Clearance overlaps solid geometry or existing loot.
S006 loot seed=1 resolved=2 generated=0
]]></output>
            </test-case>
          </test-suite>
          <test-suite type="TestFixture" id="1028" name="MovementAcceptanceTests" fullname="LastSignal.Tests.MovementAcceptanceTests" classname="LastSignal.Tests.MovementAcceptanceTests" runstate="Runnable" testcasecount="16" result="Passed" start-time="2026-09-21 08:25:45Z" end-time="2026-09-21 08:26:13Z" duration="28.660461" total="16" passed="16" failed="0" inconclusive="0" skipped="0" asserts="0">
            <properties />
            <test-case id="1035" name="CeilingRejectsStandThenAllowsNewRequestWithoutFootDrift" fullname="LastSignal.Tests.MovementAcceptanceTests.CeilingRejectsStandThenAllowsNewRequestWithoutFootDrift" methodname="CeilingRejectsStandThenAllowsNewRequestWithoutFootDrift" classname="LastSignal.Tests.MovementAcceptanceTests" runstate="Runnable" seed="691742081" result="Passed" start-time="2026-09-21 08:25:45Z" end-time="2026-09-21 08:25:45Z" duration="0.021836" asserts="0">
              <properties>
                <property name="retryIteration" value="0" />
                <property name="repeatIteration" value="0" />
              </properties>
            </test-case>
            <test-case id="1041" name="DoorOpensClosesAndStopsForObstruction" fullname="LastSignal.Tests.MovementAcceptanceTests.DoorOpensClosesAndStopsForObstruction" methodname="DoorOpensClosesAndStopsForObstruction" classname="LastSignal.Tests.MovementAcceptanceTests" runstate="Runnable" seed="596202498" result="Passed" start-time="2026-09-21 08:25:45Z" end-time="2026-09-21 08:25:49Z" duration="4.016764" asserts="0">
              <properties>
                <property name="_JOINTYPE" value="UnityCombinatorial" />
                <property name="retryIteration" value="0" />
                <property name="repeatIteration" value="0" />
              </properties>
            </test-case>
            <test-case id="1040" name="InteractionRevalidatesRangeOcclusionDisabledAndDestroyedTargets" fullname="LastSignal.Tests.MovementAcceptanceTests.InteractionRevalidatesRangeOcclusionDisabledAndDestroyedTargets" methodname="InteractionRevalidatesRangeOcclusionDisabledAndDestroyedTargets" classname="LastSignal.Tests.MovementAcceptanceTests" runstate="Runnable" seed="1637958875" result="Passed" start-time="2026-09-21 08:25:49Z" end-time="2026-09-21 08:25:49Z" duration="0.020571" asserts="0">
              <properties>
                <property name="_JOINTYPE" value="UnityCombinatorial" />
                <property name="retryIteration" value="0" />
                <property name="repeatIteration" value="0" />
              </properties>
            </test-case>
            <test-case id="1042" name="MouseAndCrouchActionsReachCameraAndCapsule" fullname="LastSignal.Tests.MovementAcceptanceTests.MouseAndCrouchActionsReachCameraAndCapsule" methodname="MouseAndCrouchActionsReachCameraAndCapsule" classname="LastSignal.Tests.MovementAcceptanceTests" runstate="Runnable" seed="1011431810" result="Passed" start-time="2026-09-21 08:25:49Z" end-time="2026-09-21 08:25:49Z" duration="0.030379" asserts="0">
              <properties>
                <property name="_JOINTYPE" value="UnityCombinatorial" />
                <property name="retryIteration" value="0" />
                <property name="repeatIteration" value="0" />
              </properties>
            </test-case>
            <test-case id="1043" name="PauseFocusAndHeldKeyReturnNeverLeakGameplay" fullname="LastSignal.Tests.MovementAcceptanceTests.PauseFocusAndHeldKeyReturnNeverLeakGameplay" methodname="PauseFocusAndHeldKeyReturnNeverLeakGameplay" classname="LastSignal.Tests.MovementAcceptanceTests" runstate="Runnable" seed="889123788" result="Passed" start-time="2026-09-21 08:25:49Z" end-time="2026-09-21 08:25:49Z" duration="0.036458" asserts="0">
              <properties>
                <property name="_JOINTYPE" value="UnityCombinatorial" />
                <property name="retryIteration" value="0" />
                <property name="repeatIteration" value="0" />
              </properties>
            </test-case>
            <test-case id="1034" name="PitchClampsInBothDirections" fullname="LastSignal.Tests.MovementAcceptanceTests.PitchClampsInBothDirections" methodname="PitchClampsInBothDirections" classname="LastSignal.Tests.MovementAcceptanceTests" runstate="Runnable" seed="1407076833" result="Passed" start-time="2026-09-21 08:25:49Z" end-time="2026-09-21 08:25:49Z" duration="0.004067" asserts="0">
              <properties>
                <property name="retryIteration" value="0" />
                <property name="repeatIteration" value="0" />
              </properties>
            </test-case>
            <test-suite type="ParameterizedMethod" id="1039" name="SlopeLimitAcceptsGentleAndRejectsSteep" fullname="LastSignal.Tests.MovementAcceptanceTests.SlopeLimitAcceptsGentleAndRejectsSteep" classname="LastSignal.Tests.MovementAcceptanceTests" runstate="Runnable" testcasecount="2" result="Passed" start-time="2026-09-21 08:25:49Z" end-time="2026-09-21 08:25:49Z" duration="0.013357" total="2" passed="2" failed="0" inconclusive="0" skipped="0" asserts="0">
              <properties />
              <test-case id="1037" name="SlopeLimitAcceptsGentleAndRejectsSteep(30,True)" fullname="LastSignal.Tests.MovementAcceptanceTests.SlopeLimitAcceptsGentleAndRejectsSteep(30,True)" methodname="SlopeLimitAcceptsGentleAndRejectsSteep" classname="LastSignal.Tests.MovementAcceptanceTests" runstate="Runnable" seed="494542438" result="Passed" start-time="2026-09-21 08:25:49Z" end-time="2026-09-21 08:25:49Z" duration="0.004908" asserts="0">
                <properties>
                  <property name="retryIteration" value="0" />
                  <property name="repeatIteration" value="0" />
                </properties>
              </test-case>
              <test-case id="1038" name="SlopeLimitAcceptsGentleAndRejectsSteep(60,False)" fullname="LastSignal.Tests.MovementAcceptanceTests.SlopeLimitAcceptsGentleAndRejectsSteep(60,False)" methodname="SlopeLimitAcceptsGentleAndRejectsSteep" classname="LastSignal.Tests.MovementAcceptanceTests" runstate="Runnable" seed="222398122" result="Passed" start-time="2026-09-21 08:25:49Z" end-time="2026-09-21 08:25:49Z" duration="0.003771" asserts="0">
                <properties>
                  <property name="retryIteration" value="0" />
                  <property name="repeatIteration" value="0" />
                </properties>
              </test-case>
            </test-suite>
            <test-case id="1036" name="StepsThresholdWallAndDropUseRealCollision" fullname="LastSignal.Tests.MovementAcceptanceTests.StepsThresholdWallAndDropUseRealCollision" methodname="StepsThresholdWallAndDropUseRealCollision" classname="LastSignal.Tests.MovementAcceptanceTests" runstate="Runnable" seed="1213165171" result="Passed" start-time="2026-09-21 08:25:49Z" end-time="2026-09-21 08:25:49Z" duration="0.004327" asserts="0">
              <properties>
                <property name="retryIteration" value="0" />
                <property name="repeatIteration" value="0" />
              </properties>
            </test-case>
            <test-case id="1044" name="TenEnableDisableCyclesHaveOneInputRequest" fullname="LastSignal.Tests.MovementAcceptanceTests.TenEnableDisableCyclesHaveOneInputRequest" methodname="TenEnableDisableCyclesHaveOneInputRequest" classname="LastSignal.Tests.MovementAcceptanceTests" runstate="Runnable" seed="442617933" result="Passed" start-time="2026-09-21 08:25:49Z" end-time="2026-09-21 08:25:49Z" duration="0.095307" asserts="0">
              <properties>
                <property name="_JOINTYPE" value="UnityCombinatorial" />
                <property name="retryIteration" value="0" />
                <property name="repeatIteration" value="0" />
              </properties>
            </test-case>
            <test-suite type="ParameterizedMethod" id="1032" name="WalkingDistanceAndDiagonalCapAreFrameIndependent" fullname="LastSignal.Tests.MovementAcceptanceTests.WalkingDistanceAndDiagonalCapAreFrameIndependent" classname="LastSignal.Tests.MovementAcceptanceTests" runstate="Runnable" testcasecount="3" result="Passed" start-time="2026-09-21 08:25:49Z" end-time="2026-09-21 08:25:49Z" duration="0.021002" total="3" passed="3" failed="0" inconclusive="0" skipped="0" asserts="0">
              <properties />
              <test-case id="1029" name="WalkingDistanceAndDiagonalCapAreFrameIndependent(30)" fullname="LastSignal.Tests.MovementAcceptanceTests.WalkingDistanceAndDiagonalCapAreFrameIndependent(30)" methodname="WalkingDistanceAndDiagonalCapAreFrameIndependent" classname="LastSignal.Tests.MovementAcceptanceTests" runstate="Runnable" seed="562413783" result="Passed" start-time="2026-09-21 08:25:49Z" end-time="2026-09-21 08:25:49Z" duration="0.004791" asserts="0">
                <properties>
                  <property name="retryIteration" value="0" />
                  <property name="repeatIteration" value="0" />
                </properties>
              </test-case>
              <test-case id="1030" name="WalkingDistanceAndDiagonalCapAreFrameIndependent(60)" fullname="LastSignal.Tests.MovementAcceptanceTests.WalkingDistanceAndDiagonalCapAreFrameIndependent(60)" methodname="WalkingDistanceAndDiagonalCapAreFrameIndependent" classname="LastSignal.Tests.MovementAcceptanceTests" runstate="Runnable" seed="1346134771" result="Passed" start-time="2026-09-21 08:25:49Z" end-time="2026-09-21 08:25:49Z" duration="0.003973" asserts="0">
                <properties>
                  <property name="retryIteration" value="0" />
                  <property name="repeatIteration" value="0" />
                </properties>
              </test-case>
              <test-case id="1031" name="WalkingDistanceAndDiagonalCapAreFrameIndependent(120)" fullname="LastSignal.Tests.MovementAcceptanceTests.WalkingDistanceAndDiagonalCapAreFrameIndependent(120)" methodname="WalkingDistanceAndDiagonalCapAreFrameIndependent" classname="LastSignal.Tests.MovementAcceptanceTests" runstate="Runnable" seed="1751384734" result="Passed" start-time="2026-09-21 08:25:49Z" end-time="2026-09-21 08:25:49Z" duration="0.004092" asserts="0">
                <properties>
                  <property name="retryIteration" value="0" />
                  <property name="repeatIteration" value="0" />
                </properties>
              </test-case>
            </test-suite>
            <test-case id="1033" name="YawSprintAndCrouchSpeedUseConfiguredPolicy" fullname="LastSignal.Tests.MovementAcceptanceTests.YawSprintAndCrouchSpeedUseConfiguredPolicy" methodname="YawSprintAndCrouchSpeedUseConfiguredPolicy" classname="LastSignal.Tests.MovementAcceptanceTests" runstate="Runnable" seed="826720586" result="Passed" start-time="2026-09-21 08:25:49Z" end-time="2026-09-21 08:25:49Z" duration="0.003892" asserts="0">
              <properties>
                <property name="retryIteration" value="0" />
                <property name="repeatIteration" value="0" />
              </properties>
            </test-case>
            <test-case id="1045" name="YIntegratedParkourUsesAuthoredGeometry" fullname="LastSignal.Tests.MovementAcceptanceTests.YIntegratedParkourUsesAuthoredGeometry" methodname="YIntegratedParkourUsesAuthoredGeometry" classname="LastSignal.Tests.MovementAcceptanceTests" runstate="Runnable" seed="294155658" result="Passed" start-time="2026-09-21 08:25:49Z" end-time="2026-09-21 08:25:51Z" duration="1.729432" asserts="0">
              <properties>
                <property name="_JOINTYPE" value="UnityCombinatorial" />
                <property name="retryIteration" value="0" />
                <property name="repeatIteration" value="0" />
              </properties>
              <output><![CDATA[S001 session started: one player, local input.
S001_AUTHORED_PARKOUR PASS: steps, 30/60 slopes, corridor, tunnel/stand, deck/drop, threshold, occlusion.
]]></output>
            </test-case>
            <test-case id="1046" name="ZIntegratedSceneTenMenuSessionsDoNotRetainPlayerOrCallbacks" fullname="LastSignal.Tests.MovementAcceptanceTests.ZIntegratedSceneTenMenuSessionsDoNotRetainPlayerOrCallbacks" methodname="ZIntegratedSceneTenMenuSessionsDoNotRetainPlayerOrCallbacks" classname="LastSignal.Tests.MovementAcceptanceTests" runstate="Runnable" seed="452478973" result="Passed" start-time="2026-09-21 08:25:51Z" end-time="2026-09-21 08:26:13Z" duration="22.657442" asserts="0">
              <properties>
                <property name="_JOINTYPE" value="UnityCombinatorial" />
                <property name="retryIteration" value="0" />
                <property name="repeatIteration" value="0" />
              </properties>
              <output><![CDATA[S001 session started: one player, local input.
SESSION_INPUT cycle=0 key=True active=True move=(0.00, -1.00) before=(0.00, 0.02, 0.00) after=(0.00, 0.02, -0.64)
S001 session started: one player, local input.
SESSION_INPUT cycle=1 key=True active=True move=(0.00, -1.00) before=(0.00, 0.02, 0.00) after=(0.00, 0.02, -0.64)
S001 session started: one player, local input.
SESSION_INPUT cycle=2 key=True active=True move=(0.00, -1.00) before=(0.00, 0.02, 0.00) after=(0.00, 0.02, -0.64)
S001 session started: one player, local input.
SESSION_INPUT cycle=3 key=True active=True move=(0.00, -1.00) before=(0.00, 0.02, 0.00) after=(0.00, 0.02, -0.64)
S001 session started: one player, local input.
SESSION_INPUT cycle=4 key=True active=True move=(0.00, -1.00) before=(0.00, 0.02, 0.00) after=(0.00, 0.02, -0.64)
S001 session started: one player, local input.
SESSION_INPUT cycle=5 key=True active=True move=(0.00, -1.00) before=(0.00, 0.02, 0.00) after=(0.00, 0.02, -0.64)
S001 session started: one player, local input.
SESSION_INPUT cycle=6 key=True active=True move=(0.00, -1.00) before=(0.00, 0.02, 0.00) after=(0.00, 0.02, -0.64)
S001 session started: one player, local input.
SESSION_INPUT cycle=7 key=True active=True move=(0.00, -1.00) before=(0.00, 0.02, 0.00) after=(0.00, 0.02, -0.64)
S001 session started: one player, local input.
SESSION_INPUT cycle=8 key=True active=True move=(0.00, -1.00) before=(0.00, 0.02, 0.00) after=(0.00, 0.02, -0.64)
S001 session started: one player, local input.
SESSION_INPUT cycle=9 key=True active=True move=(0.00, -1.00) before=(0.00, 0.02, 0.00) after=(0.00, 0.02, -0.64)
]]></output>
            </test-case>
          </test-suite>
          <test-suite type="TestFixture" id="1047" name="RuntimeSmokeTests" fullname="LastSignal.Tests.RuntimeSmokeTests" classname="LastSignal.Tests.RuntimeSmokeTests" runstate="Runnable" testcasecount="1" result="Passed" start-time="2026-09-21 08:26:13Z" end-time="2026-09-21 08:26:24Z" duration="10.383880" total="1" passed="1" failed="0" inconclusive="0" skipped="0" asserts="0">
            <properties />
            <test-case id="1048" name="SmokeTest_ThreeSessionCycles" fullname="LastSignal.Tests.RuntimeSmokeTests.SmokeTest_ThreeSessionCycles" methodname="SmokeTest_ThreeSessionCycles" classname="LastSignal.Tests.RuntimeSmokeTests" runstate="Runnable" seed="974185191" result="Passed" start-time="2026-09-21 08:26:13Z" end-time="2026-09-21 08:26:24Z" duration="10.380602" asserts="0">
              <properties>
                <property name="_JOINTYPE" value="UnityCombinatorial" />
                <property name="retryIteration" value="0" />
                <property name="repeatIteration" value="0" />
              </properties>
              <output><![CDATA[S001 session started: one player, local input.
S001 session started: one player, local input.
S001 session started: one player, local input.
]]></output>
            </test-case>
          </test-suite>
          <test-suite type="TestFixture" id="1049" name="ShelterIntegrationTests" fullname="LastSignal.Tests.ShelterIntegrationTests" classname="LastSignal.Tests.ShelterIntegrationTests" runstate="Runnable" testcasecount="8" result="Passed" start-time="2026-09-21 08:26:24Z" end-time="2026-09-21 08:26:45Z" duration="20.906872" total="8" passed="8" failed="0" inconclusive="0" skipped="0" asserts="0">
            <properties />
            <test-case id="1052" name="DeathAndMenuFromPreparationReleasePresentationAndSessionBIsFresh" fullname="LastSignal.Tests.ShelterIntegrationTests.DeathAndMenuFromPreparationReleasePresentationAndSessionBIsFresh" methodname="DeathAndMenuFromPreparationReleasePresentationAndSessionBIsFresh" classname="LastSignal.Tests.ShelterIntegrationTests" runstate="Runnable" seed="1005106937" result="Passed" start-time="2026-09-21 08:26:24Z" end-time="2026-09-21 08:26:26Z" duration="2.419610" asserts="0">
              <properties>
                <property name="_JOINTYPE" value="UnityCombinatorial" />
                <property name="retryIteration" value="0" />
                <property name="repeatIteration" value="0" />
              </properties>
              <output><![CDATA[S006 loot seed=12345 resolved=20 generated=14
S001 session started: one player, local input.
S006 loot seed=12345 resolved=20 generated=14
S001 session started: one player, local input.
]]></output>
            </test-case>
            <test-case id="1056" name="DisabledPreparationClosesAndBlockedDoorwayRejectsWithoutMutation" fullname="LastSignal.Tests.ShelterIntegrationTests.DisabledPreparationClosesAndBlockedDoorwayRejectsWithoutMutation" methodname="DisabledPreparationClosesAndBlockedDoorwayRejectsWithoutMutation" classname="LastSignal.Tests.ShelterIntegrationTests" runstate="Runnable" seed="2009771840" result="Passed" start-time="2026-09-21 08:26:26Z" end-time="2026-09-21 08:26:28Z" duration="1.284080" asserts="0">
              <properties>
                <property name="_JOINTYPE" value="UnityCombinatorial" />
                <property name="retryIteration" value="0" />
                <property name="repeatIteration" value="0" />
              </properties>
              <output><![CDATA[S006 loot seed=12345 resolved=20 generated=14
S001 session started: one player, local input.
]]></output>
            </test-case>
            <test-case id="1053" name="PartialWorldAndDroppedItemsRemainAcrossReturn" fullname="LastSignal.Tests.ShelterIntegrationTests.PartialWorldAndDroppedItemsRemainAcrossReturn" methodname="PartialWorldAndDroppedItemsRemainAcrossReturn" classname="LastSignal.Tests.ShelterIntegrationTests" runstate="Runnable" seed="883902011" result="Passed" start-time="2026-09-21 08:26:28Z" end-time="2026-09-21 08:26:29Z" duration="1.248795" asserts="0">
              <properties>
                <property name="_JOINTYPE" value="UnityCombinatorial" />
                <property name="retryIteration" value="0" />
                <property name="repeatIteration" value="0" />
              </properties>
              <output><![CDATA[S006 loot seed=12345 resolved=20 generated=14
S001 session started: one player, local input.
]]></output>
            </test-case>
            <test-case id="1050" name="ProductionTwoExpeditionsPreserveWorldStorageAndAmmo" fullname="LastSignal.Tests.ShelterIntegrationTests.ProductionTwoExpeditionsPreserveWorldStorageAndAmmo" methodname="ProductionTwoExpeditionsPreserveWorldStorageAndAmmo" classname="LastSignal.Tests.ShelterIntegrationTests" runstate="Runnable" seed="1103555342" result="Passed" start-time="2026-09-21 08:26:29Z" end-time="2026-09-21 08:26:33Z" duration="3.967384" asserts="0">
              <properties>
                <property name="_JOINTYPE" value="UnityCombinatorial" />
                <property name="retryIteration" value="0" />
                <property name="repeatIteration" value="0" />
              </properties>
              <output><![CDATA[S006 loot seed=12345 resolved=20 generated=14
S001 session started: one player, local input.
S006 loot seed=12345 resolved=20 generated=14
S001 session started: one player, local input.
]]></output>
            </test-case>
            <test-case id="1054" name="ReturnDuringReloadBeforeAndAfterCommitPreservesExistingTiming" fullname="LastSignal.Tests.ShelterIntegrationTests.ReturnDuringReloadBeforeAndAfterCommitPreservesExistingTiming" methodname="ReturnDuringReloadBeforeAndAfterCommitPreservesExistingTiming" classname="LastSignal.Tests.ShelterIntegrationTests" runstate="Runnable" seed="2044348377" result="Passed" start-time="2026-09-21 08:26:33Z" end-time="2026-09-21 08:26:40Z" duration="7.564373" asserts="0">
              <properties>
                <property name="_JOINTYPE" value="UnityCombinatorial" />
                <property name="retryIteration" value="0" />
                <property name="repeatIteration" value="0" />
              </properties>
              <output><![CDATA[S006 loot seed=12345 resolved=20 generated=14
S001 session started: one player, local input.
]]></output>
            </test-case>
            <test-case id="1055" name="TenExpeditionSoakConservesIdentityAndMeasuresTransitions" fullname="LastSignal.Tests.ShelterIntegrationTests.TenExpeditionSoakConservesIdentityAndMeasuresTransitions" methodname="TenExpeditionSoakConservesIdentityAndMeasuresTransitions" classname="LastSignal.Tests.ShelterIntegrationTests" runstate="Runnable" seed="852875449" result="Passed" start-time="2026-09-21 08:26:40Z" end-time="2026-09-21 08:26:42Z" duration="1.754950" asserts="0">
              <properties>
                <property name="_JOINTYPE" value="UnityCombinatorial" />
                <property name="retryIteration" value="0" />
                <property name="repeatIteration" value="0" />
              </properties>
              <output><![CDATA[S006 loot seed=12345 resolved=20 generated=14
S001 session started: one player, local input.
]]></output>
            </test-case>
            <test-case id="1051" name="TenOpenCloseCyclesOneClickOneTransferAndInputOwnership" fullname="LastSignal.Tests.ShelterIntegrationTests.TenOpenCloseCyclesOneClickOneTransferAndInputOwnership" methodname="TenOpenCloseCyclesOneClickOneTransferAndInputOwnership" classname="LastSignal.Tests.ShelterIntegrationTests" runstate="Runnable" seed="1846331177" result="Passed" start-time="2026-09-21 08:26:42Z" end-time="2026-09-21 08:26:43Z" duration="1.396419" asserts="0">
              <properties>
                <property name="_JOINTYPE" value="UnityCombinatorial" />
                <property name="retryIteration" value="0" />
                <property name="repeatIteration" value="0" />
              </properties>
              <output><![CDATA[S006 loot seed=12345 resolved=20 generated=14
S001 session started: one player, local input.
]]></output>
            </test-case>
            <test-case id="1057" name="WarmedDomainPresentationAndTransitionMeasurements" fullname="LastSignal.Tests.ShelterIntegrationTests.WarmedDomainPresentationAndTransitionMeasurements" methodname="WarmedDomainPresentationAndTransitionMeasurements" classname="LastSignal.Tests.ShelterIntegrationTests" runstate="Runnable" seed="284789222" result="Passed" start-time="2026-09-21 08:26:43Z" end-time="2026-09-21 08:26:45Z" duration="1.268390" asserts="0">
              <properties>
                <property name="_JOINTYPE" value="UnityCombinatorial" />
                <property name="retryIteration" value="0" />
                <property name="repeatIteration" value="0" />
              </properties>
              <output><![CDATA[S006 loot seed=12345 resolved=20 generated=14
S001 session started: one player, local input.
]]></output>
            </test-case>
          </test-suite>
          <test-suite type="TestFixture" id="1058" name="ZombieBehaviorTests" fullname="LastSignal.Tests.ZombieBehaviorTests" classname="LastSignal.Tests.ZombieBehaviorTests" runstate="Runnable" testcasecount="4" result="Passed" start-time="2026-09-21 08:26:45Z" end-time="2026-09-21 08:27:05Z" duration="20.073521" total="4" passed="4" failed="0" inconclusive="0" skipped="0" asserts="0">
            <properties />
            <test-case id="1059" name="FovAcquisitionWallMemorySearchAndReacquisition" fullname="LastSignal.Tests.ZombieBehaviorTests.FovAcquisitionWallMemorySearchAndReacquisition" methodname="FovAcquisitionWallMemorySearchAndReacquisition" classname="LastSignal.Tests.ZombieBehaviorTests" runstate="Runnable" seed="1961074614" result="Passed" start-time="2026-09-21 08:26:45Z" end-time="2026-09-21 08:26:47Z" duration="2.490381" asserts="0">
              <properties>
                <property name="_JOINTYPE" value="UnityCombinatorial" />
                <property name="retryIteration" value="0" />
                <property name="repeatIteration" value="0" />
              </properties>
              <output><![CDATA[S001 session started: one player, local input.
]]></output>
            </test-case>
            <test-case id="1060" name="InitiallyOccludedPlayerIsNotAcquiredAndSearchExpires" fullname="LastSignal.Tests.ZombieBehaviorTests.InitiallyOccludedPlayerIsNotAcquiredAndSearchExpires" methodname="InitiallyOccludedPlayerIsNotAcquiredAndSearchExpires" classname="LastSignal.Tests.ZombieBehaviorTests" runstate="Runnable" seed="1367538875" result="Passed" start-time="2026-09-21 08:26:47Z" end-time="2026-09-21 08:27:01Z" duration="14.011842" asserts="0">
              <properties>
                <property name="_JOINTYPE" value="UnityCombinatorial" />
                <property name="retryIteration" value="0" />
                <property name="repeatIteration" value="0" />
              </properties>
              <output><![CDATA[S001 session started: one player, local input.
]]></output>
            </test-case>
            <test-case id="1061" name="PauseFreezesMotionKnowledgeAndTimersThenDestroyedTargetClears" fullname="LastSignal.Tests.ZombieBehaviorTests.PauseFreezesMotionKnowledgeAndTimersThenDestroyedTargetClears" methodname="PauseFreezesMotionKnowledgeAndTimersThenDestroyedTargetClears" classname="LastSignal.Tests.ZombieBehaviorTests" runstate="Runnable" seed="845521781" result="Passed" start-time="2026-09-21 08:27:01Z" end-time="2026-09-21 08:27:03Z" duration="1.862961" asserts="0">
              <properties>
                <property name="_JOINTYPE" value="UnityCombinatorial" />
                <property name="retryIteration" value="0" />
                <property name="repeatIteration" value="0" />
              </properties>
              <output><![CDATA[S001 session started: one player, local input.
]]></output>
            </test-case>
            <test-case id="1062" name="VisibleReacquisitionDoesNotWaitForExhaustedSearchTimeout" fullname="LastSignal.Tests.ZombieBehaviorTests.VisibleReacquisitionDoesNotWaitForExhaustedSearchTimeout" methodname="VisibleReacquisitionDoesNotWaitForExhaustedSearchTimeout" classname="LastSignal.Tests.ZombieBehaviorTests" runstate="Runnable" seed="20568620" result="Passed" start-time="2026-09-21 08:27:03Z" end-time="2026-09-21 08:27:05Z" duration="1.705877" asserts="0">
              <properties>
                <property name="_JOINTYPE" value="UnityCombinatorial" />
                <property name="retryIteration" value="0" />
                <property name="repeatIteration" value="0" />
              </properties>
              <output><![CDATA[S001 session started: one player, local input.
]]></output>
            </test-case>
          </test-suite>
          <test-suite type="TestFixture" id="1063" name="ZombieDamagePlayTests" fullname="LastSignal.Tests.ZombieDamagePlayTests" classname="LastSignal.Tests.ZombieDamagePlayTests" runstate="Runnable" testcasecount="12" result="Passed" start-time="2026-09-21 08:27:05Z" end-time="2026-09-21 08:28:06Z" duration="61.477422" total="12" passed="12" failed="0" inconclusive="0" skipped="0" asserts="0">
            <properties />
            <test-case id="1064" name="ActualProductionRifleBodyHeadReactionAndDeath" fullname="LastSignal.Tests.ZombieDamagePlayTests.ActualProductionRifleBodyHeadReactionAndDeath" methodname="ActualProductionRifleBodyHeadReactionAndDeath" classname="LastSignal.Tests.ZombieDamagePlayTests" runstate="Runnable" seed="11921978" result="Passed" start-time="2026-09-21 08:27:05Z" end-time="2026-09-21 08:27:11Z" duration="6.010544" asserts="0">
              <properties>
                <property name="_JOINTYPE" value="UnityCombinatorial" />
                <property name="retryIteration" value="0" />
                <property name="repeatIteration" value="0" />
              </properties>
              <output><![CDATA[S001 session started: one player, local input.
]]></output>
            </test-case>
            <test-case id="1070" name="FirstCompleteCombatLoopInNormalRoute" fullname="LastSignal.Tests.ZombieDamagePlayTests.FirstCompleteCombatLoopInNormalRoute" methodname="FirstCompleteCombatLoopInNormalRoute" classname="LastSignal.Tests.ZombieDamagePlayTests" runstate="Runnable" seed="758384233" result="Passed" start-time="2026-09-21 08:27:11Z" end-time="2026-09-21 08:27:19Z" duration="7.697333" asserts="0">
              <properties>
                <property name="_JOINTYPE" value="UnityCombinatorial" />
                <property name="retryIteration" value="0" />
                <property name="repeatIteration" value="0" />
              </properties>
              <output><![CDATA[S001 session started: one player, local input.
]]></output>
            </test-case>
            <test-case id="1073" name="HeadRegionFollowsIdleWalkAttackAndReactionPoses" fullname="LastSignal.Tests.ZombieDamagePlayTests.HeadRegionFollowsIdleWalkAttackAndReactionPoses" methodname="HeadRegionFollowsIdleWalkAttackAndReactionPoses" classname="LastSignal.Tests.ZombieDamagePlayTests" runstate="Runnable" seed="977535953" result="Passed" start-time="2026-09-21 08:27:19Z" end-time="2026-09-21 08:27:20Z" duration="1.596743" asserts="0">
              <properties>
                <property name="_JOINTYPE" value="UnityCombinatorial" />
                <property name="retryIteration" value="0" />
                <property name="repeatIteration" value="0" />
              </properties>
              <output><![CDATA[S001 session started: one player, local input.
]]></output>
            </test-case>
            <test-case id="1068" name="HiddenSearchKnowledgeIsNotRevealedByDamage" fullname="LastSignal.Tests.ZombieDamagePlayTests.HiddenSearchKnowledgeIsNotRevealedByDamage" methodname="HiddenSearchKnowledgeIsNotRevealedByDamage" classname="LastSignal.Tests.ZombieDamagePlayTests" runstate="Runnable" seed="951535796" result="Passed" start-time="2026-09-21 08:27:20Z" end-time="2026-09-21 08:27:22Z" duration="1.910836" asserts="0">
              <properties>
                <property name="_JOINTYPE" value="UnityCombinatorial" />
                <property name="retryIteration" value="0" />
                <property name="repeatIteration" value="0" />
              </properties>
              <output><![CDATA[S001 session started: one player, local input.
]]></output>
            </test-case>
            <test-case id="1065" name="LethalRifleDuringWindupCommitAndRecoveryCancelsOldStrike" fullname="LastSignal.Tests.ZombieDamagePlayTests.LethalRifleDuringWindupCommitAndRecoveryCancelsOldStrike" methodname="LethalRifleDuringWindupCommitAndRecoveryCancelsOldStrike" classname="LastSignal.Tests.ZombieDamagePlayTests" runstate="Runnable" seed="338416295" result="Passed" start-time="2026-09-21 08:27:22Z" end-time="2026-09-21 08:27:36Z" duration="13.717952" asserts="0">
              <properties>
                <property name="_JOINTYPE" value="UnityCombinatorial" />
                <property name="retryIteration" value="0" />
                <property name="repeatIteration" value="0" />
              </properties>
              <output><![CDATA[S001 session started: one player, local input.
S001 session started: one player, local input.
S001 session started: one player, local input.
]]></output>
            </test-case>
            <test-case id="1074" name="NearMuzzleDamageableReceivesOneHitButWallStopsDistantDamage" fullname="LastSignal.Tests.ZombieDamagePlayTests.NearMuzzleDamageableReceivesOneHitButWallStopsDistantDamage" methodname="NearMuzzleDamageableReceivesOneHitButWallStopsDistantDamage" classname="LastSignal.Tests.ZombieDamagePlayTests" runstate="Runnable" seed="1289354334" result="Passed" start-time="2026-09-21 08:27:36Z" end-time="2026-09-21 08:27:37Z" duration="1.019046" asserts="0">
              <properties>
                <property name="_JOINTYPE" value="UnityCombinatorial" />
                <property name="retryIteration" value="0" />
                <property name="repeatIteration" value="0" />
              </properties>
              <output><![CDATA[S001 session started: one player, local input.
]]></output>
            </test-case>
            <test-case id="1069" name="OverlapWrongColliderAndIndependentActorsHaveOneOwner" fullname="LastSignal.Tests.ZombieDamagePlayTests.OverlapWrongColliderAndIndependentActorsHaveOneOwner" methodname="OverlapWrongColliderAndIndependentActorsHaveOneOwner" classname="LastSignal.Tests.ZombieDamagePlayTests" runstate="Runnable" seed="2069839152" result="Passed" start-time="2026-09-21 08:27:37Z" end-time="2026-09-21 08:27:38Z" duration="0.944278" asserts="0">
              <properties>
                <property name="_JOINTYPE" value="UnityCombinatorial" />
                <property name="retryIteration" value="0" />
                <property name="repeatIteration" value="0" />
              </properties>
              <output><![CDATA[S001 session started: one player, local input.
]]></output>
            </test-case>
            <test-case id="1067" name="PauseReactionDeathAndSessionResetAreSafe" fullname="LastSignal.Tests.ZombieDamagePlayTests.PauseReactionDeathAndSessionResetAreSafe" methodname="PauseReactionDeathAndSessionResetAreSafe" classname="LastSignal.Tests.ZombieDamagePlayTests" runstate="Runnable" seed="2120875270" result="Passed" start-time="2026-09-21 08:27:38Z" end-time="2026-09-21 08:27:42Z" duration="4.024699" asserts="0">
              <properties>
                <property name="_JOINTYPE" value="UnityCombinatorial" />
                <property name="retryIteration" value="0" />
                <property name="repeatIteration" value="0" />
              </properties>
              <output><![CDATA[S001 session started: one player, local input.
S001 session started: one player, local input.
S001 session started: one player, local input.
S001 session started: one player, local input.
]]></output>
            </test-case>
            <test-case id="1075" name="ProfileLiveAndMixedPopulationAndWarmedDamage" fullname="LastSignal.Tests.ZombieDamagePlayTests.ProfileLiveAndMixedPopulationAndWarmedDamage" methodname="ProfileLiveAndMixedPopulationAndWarmedDamage" classname="LastSignal.Tests.ZombieDamagePlayTests" runstate="Runnable" seed="586188268" result="Passed" start-time="2026-09-21 08:27:42Z" end-time="2026-09-21 08:27:58Z" duration="15.999565" asserts="0">
              <properties>
                <property name="_JOINTYPE" value="UnityCombinatorial" />
                <property name="retryIteration" value="0" />
                <property name="repeatIteration" value="0" />
              </properties>
              <output><![CDATA[S001 session started: one player, local input.
]]></output>
            </test-case>
            <test-case id="1066" name="ReactionCooldownAppliesDamageWithoutRestartAndAllowsLaterReaction" fullname="LastSignal.Tests.ZombieDamagePlayTests.ReactionCooldownAppliesDamageWithoutRestartAndAllowsLaterReaction" methodname="ReactionCooldownAppliesDamageWithoutRestartAndAllowsLaterReaction" classname="LastSignal.Tests.ZombieDamagePlayTests" runstate="Runnable" seed="1007899875" result="Passed" start-time="2026-09-21 08:27:58Z" end-time="2026-09-21 08:28:01Z" duration="2.788717" asserts="0">
              <properties>
                <property name="_JOINTYPE" value="UnityCombinatorial" />
                <property name="retryIteration" value="0" />
                <property name="repeatIteration" value="0" />
              </properties>
              <output><![CDATA[S001 session started: one player, local input.
]]></output>
            </test-case>
            <test-case id="1071" name="SurvivingReactionInterruptsAllAttackPhases" fullname="LastSignal.Tests.ZombieDamagePlayTests.SurvivingReactionInterruptsAllAttackPhases" methodname="SurvivingReactionInterruptsAllAttackPhases" classname="LastSignal.Tests.ZombieDamagePlayTests" runstate="Runnable" seed="925754392" result="Passed" start-time="2026-09-21 08:28:01Z" end-time="2026-09-21 08:28:05Z" duration="4.863157" asserts="0">
              <properties>
                <property name="_JOINTYPE" value="UnityCombinatorial" />
                <property name="retryIteration" value="0" />
                <property name="repeatIteration" value="0" />
              </properties>
              <output><![CDATA[S001 session started: one player, local input.
Game object with animator is inactive
S001 session started: one player, local input.
Game object with animator is inactive
S001 session started: one player, local input.
]]></output>
            </test-case>
            <test-case id="1072" name="UnrelatedChildColliderCannotResolveToRootHealth" fullname="LastSignal.Tests.ZombieDamagePlayTests.UnrelatedChildColliderCannotResolveToRootHealth" methodname="UnrelatedChildColliderCannotResolveToRootHealth" classname="LastSignal.Tests.ZombieDamagePlayTests" runstate="Runnable" seed="1950298441" result="Passed" start-time="2026-09-21 08:28:05Z" end-time="2026-09-21 08:28:06Z" duration="0.898085" asserts="0">
              <properties>
                <property name="_JOINTYPE" value="UnityCombinatorial" />
                <property name="retryIteration" value="0" />
                <property name="repeatIteration" value="0" />
              </properties>
              <output><![CDATA[S001 session started: one player, local input.
]]></output>
            </test-case>
          </test-suite>
          <test-suite type="TestFixture" id="1076" name="ZombieMeleeTests" fullname="LastSignal.Tests.ZombieMeleeTests" classname="LastSignal.Tests.ZombieMeleeTests" runstate="Runnable" testcasecount="13" result="Passed" start-time="2026-09-21 08:28:06Z" end-time="2026-09-21 08:29:00Z" duration="53.891194" total="13" passed="13" failed="0" inconclusive="0" skipped="0" asserts="0">
            <properties />
            <test-case id="1086" name="ActualMotorSidestepAfterCommitMissesWithinReactionWindow" fullname="LastSignal.Tests.ZombieMeleeTests.ActualMotorSidestepAfterCommitMissesWithinReactionWindow" methodname="ActualMotorSidestepAfterCommitMissesWithinReactionWindow" classname="LastSignal.Tests.ZombieMeleeTests" runstate="Runnable" seed="37684077" result="Passed" start-time="2026-09-21 08:28:06Z" end-time="2026-09-21 08:28:08Z" duration="1.294525" asserts="0">
              <properties>
                <property name="_JOINTYPE" value="UnityCombinatorial" />
                <property name="retryIteration" value="0" />
                <property name="repeatIteration" value="0" />
              </properties>
              <output><![CDATA[S001 session started: one player, local input.
]]></output>
            </test-case>
            <test-case id="1078" name="BackstepSidestepRearAndWallReallyMiss" fullname="LastSignal.Tests.ZombieMeleeTests.BackstepSidestepRearAndWallReallyMiss" methodname="BackstepSidestepRearAndWallReallyMiss" classname="LastSignal.Tests.ZombieMeleeTests" runstate="Runnable" seed="841603723" result="Passed" start-time="2026-09-21 08:28:08Z" end-time="2026-09-21 08:28:15Z" duration="7.825994" asserts="0">
              <properties>
                <property name="_JOINTYPE" value="UnityCombinatorial" />
                <property name="retryIteration" value="0" />
                <property name="repeatIteration" value="0" />
              </properties>
              <output><![CDATA[S001 session started: one player, local input.
S001 session started: one player, local input.
S001 session started: one player, local input.
S001 session started: one player, local input.
]]></output>
            </test-case>
            <test-case id="1089" name="ContactClockAndPoseAlignAtThirtySixtyAndOneTwentyHz" fullname="LastSignal.Tests.ZombieMeleeTests.ContactClockAndPoseAlignAtThirtySixtyAndOneTwentyHz" methodname="ContactClockAndPoseAlignAtThirtySixtyAndOneTwentyHz" classname="LastSignal.Tests.ZombieMeleeTests" runstate="Runnable" seed="1738054368" result="Passed" start-time="2026-09-21 08:28:15Z" end-time="2026-09-21 08:28:18Z" duration="2.546436" asserts="0">
              <properties>
                <property name="_JOINTYPE" value="UnityCombinatorial" />
                <property name="retryIteration" value="0" />
                <property name="repeatIteration" value="0" />
              </properties>
              <output><![CDATA[S001 session started: one player, local input.
S001 session started: one player, local input.
S001 session started: one player, local input.
]]></output>
            </test-case>
            <test-case id="1080" name="DeathIsTerminalAndRestartUsesFreshPlayerAndAttack" fullname="LastSignal.Tests.ZombieMeleeTests.DeathIsTerminalAndRestartUsesFreshPlayerAndAttack" methodname="DeathIsTerminalAndRestartUsesFreshPlayerAndAttack" classname="LastSignal.Tests.ZombieMeleeTests" runstate="Runnable" seed="557622959" result="Passed" start-time="2026-09-21 08:28:18Z" end-time="2026-09-21 08:28:26Z" duration="8.152242" asserts="0">
              <properties>
                <property name="_JOINTYPE" value="UnityCombinatorial" />
                <property name="retryIteration" value="0" />
                <property name="repeatIteration" value="0" />
              </properties>
              <output><![CDATA[S001 session started: one player, local input.
S001 session started: one player, local input.
]]></output>
            </test-case>
            <test-case id="1085" name="HardAbortBeforeCommitAndDisabledActorCancelSequence" fullname="LastSignal.Tests.ZombieMeleeTests.HardAbortBeforeCommitAndDisabledActorCancelSequence" methodname="HardAbortBeforeCommitAndDisabledActorCancelSequence" classname="LastSignal.Tests.ZombieMeleeTests" runstate="Runnable" seed="2021704379" result="Passed" start-time="2026-09-21 08:28:26Z" end-time="2026-09-21 08:28:27Z" duration="0.932278" asserts="0">
              <properties>
                <property name="_JOINTYPE" value="UnityCombinatorial" />
                <property name="retryIteration" value="0" />
                <property name="repeatIteration" value="0" />
              </properties>
              <output><![CDATA[S001 session started: one player, local input.
]]></output>
            </test-case>
            <test-case id="1084" name="LargeStepDuplicateColliderAndDisabledAnimatorStillHaveOneContact" fullname="LastSignal.Tests.ZombieMeleeTests.LargeStepDuplicateColliderAndDisabledAnimatorStillHaveOneContact" methodname="LargeStepDuplicateColliderAndDisabledAnimatorStillHaveOneContact" classname="LastSignal.Tests.ZombieMeleeTests" runstate="Runnable" seed="565085417" result="Passed" start-time="2026-09-21 08:28:27Z" end-time="2026-09-21 08:28:28Z" duration="0.897436" asserts="0">
              <properties>
                <property name="_JOINTYPE" value="UnityCombinatorial" />
                <property name="retryIteration" value="0" />
                <property name="repeatIteration" value="0" />
              </properties>
              <output><![CDATA[S001 session started: one player, local input.
]]></output>
            </test-case>
            <test-case id="1081" name="MenuDuringWindupCancelsWithoutDelayedDamage" fullname="LastSignal.Tests.ZombieMeleeTests.MenuDuringWindupCancelsWithoutDelayedDamage" methodname="MenuDuringWindupCancelsWithoutDelayedDamage" classname="LastSignal.Tests.ZombieMeleeTests" runstate="Runnable" seed="860503572" result="Passed" start-time="2026-09-21 08:28:28Z" end-time="2026-09-21 08:28:29Z" duration="1.456762" asserts="0">
              <properties>
                <property name="_JOINTYPE" value="UnityCombinatorial" />
                <property name="retryIteration" value="0" />
                <property name="repeatIteration" value="0" />
              </properties>
              <output><![CDATA[S001 session started: one player, local input.
S001 session started: one player, local input.
]]></output>
            </test-case>
            <test-case id="1083" name="NormalGameplayRouteApproachesAndAttacksProductionPlayer" fullname="LastSignal.Tests.ZombieMeleeTests.NormalGameplayRouteApproachesAndAttacksProductionPlayer" methodname="NormalGameplayRouteApproachesAndAttacksProductionPlayer" classname="LastSignal.Tests.ZombieMeleeTests" runstate="Runnable" seed="1599860674" result="Passed" start-time="2026-09-21 08:28:29Z" end-time="2026-09-21 08:28:33Z" duration="3.411172" asserts="0">
              <properties>
                <property name="_JOINTYPE" value="UnityCombinatorial" />
                <property name="retryIteration" value="0" />
                <property name="repeatIteration" value="0" />
              </properties>
              <output><![CDATA[S001 session started: one player, local input.
]]></output>
            </test-case>
            <test-case id="1079" name="PauseBothSidesOfCommitFreezesDamageAndResumesOnce" fullname="LastSignal.Tests.ZombieMeleeTests.PauseBothSidesOfCommitFreezesDamageAndResumesOnce" methodname="PauseBothSidesOfCommitFreezesDamageAndResumesOnce" classname="LastSignal.Tests.ZombieMeleeTests" runstate="Runnable" seed="985929672" result="Passed" start-time="2026-09-21 08:28:33Z" end-time="2026-09-21 08:28:39Z" duration="6.144885" asserts="0">
              <properties>
                <property name="_JOINTYPE" value="UnityCombinatorial" />
                <property name="retryIteration" value="0" />
                <property name="repeatIteration" value="0" />
              </properties>
              <output><![CDATA[S001 session started: one player, local input.
S001 session started: one player, local input.
]]></output>
            </test-case>
            <test-case id="1087" name="ProfileOneAndTenActiveMeleeActors" fullname="LastSignal.Tests.ZombieMeleeTests.ProfileOneAndTenActiveMeleeActors" methodname="ProfileOneAndTenActiveMeleeActors" classname="LastSignal.Tests.ZombieMeleeTests" runstate="Runnable" seed="1086979088" result="Passed" start-time="2026-09-21 08:28:39Z" end-time="2026-09-21 08:28:55Z" duration="15.891459" asserts="0">
              <properties>
                <property name="_JOINTYPE" value="UnityCombinatorial" />
                <property name="retryIteration" value="0" />
                <property name="repeatIteration" value="0" />
              </properties>
              <output><![CDATA[S001 session started: one player, local input.
Look rotation viewing vector is zero
Game object with animator is inactive
S001 session started: one player, local input.
Look rotation viewing vector is zero
Game object with animator is inactive
Game object with animator is inactive
Game object with animator is inactive
Game object with animator is inactive
Game object with animator is inactive
Game object with animator is inactive
Game object with animator is inactive
Game object with animator is inactive
Game object with animator is inactive
Game object with animator is inactive
]]></output>
            </test-case>
            <test-case id="1088" name="RebindingDuringCommitCannotTransferOldStrike" fullname="LastSignal.Tests.ZombieMeleeTests.RebindingDuringCommitCannotTransferOldStrike" methodname="RebindingDuringCommitCannotTransferOldStrike" classname="LastSignal.Tests.ZombieMeleeTests" runstate="Runnable" seed="1384678031" result="Passed" start-time="2026-09-21 08:28:55Z" end-time="2026-09-21 08:28:56Z" duration="1.109479" asserts="0">
              <properties>
                <property name="_JOINTYPE" value="UnityCombinatorial" />
                <property name="retryIteration" value="0" />
                <property name="repeatIteration" value="0" />
              </properties>
              <output><![CDATA[S001 session started: one player, local input.
]]></output>
            </test-case>
            <test-case id="1082" name="TargetDeathOrDisableDuringWindupCannotDamage" fullname="LastSignal.Tests.ZombieMeleeTests.TargetDeathOrDisableDuringWindupCannotDamage" methodname="TargetDeathOrDisableDuringWindupCannotDamage" classname="LastSignal.Tests.ZombieMeleeTests" runstate="Runnable" seed="701515736" result="Passed" start-time="2026-09-21 08:28:56Z" end-time="2026-09-21 08:28:58Z" duration="1.673786" asserts="0">
              <properties>
                <property name="_JOINTYPE" value="UnityCombinatorial" />
                <property name="retryIteration" value="0" />
                <property name="repeatIteration" value="0" />
              </properties>
              <output><![CDATA[S001 session started: one player, local input.
S001 session started: one player, local input.
]]></output>
            </test-case>
            <test-case id="1077" name="ValidStrikeHasOneTransactionAndVisibleRecovery" fullname="LastSignal.Tests.ZombieMeleeTests.ValidStrikeHasOneTransactionAndVisibleRecovery" methodname="ValidStrikeHasOneTransactionAndVisibleRecovery" classname="LastSignal.Tests.ZombieMeleeTests" runstate="Runnable" seed="849995554" result="Passed" start-time="2026-09-21 08:28:58Z" end-time="2026-09-21 08:29:00Z" duration="2.548703" asserts="0">
              <properties>
                <property name="_JOINTYPE" value="UnityCombinatorial" />
                <property name="retryIteration" value="0" />
                <property name="repeatIteration" value="0" />
              </properties>
              <output><![CDATA[S001 session started: one player, local input.
]]></output>
            </test-case>
          </test-suite>
          <test-suite type="TestFixture" id="1090" name="ZombieNavigationTests" fullname="LastSignal.Tests.ZombieNavigationTests" classname="LastSignal.Tests.ZombieNavigationTests" runstate="Runnable" testcasecount="1" result="Passed" start-time="2026-09-21 08:29:00Z" end-time="2026-09-21 08:29:01Z" duration="0.405550" total="1" passed="1" failed="0" inconclusive="0" skipped="0" asserts="0">
            <properties />
            <test-case id="1091" name="BakedArenaSupportsCompleteAndPartialPathsWithBoundedRequests" fullname="LastSignal.Tests.ZombieNavigationTests.BakedArenaSupportsCompleteAndPartialPathsWithBoundedRequests" methodname="BakedArenaSupportsCompleteAndPartialPathsWithBoundedRequests" classname="LastSignal.Tests.ZombieNavigationTests" runstate="Runnable" seed="1483848290" result="Passed" start-time="2026-09-21 08:29:00Z" end-time="2026-09-21 08:29:01Z" duration="0.403008" asserts="0">
              <properties>
                <property name="_JOINTYPE" value="UnityCombinatorial" />
                <property name="retryIteration" value="0" />
                <property name="repeatIteration" value="0" />
              </properties>
              <output><![CDATA[S001 session started: one player, local input.
]]></output>
            </test-case>
          </test-suite>
          <test-suite type="TestFixture" id="1092" name="ZombiePresentationTests" fullname="LastSignal.Tests.ZombiePresentationTests" classname="LastSignal.Tests.ZombiePresentationTests" runstate="Runnable" testcasecount="2" result="Passed" start-time="2026-09-21 08:29:01Z" end-time="2026-09-21 08:29:01Z" duration="0.166088" total="2" passed="2" failed="0" inconclusive="0" skipped="0" asserts="0">
            <properties />
            <test-case id="1094" name="DeathHoldsFinalPoseAndClearsGroundOnProductionController" fullname="LastSignal.Tests.ZombiePresentationTests.DeathHoldsFinalPoseAndClearsGroundOnProductionController" methodname="DeathHoldsFinalPoseAndClearsGroundOnProductionController" classname="LastSignal.Tests.ZombiePresentationTests" runstate="Runnable" seed="227465180" result="Passed" start-time="2026-09-21 08:29:01Z" end-time="2026-09-21 08:29:01Z" duration="0.020317" asserts="0">
              <properties>
                <property name="retryIteration" value="0" />
                <property name="repeatIteration" value="0" />
              </properties>
            </test-case>
            <test-case id="1093" name="EveryPresentationStateAnimatesWithoutMovingActorRoot" fullname="LastSignal.Tests.ZombiePresentationTests.EveryPresentationStateAnimatesWithoutMovingActorRoot" methodname="EveryPresentationStateAnimatesWithoutMovingActorRoot" classname="LastSignal.Tests.ZombiePresentationTests" runstate="Runnable" seed="2146185052" result="Passed" start-time="2026-09-21 08:29:01Z" end-time="2026-09-21 08:29:01Z" duration="0.029538" asserts="0">
              <properties>
                <property name="retryIteration" value="0" />
                <property name="repeatIteration" value="0" />
              </properties>
            </test-case>
          </test-suite>
          <test-suite type="TestFixture" id="1095" name="ZombieProductionAcceptanceTests" fullname="LastSignal.Tests.ZombieProductionAcceptanceTests" classname="LastSignal.Tests.ZombieProductionAcceptanceTests" runstate="Runnable" testcasecount="2" result="Passed" start-time="2026-09-21 08:29:01Z" end-time="2026-09-21 08:29:54Z" duration="52.855770" total="2" passed="2" failed="0" inconclusive="0" skipped="0" asserts="0">
            <properties />
            <test-case id="1096" name="ProductionVisualSequenceAndStableMeleeStop" fullname="LastSignal.Tests.ZombieProductionAcceptanceTests.ProductionVisualSequenceAndStableMeleeStop" methodname="ProductionVisualSequenceAndStableMeleeStop" classname="LastSignal.Tests.ZombieProductionAcceptanceTests" runstate="Runnable" seed="535546501" result="Passed" start-time="2026-09-21 08:29:01Z" end-time="2026-09-21 08:29:29Z" duration="28.000284" asserts="0">
              <properties>
                <property name="_JOINTYPE" value="UnityCombinatorial" />
                <property name="retryIteration" value="0" />
                <property name="repeatIteration" value="0" />
              </properties>
              <output><![CDATA[S001 session started: one player, local input.
S001 session started: one player, local input.
]]></output>
            </test-case>
            <test-case id="1097" name="ProfileOneTenAndTwentyFiveProductionActors" fullname="LastSignal.Tests.ZombieProductionAcceptanceTests.ProfileOneTenAndTwentyFiveProductionActors" methodname="ProfileOneTenAndTwentyFiveProductionActors" classname="LastSignal.Tests.ZombieProductionAcceptanceTests" runstate="Runnable" seed="271437642" result="Passed" start-time="2026-09-21 08:29:29Z" end-time="2026-09-21 08:29:54Z" duration="24.851065" asserts="0">
              <properties>
                <property name="_JOINTYPE" value="UnityCombinatorial" />
                <property name="retryIteration" value="0" />
                <property name="repeatIteration" value="0" />
              </properties>
              <output><![CDATA[S001 session started: one player, local input.
Game object with animator is inactive
]]></output>
            </test-case>
          </test-suite>
          <test-suite type="TestFixture" id="1098" name="ZombieRecoveryTests" fullname="LastSignal.Tests.ZombieRecoveryTests" classname="LastSignal.Tests.ZombieRecoveryTests" runstate="Runnable" testcasecount="5" result="Passed" start-time="2026-09-21 08:29:54Z" end-time="2026-09-21 08:29:59Z" duration="5.293074" total="5" passed="5" failed="0" inconclusive="0" skipped="0" asserts="0">
            <properties />
            <test-case id="1100" name="NavigationInvalidOffMeshStuckAndObstacleAreSafe" fullname="LastSignal.Tests.ZombieRecoveryTests.NavigationInvalidOffMeshStuckAndObstacleAreSafe" methodname="NavigationInvalidOffMeshStuckAndObstacleAreSafe" classname="LastSignal.Tests.ZombieRecoveryTests" runstate="Runnable" seed="1231447686" result="Passed" start-time="2026-09-21 08:29:54Z" end-time="2026-09-21 08:29:54Z" duration="0.638693" asserts="0">
              <properties>
                <property name="_JOINTYPE" value="UnityCombinatorial" />
                <property name="retryIteration" value="0" />
                <property name="repeatIteration" value="0" />
              </properties>
              <output><![CDATA[S001 session started: one player, local input.
]]></output>
            </test-case>
            <test-case id="1099" name="NormalRouteTenSessionsClearTargetsTimersAndPausePresentation" fullname="LastSignal.Tests.ZombieRecoveryTests.NormalRouteTenSessionsClearTargetsTimersAndPausePresentation" methodname="NormalRouteTenSessionsClearTargetsTimersAndPausePresentation" classname="LastSignal.Tests.ZombieRecoveryTests" runstate="Runnable" seed="670015792" result="Passed" start-time="2026-09-21 08:29:54Z" end-time="2026-09-21 08:29:58Z" duration="3.691512" asserts="0">
              <properties>
                <property name="_JOINTYPE" value="UnityCombinatorial" />
                <property name="retryIteration" value="0" />
                <property name="repeatIteration" value="0" />
              </properties>
              <output><![CDATA[S001 session started: one player, local input.
S001 session started: one player, local input.
S001 session started: one player, local input.
S001 session started: one player, local input.
S001 session started: one player, local input.
S001 session started: one player, local input.
S001 session started: one player, local input.
S001 session started: one player, local input.
S001 session started: one player, local input.
S001 session started: one player, local input.
S001 session started: one player, local input.
]]></output>
            </test-case>
            <test-case id="1103" name="OffscreenInitializationEvaluatesIdleBeforeFirstVisibleFrame" fullname="LastSignal.Tests.ZombieRecoveryTests.OffscreenInitializationEvaluatesIdleBeforeFirstVisibleFrame" methodname="OffscreenInitializationEvaluatesIdleBeforeFirstVisibleFrame" classname="LastSignal.Tests.ZombieRecoveryTests" runstate="Runnable" seed="1841211889" result="Passed" start-time="2026-09-21 08:29:58Z" end-time="2026-09-21 08:29:58Z" duration="0.001809" asserts="0">
              <properties>
                <property name="retryIteration" value="0" />
                <property name="repeatIteration" value="0" />
              </properties>
            </test-case>
            <test-case id="1102" name="PartialEndpointRetriesAreBoundedAndOffMeshSpawnFailsOnce" fullname="LastSignal.Tests.ZombieRecoveryTests.PartialEndpointRetriesAreBoundedAndOffMeshSpawnFailsOnce" methodname="PartialEndpointRetriesAreBoundedAndOffMeshSpawnFailsOnce" classname="LastSignal.Tests.ZombieRecoveryTests" runstate="Runnable" seed="580573918" result="Passed" start-time="2026-09-21 08:29:58Z" end-time="2026-09-21 08:29:58Z" duration="0.492647" asserts="0">
              <properties>
                <property name="_JOINTYPE" value="UnityCombinatorial" />
                <property name="retryIteration" value="0" />
                <property name="repeatIteration" value="0" />
              </properties>
              <output><![CDATA[S001 session started: one player, local input.
Zombie spawn has no matching NavMesh within bounded correction radius. Move the encounter spawn onto the baked Shambler surface.
]]></output>
            </test-case>
            <test-case id="1101" name="PresenterUsesVelocityAndRestoresSpeedAfterPause" fullname="LastSignal.Tests.ZombieRecoveryTests.PresenterUsesVelocityAndRestoresSpeedAfterPause" methodname="PresenterUsesVelocityAndRestoresSpeedAfterPause" classname="LastSignal.Tests.ZombieRecoveryTests" runstate="Runnable" seed="1761052460" result="Passed" start-time="2026-09-21 08:29:58Z" end-time="2026-09-21 08:29:59Z" duration="0.465415" asserts="0">
              <properties>
                <property name="_JOINTYPE" value="UnityCombinatorial" />
                <property name="retryIteration" value="0" />
                <property name="repeatIteration" value="0" />
              </properties>
              <output><![CDATA[S001 session started: one player, local input.
Saving results to: /Users/burakcoskun/Last Signal/Docs/Implementation/RoadmapRecovery/Evidence/20260921-112305/entry-playmode.xml
]]></output>
            </test-case>
          </test-suite>
        </test-suite>
      </test-suite>
    </test-suite>
  </test-suite>
</test-run>