<?xml version="1.0" encoding="utf-8"?>
<test-run id="2" testcasecount="150" result="Passed" total="150" passed="150" failed="0" inconclusive="0" skipped="0" asserts="0" engine-version="3.5.0.0" clr-version="4.0.30319.42000" start-time="2026-09-21 08:24:09Z" end-time="2026-09-21 08:24:15Z" duration="6.1029155">
  <test-suite type="TestSuite" id="1000" name="Last Signal" fullname="Last Signal" runstate="Runnable" testcasecount="150" result="Passed" start-time="2026-09-21 08:24:09Z" end-time="2026-09-21 08:24:15Z" duration="6.102916" total="150" passed="150" failed="0" inconclusive="0" skipped="0" asserts="0">
    <properties>
      <property name="platform" value="EditMode" />
    </properties>
    <test-suite type="Assembly" id="1180" name="LastSignal.EditModeTests.dll" fullname="/Users/burakcoskun/Last Signal/Library/ScriptAssemblies/LastSignal.EditModeTests.dll" runstate="Runnable" testcasecount="150" result="Passed" start-time="2026-09-21 08:24:09Z" end-time="2026-09-21 08:24:15Z" duration="6.002891" total="150" passed="150" failed="0" inconclusive="0" skipped="0" asserts="0">
      <properties>
        <property name="_PID" value="50012" />
        <property name="_APPDOMAIN" value="Unity Child Domain" />
        <property name="platform" value="EditMode" />
        <property name="EditorOnly" value="True" />
      </properties>
      <test-suite type="TestSuite" id="1181" name="LastSignal" fullname="LastSignal" runstate="Runnable" testcasecount="150" result="Passed" start-time="2026-09-21 08:24:09Z" end-time="2026-09-21 08:24:15Z" duration="5.910485" total="150" passed="150" failed="0" inconclusive="0" skipped="0" asserts="0">
        <properties />
        <test-suite type="TestSuite" id="1182" name="Tests" fullname="LastSignal.Tests" runstate="Runnable" testcasecount="150" result="Passed" start-time="2026-09-21 08:24:09Z" end-time="2026-09-21 08:24:15Z" duration="5.810179" total="150" passed="150" failed="0" inconclusive="0" skipped="0" asserts="0">
          <properties />
          <test-suite type="TestFixture" id="1001" name="AmmunitionTransactionTests" fullname="LastSignal.Tests.AmmunitionTransactionTests" classname="LastSignal.Tests.AmmunitionTransactionTests" runstate="Runnable" testcasecount="19" result="Passed" start-time="2026-09-21 08:24:09Z" end-time="2026-09-21 08:24:10Z" duration="0.501251" total="19" passed="19" failed="0" inconclusive="0" skipped="0" asserts="0">
            <properties />
            <test-suite type="ParameterizedMethod" id="1014" name="BoundaryCrossingAtDifferentRatesCommitsOnce" fullname="LastSignal.Tests.AmmunitionTransactionTests.BoundaryCrossingAtDifferentRatesCommitsOnce" classname="LastSignal.Tests.AmmunitionTransactionTests" runstate="Runnable" testcasecount="4" result="Passed" start-time="2026-09-21 08:24:09Z" end-time="2026-09-21 08:24:09Z" duration="0.149713" total="4" passed="4" failed="0" inconclusive="0" skipped="0" asserts="0">
              <properties />
              <test-case id="1010" name="BoundaryCrossingAtDifferentRatesCommitsOnce(30)" fullname="LastSignal.Tests.AmmunitionTransactionTests.BoundaryCrossingAtDifferentRatesCommitsOnce(30)" methodname="BoundaryCrossingAtDifferentRatesCommitsOnce" classname="LastSignal.Tests.AmmunitionTransactionTests" runstate="Runnable" seed="293213844" result="Passed" start-time="2026-09-21 08:24:09Z" end-time="2026-09-21 08:24:09Z" duration="0.037142" asserts="0">
                <properties>
                  <property name="retryIteration" value="0" />
                  <property name="repeatIteration" value="0" />
                </properties>
              </test-case>
              <test-case id="1011" name="BoundaryCrossingAtDifferentRatesCommitsOnce(60)" fullname="LastSignal.Tests.AmmunitionTransactionTests.BoundaryCrossingAtDifferentRatesCommitsOnce(60)" methodname="BoundaryCrossingAtDifferentRatesCommitsOnce" classname="LastSignal.Tests.AmmunitionTransactionTests" runstate="Runnable" seed="1648110229" result="Passed" start-time="2026-09-21 08:24:09Z" end-time="2026-09-21 08:24:09Z" duration="0.000866" asserts="0">
                <properties>
                  <property name="retryIteration" value="0" />
                  <property name="repeatIteration" value="0" />
                </properties>
              </test-case>
              <test-case id="1012" name="BoundaryCrossingAtDifferentRatesCommitsOnce(120)" fullname="LastSignal.Tests.AmmunitionTransactionTests.BoundaryCrossingAtDifferentRatesCommitsOnce(120)" methodname="BoundaryCrossingAtDifferentRatesCommitsOnce" classname="LastSignal.Tests.AmmunitionTransactionTests" runstate="Runnable" seed="204151139" result="Passed" start-time="2026-09-21 08:24:09Z" end-time="2026-09-21 08:24:09Z" duration="0.000384" asserts="0">
                <properties>
                  <property name="retryIteration" value="0" />
                  <property name="repeatIteration" value="0" />
                </properties>
              </test-case>
              <test-case id="1013" name="BoundaryCrossingAtDifferentRatesCommitsOnce(1)" fullname="LastSignal.Tests.AmmunitionTransactionTests.BoundaryCrossingAtDifferentRatesCommitsOnce(1)" methodname="BoundaryCrossingAtDifferentRatesCommitsOnce" classname="LastSignal.Tests.AmmunitionTransactionTests" runstate="Runnable" seed="906382031" result="Passed" start-time="2026-09-21 08:24:09Z" end-time="2026-09-21 08:24:09Z" duration="0.000407" asserts="0">
                <properties>
                  <property name="retryIteration" value="0" />
                  <property name="repeatIteration" value="0" />
                </properties>
              </test-case>
            </test-suite>
            <test-suite type="ParameterizedMethod" id="1017" name="CancellationKeepsOnlyCommittedTransfer" fullname="LastSignal.Tests.AmmunitionTransactionTests.CancellationKeepsOnlyCommittedTransfer" classname="LastSignal.Tests.AmmunitionTransactionTests" runstate="Runnable" testcasecount="2" result="Passed" start-time="2026-09-21 08:24:09Z" end-time="2026-09-21 08:24:09Z" duration="0.049135" total="2" passed="2" failed="0" inconclusive="0" skipped="0" asserts="0">
              <properties />
              <test-case id="1015" name="CancellationKeepsOnlyCommittedTransfer(False)" fullname="LastSignal.Tests.AmmunitionTransactionTests.CancellationKeepsOnlyCommittedTransfer(False)" methodname="CancellationKeepsOnlyCommittedTransfer" classname="LastSignal.Tests.AmmunitionTransactionTests" runstate="Runnable" seed="1544863071" result="Passed" start-time="2026-09-21 08:24:09Z" end-time="2026-09-21 08:24:09Z" duration="0.001187" asserts="0">
                <properties>
                  <property name="retryIteration" value="0" />
                  <property name="repeatIteration" value="0" />
                </properties>
              </test-case>
              <test-case id="1016" name="CancellationKeepsOnlyCommittedTransfer(True)" fullname="LastSignal.Tests.AmmunitionTransactionTests.CancellationKeepsOnlyCommittedTransfer(True)" methodname="CancellationKeepsOnlyCommittedTransfer" classname="LastSignal.Tests.AmmunitionTransactionTests" runstate="Runnable" seed="1069912638" result="Passed" start-time="2026-09-21 08:24:09Z" end-time="2026-09-21 08:24:09Z" duration="0.000361" asserts="0">
                <properties>
                  <property name="retryIteration" value="0" />
                  <property name="repeatIteration" value="0" />
                </properties>
              </test-case>
            </test-suite>
            <test-case id="1019" name="ExhaustedReserveBeforeCommitCannotManufactureAmmo" fullname="LastSignal.Tests.AmmunitionTransactionTests.ExhaustedReserveBeforeCommitCannotManufactureAmmo" methodname="ExhaustedReserveBeforeCommitCannotManufactureAmmo" classname="LastSignal.Tests.AmmunitionTransactionTests" runstate="Runnable" seed="1912383178" result="Passed" start-time="2026-09-21 08:24:09Z" end-time="2026-09-21 08:24:09Z" duration="0.000754" asserts="0">
              <properties>
                <property name="retryIteration" value="0" />
                <property name="repeatIteration" value="0" />
              </properties>
            </test-case>
            <test-case id="1018" name="InventoryChangeBeforeCommitUsesCurrentReserve" fullname="LastSignal.Tests.AmmunitionTransactionTests.InventoryChangeBeforeCommitUsesCurrentReserve" methodname="InventoryChangeBeforeCommitUsesCurrentReserve" classname="LastSignal.Tests.AmmunitionTransactionTests" runstate="Runnable" seed="1913115445" result="Passed" start-time="2026-09-21 08:24:09Z" end-time="2026-09-21 08:24:09Z" duration="0.001417" asserts="0">
              <properties>
                <property name="retryIteration" value="0" />
                <property name="repeatIteration" value="0" />
              </properties>
            </test-case>
            <test-case id="1024" name="MissingInventoryNeverCreatesReserve" fullname="LastSignal.Tests.AmmunitionTransactionTests.MissingInventoryNeverCreatesReserve" methodname="MissingInventoryNeverCreatesReserve" classname="LastSignal.Tests.AmmunitionTransactionTests" runstate="Runnable" seed="1429150775" result="Passed" start-time="2026-09-21 08:24:09Z" end-time="2026-09-21 08:24:09Z" duration="0.000751" asserts="0">
              <properties>
                <property name="retryIteration" value="0" />
                <property name="repeatIteration" value="0" />
              </properties>
            </test-case>
            <test-case id="1020" name="MultiStackExactRemovalFailsAtomicallyAndNotifiesOnce" fullname="LastSignal.Tests.AmmunitionTransactionTests.MultiStackExactRemovalFailsAtomicallyAndNotifiesOnce" methodname="MultiStackExactRemovalFailsAtomicallyAndNotifiesOnce" classname="LastSignal.Tests.AmmunitionTransactionTests" runstate="Runnable" seed="808616644" result="Passed" start-time="2026-09-21 08:24:09Z" end-time="2026-09-21 08:24:09Z" duration="0.001042" asserts="0">
              <properties>
                <property name="retryIteration" value="0" />
                <property name="repeatIteration" value="0" />
              </properties>
            </test-case>
            <test-case id="1023" name="ProductionConfigurationUsesExistingAmmoAndMeasuredTiming" fullname="LastSignal.Tests.AmmunitionTransactionTests.ProductionConfigurationUsesExistingAmmoAndMeasuredTiming" methodname="ProductionConfigurationUsesExistingAmmoAndMeasuredTiming" classname="LastSignal.Tests.AmmunitionTransactionTests" runstate="Runnable" seed="1946968827" result="Passed" start-time="2026-09-21 08:24:09Z" end-time="2026-09-21 08:24:09Z" duration="0.001800" asserts="0">
              <properties>
                <property name="retryIteration" value="0" />
                <property name="repeatIteration" value="0" />
              </properties>
            </test-case>
            <test-case id="1021" name="ReentrantObserverSeesConservationAndCannotRepeatCommit" fullname="LastSignal.Tests.AmmunitionTransactionTests.ReentrantObserverSeesConservationAndCannotRepeatCommit" methodname="ReentrantObserverSeesConservationAndCannotRepeatCommit" classname="LastSignal.Tests.AmmunitionTransactionTests" runstate="Runnable" seed="531140720" result="Passed" start-time="2026-09-21 08:24:09Z" end-time="2026-09-21 08:24:09Z" duration="0.000683" asserts="0">
              <properties>
                <property name="retryIteration" value="0" />
                <property name="repeatIteration" value="0" />
              </properties>
            </test-case>
            <test-suite type="ParameterizedMethod" id="1006" name="ReloadConservesExactQuantity" fullname="LastSignal.Tests.AmmunitionTransactionTests.ReloadConservesExactQuantity" classname="LastSignal.Tests.AmmunitionTransactionTests" runstate="Runnable" testcasecount="4" result="Passed" start-time="2026-09-21 08:24:09Z" end-time="2026-09-21 08:24:10Z" duration="0.093056" total="4" passed="4" failed="0" inconclusive="0" skipped="0" asserts="0">
              <properties />
              <test-case id="1002" name="ReloadConservesExactQuantity(0,60,30,30)" fullname="LastSignal.Tests.AmmunitionTransactionTests.ReloadConservesExactQuantity(0,60,30,30)" methodname="ReloadConservesExactQuantity" classname="LastSignal.Tests.AmmunitionTransactionTests" runstate="Runnable" seed="1094282668" result="Passed" start-time="2026-09-21 08:24:10Z" end-time="2026-09-21 08:24:10Z" duration="0.001063" asserts="0">
                <properties>
                  <property name="retryIteration" value="0" />
                  <property name="repeatIteration" value="0" />
                </properties>
              </test-case>
              <test-case id="1003" name="ReloadConservesExactQuantity(8,50,30,28)" fullname="LastSignal.Tests.AmmunitionTransactionTests.ReloadConservesExactQuantity(8,50,30,28)" methodname="ReloadConservesExactQuantity" classname="LastSignal.Tests.AmmunitionTransactionTests" runstate="Runnable" seed="2116589270" result="Passed" start-time="2026-09-21 08:24:10Z" end-time="2026-09-21 08:24:10Z" duration="0.000361" asserts="0">
                <properties>
                  <property name="retryIteration" value="0" />
                  <property name="repeatIteration" value="0" />
                </properties>
              </test-case>
              <test-case id="1004" name="ReloadConservesExactQuantity(8,6,14,0)" fullname="LastSignal.Tests.AmmunitionTransactionTests.ReloadConservesExactQuantity(8,6,14,0)" methodname="ReloadConservesExactQuantity" classname="LastSignal.Tests.AmmunitionTransactionTests" runstate="Runnable" seed="92072941" result="Passed" start-time="2026-09-21 08:24:10Z" end-time="2026-09-21 08:24:10Z" duration="0.000395" asserts="0">
                <properties>
                  <property name="retryIteration" value="0" />
                  <property name="repeatIteration" value="0" />
                </properties>
              </test-case>
              <test-case id="1005" name="ReloadConservesExactQuantity(24,20,30,14)" fullname="LastSignal.Tests.AmmunitionTransactionTests.ReloadConservesExactQuantity(24,20,30,14)" methodname="ReloadConservesExactQuantity" classname="LastSignal.Tests.AmmunitionTransactionTests" runstate="Runnable" seed="954796587" result="Passed" start-time="2026-09-21 08:24:10Z" end-time="2026-09-21 08:24:10Z" duration="0.000289" asserts="0">
                <properties>
                  <property name="retryIteration" value="0" />
                  <property name="repeatIteration" value="0" />
                </properties>
              </test-case>
            </test-suite>
            <test-case id="1022" name="ThrowingObserverCannotLoseOrDuplicateCommittedAmmo" fullname="LastSignal.Tests.AmmunitionTransactionTests.ThrowingObserverCannotLoseOrDuplicateCommittedAmmo" methodname="ThrowingObserverCannotLoseOrDuplicateCommittedAmmo" classname="LastSignal.Tests.AmmunitionTransactionTests" runstate="Runnable" seed="1161670952" result="Passed" start-time="2026-09-21 08:24:10Z" end-time="2026-09-21 08:24:10Z" duration="0.005396" asserts="0">
              <properties>
                <property name="retryIteration" value="0" />
                <property name="repeatIteration" value="0" />
              </properties>
            </test-case>
            <test-suite type="ParameterizedMethod" id="1009" name="UnavailableReloadIsNoOp" fullname="LastSignal.Tests.AmmunitionTransactionTests.UnavailableReloadIsNoOp" classname="LastSignal.Tests.AmmunitionTransactionTests" runstate="Runnable" testcasecount="2" result="Passed" start-time="2026-09-21 08:24:10Z" end-time="2026-09-21 08:24:10Z" duration="0.092704" total="2" passed="2" failed="0" inconclusive="0" skipped="0" asserts="0">
              <properties />
              <test-case id="1007" name="UnavailableReloadIsNoOp(30,10)" fullname="LastSignal.Tests.AmmunitionTransactionTests.UnavailableReloadIsNoOp(30,10)" methodname="UnavailableReloadIsNoOp" classname="LastSignal.Tests.AmmunitionTransactionTests" runstate="Runnable" seed="1958884864" result="Passed" start-time="2026-09-21 08:24:10Z" end-time="2026-09-21 08:24:10Z" duration="0.000806" asserts="0">
                <properties>
                  <property name="retryIteration" value="0" />
                  <property name="repeatIteration" value="0" />
                </properties>
              </test-case>
              <test-case id="1008" name="UnavailableReloadIsNoOp(0,0)" fullname="LastSignal.Tests.AmmunitionTransactionTests.UnavailableReloadIsNoOp(0,0)" methodname="UnavailableReloadIsNoOp" classname="LastSignal.Tests.AmmunitionTransactionTests" runstate="Runnable" seed="1144454061" result="Passed" start-time="2026-09-21 08:24:10Z" end-time="2026-09-21 08:24:10Z" duration="0.000352" asserts="0">
                <properties>
                  <property name="retryIteration" value="0" />
                  <property name="repeatIteration" value="0" />
                </properties>
              </test-case>
            </test-suite>
          </test-suite>
          <test-suite type="TestSuite" id="1183" name="Inventory" fullname="LastSignal.Tests.Inventory" runstate="Runnable" testcasecount="13" result="Passed" start-time="2026-09-21 08:24:10Z" end-time="2026-09-21 08:24:10Z" duration="0.312656" total="13" passed="13" failed="0" inconclusive="0" skipped="0" asserts="0">
            <properties />
            <test-suite type="TestFixture" id="1165" name="InventoryDomainTests" fullname="LastSignal.Tests.Inventory.InventoryDomainTests" classname="LastSignal.Tests.Inventory.InventoryDomainTests" runstate="Runnable" testcasecount="10" result="Passed" start-time="2026-09-21 08:24:10Z" end-time="2026-09-21 08:24:10Z" duration="0.108618" total="10" passed="10" failed="0" inconclusive="0" skipped="0" asserts="0">
              <properties />
              <test-case id="1167" name="Add_RespectsMaxStack" fullname="LastSignal.Tests.Inventory.InventoryDomainTests.Add_RespectsMaxStack" methodname="Add_RespectsMaxStack" classname="LastSignal.Tests.Inventory.InventoryDomainTests" runstate="Runnable" seed="1147737431" result="Passed" start-time="2026-09-21 08:24:10Z" end-time="2026-09-21 08:24:10Z" duration="0.001520" asserts="0">
                <properties>
                  <property name="retryIteration" value="0" />
                  <property name="repeatIteration" value="0" />
                </properties>
              </test-case>
              <test-case id="1168" name="Add_WhenFull_ReturnsRemainder" fullname="LastSignal.Tests.Inventory.InventoryDomainTests.Add_WhenFull_ReturnsRemainder" methodname="Add_WhenFull_ReturnsRemainder" classname="LastSignal.Tests.Inventory.InventoryDomainTests" runstate="Runnable" seed="351924964" result="Passed" start-time="2026-09-21 08:24:10Z" end-time="2026-09-21 08:24:10Z" duration="0.000794" asserts="0">
                <properties>
                  <property name="retryIteration" value="0" />
                  <property name="repeatIteration" value="0" />
                </properties>
              </test-case>
              <test-case id="1174" name="Add_ZeroOrNegative_IsRejected" fullname="LastSignal.Tests.Inventory.InventoryDomainTests.Add_ZeroOrNegative_IsRejected" methodname="Add_ZeroOrNegative_IsRejected" classname="LastSignal.Tests.Inventory.InventoryDomainTests" runstate="Runnable" seed="80843975" result="Passed" start-time="2026-09-21 08:24:10Z" end-time="2026-09-21 08:24:10Z" duration="0.000449" asserts="0">
                <properties>
                  <property name="retryIteration" value="0" />
                  <property name="repeatIteration" value="0" />
                </properties>
              </test-case>
              <test-case id="1166" name="AddToEmptyInventory_Works" fullname="LastSignal.Tests.Inventory.InventoryDomainTests.AddToEmptyInventory_Works" methodname="AddToEmptyInventory_Works" classname="LastSignal.Tests.Inventory.InventoryDomainTests" runstate="Runnable" seed="804655937" result="Passed" start-time="2026-09-21 08:24:10Z" end-time="2026-09-21 08:24:10Z" duration="0.000869" asserts="0">
                <properties>
                  <property name="retryIteration" value="0" />
                  <property name="repeatIteration" value="0" />
                </properties>
              </test-case>
              <test-case id="1175" name="ChangeEvent_FiresOnSuccess" fullname="LastSignal.Tests.Inventory.InventoryDomainTests.ChangeEvent_FiresOnSuccess" methodname="ChangeEvent_FiresOnSuccess" classname="LastSignal.Tests.Inventory.InventoryDomainTests" runstate="Runnable" seed="643124786" result="Passed" start-time="2026-09-21 08:24:10Z" end-time="2026-09-21 08:24:10Z" duration="0.000891" asserts="0">
                <properties>
                  <property name="retryIteration" value="0" />
                  <property name="repeatIteration" value="0" />
                </properties>
              </test-case>
              <test-case id="1172" name="Merge_CompatibleStacks_Works" fullname="LastSignal.Tests.Inventory.InventoryDomainTests.Merge_CompatibleStacks_Works" methodname="Merge_CompatibleStacks_Works" classname="LastSignal.Tests.Inventory.InventoryDomainTests" runstate="Runnable" seed="2109835562" result="Passed" start-time="2026-09-21 08:24:10Z" end-time="2026-09-21 08:24:10Z" duration="0.000884" asserts="0">
                <properties>
                  <property name="retryIteration" value="0" />
                  <property name="repeatIteration" value="0" />
                </properties>
              </test-case>
              <test-case id="1171" name="Move_ToEmptySlot_Works" fullname="LastSignal.Tests.Inventory.InventoryDomainTests.Move_ToEmptySlot_Works" methodname="Move_ToEmptySlot_Works" classname="LastSignal.Tests.Inventory.InventoryDomainTests" runstate="Runnable" seed="613200199" result="Passed" start-time="2026-09-21 08:24:10Z" end-time="2026-09-21 08:24:10Z" duration="0.000563" asserts="0">
                <properties>
                  <property name="retryIteration" value="0" />
                  <property name="repeatIteration" value="0" />
                </properties>
              </test-case>
              <test-case id="1169" name="Remove_ExactQuantity_Works" fullname="LastSignal.Tests.Inventory.InventoryDomainTests.Remove_ExactQuantity_Works" methodname="Remove_ExactQuantity_Works" classname="LastSignal.Tests.Inventory.InventoryDomainTests" runstate="Runnable" seed="1517050980" result="Passed" start-time="2026-09-21 08:24:10Z" end-time="2026-09-21 08:24:10Z" duration="0.000385" asserts="0">
                <properties>
                  <property name="retryIteration" value="0" />
                  <property name="repeatIteration" value="0" />
                </properties>
              </test-case>
              <test-case id="1170" name="Remove_TooMuch_Fails" fullname="LastSignal.Tests.Inventory.InventoryDomainTests.Remove_TooMuch_Fails" methodname="Remove_TooMuch_Fails" classname="LastSignal.Tests.Inventory.InventoryDomainTests" runstate="Runnable" seed="1432424850" result="Passed" start-time="2026-09-21 08:24:10Z" end-time="2026-09-21 08:24:10Z" duration="0.000404" asserts="0">
                <properties>
                  <property name="retryIteration" value="0" />
                  <property name="repeatIteration" value="0" />
                </properties>
              </test-case>
              <test-case id="1173" name="Split_Works" fullname="LastSignal.Tests.Inventory.InventoryDomainTests.Split_Works" methodname="Split_Works" classname="LastSignal.Tests.Inventory.InventoryDomainTests" runstate="Runnable" seed="865208559" result="Passed" start-time="2026-09-21 08:24:10Z" end-time="2026-09-21 08:24:10Z" duration="0.000446" asserts="0">
                <properties>
                  <property name="retryIteration" value="0" />
                  <property name="repeatIteration" value="0" />
                </properties>
              </test-case>
            </test-suite>
            <test-suite type="TestFixture" id="1176" name="ItemArchitectureTests" fullname="LastSignal.Tests.Inventory.ItemArchitectureTests" classname="LastSignal.Tests.Inventory.ItemArchitectureTests" runstate="Runnable" testcasecount="3" result="Passed" start-time="2026-09-21 08:24:10Z" end-time="2026-09-21 08:24:10Z" duration="0.105816" total="3" passed="3" failed="0" inconclusive="0" skipped="0" asserts="0">
              <properties />
              <test-case id="1179" name="ItemCatalog_Initialization_DetectsDuplicates" fullname="LastSignal.Tests.Inventory.ItemArchitectureTests.ItemCatalog_Initialization_DetectsDuplicates" methodname="ItemCatalog_Initialization_DetectsDuplicates" classname="LastSignal.Tests.Inventory.ItemArchitectureTests" runstate="Runnable" seed="758415678" result="Passed" start-time="2026-09-21 08:24:10Z" end-time="2026-09-21 08:24:10Z" duration="0.010650" asserts="0">
                <properties>
                  <property name="retryIteration" value="0" />
                  <property name="repeatIteration" value="0" />
                </properties>
                <output><![CDATA[ItemCatalog: Duplicate StableId 'medical.bandage' found on ''.
]]></output>
              </test-case>
              <test-case id="1178" name="StableItemId_Equality_Works" fullname="LastSignal.Tests.Inventory.ItemArchitectureTests.StableItemId_Equality_Works" methodname="StableItemId_Equality_Works" classname="LastSignal.Tests.Inventory.ItemArchitectureTests" runstate="Runnable" seed="111948165" result="Passed" start-time="2026-09-21 08:24:10Z" end-time="2026-09-21 08:24:10Z" duration="0.003180" asserts="0">
                <properties>
                  <property name="retryIteration" value="0" />
                  <property name="repeatIteration" value="0" />
                </properties>
              </test-case>
              <test-case id="1177" name="StableItemId_Value_IsCorrect" fullname="LastSignal.Tests.Inventory.ItemArchitectureTests.StableItemId_Value_IsCorrect" methodname="StableItemId_Value_IsCorrect" classname="LastSignal.Tests.Inventory.ItemArchitectureTests" runstate="Runnable" seed="1923741232" result="Passed" start-time="2026-09-21 08:24:10Z" end-time="2026-09-21 08:24:10Z" duration="0.000264" asserts="0">
                <properties>
                  <property name="retryIteration" value="0" />
                  <property name="repeatIteration" value="0" />
                </properties>
              </test-case>
            </test-suite>
          </test-suite>
          <test-suite type="TestFixture" id="1025" name="LootProfileTests" fullname="LastSignal.Tests.LootProfileTests" classname="LastSignal.Tests.LootProfileTests" runstate="Runnable" testcasecount="20" result="Passed" start-time="2026-09-21 08:24:10Z" end-time="2026-09-21 08:24:10Z" duration="0.400399" total="20" passed="20" failed="0" inconclusive="0" skipped="0" asserts="0">
            <properties />
            <test-case id="1044" name="DuplicateItemRejected" fullname="LastSignal.Tests.LootProfileTests.DuplicateItemRejected" methodname="DuplicateItemRejected" classname="LastSignal.Tests.LootProfileTests" runstate="Runnable" seed="581385050" result="Passed" start-time="2026-09-21 08:24:10Z" end-time="2026-09-21 08:24:10Z" duration="0.001278" asserts="0">
              <properties>
                <property name="retryIteration" value="0" />
                <property name="repeatIteration" value="0" />
              </properties>
            </test-case>
            <test-suite type="ParameterizedMethod" id="1032" name="EmptyEdges" fullname="LastSignal.Tests.LootProfileTests.EmptyEdges" classname="LastSignal.Tests.LootProfileTests" runstate="Runnable" testcasecount="2" result="Passed" start-time="2026-09-21 08:24:10Z" end-time="2026-09-21 08:24:10Z" duration="0.100919" total="2" passed="2" failed="0" inconclusive="0" skipped="0" asserts="0">
              <properties />
              <test-case id="1030" name="EmptyEdges(0,Spawned)" fullname="LastSignal.Tests.LootProfileTests.EmptyEdges(0,Spawned)" methodname="EmptyEdges" classname="LastSignal.Tests.LootProfileTests" runstate="Runnable" seed="954679391" result="Passed" start-time="2026-09-21 08:24:10Z" end-time="2026-09-21 08:24:10Z" duration="0.001385" asserts="0">
                <properties>
                  <property name="retryIteration" value="0" />
                  <property name="repeatIteration" value="0" />
                </properties>
              </test-case>
              <test-case id="1031" name="EmptyEdges(10000,Empty)" fullname="LastSignal.Tests.LootProfileTests.EmptyEdges(10000,Empty)" methodname="EmptyEdges" classname="LastSignal.Tests.LootProfileTests" runstate="Runnable" seed="1187288651" result="Passed" start-time="2026-09-21 08:24:10Z" end-time="2026-09-21 08:24:10Z" duration="0.001104" asserts="0">
                <properties>
                  <property name="retryIteration" value="0" />
                  <property name="repeatIteration" value="0" />
                </properties>
              </test-case>
            </test-suite>
            <test-case id="1041" name="EmptyEntriesRejected" fullname="LastSignal.Tests.LootProfileTests.EmptyEntriesRejected" methodname="EmptyEntriesRejected" classname="LastSignal.Tests.LootProfileTests" runstate="Runnable" seed="572422659" result="Passed" start-time="2026-09-21 08:24:10Z" end-time="2026-09-21 08:24:10Z" duration="0.000765" asserts="0">
              <properties>
                <property name="retryIteration" value="0" />
                <property name="repeatIteration" value="0" />
              </properties>
            </test-case>
            <test-case id="1029" name="FixedQuantityAndWorldStackAboveMaxStackSupported" fullname="LastSignal.Tests.LootProfileTests.FixedQuantityAndWorldStackAboveMaxStackSupported" methodname="FixedQuantityAndWorldStackAboveMaxStackSupported" classname="LastSignal.Tests.LootProfileTests" runstate="Runnable" seed="882629510" result="Passed" start-time="2026-09-21 08:24:10Z" end-time="2026-09-21 08:24:10Z" duration="0.001000" asserts="0">
              <properties>
                <property name="retryIteration" value="0" />
                <property name="repeatIteration" value="0" />
              </properties>
            </test-case>
            <test-case id="1046" name="GlobalRandomUnaffected" fullname="LastSignal.Tests.LootProfileTests.GlobalRandomUnaffected" methodname="GlobalRandomUnaffected" classname="LastSignal.Tests.LootProfileTests" runstate="Runnable" seed="249174620" result="Passed" start-time="2026-09-21 08:24:10Z" end-time="2026-09-21 08:24:10Z" duration="0.000631" asserts="0">
              <properties>
                <property name="retryIteration" value="0" />
                <property name="repeatIteration" value="0" />
              </properties>
            </test-case>
            <test-case id="1048" name="IntermediateEmptyIsDeterministicAndMixed" fullname="LastSignal.Tests.LootProfileTests.IntermediateEmptyIsDeterministicAndMixed" methodname="IntermediateEmptyIsDeterministicAndMixed" classname="LastSignal.Tests.LootProfileTests" runstate="Runnable" seed="1263110933" result="Passed" start-time="2026-09-21 08:24:10Z" end-time="2026-09-21 08:24:10Z" duration="0.012757" asserts="0">
              <properties>
                <property name="retryIteration" value="0" />
                <property name="repeatIteration" value="0" />
              </properties>
            </test-case>
            <test-suite type="ParameterizedMethod" id="1035" name="InvalidEmptyChance" fullname="LastSignal.Tests.LootProfileTests.InvalidEmptyChance" classname="LastSignal.Tests.LootProfileTests" runstate="Runnable" testcasecount="2" result="Passed" start-time="2026-09-21 08:24:10Z" end-time="2026-09-21 08:24:10Z" duration="0.085730" total="2" passed="2" failed="0" inconclusive="0" skipped="0" asserts="0">
              <properties />
              <test-case id="1033" name="InvalidEmptyChance(-1)" fullname="LastSignal.Tests.LootProfileTests.InvalidEmptyChance(-1)" methodname="InvalidEmptyChance" classname="LastSignal.Tests.LootProfileTests" runstate="Runnable" seed="205544409" result="Passed" start-time="2026-09-21 08:24:10Z" end-time="2026-09-21 08:24:10Z" duration="0.001164" asserts="0">
                <properties>
                  <property name="retryIteration" value="0" />
                  <property name="repeatIteration" value="0" />
                </properties>
              </test-case>
              <test-case id="1034" name="InvalidEmptyChance(10001)" fullname="LastSignal.Tests.LootProfileTests.InvalidEmptyChance(10001)" methodname="InvalidEmptyChance" classname="LastSignal.Tests.LootProfileTests" runstate="Runnable" seed="1638262227" result="Passed" start-time="2026-09-21 08:24:10Z" end-time="2026-09-21 08:24:10Z" duration="0.002216" asserts="0">
                <properties>
                  <property name="retryIteration" value="0" />
                  <property name="repeatIteration" value="0" />
                </properties>
              </test-case>
            </test-suite>
            <test-suite type="ParameterizedMethod" id="1040" name="InvalidEntryRejected" fullname="LastSignal.Tests.LootProfileTests.InvalidEntryRejected" classname="LastSignal.Tests.LootProfileTests" runstate="Runnable" testcasecount="4" result="Passed" start-time="2026-09-21 08:24:10Z" end-time="2026-09-21 08:24:10Z" duration="0.098859" total="4" passed="4" failed="0" inconclusive="0" skipped="0" asserts="0">
              <properties />
              <test-case id="1036" name="InvalidEntryRejected(0,1,1)" fullname="LastSignal.Tests.LootProfileTests.InvalidEntryRejected(0,1,1)" methodname="InvalidEntryRejected" classname="LastSignal.Tests.LootProfileTests" runstate="Runnable" seed="1304306625" result="Passed" start-time="2026-09-21 08:24:10Z" end-time="2026-09-21 08:24:10Z" duration="0.001032" asserts="0">
                <properties>
                  <property name="retryIteration" value="0" />
                  <property name="repeatIteration" value="0" />
                </properties>
              </test-case>
              <test-case id="1037" name="InvalidEntryRejected(-1,1,1)" fullname="LastSignal.Tests.LootProfileTests.InvalidEntryRejected(-1,1,1)" methodname="InvalidEntryRejected" classname="LastSignal.Tests.LootProfileTests" runstate="Runnable" seed="1940582225" result="Passed" start-time="2026-09-21 08:24:10Z" end-time="2026-09-21 08:24:10Z" duration="0.000556" asserts="0">
                <properties>
                  <property name="retryIteration" value="0" />
                  <property name="repeatIteration" value="0" />
                </properties>
              </test-case>
              <test-case id="1038" name="InvalidEntryRejected(1,0,1)" fullname="LastSignal.Tests.LootProfileTests.InvalidEntryRejected(1,0,1)" methodname="InvalidEntryRejected" classname="LastSignal.Tests.LootProfileTests" runstate="Runnable" seed="83797344" result="Passed" start-time="2026-09-21 08:24:10Z" end-time="2026-09-21 08:24:10Z" duration="0.000468" asserts="0">
                <properties>
                  <property name="retryIteration" value="0" />
                  <property name="repeatIteration" value="0" />
                </properties>
              </test-case>
              <test-case id="1039" name="InvalidEntryRejected(1,2,1)" fullname="LastSignal.Tests.LootProfileTests.InvalidEntryRejected(1,2,1)" methodname="InvalidEntryRejected" classname="LastSignal.Tests.LootProfileTests" runstate="Runnable" seed="812565986" result="Passed" start-time="2026-09-21 08:24:10Z" end-time="2026-09-21 08:24:10Z" duration="0.000510" asserts="0">
                <properties>
                  <property name="retryIteration" value="0" />
                  <property name="repeatIteration" value="0" />
                </properties>
              </test-case>
            </test-suite>
            <test-case id="1045" name="LargeWeightAndQuantityDoNotOverflow" fullname="LastSignal.Tests.LootProfileTests.LargeWeightAndQuantityDoNotOverflow" methodname="LargeWeightAndQuantityDoNotOverflow" classname="LastSignal.Tests.LootProfileTests" runstate="Runnable" seed="2027562746" result="Passed" start-time="2026-09-21 08:24:10Z" end-time="2026-09-21 08:24:10Z" duration="0.000674" asserts="0">
              <properties>
                <property name="retryIteration" value="0" />
                <property name="repeatIteration" value="0" />
              </properties>
            </test-case>
            <test-case id="1042" name="MissingItemRejected" fullname="LastSignal.Tests.LootProfileTests.MissingItemRejected" methodname="MissingItemRejected" classname="LastSignal.Tests.LootProfileTests" runstate="Runnable" seed="1158658915" result="Passed" start-time="2026-09-21 08:24:10Z" end-time="2026-09-21 08:24:10Z" duration="0.000501" asserts="0">
              <properties>
                <property name="retryIteration" value="0" />
                <property name="repeatIteration" value="0" />
              </properties>
            </test-case>
            <test-case id="1043" name="MissingPrefabRejected" fullname="LastSignal.Tests.LootProfileTests.MissingPrefabRejected" methodname="MissingPrefabRejected" classname="LastSignal.Tests.LootProfileTests" runstate="Runnable" seed="2119077399" result="Passed" start-time="2026-09-21 08:24:10Z" end-time="2026-09-21 08:24:10Z" duration="0.000373" asserts="0">
              <properties>
                <property name="retryIteration" value="0" />
                <property name="repeatIteration" value="0" />
              </properties>
            </test-case>
            <test-case id="1028" name="QuantityInclusiveAndVariesWithSeed" fullname="LastSignal.Tests.LootProfileTests.QuantityInclusiveAndVariesWithSeed" methodname="QuantityInclusiveAndVariesWithSeed" classname="LastSignal.Tests.LootProfileTests" runstate="Runnable" seed="1520712264" result="Passed" start-time="2026-09-21 08:24:10Z" end-time="2026-09-21 08:24:10Z" duration="0.003554" asserts="0">
              <properties>
                <property name="retryIteration" value="0" />
                <property name="repeatIteration" value="0" />
              </properties>
            </test-case>
            <test-case id="1047" name="RandomBoundRejectsZero" fullname="LastSignal.Tests.LootProfileTests.RandomBoundRejectsZero" methodname="RandomBoundRejectsZero" classname="LastSignal.Tests.LootProfileTests" runstate="Runnable" seed="1801457670" result="Passed" start-time="2026-09-21 08:24:10Z" end-time="2026-09-21 08:24:10Z" duration="0.000829" asserts="0">
              <properties>
                <property name="retryIteration" value="0" />
                <property name="repeatIteration" value="0" />
              </properties>
            </test-case>
            <test-case id="1026" name="SameSeedAndPointAreExact" fullname="LastSignal.Tests.LootProfileTests.SameSeedAndPointAreExact" methodname="SameSeedAndPointAreExact" classname="LastSignal.Tests.LootProfileTests" runstate="Runnable" seed="1365427729" result="Passed" start-time="2026-09-21 08:24:10Z" end-time="2026-09-21 08:24:10Z" duration="0.003954" asserts="0">
              <properties>
                <property name="retryIteration" value="0" />
                <property name="repeatIteration" value="0" />
              </properties>
            </test-case>
            <test-case id="1027" name="UnrelatedPointDoesNotChangeExistingPoint" fullname="LastSignal.Tests.LootProfileTests.UnrelatedPointDoesNotChangeExistingPoint" methodname="UnrelatedPointDoesNotChangeExistingPoint" classname="LastSignal.Tests.LootProfileTests" runstate="Runnable" seed="1500587595" result="Passed" start-time="2026-09-21 08:24:10Z" end-time="2026-09-21 08:24:10Z" duration="0.000593" asserts="0">
              <properties>
                <property name="retryIteration" value="0" />
                <property name="repeatIteration" value="0" />
              </properties>
            </test-case>
          </test-suite>
          <test-suite type="TestFixture" id="1049" name="PlayerHealthTests" fullname="LastSignal.Tests.PlayerHealthTests" classname="LastSignal.Tests.PlayerHealthTests" runstate="Runnable" testcasecount="7" result="Passed" start-time="2026-09-21 08:24:10Z" end-time="2026-09-21 08:24:11Z" duration="0.191767" total="7" passed="7" failed="0" inconclusive="0" skipped="0" asserts="0">
            <properties />
            <test-suite type="ParameterizedMethod" id="1056" name="InvalidDamageIsRejected" fullname="LastSignal.Tests.PlayerHealthTests.InvalidDamageIsRejected" classname="LastSignal.Tests.PlayerHealthTests" runstate="Runnable" testcasecount="4" result="Passed" start-time="2026-09-21 08:24:10Z" end-time="2026-09-21 08:24:11Z" duration="0.104244" total="4" passed="4" failed="0" inconclusive="0" skipped="0" asserts="0">
              <properties />
              <test-case id="1052" name="InvalidDamageIsRejected(-1.0f)" fullname="LastSignal.Tests.PlayerHealthTests.InvalidDamageIsRejected(-1.0f)" methodname="InvalidDamageIsRejected" classname="LastSignal.Tests.PlayerHealthTests" runstate="Runnable" seed="799193573" result="Passed" start-time="2026-09-21 08:24:11Z" end-time="2026-09-21 08:24:11Z" duration="0.002162" asserts="0">
                <properties>
                  <property name="retryIteration" value="0" />
                  <property name="repeatIteration" value="0" />
                </properties>
              </test-case>
              <test-case id="1053" name="InvalidDamageIsRejected(0.0f)" fullname="LastSignal.Tests.PlayerHealthTests.InvalidDamageIsRejected(0.0f)" methodname="InvalidDamageIsRejected" classname="LastSignal.Tests.PlayerHealthTests" runstate="Runnable" seed="1933571454" result="Passed" start-time="2026-09-21 08:24:11Z" end-time="2026-09-21 08:24:11Z" duration="0.000464" asserts="0">
                <properties>
                  <property name="retryIteration" value="0" />
                  <property name="repeatIteration" value="0" />
                </properties>
              </test-case>
              <test-case id="1054" name="InvalidDamageIsRejected(float.NaN)" fullname="LastSignal.Tests.PlayerHealthTests.InvalidDamageIsRejected(float.NaN)" methodname="InvalidDamageIsRejected" classname="LastSignal.Tests.PlayerHealthTests" runstate="Runnable" seed="1146293636" result="Passed" start-time="2026-09-21 08:24:11Z" end-time="2026-09-21 08:24:11Z" duration="0.000635" asserts="0">
                <properties>
                  <property name="retryIteration" value="0" />
                  <property name="repeatIteration" value="0" />
                </properties>
              </test-case>
              <test-case id="1055" name="InvalidDamageIsRejected(float.PositiveInfinity)" fullname="LastSignal.Tests.PlayerHealthTests.InvalidDamageIsRejected(float.PositiveInfinity)" methodname="InvalidDamageIsRejected" classname="LastSignal.Tests.PlayerHealthTests" runstate="Runnable" seed="269545566" result="Passed" start-time="2026-09-21 08:24:11Z" end-time="2026-09-21 08:24:11Z" duration="0.000666" asserts="0">
                <properties>
                  <property name="retryIteration" value="0" />
                  <property name="repeatIteration" value="0" />
                </properties>
              </test-case>
            </test-suite>
            <test-case id="1051" name="OverkillClampsAndDeathOccursOnce" fullname="LastSignal.Tests.PlayerHealthTests.OverkillClampsAndDeathOccursOnce" methodname="OverkillClampsAndDeathOccursOnce" classname="LastSignal.Tests.PlayerHealthTests" runstate="Runnable" seed="1412954980" result="Passed" start-time="2026-09-21 08:24:11Z" end-time="2026-09-21 08:24:11Z" duration="0.000808" asserts="0">
              <properties>
                <property name="retryIteration" value="0" />
                <property name="repeatIteration" value="0" />
              </properties>
            </test-case>
            <test-case id="1057" name="SessionResetClearsDeathAndTransactions" fullname="LastSignal.Tests.PlayerHealthTests.SessionResetClearsDeathAndTransactions" methodname="SessionResetClearsDeathAndTransactions" classname="LastSignal.Tests.PlayerHealthTests" runstate="Runnable" seed="1171115290" result="Passed" start-time="2026-09-21 08:24:11Z" end-time="2026-09-21 08:24:11Z" duration="0.000607" asserts="0">
              <properties>
                <property name="retryIteration" value="0" />
                <property name="repeatIteration" value="0" />
              </properties>
            </test-case>
            <test-case id="1050" name="StartsFullAndReceivesExistingDamageContract" fullname="LastSignal.Tests.PlayerHealthTests.StartsFullAndReceivesExistingDamageContract" methodname="StartsFullAndReceivesExistingDamageContract" classname="LastSignal.Tests.PlayerHealthTests" runstate="Runnable" seed="100133508" result="Passed" start-time="2026-09-21 08:24:11Z" end-time="2026-09-21 08:24:11Z" duration="0.000940" asserts="0">
              <properties>
                <property name="retryIteration" value="0" />
                <property name="repeatIteration" value="0" />
              </properties>
            </test-case>
          </test-suite>
          <test-suite type="TestFixture" id="1058" name="ProductionAssetTests" fullname="LastSignal.Tests.ProductionAssetTests" classname="LastSignal.Tests.ProductionAssetTests" runstate="Runnable" testcasecount="2" result="Passed" start-time="2026-09-21 08:24:11Z" end-time="2026-09-21 08:24:11Z" duration="0.192020" total="2" passed="2" failed="0" inconclusive="0" skipped="0" asserts="0">
            <properties />
            <test-case id="1060" name="ProductionAnimatorReferencesEveryRequiredRealClip" fullname="LastSignal.Tests.ProductionAssetTests.ProductionAnimatorReferencesEveryRequiredRealClip" methodname="ProductionAnimatorReferencesEveryRequiredRealClip" classname="LastSignal.Tests.ProductionAssetTests" runstate="Runnable" seed="2025736945" result="Passed" start-time="2026-09-21 08:24:11Z" end-time="2026-09-21 08:24:11Z" duration="0.096100" asserts="0">
              <properties>
                <property name="retryIteration" value="0" />
                <property name="repeatIteration" value="0" />
              </properties>
            </test-case>
            <test-case id="1059" name="ProductionPrefabUsesSourceMeshesAndOneAnimatedMagazine" fullname="LastSignal.Tests.ProductionAssetTests.ProductionPrefabUsesSourceMeshesAndOneAnimatedMagazine" methodname="ProductionPrefabUsesSourceMeshesAndOneAnimatedMagazine" classname="LastSignal.Tests.ProductionAssetTests" runstate="Runnable" seed="933306616" result="Passed" start-time="2026-09-21 08:24:11Z" end-time="2026-09-21 08:24:11Z" duration="0.003776" asserts="0">
              <properties>
                <property name="retryIteration" value="0" />
                <property name="repeatIteration" value="0" />
              </properties>
            </test-case>
          </test-suite>
          <test-suite type="TestFixture" id="1061" name="SerializedContractTests" fullname="LastSignal.Tests.SerializedContractTests" classname="LastSignal.Tests.SerializedContractTests" runstate="Runnable" testcasecount="3" result="Passed" start-time="2026-09-21 08:24:11Z" end-time="2026-09-21 08:24:13Z" duration="2.127005" total="3" passed="3" failed="0" inconclusive="0" skipped="0" asserts="0">
            <properties />
            <test-case id="1064" name="AcceptanceSceneContainsSessionAndBothDoorFixturesWithoutMissingScripts" fullname="LastSignal.Tests.SerializedContractTests.AcceptanceSceneContainsSessionAndBothDoorFixturesWithoutMissingScripts" methodname="AcceptanceSceneContainsSessionAndBothDoorFixturesWithoutMissingScripts" classname="LastSignal.Tests.SerializedContractTests" runstate="Runnable" seed="1598300993" result="Passed" start-time="2026-09-21 08:24:11Z" end-time="2026-09-21 08:24:13Z" duration="2.001554" asserts="0">
              <properties>
                <property name="retryIteration" value="0" />
                <property name="repeatIteration" value="0" />
              </properties>
            </test-case>
            <test-case id="1063" name="InputAssetHasSeparateContextsAndTapInteraction" fullname="LastSignal.Tests.SerializedContractTests.InputAssetHasSeparateContextsAndTapInteraction" methodname="InputAssetHasSeparateContextsAndTapInteraction" classname="LastSignal.Tests.SerializedContractTests" runstate="Runnable" seed="571174341" result="Passed" start-time="2026-09-21 08:24:13Z" end-time="2026-09-21 08:24:13Z" duration="0.021163" asserts="0">
              <properties>
                <property name="retryIteration" value="0" />
                <property name="repeatIteration" value="0" />
              </properties>
            </test-case>
            <test-case id="1062" name="PlayerPrefabHasSafeCapsuleAndCompleteReferences" fullname="LastSignal.Tests.SerializedContractTests.PlayerPrefabHasSafeCapsuleAndCompleteReferences" methodname="PlayerPrefabHasSafeCapsuleAndCompleteReferences" classname="LastSignal.Tests.SerializedContractTests" runstate="Runnable" seed="2050495835" result="Passed" start-time="2026-09-21 08:24:13Z" end-time="2026-09-21 08:24:13Z" duration="0.004368" asserts="0">
              <properties>
                <property name="retryIteration" value="0" />
                <property name="repeatIteration" value="0" />
              </properties>
            </test-case>
          </test-suite>
          <test-suite type="TestFixture" id="1065" name="ShelterDomainTests" fullname="LastSignal.Tests.ShelterDomainTests" classname="LastSignal.Tests.ShelterDomainTests" runstate="Runnable" testcasecount="14" result="Passed" start-time="2026-09-21 08:24:13Z" end-time="2026-09-21 08:24:14Z" duration="0.681651" total="14" passed="14" failed="0" inconclusive="0" skipped="0" asserts="0">
            <properties />
            <test-case id="1080" name="AmmoLoopPreservesMagazineBoundaryAndConserves" fullname="LastSignal.Tests.ShelterDomainTests.AmmoLoopPreservesMagazineBoundaryAndConserves" methodname="AmmoLoopPreservesMagazineBoundaryAndConserves" classname="LastSignal.Tests.ShelterDomainTests" runstate="Runnable" seed="401768222" result="Passed" start-time="2026-09-21 08:24:13Z" end-time="2026-09-21 08:24:13Z" duration="0.010447" asserts="0">
              <properties>
                <property name="retryIteration" value="0" />
                <property name="repeatIteration" value="0" />
              </properties>
            </test-case>
            <test-suite type="ParameterizedMethod" id="1075" name="BidirectionalMultiStackExact" fullname="LastSignal.Tests.ShelterDomainTests.BidirectionalMultiStackExact" classname="LastSignal.Tests.ShelterDomainTests" runstate="Runnable" testcasecount="3" result="Passed" start-time="2026-09-21 08:24:13Z" end-time="2026-09-21 08:24:13Z" duration="0.063628" total="3" passed="3" failed="0" inconclusive="0" skipped="0" asserts="0">
              <properties />
              <test-case id="1072" name="BidirectionalMultiStackExact(1)" fullname="LastSignal.Tests.ShelterDomainTests.BidirectionalMultiStackExact(1)" methodname="BidirectionalMultiStackExact" classname="LastSignal.Tests.ShelterDomainTests" runstate="Runnable" seed="851694129" result="Passed" start-time="2026-09-21 08:24:13Z" end-time="2026-09-21 08:24:13Z" duration="0.001476" asserts="0">
                <properties>
                  <property name="retryIteration" value="0" />
                  <property name="repeatIteration" value="0" />
                </properties>
              </test-case>
              <test-case id="1073" name="BidirectionalMultiStackExact(60)" fullname="LastSignal.Tests.ShelterDomainTests.BidirectionalMultiStackExact(60)" methodname="BidirectionalMultiStackExact" classname="LastSignal.Tests.ShelterDomainTests" runstate="Runnable" seed="1885796911" result="Passed" start-time="2026-09-21 08:24:13Z" end-time="2026-09-21 08:24:13Z" duration="0.001314" asserts="0">
                <properties>
                  <property name="retryIteration" value="0" />
                  <property name="repeatIteration" value="0" />
                </properties>
              </test-case>
              <test-case id="1074" name="BidirectionalMultiStackExact(125)" fullname="LastSignal.Tests.ShelterDomainTests.BidirectionalMultiStackExact(125)" methodname="BidirectionalMultiStackExact" classname="LastSignal.Tests.ShelterDomainTests" runstate="Runnable" seed="1889399863" result="Passed" start-time="2026-09-21 08:24:13Z" end-time="2026-09-21 08:24:13Z" duration="0.001697" asserts="0">
                <properties>
                  <property name="retryIteration" value="0" />
                  <property name="repeatIteration" value="0" />
                </properties>
              </test-case>
            </test-suite>
            <test-case id="1081" name="DeterministicConservationSoakWithIndependentItems" fullname="LastSignal.Tests.ShelterDomainTests.DeterministicConservationSoakWithIndependentItems" methodname="DeterministicConservationSoakWithIndependentItems" classname="LastSignal.Tests.ShelterDomainTests" runstate="Runnable" seed="1402477391" result="Passed" start-time="2026-09-21 08:24:13Z" end-time="2026-09-21 08:24:13Z" duration="0.032458" asserts="0">
              <properties>
                <property name="retryIteration" value="0" />
                <property name="repeatIteration" value="0" />
              </properties>
            </test-case>
            <test-case id="1066" name="EmptyBoundedStorageUsesSameStackRules" fullname="LastSignal.Tests.ShelterDomainTests.EmptyBoundedStorageUsesSameStackRules" methodname="EmptyBoundedStorageUsesSameStackRules" classname="LastSignal.Tests.ShelterDomainTests" runstate="Runnable" seed="1150131181" result="Passed" start-time="2026-09-21 08:24:13Z" end-time="2026-09-21 08:24:13Z" duration="0.000949" asserts="0">
              <properties>
                <property name="retryIteration" value="0" />
                <property name="repeatIteration" value="0" />
              </properties>
            </test-case>
            <test-suite type="ParameterizedMethod" id="1070" name="InvalidQuantityIsNoOp" fullname="LastSignal.Tests.ShelterDomainTests.InvalidQuantityIsNoOp" classname="LastSignal.Tests.ShelterDomainTests" runstate="Runnable" testcasecount="3" result="Passed" start-time="2026-09-21 08:24:13Z" end-time="2026-09-21 08:24:14Z" duration="0.062343" total="3" passed="3" failed="0" inconclusive="0" skipped="0" asserts="0">
              <properties />
              <test-case id="1067" name="InvalidQuantityIsNoOp(0)" fullname="LastSignal.Tests.ShelterDomainTests.InvalidQuantityIsNoOp(0)" methodname="InvalidQuantityIsNoOp" classname="LastSignal.Tests.ShelterDomainTests" runstate="Runnable" seed="1052359784" result="Passed" start-time="2026-09-21 08:24:14Z" end-time="2026-09-21 08:24:14Z" duration="0.000840" asserts="0">
                <properties>
                  <property name="retryIteration" value="0" />
                  <property name="repeatIteration" value="0" />
                </properties>
              </test-case>
              <test-case id="1068" name="InvalidQuantityIsNoOp(-1)" fullname="LastSignal.Tests.ShelterDomainTests.InvalidQuantityIsNoOp(-1)" methodname="InvalidQuantityIsNoOp" classname="LastSignal.Tests.ShelterDomainTests" runstate="Runnable" seed="1106826560" result="Passed" start-time="2026-09-21 08:24:14Z" end-time="2026-09-21 08:24:14Z" duration="0.000422" asserts="0">
                <properties>
                  <property name="retryIteration" value="0" />
                  <property name="repeatIteration" value="0" />
                </properties>
              </test-case>
              <test-case id="1069" name="InvalidQuantityIsNoOp(-100)" fullname="LastSignal.Tests.ShelterDomainTests.InvalidQuantityIsNoOp(-100)" methodname="InvalidQuantityIsNoOp" classname="LastSignal.Tests.ShelterDomainTests" runstate="Runnable" seed="2022682359" result="Passed" start-time="2026-09-21 08:24:14Z" end-time="2026-09-21 08:24:14Z" duration="0.000326" asserts="0">
                <properties>
                  <property name="retryIteration" value="0" />
                  <property name="repeatIteration" value="0" />
                </properties>
              </test-case>
            </test-suite>
            <test-case id="1071" name="NullDefinitionAndMissingOwnerRejected" fullname="LastSignal.Tests.ShelterDomainTests.NullDefinitionAndMissingOwnerRejected" methodname="NullDefinitionAndMissingOwnerRejected" classname="LastSignal.Tests.ShelterDomainTests" runstate="Runnable" seed="1854698606" result="Passed" start-time="2026-09-21 08:24:14Z" end-time="2026-09-21 08:24:14Z" duration="0.001326" asserts="0">
              <properties>
                <property name="retryIteration" value="0" />
                <property name="repeatIteration" value="0" />
              </properties>
            </test-case>
            <test-case id="1079" name="ObserversSeeBothCommittedOwnersAndCannotReenter" fullname="LastSignal.Tests.ShelterDomainTests.ObserversSeeBothCommittedOwnersAndCannotReenter" methodname="ObserversSeeBothCommittedOwnersAndCannotReenter" classname="LastSignal.Tests.ShelterDomainTests" runstate="Runnable" seed="1679123596" result="Passed" start-time="2026-09-21 08:24:14Z" end-time="2026-09-21 08:24:14Z" duration="0.002537" asserts="0">
              <properties>
                <property name="retryIteration" value="0" />
                <property name="repeatIteration" value="0" />
              </properties>
            </test-case>
            <test-case id="1076" name="PartialDepositRetainsOverflow" fullname="LastSignal.Tests.ShelterDomainTests.PartialDepositRetainsOverflow" methodname="PartialDepositRetainsOverflow" classname="LastSignal.Tests.ShelterDomainTests" runstate="Runnable" seed="1269758581" result="Passed" start-time="2026-09-21 08:24:14Z" end-time="2026-09-21 08:24:14Z" duration="0.000707" asserts="0">
              <properties>
                <property name="retryIteration" value="0" />
                <property name="repeatIteration" value="0" />
              </properties>
            </test-case>
            <test-case id="1077" name="PartialWithdrawalRetainsStoredRemainder" fullname="LastSignal.Tests.ShelterDomainTests.PartialWithdrawalRetainsStoredRemainder" methodname="PartialWithdrawalRetainsStoredRemainder" classname="LastSignal.Tests.ShelterDomainTests" runstate="Runnable" seed="1397497317" result="Passed" start-time="2026-09-21 08:24:14Z" end-time="2026-09-21 08:24:14Z" duration="0.001459" asserts="0">
              <properties>
                <property name="retryIteration" value="0" />
                <property name="repeatIteration" value="0" />
              </properties>
            </test-case>
            <test-case id="1078" name="RequestBeyondSourceMovesAvailableOnly" fullname="LastSignal.Tests.ShelterDomainTests.RequestBeyondSourceMovesAvailableOnly" methodname="RequestBeyondSourceMovesAvailableOnly" classname="LastSignal.Tests.ShelterDomainTests" runstate="Runnable" seed="346114757" result="Passed" start-time="2026-09-21 08:24:14Z" end-time="2026-09-21 08:24:14Z" duration="0.000560" asserts="0">
              <properties>
                <property name="retryIteration" value="0" />
                <property name="repeatIteration" value="0" />
              </properties>
            </test-case>
          </test-suite>
          <test-suite type="TestFixture" id="1082" name="WeaponStateTests" fullname="LastSignal.Tests.WeaponStateTests" classname="LastSignal.Tests.WeaponStateTests" runstate="Runnable" testcasecount="29" result="Passed" start-time="2026-09-21 08:24:14Z" end-time="2026-09-21 08:24:14Z" duration="0.209251" total="29" passed="29" failed="0" inconclusive="0" skipped="0" asserts="0">
            <properties />
            <test-case id="1111" name="AddReserveIncreasesTotal" fullname="LastSignal.Tests.WeaponStateTests.AddReserveIncreasesTotal" methodname="AddReserveIncreasesTotal" classname="LastSignal.Tests.WeaponStateTests" runstate="Runnable" seed="1932895243" result="Passed" start-time="2026-09-21 08:24:14Z" end-time="2026-09-21 08:24:14Z" duration="0.010197" asserts="0">
              <properties>
                <property name="retryIteration" value="0" />
                <property name="repeatIteration" value="0" />
              </properties>
            </test-case>
            <test-case id="1089" name="AmmoNeverGoesNegative" fullname="LastSignal.Tests.WeaponStateTests.AmmoNeverGoesNegative" methodname="AmmoNeverGoesNegative" classname="LastSignal.Tests.WeaponStateTests" runstate="Runnable" seed="648732126" result="Passed" start-time="2026-09-21 08:24:14Z" end-time="2026-09-21 08:24:14Z" duration="0.001232" asserts="0">
              <properties>
                <property name="retryIteration" value="0" />
                <property name="repeatIteration" value="0" />
              </properties>
            </test-case>
            <test-case id="1087" name="CannotFireDuringCooldown" fullname="LastSignal.Tests.WeaponStateTests.CannotFireDuringCooldown" methodname="CannotFireDuringCooldown" classname="LastSignal.Tests.WeaponStateTests" runstate="Runnable" seed="924899046" result="Passed" start-time="2026-09-21 08:24:14Z" end-time="2026-09-21 08:24:14Z" duration="0.001852" asserts="0">
              <properties>
                <property name="retryIteration" value="0" />
                <property name="repeatIteration" value="0" />
              </properties>
            </test-case>
            <test-case id="1099" name="CannotFireWhileEquipping" fullname="LastSignal.Tests.WeaponStateTests.CannotFireWhileEquipping" methodname="CannotFireWhileEquipping" classname="LastSignal.Tests.WeaponStateTests" runstate="Runnable" seed="1533478857" result="Passed" start-time="2026-09-21 08:24:14Z" end-time="2026-09-21 08:24:14Z" duration="0.000895" asserts="0">
              <properties>
                <property name="retryIteration" value="0" />
                <property name="repeatIteration" value="0" />
              </properties>
            </test-case>
            <test-case id="1100" name="CannotFireWhileReloading" fullname="LastSignal.Tests.WeaponStateTests.CannotFireWhileReloading" methodname="CannotFireWhileReloading" classname="LastSignal.Tests.WeaponStateTests" runstate="Runnable" seed="193282496" result="Passed" start-time="2026-09-21 08:24:14Z" end-time="2026-09-21 08:24:14Z" duration="0.000701" asserts="0">
              <properties>
                <property name="retryIteration" value="0" />
                <property name="repeatIteration" value="0" />
              </properties>
            </test-case>
            <test-case id="1086" name="CannotFireWithEmptyMagazine" fullname="LastSignal.Tests.WeaponStateTests.CannotFireWithEmptyMagazine" methodname="CannotFireWithEmptyMagazine" classname="LastSignal.Tests.WeaponStateTests" runstate="Runnable" seed="665867088" result="Passed" start-time="2026-09-21 08:24:14Z" end-time="2026-09-21 08:24:14Z" duration="0.000825" asserts="0">
              <properties>
                <property name="retryIteration" value="0" />
                <property name="repeatIteration" value="0" />
              </properties>
            </test-case>
            <test-case id="1102" name="CannotReloadWhileAlreadyReloading" fullname="LastSignal.Tests.WeaponStateTests.CannotReloadWhileAlreadyReloading" methodname="CannotReloadWhileAlreadyReloading" classname="LastSignal.Tests.WeaponStateTests" runstate="Runnable" seed="1510867668" result="Passed" start-time="2026-09-21 08:24:14Z" end-time="2026-09-21 08:24:14Z" duration="0.001166" asserts="0">
              <properties>
                <property name="retryIteration" value="0" />
                <property name="repeatIteration" value="0" />
              </properties>
            </test-case>
            <test-case id="1101" name="CannotReloadWhileEquipping" fullname="LastSignal.Tests.WeaponStateTests.CannotReloadWhileEquipping" methodname="CannotReloadWhileEquipping" classname="LastSignal.Tests.WeaponStateTests" runstate="Runnable" seed="459262204" result="Passed" start-time="2026-09-21 08:24:14Z" end-time="2026-09-21 08:24:14Z" duration="0.001097" asserts="0">
              <properties>
                <property name="retryIteration" value="0" />
                <property name="repeatIteration" value="0" />
              </properties>
            </test-case>
            <test-case id="1094" name="CannotReloadWithFullMagazine" fullname="LastSignal.Tests.WeaponStateTests.CannotReloadWithFullMagazine" methodname="CannotReloadWithFullMagazine" classname="LastSignal.Tests.WeaponStateTests" runstate="Runnable" seed="1635314710" result="Passed" start-time="2026-09-21 08:24:14Z" end-time="2026-09-21 08:24:14Z" duration="0.002230" asserts="0">
              <properties>
                <property name="retryIteration" value="0" />
                <property name="repeatIteration" value="0" />
              </properties>
            </test-case>
            <test-case id="1095" name="CannotReloadWithZeroReserve" fullname="LastSignal.Tests.WeaponStateTests.CannotReloadWithZeroReserve" methodname="CannotReloadWithZeroReserve" classname="LastSignal.Tests.WeaponStateTests" runstate="Runnable" seed="132384948" result="Passed" start-time="2026-09-21 08:24:14Z" end-time="2026-09-21 08:24:14Z" duration="0.000824" asserts="0">
              <properties>
                <property name="retryIteration" value="0" />
                <property name="repeatIteration" value="0" />
              </properties>
            </test-case>
            <test-case id="1085" name="ConsumeOneShotDecreasesMagazineByOne" fullname="LastSignal.Tests.WeaponStateTests.ConsumeOneShotDecreasesMagazineByOne" methodname="ConsumeOneShotDecreasesMagazineByOne" classname="LastSignal.Tests.WeaponStateTests" runstate="Runnable" seed="702610494" result="Passed" start-time="2026-09-21 08:24:14Z" end-time="2026-09-21 08:24:14Z" duration="0.000864" asserts="0">
              <properties>
                <property name="retryIteration" value="0" />
                <property name="repeatIteration" value="0" />
              </properties>
            </test-case>
            <test-case id="1088" name="CooldownExpiresAllowsSecondShot" fullname="LastSignal.Tests.WeaponStateTests.CooldownExpiresAllowsSecondShot" methodname="CooldownExpiresAllowsSecondShot" classname="LastSignal.Tests.WeaponStateTests" runstate="Runnable" seed="878807328" result="Passed" start-time="2026-09-21 08:24:14Z" end-time="2026-09-21 08:24:14Z" duration="0.000694" asserts="0">
              <properties>
                <property name="retryIteration" value="0" />
                <property name="repeatIteration" value="0" />
              </properties>
            </test-case>
            <test-case id="1091" name="EmptyReloadIsDetected" fullname="LastSignal.Tests.WeaponStateTests.EmptyReloadIsDetected" methodname="EmptyReloadIsDetected" classname="LastSignal.Tests.WeaponStateTests" runstate="Runnable" seed="1872496485" result="Passed" start-time="2026-09-21 08:24:14Z" end-time="2026-09-21 08:24:14Z" duration="0.000628" asserts="0">
              <properties>
                <property name="retryIteration" value="0" />
                <property name="repeatIteration" value="0" />
              </properties>
            </test-case>
            <test-case id="1098" name="EquipTransitionsToEquippingThenReady" fullname="LastSignal.Tests.WeaponStateTests.EquipTransitionsToEquippingThenReady" methodname="EquipTransitionsToEquippingThenReady" classname="LastSignal.Tests.WeaponStateTests" runstate="Runnable" seed="1437978253" result="Passed" start-time="2026-09-21 08:24:14Z" end-time="2026-09-21 08:24:14Z" duration="0.001108" asserts="0">
              <properties>
                <property name="retryIteration" value="0" />
                <property name="repeatIteration" value="0" />
              </properties>
            </test-case>
            <test-case id="1106" name="FireCadenceMatchesRPM" fullname="LastSignal.Tests.WeaponStateTests.FireCadenceMatchesRPM" methodname="FireCadenceMatchesRPM" classname="LastSignal.Tests.WeaponStateTests" runstate="Runnable" seed="1991646115" result="Passed" start-time="2026-09-21 08:24:14Z" end-time="2026-09-21 08:24:14Z" duration="0.000877" asserts="0">
              <properties>
                <property name="retryIteration" value="0" />
                <property name="repeatIteration" value="0" />
              </properties>
            </test-case>
            <test-suite type="ParameterizedMethod" id="1110" name="FireCooldownCalculation" fullname="LastSignal.Tests.WeaponStateTests.FireCooldownCalculation" classname="LastSignal.Tests.WeaponStateTests" runstate="Runnable" testcasecount="3" result="Passed" start-time="2026-09-21 08:24:14Z" end-time="2026-09-21 08:24:14Z" duration="0.078112" total="3" passed="3" failed="0" inconclusive="0" skipped="0" asserts="0">
              <properties />
              <test-case id="1107" name="FireCooldownCalculation(300,0.2f)" fullname="LastSignal.Tests.WeaponStateTests.FireCooldownCalculation(300,0.2f)" methodname="FireCooldownCalculation" classname="LastSignal.Tests.WeaponStateTests" runstate="Runnable" seed="1440457494" result="Passed" start-time="2026-09-21 08:24:14Z" end-time="2026-09-21 08:24:14Z" duration="0.001749" asserts="0">
                <properties>
                  <property name="retryIteration" value="0" />
                  <property name="repeatIteration" value="0" />
                </properties>
              </test-case>
              <test-case id="1108" name="FireCooldownCalculation(900,0.06666667f)" fullname="LastSignal.Tests.WeaponStateTests.FireCooldownCalculation(900,0.06666667f)" methodname="FireCooldownCalculation" classname="LastSignal.Tests.WeaponStateTests" runstate="Runnable" seed="1711094538" result="Passed" start-time="2026-09-21 08:24:14Z" end-time="2026-09-21 08:24:14Z" duration="0.000610" asserts="0">
                <properties>
                  <property name="retryIteration" value="0" />
                  <property name="repeatIteration" value="0" />
                </properties>
              </test-case>
              <test-case id="1109" name="FireCooldownCalculation(60,1.0f)" fullname="LastSignal.Tests.WeaponStateTests.FireCooldownCalculation(60,1.0f)" methodname="FireCooldownCalculation" classname="LastSignal.Tests.WeaponStateTests" runstate="Runnable" seed="1906154532" result="Passed" start-time="2026-09-21 08:24:14Z" end-time="2026-09-21 08:24:14Z" duration="0.000458" asserts="0">
                <properties>
                  <property name="retryIteration" value="0" />
                  <property name="repeatIteration" value="0" />
                </properties>
              </test-case>
            </test-suite>
            <test-case id="1104" name="ForceHolsterFromAnyState" fullname="LastSignal.Tests.WeaponStateTests.ForceHolsterFromAnyState" methodname="ForceHolsterFromAnyState" classname="LastSignal.Tests.WeaponStateTests" runstate="Runnable" seed="2110290160" result="Passed" start-time="2026-09-21 08:24:14Z" end-time="2026-09-21 08:24:14Z" duration="0.000829" asserts="0">
              <properties>
                <property name="retryIteration" value="0" />
                <property name="repeatIteration" value="0" />
              </properties>
            </test-case>
            <test-case id="1084" name="InitialAmmoClampedToDefinitionBounds" fullname="LastSignal.Tests.WeaponStateTests.InitialAmmoClampedToDefinitionBounds" methodname="InitialAmmoClampedToDefinitionBounds" classname="LastSignal.Tests.WeaponStateTests" runstate="Runnable" seed="934877729" result="Passed" start-time="2026-09-21 08:24:14Z" end-time="2026-09-21 08:24:14Z" duration="0.000654" asserts="0">
              <properties>
                <property name="retryIteration" value="0" />
                <property name="repeatIteration" value="0" />
              </properties>
            </test-case>
            <test-case id="1083" name="InitialAmmoMatchesConstructorValues" fullname="LastSignal.Tests.WeaponStateTests.InitialAmmoMatchesConstructorValues" methodname="InitialAmmoMatchesConstructorValues" classname="LastSignal.Tests.WeaponStateTests" runstate="Runnable" seed="665352584" result="Passed" start-time="2026-09-21 08:24:14Z" end-time="2026-09-21 08:24:14Z" duration="0.000688" asserts="0">
              <properties>
                <property name="retryIteration" value="0" />
                <property name="repeatIteration" value="0" />
              </properties>
            </test-case>
            <test-case id="1097" name="InitialStateIsHolstered" fullname="LastSignal.Tests.WeaponStateTests.InitialStateIsHolstered" methodname="InitialStateIsHolstered" classname="LastSignal.Tests.WeaponStateTests" runstate="Runnable" seed="576775654" result="Passed" start-time="2026-09-21 08:24:14Z" end-time="2026-09-21 08:24:14Z" duration="0.001440" asserts="0">
              <properties>
                <property name="retryIteration" value="0" />
                <property name="repeatIteration" value="0" />
              </properties>
            </test-case>
            <test-case id="1096" name="InsufficientReserveTransfersOnlyAvailable" fullname="LastSignal.Tests.WeaponStateTests.InsufficientReserveTransfersOnlyAvailable" methodname="InsufficientReserveTransfersOnlyAvailable" classname="LastSignal.Tests.WeaponStateTests" runstate="Runnable" seed="961378046" result="Passed" start-time="2026-09-21 08:24:14Z" end-time="2026-09-21 08:24:14Z" duration="0.000932" asserts="0">
              <properties>
                <property name="retryIteration" value="0" />
                <property name="repeatIteration" value="0" />
              </properties>
            </test-case>
            <test-case id="1112" name="InventoryReserveIsNotClampedByRetiredWeaponLimit" fullname="LastSignal.Tests.WeaponStateTests.InventoryReserveIsNotClampedByRetiredWeaponLimit" methodname="InventoryReserveIsNotClampedByRetiredWeaponLimit" classname="LastSignal.Tests.WeaponStateTests" runstate="Runnable" seed="1781389230" result="Passed" start-time="2026-09-21 08:24:14Z" end-time="2026-09-21 08:24:14Z" duration="0.001187" asserts="0">
              <properties>
                <property name="retryIteration" value="0" />
                <property name="repeatIteration" value="0" />
              </properties>
            </test-case>
            <test-case id="1092" name="ReloadCancelBeforeCommitPreservesAmmo" fullname="LastSignal.Tests.WeaponStateTests.ReloadCancelBeforeCommitPreservesAmmo" methodname="ReloadCancelBeforeCommitPreservesAmmo" classname="LastSignal.Tests.WeaponStateTests" runstate="Runnable" seed="2033523671" result="Passed" start-time="2026-09-21 08:24:14Z" end-time="2026-09-21 08:24:14Z" duration="0.001184" asserts="0">
              <properties>
                <property name="retryIteration" value="0" />
                <property name="repeatIteration" value="0" />
              </properties>
            </test-case>
            <test-case id="1093" name="ReloadCommitCannotBeDuplicated" fullname="LastSignal.Tests.WeaponStateTests.ReloadCommitCannotBeDuplicated" methodname="ReloadCommitCannotBeDuplicated" classname="LastSignal.Tests.WeaponStateTests" runstate="Runnable" seed="510934895" result="Passed" start-time="2026-09-21 08:24:14Z" end-time="2026-09-21 08:24:14Z" duration="0.000858" asserts="0">
              <properties>
                <property name="retryIteration" value="0" />
                <property name="repeatIteration" value="0" />
              </properties>
            </test-case>
            <test-case id="1105" name="SemiAutoConsumesOnlyOneShotPerPress" fullname="LastSignal.Tests.WeaponStateTests.SemiAutoConsumesOnlyOneShotPerPress" methodname="SemiAutoConsumesOnlyOneShotPerPress" classname="LastSignal.Tests.WeaponStateTests" runstate="Runnable" seed="1410350415" result="Passed" start-time="2026-09-21 08:24:14Z" end-time="2026-09-21 08:24:14Z" duration="0.000751" asserts="0">
              <properties>
                <property name="retryIteration" value="0" />
                <property name="repeatIteration" value="0" />
              </properties>
            </test-case>
            <test-case id="1090" name="TacticalReloadTransfersCorrectAmount" fullname="LastSignal.Tests.WeaponStateTests.TacticalReloadTransfersCorrectAmount" methodname="TacticalReloadTransfersCorrectAmount" classname="LastSignal.Tests.WeaponStateTests" runstate="Runnable" seed="730676769" result="Passed" start-time="2026-09-21 08:24:14Z" end-time="2026-09-21 08:24:14Z" duration="0.000906" asserts="0">
              <properties>
                <property name="retryIteration" value="0" />
                <property name="repeatIteration" value="0" />
              </properties>
            </test-case>
            <test-case id="1103" name="UnequipTransitionsToUnequippingThenHolstered" fullname="LastSignal.Tests.WeaponStateTests.UnequipTransitionsToUnequippingThenHolstered" methodname="UnequipTransitionsToUnequippingThenHolstered" classname="LastSignal.Tests.WeaponStateTests" runstate="Runnable" seed="729473484" result="Passed" start-time="2026-09-21 08:24:14Z" end-time="2026-09-21 08:24:14Z" duration="0.001430" asserts="0">
              <properties>
                <property name="retryIteration" value="0" />
                <property name="repeatIteration" value="0" />
              </properties>
            </test-case>
          </test-suite>
          <test-suite type="TestFixture" id="1113" name="ZombieAssetTests" fullname="LastSignal.Tests.ZombieAssetTests" classname="LastSignal.Tests.ZombieAssetTests" runstate="Runnable" testcasecount="4" result="Passed" start-time="2026-09-21 08:24:14Z" end-time="2026-09-21 08:24:14Z" duration="0.239220" total="4" passed="4" failed="0" inconclusive="0" skipped="0" asserts="0">
            <properties />
            <test-case id="1117" name="AnimationSourceAvatarsBelongToTheirOwnSkeleton" fullname="LastSignal.Tests.ZombieAssetTests.AnimationSourceAvatarsBelongToTheirOwnSkeleton" methodname="AnimationSourceAvatarsBelongToTheirOwnSkeleton" classname="LastSignal.Tests.ZombieAssetTests" runstate="Runnable" seed="59545005" result="Passed" start-time="2026-09-21 08:24:14Z" end-time="2026-09-21 08:24:14Z" duration="0.037363" asserts="0">
              <properties>
                <property name="retryIteration" value="0" />
                <property name="repeatIteration" value="0" />
              </properties>
            </test-case>
            <test-case id="1116" name="MaterialUsesLinearPackedMapsAndCorrectNormalImporter" fullname="LastSignal.Tests.ZombieAssetTests.MaterialUsesLinearPackedMapsAndCorrectNormalImporter" methodname="MaterialUsesLinearPackedMapsAndCorrectNormalImporter" classname="LastSignal.Tests.ZombieAssetTests" runstate="Runnable" seed="1709849735" result="Passed" start-time="2026-09-21 08:24:14Z" end-time="2026-09-21 08:24:14Z" duration="0.102329" asserts="0">
              <properties>
                <property name="retryIteration" value="0" />
                <property name="repeatIteration" value="0" />
              </properties>
            </test-case>
            <test-case id="1115" name="RequiredStatesUseRealHumanoidClipsAndCorrectLoopsWithoutGameplayTransitions" fullname="LastSignal.Tests.ZombieAssetTests.RequiredStatesUseRealHumanoidClipsAndCorrectLoopsWithoutGameplayTransitions" methodname="RequiredStatesUseRealHumanoidClipsAndCorrectLoopsWithoutGameplayTransitions" classname="LastSignal.Tests.ZombieAssetTests" runstate="Runnable" seed="1754820428" result="Passed" start-time="2026-09-21 08:24:14Z" end-time="2026-09-21 08:24:14Z" duration="0.012025" asserts="0">
              <properties>
[...]
                <properties>
                  <property name="retryIteration" value="0" />
                  <property name="repeatIteration" value="0" />
                </properties>
              </test-case>
              <test-case id="1125" name="RegionMathAndSingleTransaction(1000,2,0)" fullname="LastSignal.Tests.ZombieDamageTests.RegionMathAndSingleTransaction(1000,2,0)" methodname="RegionMathAndSingleTransaction" classname="LastSignal.Tests.ZombieDamageTests" runstate="Runnable" seed="1131132058" result="Passed" start-time="2026-09-21 08:24:14Z" end-time="2026-09-21 08:24:14Z" duration="0.000509" asserts="0">
                <properties>
                  <property name="retryIteration" value="0" />
                  <property name="repeatIteration" value="0" />
                </properties>
              </test-case>
            </test-suite>
            <test-case id="1136" name="SearchKnowledgeAndBudgetSurviveReaction" fullname="LastSignal.Tests.ZombieDamageTests.SearchKnowledgeAndBudgetSurviveReaction" methodname="SearchKnowledgeAndBudgetSurviveReaction" classname="LastSignal.Tests.ZombieDamageTests" runstate="Runnable" seed="1380202328" result="Passed" start-time="2026-09-21 08:24:14Z" end-time="2026-09-21 08:24:14Z" duration="0.000627" asserts="0">
              <properties>
                <property name="retryIteration" value="0" />
                <property name="repeatIteration" value="0" />
              </properties>
            </test-case>
            <test-case id="1122" name="StartsFullAndIndependent" fullname="LastSignal.Tests.ZombieDamageTests.StartsFullAndIndependent" methodname="StartsFullAndIndependent" classname="LastSignal.Tests.ZombieDamageTests" runstate="Runnable" seed="233397319" result="Passed" start-time="2026-09-21 08:24:14Z" end-time="2026-09-21 08:24:14Z" duration="0.000800" asserts="0">
              <properties>
                <property name="retryIteration" value="0" />
                <property name="repeatIteration" value="0" />
              </properties>
            </test-case>
            <test-case id="1133" name="WrongColliderAndMissingOwnerFailSafely" fullname="LastSignal.Tests.ZombieDamageTests.WrongColliderAndMissingOwnerFailSafely" methodname="WrongColliderAndMissingOwnerFailSafely" classname="LastSignal.Tests.ZombieDamageTests" runstate="Runnable" seed="1371729119" result="Passed" start-time="2026-09-21 08:24:14Z" end-time="2026-09-21 08:24:14Z" duration="0.001005" asserts="0">
              <properties>
                <property name="retryIteration" value="0" />
                <property name="repeatIteration" value="0" />
              </properties>
            </test-case>
          </test-suite>
          <test-suite type="TestFixture" id="1138" name="ZombieLogicTests" fullname="LastSignal.Tests.ZombieLogicTests" classname="LastSignal.Tests.ZombieLogicTests" runstate="Runnable" testcasecount="12" result="Passed" start-time="2026-09-21 08:24:14Z" end-time="2026-09-21 08:24:15Z" duration="0.199373" total="12" passed="12" failed="0" inconclusive="0" skipped="0" asserts="0">
            <properties />
            <test-case id="1149" name="ConfidenceAccumulatesAndDecays" fullname="LastSignal.Tests.ZombieLogicTests.ConfidenceAccumulatesAndDecays" methodname="ConfidenceAccumulatesAndDecays" classname="LastSignal.Tests.ZombieLogicTests" runstate="Runnable" seed="72091129" result="Passed" start-time="2026-09-21 08:24:14Z" end-time="2026-09-21 08:24:14Z" duration="0.001194" asserts="0">
              <properties>
                <property name="retryIteration" value="0" />
                <property name="repeatIteration" value="0" />
              </properties>
            </test-case>
            <test-case id="1151" name="DestinationRefreshRequiresTimeAndMovementThresholds" fullname="LastSignal.Tests.ZombieLogicTests.DestinationRefreshRequiresTimeAndMovementThresholds" methodname="DestinationRefreshRequiresTimeAndMovementThresholds" classname="LastSignal.Tests.ZombieLogicTests" runstate="Runnable" seed="1352196878" result="Passed" start-time="2026-09-21 08:24:14Z" end-time="2026-09-21 08:24:14Z" duration="0.000930" asserts="0">
              <properties>
                <property name="retryIteration" value="0" />
                <property name="repeatIteration" value="0" />
              </properties>
            </test-case>
            <test-suite type="ParameterizedMethod" id="1144" name="FieldOfViewRespectsRangeFacingAndVerticalAngle" fullname="LastSignal.Tests.ZombieLogicTests.FieldOfViewRespectsRangeFacingAndVerticalAngle" classname="LastSignal.Tests.ZombieLogicTests" runstate="Runnable" testcasecount="5" result="Passed" start-time="2026-09-21 08:24:14Z" end-time="2026-09-21 08:24:15Z" duration="0.098861" total="5" passed="5" failed="0" inconclusive="0" skipped="0" asserts="0">
              <properties />
              <test-case id="1139" name="FieldOfViewRespectsRangeFacingAndVerticalAngle(0,0,8,True)" fullname="LastSignal.Tests.ZombieLogicTests.FieldOfViewRespectsRangeFacingAndVerticalAngle(0,0,8,True)" methodname="FieldOfViewRespectsRangeFacingAndVerticalAngle" classname="LastSignal.Tests.ZombieLogicTests" runstate="Runnable" seed="1474458551" result="Passed" start-time="2026-09-21 08:24:15Z" end-time="2026-09-21 08:24:15Z" duration="0.001071" asserts="0">
                <properties>
                  <property name="retryIteration" value="0" />
                  <property name="repeatIteration" value="0" />
                </properties>
              </test-case>
              <test-case id="1140" name="FieldOfViewRespectsRangeFacingAndVerticalAngle(0,0,-8,False)" fullname="LastSignal.Tests.ZombieLogicTests.FieldOfViewRespectsRangeFacingAndVerticalAngle(0,0,-8,False)" methodname="FieldOfViewRespectsRangeFacingAndVerticalAngle" classname="LastSignal.Tests.ZombieLogicTests" runstate="Runnable" seed="1207833898" result="Passed" start-time="2026-09-21 08:24:15Z" end-time="2026-09-21 08:24:15Z" duration="0.000258" asserts="0">
                <properties>
                  <property name="retryIteration" value="0" />
                  <property name="repeatIteration" value="0" />
                </properties>
              </test-case>
              <test-case id="1141" name="FieldOfViewRespectsRangeFacingAndVerticalAngle(8,0,0,False)" fullname="LastSignal.Tests.ZombieLogicTests.FieldOfViewRespectsRangeFacingAndVerticalAngle(8,0,0,False)" methodname="FieldOfViewRespectsRangeFacingAndVerticalAngle" classname="LastSignal.Tests.ZombieLogicTests" runstate="Runnable" seed="1763521612" result="Passed" start-time="2026-09-21 08:24:15Z" end-time="2026-09-21 08:24:15Z" duration="0.000230" asserts="0">
                <properties>
                  <property name="retryIteration" value="0" />
                  <property name="repeatIteration" value="0" />
                </properties>
              </test-case>
              <test-case id="1142" name="FieldOfViewRespectsRangeFacingAndVerticalAngle(0,0,16,False)" fullname="LastSignal.Tests.ZombieLogicTests.FieldOfViewRespectsRangeFacingAndVerticalAngle(0,0,16,False)" methodname="FieldOfViewRespectsRangeFacingAndVerticalAngle" classname="LastSignal.Tests.ZombieLogicTests" runstate="Runnable" seed="1709025045" result="Passed" start-time="2026-09-21 08:24:15Z" end-time="2026-09-21 08:24:15Z" duration="0.000233" asserts="0">
                <properties>
                  <property name="retryIteration" value="0" />
                  <property name="repeatIteration" value="0" />
                </properties>
              </test-case>
              <test-case id="1143" name="FieldOfViewRespectsRangeFacingAndVerticalAngle(0,8,1,False)" fullname="LastSignal.Tests.ZombieLogicTests.FieldOfViewRespectsRangeFacingAndVerticalAngle(0,8,1,False)" methodname="FieldOfViewRespectsRangeFacingAndVerticalAngle" classname="LastSignal.Tests.ZombieLogicTests" runstate="Runnable" seed="37909719" result="Passed" start-time="2026-09-21 08:24:15Z" end-time="2026-09-21 08:24:15Z" duration="0.000209" asserts="0">
                <properties>
                  <property name="retryIteration" value="0" />
                  <property name="repeatIteration" value="0" />
                </properties>
              </test-case>
            </test-suite>
            <test-case id="1150" name="MemoryLastKnownPositionDoesNotFollowHiddenPlayer" fullname="LastSignal.Tests.ZombieLogicTests.MemoryLastKnownPositionDoesNotFollowHiddenPlayer" methodname="MemoryLastKnownPositionDoesNotFollowHiddenPlayer" classname="LastSignal.Tests.ZombieLogicTests" runstate="Runnable" seed="1883824330" result="Passed" start-time="2026-09-21 08:24:15Z" end-time="2026-09-21 08:24:15Z" duration="0.001279" asserts="0">
              <properties>
                <property name="retryIteration" value="0" />
                <property name="repeatIteration" value="0" />
              </properties>
            </test-case>
            <test-case id="1146" name="StateMachineInitialStateIsIdle" fullname="LastSignal.Tests.ZombieLogicTests.StateMachineInitialStateIsIdle" methodname="StateMachineInitialStateIsIdle" classname="LastSignal.Tests.ZombieLogicTests" runstate="Runnable" seed="1075527759" result="Passed" start-time="2026-09-21 08:24:15Z" end-time="2026-09-21 08:24:15Z" duration="0.000827" asserts="0">
              <properties>
                <property name="retryIteration" value="0" />
                <property name="repeatIteration" value="0" />
              </properties>
            </test-case>
            <test-case id="1147" name="StateMachineLegalCycleAndReacquisition" fullname="LastSignal.Tests.ZombieLogicTests.StateMachineLegalCycleAndReacquisition" methodname="StateMachineLegalCycleAndReacquisition" classname="LastSignal.Tests.ZombieLogicTests" runstate="Runnable" seed="1939575952" result="Passed" start-time="2026-09-21 08:24:15Z" end-time="2026-09-21 08:24:15Z" duration="0.000442" asserts="0">
              <properties>
                <property name="retryIteration" value="0" />
                <property name="repeatIteration" value="0" />
              </properties>
            </test-case>
            <test-case id="1148" name="StateMachineRejectsUnlistedEdges" fullname="LastSignal.Tests.ZombieLogicTests.StateMachineRejectsUnlistedEdges" methodname="StateMachineRejectsUnlistedEdges" classname="LastSignal.Tests.ZombieLogicTests" runstate="Runnable" seed="1473019616" result="Passed" start-time="2026-09-21 08:24:15Z" end-time="2026-09-21 08:24:15Z" duration="0.002155" asserts="0">
              <properties>
                <property name="retryIteration" value="0" />
                <property name="repeatIteration" value="0" />
              </properties>
            </test-case>
            <test-case id="1145" name="TuningDefaultsAreValid" fullname="LastSignal.Tests.ZombieLogicTests.TuningDefaultsAreValid" methodname="TuningDefaultsAreValid" classname="LastSignal.Tests.ZombieLogicTests" runstate="Runnable" seed="1950748290" result="Passed" start-time="2026-09-21 08:24:15Z" end-time="2026-09-21 08:24:15Z" duration="0.000324" asserts="0">
              <properties>
                <property name="retryIteration" value="0" />
                <property name="repeatIteration" value="0" />
              </properties>
            </test-case>
          </test-suite>
          <test-suite type="TestFixture" id="1152" name="ZombieMeleeLogicTests" fullname="LastSignal.Tests.ZombieMeleeLogicTests" classname="LastSignal.Tests.ZombieMeleeLogicTests" runstate="Runnable" testcasecount="11" result="Passed" start-time="2026-09-21 08:24:15Z" end-time="2026-09-21 08:24:15Z" duration="0.301084" total="11" passed="11" failed="0" inconclusive="0" skipped="0" asserts="0">
            <properties />
            <test-case id="1164" name="CombatCycleAndAbortCannotSkipRecovery" fullname="LastSignal.Tests.ZombieMeleeLogicTests.CombatCycleAndAbortCannotSkipRecovery" methodname="CombatCycleAndAbortCannotSkipRecovery" classname="LastSignal.Tests.ZombieMeleeLogicTests" runstate="Runnable" seed="648154935" result="Passed" start-time="2026-09-21 08:24:15Z" end-time="2026-09-21 08:24:15Z" duration="0.166115" asserts="0">
              <properties>
                <property name="retryIteration" value="0" />
                <property name="repeatIteration" value="0" />
              </properties>
            </test-case>
            <test-suite type="ParameterizedMethod" id="1162" name="InvalidAttackTuningRejected" fullname="LastSignal.Tests.ZombieMeleeLogicTests.InvalidAttackTuningRejected" classname="LastSignal.Tests.ZombieMeleeLogicTests" runstate="Runnable" testcasecount="8" result="Passed" start-time="2026-09-21 08:24:15Z" end-time="2026-09-21 08:24:15Z" duration="0.040335" total="8" passed="8" failed="0" inconclusive="0" skipped="0" asserts="0">
              <properties />
              <test-case id="1154" name="InvalidAttackTuningRejected(&quot;attackDamage&quot;,0.0f)" fullname="LastSignal.Tests.ZombieMeleeLogicTests.InvalidAttackTuningRejected(&quot;attackDamage&quot;,0.0f)" methodname="InvalidAttackTuningRejected" classname="LastSignal.Tests.ZombieMeleeLogicTests" runstate="Runnable" seed="29348629" result="Passed" start-time="2026-09-21 08:24:15Z" end-time="2026-09-21 08:24:15Z" duration="0.001442" asserts="0">
                <properties>
                  <property name="retryIteration" value="0" />
                  <property name="repeatIteration" value="0" />
                </properties>
              </test-case>
              <test-case id="1155" name="InvalidAttackTuningRejected(&quot;attackReach&quot;,-1.0f)" fullname="LastSignal.Tests.ZombieMeleeLogicTests.InvalidAttackTuningRejected(&quot;attackReach&quot;,-1.0f)" methodname="InvalidAttackTuningRejected" classname="LastSignal.Tests.ZombieMeleeLogicTests" runstate="Runnable" seed="1026111179" result="Passed" start-time="2026-09-21 08:24:15Z" end-time="2026-09-21 08:24:15Z" duration="0.000545" asserts="0">
                <properties>
                  <property name="retryIteration" value="0" />
                  <property name="repeatIteration" value="0" />
                </properties>
              </test-case>
              <test-case id="1156" name="InvalidAttackTuningRejected(&quot;attackCommitNormalized&quot;,0.3f)" fullname="LastSignal.Tests.ZombieMeleeLogicTests.InvalidAttackTuningRejected(&quot;attackCommitNormalized&quot;,0.3f)" methodname="InvalidAttackTuningRejected" classname="LastSignal.Tests.ZombieMeleeLogicTests" runstate="Runnable" seed="1853499337" result="Passed" start-time="2026-09-21 08:24:15Z" end-time="2026-09-21 08:24:15Z" duration="0.001151" asserts="0">
                <properties>
                  <property name="retryIteration" value="0" />
                  <property name="repeatIteration" value="0" />
                </properties>
              </test-case>
              <test-case id="1157" name="InvalidAttackTuningRejected(&quot;attackContactNormalized&quot;,1.1f)" fullname="LastSignal.Tests.ZombieMeleeLogicTests.InvalidAttackTuningRejected(&quot;attackContactNormalized&quot;,1.1f)" methodname="InvalidAttackTuningRejected" classname="LastSignal.Tests.ZombieMeleeLogicTests" runstate="Runnable" seed="1159137145" result="Passed" start-time="2026-09-21 08:24:15Z" end-time="2026-09-21 08:24:15Z" duration="0.000363" asserts="0">
                <properties>
                  <property name="retryIteration" value="0" />
                  <property name="repeatIteration" value="0" />
                </properties>
              </test-case>
              <test-case id="1158" name="InvalidAttackTuningRejected(&quot;attackRecoveryNormalized&quot;,0.2f)" fullname="LastSignal.Tests.ZombieMeleeLogicTests.InvalidAttackTuningRejected(&quot;attackRecoveryNormalized&quot;,0.2f)" methodname="InvalidAttackTuningRejected" classname="LastSignal.Tests.ZombieMeleeLogicTests" runstate="Runnable" seed="1203406476" result="Passed" start-time="2026-09-21 08:24:15Z" end-time="2026-09-21 08:24:15Z" duration="0.000265" asserts="0">
                <properties>
                  <property name="retryIteration" value="0" />
                  <property name="repeatIteration" value="0" />
                </properties>
              </test-case>
              <test-case id="1159" name="InvalidAttackTuningRejected(&quot;attackHalfAngle&quot;,180.0f)" fullname="LastSignal.Tests.ZombieMeleeLogicTests.InvalidAttackTuningRejected(&quot;attackHalfAngle&quot;,180.0f)" methodname="InvalidAttackTuningRejected" classname="LastSignal.Tests.ZombieMeleeLogicTests" runstate="Runnable" seed="791546902" result="Passed" start-time="2026-09-21 08:24:15Z" end-time="2026-09-21 08:24:15Z" duration="0.000306" asserts="0">
                <properties>
                  <property name="retryIteration" value="0" />
                  <property name="repeatIteration" value="0" />
                </properties>
              </test-case>
              <test-case id="1160" name="InvalidAttackTuningRejected(&quot;attackPlaybackSpeed&quot;,float.NaN)" fullname="LastSignal.Tests.ZombieMeleeLogicTests.InvalidAttackTuningRejected(&quot;attackPlaybackSpeed&quot;,float.NaN)" methodname="InvalidAttackTuningRejected" classname="LastSignal.Tests.ZombieMeleeLogicTests" runstate="Runnable" seed="632462451" result="Passed" start-time="2026-09-21 08:24:15Z" end-time="2026-09-21 08:24:15Z" duration="0.000281" asserts="0">
                <properties>
                  <property name="retryIteration" value="0" />
                  <property name="repeatIteration" value="0" />
                </properties>
              </test-case>
              <test-case id="1161" name="InvalidAttackTuningRejected(&quot;attackAbortRange&quot;,1.0f)" fullname="LastSignal.Tests.ZombieMeleeLogicTests.InvalidAttackTuningRejected(&quot;attackAbortRange&quot;,1.0f)" methodname="InvalidAttackTuningRejected" classname="LastSignal.Tests.ZombieMeleeLogicTests" runstate="Runnable" seed="991725103" result="Passed" start-time="2026-09-21 08:24:15Z" end-time="2026-09-21 08:24:15Z" duration="0.000275" asserts="0">
                <properties>
                  <property name="retryIteration" value="0" />
                  <property name="repeatIteration" value="0" />
                </properties>
              </test-case>
            </test-suite>
            <test-case id="1163" name="NoClipFailsSafely" fullname="LastSignal.Tests.ZombieMeleeLogicTests.NoClipFailsSafely" methodname="NoClipFailsSafely" classname="LastSignal.Tests.ZombieMeleeLogicTests" runstate="Runnable" seed="1429436122" result="Passed" start-time="2026-09-21 08:24:15Z" end-time="2026-09-21 08:24:15Z" duration="0.000748" asserts="0">
              <properties>
                <property name="retryIteration" value="0" />
                <property name="repeatIteration" value="0" />
              </properties>
            </test-case>
            <test-case id="1153" name="ProductionTuningAndPrefabContractsAreValid" fullname="LastSignal.Tests.ZombieMeleeLogicTests.ProductionTuningAndPrefabContractsAreValid" methodname="ProductionTuningAndPrefabContractsAreValid" classname="LastSignal.Tests.ZombieMeleeLogicTests" runstate="Runnable" seed="116226015" result="Passed" start-time="2026-09-21 08:24:15Z" end-time="2026-09-21 08:24:15Z" duration="0.001724" asserts="0">
              <properties>
                <property name="retryIteration" value="0" />
                <property name="repeatIteration" value="0" />
              </properties>
              <output><![CDATA[Saving results to: /Users/burakcoskun/Last Signal/Docs/Implementation/RoadmapRecovery/Evidence/20260921-112305/entry-editmode.xml
]]></output>
            </test-case>
          </test-suite>
        </test-suite>
      </test-suite>
    </test-suite>
  </test-suite>
</test-run>